<html>
<head>
<title>TestNG:  Testing Admin Portal</title>
<link href="../testng.css" rel="stylesheet" type="text/css" />
<link href="../my-testng.css" rel="stylesheet" type="text/css" />

<style type="text/css">
.log { display: none;} 
.stack-trace { display: none;} 
</style>
<script type="text/javascript">
<!--
function flip(e) {
  current = e.style.display;
  if (current == 'block') {
    e.style.display = 'none';
    return 0;
  }
  else {
    e.style.display = 'block';
    return 1;
  }
}

function toggleBox(szDivId, elem, msg1, msg2)
{
  var res = -1;  if (document.getElementById) {
    res = flip(document.getElementById(szDivId));
  }
  else if (document.all) {
    // this is the way old msie versions work
    res = flip(document.all[szDivId]);
  }
  if(elem) {
    if(res == 0) elem.innerHTML = msg1; else elem.innerHTML = msg2;
  }

}

function toggleAllBoxes() {
  if (document.getElementsByTagName) {
    d = document.getElementsByTagName('div');
    for (i = 0; i < d.length; i++) {
      if (d[i].className == 'log') {
        flip(d[i]);
      }
    }
  }
}

// -->
</script>

</head>
<body>
<h2 align='center'>Testing Admin Portal</h2><table border='1' align="center">
<tr>
<td>Tests passed/Failed/Skipped:</td><td>204/15/2</td>
</tr><tr>
<td>Started on:</td><td>Fri May 13 10:47:56 WAT 2022</td>
</tr>
<tr><td>Total time:</td><td>2257 seconds (2257303 ms)</td>
</tr><tr>
<td>Included groups:</td><td></td>
</tr><tr>
<td>Excluded groups:</td><td></td>
</tr>
</table><p/>
<small><i>(Hover the method name to see the test class name)</i></small><p/>
<table width='100%' border='1' class='invocation-failed'>
<tr><td colspan='4' align='center'><b>FAILED TESTS</b></td></tr>
<tr><td><b>Test method</b></td>
<td width="30%"><b>Exception</b></td>
<td width="10%"><b>Time (seconds)</b></td>
<td><b>Instance</b></td>
</tr>
<tr>
<td title='admin.UsersTest.ValidateDuplicateSuperAdminResponse()'><b>ValidateDuplicateSuperAdminResponse</b><br>Test class: admin.UsersTest<br>Parameters: {roleName=Testing3, userSearch=george, roleDescription=Automation test1, roles=Enforcer}</td>
<td><div><pre>org.openqa.selenium.TimeoutException: Expected condition failed: waiting for visibility of element located by By.cssSelector: div.iziToast-texts (tried for 10 second(s) with 500 milliseconds interval)
Build info: version: &apos;4.1.2&apos;, revision: &apos;9a5a329c5a&apos;
System info: host: &apos;YV-Jerry.local&apos;, ip: &apos;fe80:0:0:0:489:dc55:d0b5:abfa%en0&apos;, os.name: &apos;Mac OS X&apos;, os.arch: &apos;x86_64&apos;, os.version: &apos;11.0&apos;, java.version: &apos;16.0.2&apos;
Driver info: org.openqa.selenium.chrome.ChromeDriver
Capabilities {acceptInsecureCerts: false, browserName: chrome, browserVersion: 101.0.4951.64, chrome: {chromedriverVersion: 101.0.4951.41 (93c720db8323..., userDataDir: /var/folders/8c/dvnzzls14cz...}, goog:chromeOptions: {debuggerAddress: localhost:59557}, javascriptEnabled: true, networkConnectionEnabled: false, pageLoadStrategy: normal, platform: MAC, platformName: MAC, proxy: Proxy(), se:cdp: ws://localhost:59557/devtoo..., se:cdpVersion: 101.0.4951.64, setWindowRect: true, strictFileInteractability: false, timeouts: {implicit: 0, pageLoad: 300000, script: 30000}, unhandledPromptBehavior: dismiss and notify, webauthn:extension:credBlob: true, webauthn:extension:largeBlob: true, webauthn:virtualAuthenticators: true}
Session ID: 301badb0d2c97140f441af57e9242571
	at org.openqa.selenium.support.ui.WebDriverWait.timeoutException(WebDriverWait.java:138)
	at org.openqa.selenium.support.ui.FluentWait.until(FluentWait.java:231)
	at pageObject.admin.ManageRoles.getPromptMessage(ManageRoles.java:95)
	at admin.UsersTest.ValidateDuplicateSuperAdminResponse(UsersTest.java:219)
	at java.base/java.util.ArrayList.forEach(ArrayList.java:1511)
... Removed 27 stack frames</pre></div><a href='#' onClick='toggleBox("stack-trace941093173", this, "Click to show all stack frames", "Click to hide stack frames")'>Click to show all stack frames</a>
<div class='stack-trace' id='stack-trace941093173'><pre>org.openqa.selenium.TimeoutException: Expected condition failed: waiting for visibility of element located by By.cssSelector: div.iziToast-texts (tried for 10 second(s) with 500 milliseconds interval)
Build info: version: &apos;4.1.2&apos;, revision: &apos;9a5a329c5a&apos;
System info: host: &apos;YV-Jerry.local&apos;, ip: &apos;fe80:0:0:0:489:dc55:d0b5:abfa%en0&apos;, os.name: &apos;Mac OS X&apos;, os.arch: &apos;x86_64&apos;, os.version: &apos;11.0&apos;, java.version: &apos;16.0.2&apos;
Driver info: org.openqa.selenium.chrome.ChromeDriver
Capabilities {acceptInsecureCerts: false, browserName: chrome, browserVersion: 101.0.4951.64, chrome: {chromedriverVersion: 101.0.4951.41 (93c720db8323..., userDataDir: /var/folders/8c/dvnzzls14cz...}, goog:chromeOptions: {debuggerAddress: localhost:59557}, javascriptEnabled: true, networkConnectionEnabled: false, pageLoadStrategy: normal, platform: MAC, platformName: MAC, proxy: Proxy(), se:cdp: ws://localhost:59557/devtoo..., se:cdpVersion: 101.0.4951.64, setWindowRect: true, strictFileInteractability: false, timeouts: {implicit: 0, pageLoad: 300000, script: 30000}, unhandledPromptBehavior: dismiss and notify, webauthn:extension:credBlob: true, webauthn:extension:largeBlob: true, webauthn:virtualAuthenticators: true}
Session ID: 301badb0d2c97140f441af57e9242571
	at org.openqa.selenium.support.ui.WebDriverWait.timeoutException(WebDriverWait.java:138)
	at org.openqa.selenium.support.ui.FluentWait.until(FluentWait.java:231)
	at pageObject.admin.ManageRoles.getPromptMessage(ManageRoles.java:95)
	at admin.UsersTest.ValidateDuplicateSuperAdminResponse(UsersTest.java:219)
	at java.base/jdk.internal.reflect.NativeMethodAccessorImpl.invoke0(Native Method)
	at java.base/jdk.internal.reflect.NativeMethodAccessorImpl.invoke(NativeMethodAccessorImpl.java:78)
	at java.base/jdk.internal.reflect.DelegatingMethodAccessorImpl.invoke(DelegatingMethodAccessorImpl.java:43)
	at java.base/java.lang.reflect.Method.invoke(Method.java:567)
	at org.testng.internal.MethodInvocationHelper.invokeMethod(MethodInvocationHelper.java:133)
	at org.testng.internal.TestInvoker.invokeMethod(TestInvoker.java:598)
	at org.testng.internal.TestInvoker.invokeTestMethod(TestInvoker.java:173)
	at org.testng.internal.MethodRunner.runInSequence(MethodRunner.java:46)
	at org.testng.internal.TestInvoker$MethodInvocationAgent.invoke(TestInvoker.java:824)
	at org.testng.internal.TestInvoker.invokeTestMethods(TestInvoker.java:146)
	at org.testng.internal.TestMethodWorker.invokeTestMethods(TestMethodWorker.java:146)
	at org.testng.internal.TestMethodWorker.run(TestMethodWorker.java:128)
	at java.base/java.util.ArrayList.forEach(ArrayList.java:1511)
	at org.testng.TestRunner.privateRun(TestRunner.java:794)
	at org.testng.TestRunner.run(TestRunner.java:596)
	at org.testng.SuiteRunner.runTest(SuiteRunner.java:377)
	at org.testng.SuiteRunner.runSequentially(SuiteRunner.java:371)
	at org.testng.SuiteRunner.privateRun(SuiteRunner.java:332)
	at org.testng.SuiteRunner.run(SuiteRunner.java:276)
	at org.testng.SuiteRunnerWorker.runSuite(SuiteRunnerWorker.java:53)
	at org.testng.SuiteRunnerWorker.run(SuiteRunnerWorker.java:96)
	at org.testng.TestNG.runSuitesSequentially(TestNG.java:1212)
	at org.testng.TestNG.runSuitesLocally(TestNG.java:1134)
	at org.testng.TestNG.runSuites(TestNG.java:1063)
	at org.testng.TestNG.run(TestNG.java:1031)
	at org.testng.remote.AbstractRemoteTestNG.run(AbstractRemoteTestNG.java:115)
	at org.testng.remote.RemoteTestNG.initAndRun(RemoteTestNG.java:251)
	at org.testng.remote.RemoteTestNG.main(RemoteTestNG.java:77)
</pre></div></td>
<td>20</td>
<td>admin.UsersTest@22875539</td></tr>
<tr>
<td title='admin.UsersTest.ValidateDeactivateUser()'><b>ValidateDeactivateUser</b><br>Test class: admin.UsersTest</td>
<td><div><pre>org.openqa.selenium.ElementClickInterceptedException: element click intercepted: Element &lt;button href=&quot;javascript:void(0)&quot; class=&quot;mr-1 btn btn-outline-danger btn-xs&quot;&gt;...&lt;/button&gt; is not clickable at point (1118, 12). Other element would receive the click: &lt;div class=&quot;navbar-collapse header-shadow&quot; style=&quot;display: flex; align-items: center;&quot;&gt;...&lt;/div&gt;
  (Session info: chrome=101.0.4951.64)
Build info: version: &apos;4.1.2&apos;, revision: &apos;9a5a329c5a&apos;
System info: host: &apos;YV-Jerry.local&apos;, ip: &apos;fe80:0:0:0:489:dc55:d0b5:abfa%en0&apos;, os.name: &apos;Mac OS X&apos;, os.arch: &apos;x86_64&apos;, os.version: &apos;11.0&apos;, java.version: &apos;16.0.2&apos;
Driver info: org.openqa.selenium.chrome.ChromeDriver
Command: [301badb0d2c97140f441af57e9242571, clickElement {id=a431d377-07b9-48ed-bd00-3b6bae690b8b}]
Capabilities {acceptInsecureCerts: false, browserName: chrome, browserVersion: 101.0.4951.64, chrome: {chromedriverVersion: 101.0.4951.41 (93c720db8323..., userDataDir: /var/folders/8c/dvnzzls14cz...}, goog:chromeOptions: {debuggerAddress: localhost:59557}, javascriptEnabled: true, networkConnectionEnabled: false, pageLoadStrategy: normal, platform: MAC, platformName: MAC, proxy: Proxy(), se:cdp: ws://localhost:59557/devtoo..., se:cdpVersion: 101.0.4951.64, setWindowRect: true, strictFileInteractability: false, timeouts: {implicit: 0, pageLoad: 300000, script: 30000}, unhandledPromptBehavior: dismiss and notify, webauthn:extension:credBlob: true, webauthn:extension:largeBlob: true, webauthn:virtualAuthenticators: true}
Element: [[ChromeDriver: chrome on MAC (301badb0d2c97140f441af57e9242571)] -&gt; css selector: div[class*=&apos;col-xs-12 m-b-10&apos;] button]
Session ID: 301badb0d2c97140f441af57e9242571
	at org.openqa.selenium.remote.codec.w3c.W3CHttpResponseCodec.createException(W3CHttpResponseCodec.java:200)
	at org.openqa.selenium.remote.codec.w3c.W3CHttpResponseCodec.decode(W3CHttpResponseCodec.java:133)
	at org.openqa.selenium.remote.codec.w3c.W3CHttpResponseCodec.decode(W3CHttpResponseCodec.java:53)
	at org.openqa.selenium.remote.HttpCommandExecutor.execute(HttpCommandExecutor.java:184)
	at org.openqa.selenium.remote.service.DriverCommandExecutor.invokeExecute(DriverCommandExecutor.java:167)
	at org.openqa.selenium.remote.service.DriverCommandExecutor.execute(DriverCommandExecutor.java:142)
	at org.openqa.selenium.remote.RemoteWebDriver.execute(RemoteWebDriver.java:558)
	at org.openqa.selenium.remote.RemoteWebElement.execute(RemoteWebElement.java:251)
	at org.openqa.selenium.remote.RemoteWebElement.click(RemoteWebElement.java:77)
	at admin.UsersTest.ValidateDeactivateUser(UsersTest.java:773)
	at java.base/java.util.ArrayList.forEach(ArrayList.java:1511)
... Removed 32 stack frames</pre></div><a href='#' onClick='toggleBox("stack-trace1427135702", this, "Click to show all stack frames", "Click to hide stack frames")'>Click to show all stack frames</a>
<div class='stack-trace' id='stack-trace1427135702'><pre>org.openqa.selenium.ElementClickInterceptedException: element click intercepted: Element &lt;button href=&quot;javascript:void(0)&quot; class=&quot;mr-1 btn btn-outline-danger btn-xs&quot;&gt;...&lt;/button&gt; is not clickable at point (1118, 12). Other element would receive the click: &lt;div class=&quot;navbar-collapse header-shadow&quot; style=&quot;display: flex; align-items: center;&quot;&gt;...&lt;/div&gt;
  (Session info: chrome=101.0.4951.64)
Build info: version: &apos;4.1.2&apos;, revision: &apos;9a5a329c5a&apos;
System info: host: &apos;YV-Jerry.local&apos;, ip: &apos;fe80:0:0:0:489:dc55:d0b5:abfa%en0&apos;, os.name: &apos;Mac OS X&apos;, os.arch: &apos;x86_64&apos;, os.version: &apos;11.0&apos;, java.version: &apos;16.0.2&apos;
Driver info: org.openqa.selenium.chrome.ChromeDriver
Command: [301badb0d2c97140f441af57e9242571, clickElement {id=a431d377-07b9-48ed-bd00-3b6bae690b8b}]
Capabilities {acceptInsecureCerts: false, browserName: chrome, browserVersion: 101.0.4951.64, chrome: {chromedriverVersion: 101.0.4951.41 (93c720db8323..., userDataDir: /var/folders/8c/dvnzzls14cz...}, goog:chromeOptions: {debuggerAddress: localhost:59557}, javascriptEnabled: true, networkConnectionEnabled: false, pageLoadStrategy: normal, platform: MAC, platformName: MAC, proxy: Proxy(), se:cdp: ws://localhost:59557/devtoo..., se:cdpVersion: 101.0.4951.64, setWindowRect: true, strictFileInteractability: false, timeouts: {implicit: 0, pageLoad: 300000, script: 30000}, unhandledPromptBehavior: dismiss and notify, webauthn:extension:credBlob: true, webauthn:extension:largeBlob: true, webauthn:virtualAuthenticators: true}
Element: [[ChromeDriver: chrome on MAC (301badb0d2c97140f441af57e9242571)] -&gt; css selector: div[class*=&apos;col-xs-12 m-b-10&apos;] button]
Session ID: 301badb0d2c97140f441af57e9242571
	at java.base/jdk.internal.reflect.NativeConstructorAccessorImpl.newInstance0(Native Method)
	at java.base/jdk.internal.reflect.NativeConstructorAccessorImpl.newInstance(NativeConstructorAccessorImpl.java:78)
	at java.base/jdk.internal.reflect.DelegatingConstructorAccessorImpl.newInstance(DelegatingConstructorAccessorImpl.java:45)
	at java.base/java.lang.reflect.Constructor.newInstanceWithCaller(Constructor.java:499)
	at java.base/java.lang.reflect.Constructor.newInstance(Constructor.java:480)
	at org.openqa.selenium.remote.codec.w3c.W3CHttpResponseCodec.createException(W3CHttpResponseCodec.java:200)
	at org.openqa.selenium.remote.codec.w3c.W3CHttpResponseCodec.decode(W3CHttpResponseCodec.java:133)
	at org.openqa.selenium.remote.codec.w3c.W3CHttpResponseCodec.decode(W3CHttpResponseCodec.java:53)
	at org.openqa.selenium.remote.HttpCommandExecutor.execute(HttpCommandExecutor.java:184)
	at org.openqa.selenium.remote.service.DriverCommandExecutor.invokeExecute(DriverCommandExecutor.java:167)
	at org.openqa.selenium.remote.service.DriverCommandExecutor.execute(DriverCommandExecutor.java:142)
	at org.openqa.selenium.remote.RemoteWebDriver.execute(RemoteWebDriver.java:558)
	at org.openqa.selenium.remote.RemoteWebElement.execute(RemoteWebElement.java:251)
	at org.openqa.selenium.remote.RemoteWebElement.click(RemoteWebElement.java:77)
	at admin.UsersTest.ValidateDeactivateUser(UsersTest.java:773)
	at java.base/jdk.internal.reflect.NativeMethodAccessorImpl.invoke0(Native Method)
	at java.base/jdk.internal.reflect.NativeMethodAccessorImpl.invoke(NativeMethodAccessorImpl.java:78)
	at java.base/jdk.internal.reflect.DelegatingMethodAccessorImpl.invoke(DelegatingMethodAccessorImpl.java:43)
	at java.base/java.lang.reflect.Method.invoke(Method.java:567)
	at org.testng.internal.MethodInvocationHelper.invokeMethod(MethodInvocationHelper.java:133)
	at org.testng.internal.TestInvoker.invokeMethod(TestInvoker.java:598)
	at org.testng.internal.TestInvoker.invokeTestMethod(TestInvoker.java:173)
	at org.testng.internal.MethodRunner.runInSequence(MethodRunner.java:46)
	at org.testng.internal.TestInvoker$MethodInvocationAgent.invoke(TestInvoker.java:824)
	at org.testng.internal.TestInvoker.invokeTestMethods(TestInvoker.java:146)
	at org.testng.internal.TestMethodWorker.invokeTestMethods(TestMethodWorker.java:146)
	at org.testng.internal.TestMethodWorker.run(TestMethodWorker.java:128)
	at java.base/java.util.ArrayList.forEach(ArrayList.java:1511)
	at org.testng.TestRunner.privateRun(TestRunner.java:794)
	at org.testng.TestRunner.run(TestRunner.java:596)
	at org.testng.SuiteRunner.runTest(SuiteRunner.java:377)
	at org.testng.SuiteRunner.runSequentially(SuiteRunner.java:371)
	at org.testng.SuiteRunner.privateRun(SuiteRunner.java:332)
	at org.testng.SuiteRunner.run(SuiteRunner.java:276)
	at org.testng.SuiteRunnerWorker.runSuite(SuiteRunnerWorker.java:53)
	at org.testng.SuiteRunnerWorker.run(SuiteRunnerWorker.java:96)
	at org.testng.TestNG.runSuitesSequentially(TestNG.java:1212)
	at org.testng.TestNG.runSuitesLocally(TestNG.java:1134)
	at org.testng.TestNG.runSuites(TestNG.java:1063)
	at org.testng.TestNG.run(TestNG.java:1031)
	at org.testng.remote.AbstractRemoteTestNG.run(AbstractRemoteTestNG.java:115)
	at org.testng.remote.RemoteTestNG.initAndRun(RemoteTestNG.java:251)
	at org.testng.remote.RemoteTestNG.main(RemoteTestNG.java:77)
</pre></div></td>
<td>17</td>
<td>admin.UsersTest@22875539</td></tr>
<tr>
<td title='admin.CompaniesTest.EmptyPhoneNumberField()'><b>EmptyPhoneNumberField</b><br>Test class: admin.CompaniesTest<br>Parameters: {invalidEmailAddress=jerry@gmail.c, emailNotFound=tryme@gmail.com, singleCoupon=12500, permitName=test, lga=Amuwo-Odofin LGA, invalidPassword=OSOBASE4@, agentNoCoupon=jtest@gmail.com, agentsearch=Jerry, emailAddress=base4jerry@gmail.com, password=Osobase4@, invalidMultipleCouponQuantity=0, companyEmail=cobili1284@hbehs.com, multipleCoupon=62500, invalidEmailResetPassword=jtest@gmail.com, companyPhoneNumber=84948940303}</td>
<td><div><pre>org.openqa.selenium.ElementClickInterceptedException: element click intercepted: Element &lt;button class=&quot;btn btn-warning mr-2&quot;&gt;...&lt;/button&gt; is not clickable at point (1309, 268). Other element would receive the click: &lt;div id=&quot;add-company-modal&quot; tabindex=&quot;-1&quot; role=&quot;dialog&quot; aria-labelledby=&quot;change-role-modal&quot; class=&quot;modal animated fade pulse_ modal-border show&quot; style=&quot;z-index: 1040; display: block;&quot;&gt;...&lt;/div&gt;
  (Session info: chrome=101.0.4951.64)
Build info: version: &apos;4.1.2&apos;, revision: &apos;9a5a329c5a&apos;
System info: host: &apos;YV-Jerry.local&apos;, ip: &apos;fe80:0:0:0:489:dc55:d0b5:abfa%en0&apos;, os.name: &apos;Mac OS X&apos;, os.arch: &apos;x86_64&apos;, os.version: &apos;11.0&apos;, java.version: &apos;16.0.2&apos;
Driver info: org.openqa.selenium.chrome.ChromeDriver
Command: [cf26e37841e38a3f915fed7d22aa25f8, clickElement {id=85eab5d4-0eea-45fa-acdb-fad600ae3f13}]
Capabilities {acceptInsecureCerts: false, browserName: chrome, browserVersion: 101.0.4951.64, chrome: {chromedriverVersion: 101.0.4951.41 (93c720db8323..., userDataDir: /var/folders/8c/dvnzzls14cz...}, goog:chromeOptions: {debuggerAddress: localhost:59295}, javascriptEnabled: true, networkConnectionEnabled: false, pageLoadStrategy: normal, platform: MAC, platformName: MAC, proxy: Proxy(), se:cdp: ws://localhost:59295/devtoo..., se:cdpVersion: 101.0.4951.64, setWindowRect: true, strictFileInteractability: false, timeouts: {implicit: 0, pageLoad: 300000, script: 30000}, unhandledPromptBehavior: dismiss and notify, webauthn:extension:credBlob: true, webauthn:extension:largeBlob: true, webauthn:virtualAuthenticators: true}
Element: [[ChromeDriver: chrome on MAC (cf26e37841e38a3f915fed7d22aa25f8)] -&gt; xpath: //button[text()=&apos; Invite Company &apos;]]
Session ID: cf26e37841e38a3f915fed7d22aa25f8
	at org.openqa.selenium.remote.codec.w3c.W3CHttpResponseCodec.createException(W3CHttpResponseCodec.java:200)
	at org.openqa.selenium.remote.codec.w3c.W3CHttpResponseCodec.decode(W3CHttpResponseCodec.java:133)
	at org.openqa.selenium.remote.codec.w3c.W3CHttpResponseCodec.decode(W3CHttpResponseCodec.java:53)
	at org.openqa.selenium.remote.HttpCommandExecutor.execute(HttpCommandExecutor.java:184)
	at org.openqa.selenium.remote.service.DriverCommandExecutor.invokeExecute(DriverCommandExecutor.java:167)
	at org.openqa.selenium.remote.service.DriverCommandExecutor.execute(DriverCommandExecutor.java:142)
	at org.openqa.selenium.remote.RemoteWebDriver.execute(RemoteWebDriver.java:558)
	at org.openqa.selenium.remote.RemoteWebElement.execute(RemoteWebElement.java:251)
	at org.openqa.selenium.remote.RemoteWebElement.click(RemoteWebElement.java:77)
	at admin.CompaniesTest.EmptyPhoneNumberField(CompaniesTest.java:233)
	at java.base/java.util.ArrayList.forEach(ArrayList.java:1511)
... Removed 32 stack frames</pre></div><a href='#' onClick='toggleBox("stack-trace417497387", this, "Click to show all stack frames", "Click to hide stack frames")'>Click to show all stack frames</a>
<div class='stack-trace' id='stack-trace417497387'><pre>org.openqa.selenium.ElementClickInterceptedException: element click intercepted: Element &lt;button class=&quot;btn btn-warning mr-2&quot;&gt;...&lt;/button&gt; is not clickable at point (1309, 268). Other element would receive the click: &lt;div id=&quot;add-company-modal&quot; tabindex=&quot;-1&quot; role=&quot;dialog&quot; aria-labelledby=&quot;change-role-modal&quot; class=&quot;modal animated fade pulse_ modal-border show&quot; style=&quot;z-index: 1040; display: block;&quot;&gt;...&lt;/div&gt;
  (Session info: chrome=101.0.4951.64)
Build info: version: &apos;4.1.2&apos;, revision: &apos;9a5a329c5a&apos;
System info: host: &apos;YV-Jerry.local&apos;, ip: &apos;fe80:0:0:0:489:dc55:d0b5:abfa%en0&apos;, os.name: &apos;Mac OS X&apos;, os.arch: &apos;x86_64&apos;, os.version: &apos;11.0&apos;, java.version: &apos;16.0.2&apos;
Driver info: org.openqa.selenium.chrome.ChromeDriver
Command: [cf26e37841e38a3f915fed7d22aa25f8, clickElement {id=85eab5d4-0eea-45fa-acdb-fad600ae3f13}]
Capabilities {acceptInsecureCerts: false, browserName: chrome, browserVersion: 101.0.4951.64, chrome: {chromedriverVersion: 101.0.4951.41 (93c720db8323..., userDataDir: /var/folders/8c/dvnzzls14cz...}, goog:chromeOptions: {debuggerAddress: localhost:59295}, javascriptEnabled: true, networkConnectionEnabled: false, pageLoadStrategy: normal, platform: MAC, platformName: MAC, proxy: Proxy(), se:cdp: ws://localhost:59295/devtoo..., se:cdpVersion: 101.0.4951.64, setWindowRect: true, strictFileInteractability: false, timeouts: {implicit: 0, pageLoad: 300000, script: 30000}, unhandledPromptBehavior: dismiss and notify, webauthn:extension:credBlob: true, webauthn:extension:largeBlob: true, webauthn:virtualAuthenticators: true}
Element: [[ChromeDriver: chrome on MAC (cf26e37841e38a3f915fed7d22aa25f8)] -&gt; xpath: //button[text()=&apos; Invite Company &apos;]]
Session ID: cf26e37841e38a3f915fed7d22aa25f8
	at java.base/jdk.internal.reflect.NativeConstructorAccessorImpl.newInstance0(Native Method)
	at java.base/jdk.internal.reflect.NativeConstructorAccessorImpl.newInstance(NativeConstructorAccessorImpl.java:78)
	at java.base/jdk.internal.reflect.DelegatingConstructorAccessorImpl.newInstance(DelegatingConstructorAccessorImpl.java:45)
	at java.base/java.lang.reflect.Constructor.newInstanceWithCaller(Constructor.java:499)
	at java.base/java.lang.reflect.Constructor.newInstance(Constructor.java:480)
	at org.openqa.selenium.remote.codec.w3c.W3CHttpResponseCodec.createException(W3CHttpResponseCodec.java:200)
	at org.openqa.selenium.remote.codec.w3c.W3CHttpResponseCodec.decode(W3CHttpResponseCodec.java:133)
	at org.openqa.selenium.remote.codec.w3c.W3CHttpResponseCodec.decode(W3CHttpResponseCodec.java:53)
	at org.openqa.selenium.remote.HttpCommandExecutor.execute(HttpCommandExecutor.java:184)
	at org.openqa.selenium.remote.service.DriverCommandExecutor.invokeExecute(DriverCommandExecutor.java:167)
	at org.openqa.selenium.remote.service.DriverCommandExecutor.execute(DriverCommandExecutor.java:142)
	at org.openqa.selenium.remote.RemoteWebDriver.execute(RemoteWebDriver.java:558)
	at org.openqa.selenium.remote.RemoteWebElement.execute(RemoteWebElement.java:251)
	at org.openqa.selenium.remote.RemoteWebElement.click(RemoteWebElement.java:77)
	at admin.CompaniesTest.EmptyPhoneNumberField(CompaniesTest.java:233)
	at java.base/jdk.internal.reflect.NativeMethodAccessorImpl.invoke0(Native Method)
	at java.base/jdk.internal.reflect.NativeMethodAccessorImpl.invoke(NativeMethodAccessorImpl.java:78)
	at java.base/jdk.internal.reflect.DelegatingMethodAccessorImpl.invoke(DelegatingMethodAccessorImpl.java:43)
	at java.base/java.lang.reflect.Method.invoke(Method.java:567)
	at org.testng.internal.MethodInvocationHelper.invokeMethod(MethodInvocationHelper.java:133)
	at org.testng.internal.TestInvoker.invokeMethod(TestInvoker.java:598)
	at org.testng.internal.TestInvoker.invokeTestMethod(TestInvoker.java:173)
	at org.testng.internal.MethodRunner.runInSequence(MethodRunner.java:46)
	at org.testng.internal.TestInvoker$MethodInvocationAgent.invoke(TestInvoker.java:824)
	at org.testng.internal.TestInvoker.invokeTestMethods(TestInvoker.java:146)
	at org.testng.internal.TestMethodWorker.invokeTestMethods(TestMethodWorker.java:146)
	at org.testng.internal.TestMethodWorker.run(TestMethodWorker.java:128)
	at java.base/java.util.ArrayList.forEach(ArrayList.java:1511)
	at org.testng.TestRunner.privateRun(TestRunner.java:794)
	at org.testng.TestRunner.run(TestRunner.java:596)
	at org.testng.SuiteRunner.runTest(SuiteRunner.java:377)
	at org.testng.SuiteRunner.runSequentially(SuiteRunner.java:371)
	at org.testng.SuiteRunner.privateRun(SuiteRunner.java:332)
	at org.testng.SuiteRunner.run(SuiteRunner.java:276)
	at org.testng.SuiteRunnerWorker.runSuite(SuiteRunnerWorker.java:53)
	at org.testng.SuiteRunnerWorker.run(SuiteRunnerWorker.java:96)
	at org.testng.TestNG.runSuitesSequentially(TestNG.java:1212)
	at org.testng.TestNG.runSuitesLocally(TestNG.java:1134)
	at org.testng.TestNG.runSuites(TestNG.java:1063)
	at org.testng.TestNG.run(TestNG.java:1031)
	at org.testng.remote.AbstractRemoteTestNG.run(AbstractRemoteTestNG.java:115)
	at org.testng.remote.RemoteTestNG.initAndRun(RemoteTestNG.java:251)
	at org.testng.remote.RemoteTestNG.main(RemoteTestNG.java:77)
</pre></div></td>
<td>1</td>
<td>admin.CompaniesTest@7502291e</td></tr>
<tr>
<td title='admin.CouponTest.ValidateClearMultipleList()'><b>ValidateClearMultipleList</b><br>Test class: admin.CouponTest</td>
<td><div><pre>java.lang.AssertionError: expected [339 entries] but found [239 entries]
	at admin.CouponTest.ValidateClearMultipleList(CouponTest.java:547)
	at java.base/java.util.ArrayList.forEach(ArrayList.java:1511)
... Removed 33 stack frames</pre></div><a href='#' onClick='toggleBox("stack-trace1908171571", this, "Click to show all stack frames", "Click to hide stack frames")'>Click to show all stack frames</a>
<div class='stack-trace' id='stack-trace1908171571'><pre>java.lang.AssertionError: expected [339 entries] but found [239 entries]
	at org.testng.Assert.fail(Assert.java:99)
	at org.testng.Assert.failNotEquals(Assert.java:1037)
	at org.testng.Assert.assertEqualsImpl(Assert.java:140)
	at org.testng.Assert.assertEquals(Assert.java:122)
	at org.testng.Assert.assertEquals(Assert.java:629)
	at org.testng.Assert.assertEquals(Assert.java:639)
	at admin.CouponTest.ValidateClearMultipleList(CouponTest.java:547)
	at java.base/jdk.internal.reflect.NativeMethodAccessorImpl.invoke0(Native Method)
	at java.base/jdk.internal.reflect.NativeMethodAccessorImpl.invoke(NativeMethodAccessorImpl.java:78)
	at java.base/jdk.internal.reflect.DelegatingMethodAccessorImpl.invoke(DelegatingMethodAccessorImpl.java:43)
	at java.base/java.lang.reflect.Method.invoke(Method.java:567)
	at org.testng.internal.MethodInvocationHelper.invokeMethod(MethodInvocationHelper.java:133)
	at org.testng.internal.TestInvoker.invokeMethod(TestInvoker.java:598)
	at org.testng.internal.TestInvoker.invokeTestMethod(TestInvoker.java:173)
	at org.testng.internal.MethodRunner.runInSequence(MethodRunner.java:46)
	at org.testng.internal.TestInvoker$MethodInvocationAgent.invoke(TestInvoker.java:824)
	at org.testng.internal.TestInvoker.invokeTestMethods(TestInvoker.java:146)
	at org.testng.internal.TestMethodWorker.invokeTestMethods(TestMethodWorker.java:146)
	at org.testng.internal.TestMethodWorker.run(TestMethodWorker.java:128)
	at java.base/java.util.ArrayList.forEach(ArrayList.java:1511)
	at org.testng.TestRunner.privateRun(TestRunner.java:794)
	at org.testng.TestRunner.run(TestRunner.java:596)
	at org.testng.SuiteRunner.runTest(SuiteRunner.java:377)
	at org.testng.SuiteRunner.runSequentially(SuiteRunner.java:371)
	at org.testng.SuiteRunner.privateRun(SuiteRunner.java:332)
	at org.testng.SuiteRunner.run(SuiteRunner.java:276)
	at org.testng.SuiteRunnerWorker.runSuite(SuiteRunnerWorker.java:53)
	at org.testng.SuiteRunnerWorker.run(SuiteRunnerWorker.java:96)
	at org.testng.TestNG.runSuitesSequentially(TestNG.java:1212)
	at org.testng.TestNG.runSuitesLocally(TestNG.java:1134)
	at org.testng.TestNG.runSuites(TestNG.java:1063)
	at org.testng.TestNG.run(TestNG.java:1031)
	at org.testng.remote.AbstractRemoteTestNG.run(AbstractRemoteTestNG.java:115)
	at org.testng.remote.RemoteTestNG.initAndRun(RemoteTestNG.java:251)
	at org.testng.remote.RemoteTestNG.main(RemoteTestNG.java:77)
</pre></div></td>
<td>55</td>
<td>admin.CouponTest@6187d1f5</td></tr>
<tr>
<td title='admin.CompaniesTest.EmptyAdminLastNameField()'><b>EmptyAdminLastNameField</b><br>Test class: admin.CompaniesTest<br>Parameters: {invalidEmailAddress=jerry@gmail.c, emailNotFound=tryme@gmail.com, singleCoupon=12500, permitName=test, lga=Amuwo-Odofin LGA, invalidPassword=OSOBASE4@, agentNoCoupon=jtest@gmail.com, agentsearch=Jerry, emailAddress=base4jerry@gmail.com, password=Osobase4@, invalidMultipleCouponQuantity=0, companyEmail=cobili1284@hbehs.com, multipleCoupon=62500, invalidEmailResetPassword=jtest@gmail.com, companyPhoneNumber=84948940303}</td>
<td><div><pre>org.openqa.selenium.ElementClickInterceptedException: element click intercepted: Element &lt;button class=&quot;btn btn-warning mr-2&quot;&gt;...&lt;/button&gt; is not clickable at point (1309, 268). Other element would receive the click: &lt;div id=&quot;add-company-modal&quot; tabindex=&quot;-1&quot; role=&quot;dialog&quot; aria-labelledby=&quot;change-role-modal&quot; class=&quot;modal animated fade pulse_ modal-border show&quot; style=&quot;z-index: 1040; display: block;&quot;&gt;...&lt;/div&gt;
  (Session info: chrome=101.0.4951.64)
Build info: version: &apos;4.1.2&apos;, revision: &apos;9a5a329c5a&apos;
System info: host: &apos;YV-Jerry.local&apos;, ip: &apos;fe80:0:0:0:489:dc55:d0b5:abfa%en0&apos;, os.name: &apos;Mac OS X&apos;, os.arch: &apos;x86_64&apos;, os.version: &apos;11.0&apos;, java.version: &apos;16.0.2&apos;
Driver info: org.openqa.selenium.chrome.ChromeDriver
Command: [cf26e37841e38a3f915fed7d22aa25f8, clickElement {id=85eab5d4-0eea-45fa-acdb-fad600ae3f13}]
Capabilities {acceptInsecureCerts: false, browserName: chrome, browserVersion: 101.0.4951.64, chrome: {chromedriverVersion: 101.0.4951.41 (93c720db8323..., userDataDir: /var/folders/8c/dvnzzls14cz...}, goog:chromeOptions: {debuggerAddress: localhost:59295}, javascriptEnabled: true, networkConnectionEnabled: false, pageLoadStrategy: normal, platform: MAC, platformName: MAC, proxy: Proxy(), se:cdp: ws://localhost:59295/devtoo..., se:cdpVersion: 101.0.4951.64, setWindowRect: true, strictFileInteractability: false, timeouts: {implicit: 0, pageLoad: 300000, script: 30000}, unhandledPromptBehavior: dismiss and notify, webauthn:extension:credBlob: true, webauthn:extension:largeBlob: true, webauthn:virtualAuthenticators: true}
Element: [[ChromeDriver: chrome on MAC (cf26e37841e38a3f915fed7d22aa25f8)] -&gt; xpath: //button[text()=&apos; Invite Company &apos;]]
Session ID: cf26e37841e38a3f915fed7d22aa25f8
	at org.openqa.selenium.remote.codec.w3c.W3CHttpResponseCodec.createException(W3CHttpResponseCodec.java:200)
	at org.openqa.selenium.remote.codec.w3c.W3CHttpResponseCodec.decode(W3CHttpResponseCodec.java:133)
	at org.openqa.selenium.remote.codec.w3c.W3CHttpResponseCodec.decode(W3CHttpResponseCodec.java:53)
	at org.openqa.selenium.remote.HttpCommandExecutor.execute(HttpCommandExecutor.java:184)
	at org.openqa.selenium.remote.service.DriverCommandExecutor.invokeExecute(DriverCommandExecutor.java:167)
	at org.openqa.selenium.remote.service.DriverCommandExecutor.execute(DriverCommandExecutor.java:142)
	at org.openqa.selenium.remote.RemoteWebDriver.execute(RemoteWebDriver.java:558)
	at org.openqa.selenium.remote.RemoteWebElement.execute(RemoteWebElement.java:251)
	at org.openqa.selenium.remote.RemoteWebElement.click(RemoteWebElement.java:77)
	at admin.CompaniesTest.EmptyAdminLastNameField(CompaniesTest.java:213)
	at java.base/java.util.ArrayList.forEach(ArrayList.java:1511)
... Removed 32 stack frames</pre></div><a href='#' onClick='toggleBox("stack-trace545202416", this, "Click to show all stack frames", "Click to hide stack frames")'>Click to show all stack frames</a>
<div class='stack-trace' id='stack-trace545202416'><pre>org.openqa.selenium.ElementClickInterceptedException: element click intercepted: Element &lt;button class=&quot;btn btn-warning mr-2&quot;&gt;...&lt;/button&gt; is not clickable at point (1309, 268). Other element would receive the click: &lt;div id=&quot;add-company-modal&quot; tabindex=&quot;-1&quot; role=&quot;dialog&quot; aria-labelledby=&quot;change-role-modal&quot; class=&quot;modal animated fade pulse_ modal-border show&quot; style=&quot;z-index: 1040; display: block;&quot;&gt;...&lt;/div&gt;
  (Session info: chrome=101.0.4951.64)
Build info: version: &apos;4.1.2&apos;, revision: &apos;9a5a329c5a&apos;
System info: host: &apos;YV-Jerry.local&apos;, ip: &apos;fe80:0:0:0:489:dc55:d0b5:abfa%en0&apos;, os.name: &apos;Mac OS X&apos;, os.arch: &apos;x86_64&apos;, os.version: &apos;11.0&apos;, java.version: &apos;16.0.2&apos;
Driver info: org.openqa.selenium.chrome.ChromeDriver
Command: [cf26e37841e38a3f915fed7d22aa25f8, clickElement {id=85eab5d4-0eea-45fa-acdb-fad600ae3f13}]
Capabilities {acceptInsecureCerts: false, browserName: chrome, browserVersion: 101.0.4951.64, chrome: {chromedriverVersion: 101.0.4951.41 (93c720db8323..., userDataDir: /var/folders/8c/dvnzzls14cz...}, goog:chromeOptions: {debuggerAddress: localhost:59295}, javascriptEnabled: true, networkConnectionEnabled: false, pageLoadStrategy: normal, platform: MAC, platformName: MAC, proxy: Proxy(), se:cdp: ws://localhost:59295/devtoo..., se:cdpVersion: 101.0.4951.64, setWindowRect: true, strictFileInteractability: false, timeouts: {implicit: 0, pageLoad: 300000, script: 30000}, unhandledPromptBehavior: dismiss and notify, webauthn:extension:credBlob: true, webauthn:extension:largeBlob: true, webauthn:virtualAuthenticators: true}
Element: [[ChromeDriver: chrome on MAC (cf26e37841e38a3f915fed7d22aa25f8)] -&gt; xpath: //button[text()=&apos; Invite Company &apos;]]
Session ID: cf26e37841e38a3f915fed7d22aa25f8
	at java.base/jdk.internal.reflect.NativeConstructorAccessorImpl.newInstance0(Native Method)
	at java.base/jdk.internal.reflect.NativeConstructorAccessorImpl.newInstance(NativeConstructorAccessorImpl.java:78)
	at java.base/jdk.internal.reflect.DelegatingConstructorAccessorImpl.newInstance(DelegatingConstructorAccessorImpl.java:45)
	at java.base/java.lang.reflect.Constructor.newInstanceWithCaller(Constructor.java:499)
	at java.base/java.lang.reflect.Constructor.newInstance(Constructor.java:480)
	at org.openqa.selenium.remote.codec.w3c.W3CHttpResponseCodec.createException(W3CHttpResponseCodec.java:200)
	at org.openqa.selenium.remote.codec.w3c.W3CHttpResponseCodec.decode(W3CHttpResponseCodec.java:133)
	at org.openqa.selenium.remote.codec.w3c.W3CHttpResponseCodec.decode(W3CHttpResponseCodec.java:53)
	at org.openqa.selenium.remote.HttpCommandExecutor.execute(HttpCommandExecutor.java:184)
	at org.openqa.selenium.remote.service.DriverCommandExecutor.invokeExecute(DriverCommandExecutor.java:167)
	at org.openqa.selenium.remote.service.DriverCommandExecutor.execute(DriverCommandExecutor.java:142)
	at org.openqa.selenium.remote.RemoteWebDriver.execute(RemoteWebDriver.java:558)
	at org.openqa.selenium.remote.RemoteWebElement.execute(RemoteWebElement.java:251)
	at org.openqa.selenium.remote.RemoteWebElement.click(RemoteWebElement.java:77)
	at admin.CompaniesTest.EmptyAdminLastNameField(CompaniesTest.java:213)
	at java.base/jdk.internal.reflect.NativeMethodAccessorImpl.invoke0(Native Method)
	at java.base/jdk.internal.reflect.NativeMethodAccessorImpl.invoke(NativeMethodAccessorImpl.java:78)
	at java.base/jdk.internal.reflect.DelegatingMethodAccessorImpl.invoke(DelegatingMethodAccessorImpl.java:43)
	at java.base/java.lang.reflect.Method.invoke(Method.java:567)
	at org.testng.internal.MethodInvocationHelper.invokeMethod(MethodInvocationHelper.java:133)
	at org.testng.internal.TestInvoker.invokeMethod(TestInvoker.java:598)
	at org.testng.internal.TestInvoker.invokeTestMethod(TestInvoker.java:173)
	at org.testng.internal.MethodRunner.runInSequence(MethodRunner.java:46)
	at org.testng.internal.TestInvoker$MethodInvocationAgent.invoke(TestInvoker.java:824)
	at org.testng.internal.TestInvoker.invokeTestMethods(TestInvoker.java:146)
	at org.testng.internal.TestMethodWorker.invokeTestMethods(TestMethodWorker.java:146)
	at org.testng.internal.TestMethodWorker.run(TestMethodWorker.java:128)
	at java.base/java.util.ArrayList.forEach(ArrayList.java:1511)
	at org.testng.TestRunner.privateRun(TestRunner.java:794)
	at org.testng.TestRunner.run(TestRunner.java:596)
	at org.testng.SuiteRunner.runTest(SuiteRunner.java:377)
	at org.testng.SuiteRunner.runSequentially(SuiteRunner.java:371)
	at org.testng.SuiteRunner.privateRun(SuiteRunner.java:332)
	at org.testng.SuiteRunner.run(SuiteRunner.java:276)
	at org.testng.SuiteRunnerWorker.runSuite(SuiteRunnerWorker.java:53)
	at org.testng.SuiteRunnerWorker.run(SuiteRunnerWorker.java:96)
	at org.testng.TestNG.runSuitesSequentially(TestNG.java:1212)
	at org.testng.TestNG.runSuitesLocally(TestNG.java:1134)
	at org.testng.TestNG.runSuites(TestNG.java:1063)
	at org.testng.TestNG.run(TestNG.java:1031)
	at org.testng.remote.AbstractRemoteTestNG.run(AbstractRemoteTestNG.java:115)
	at org.testng.remote.RemoteTestNG.initAndRun(RemoteTestNG.java:251)
	at org.testng.remote.RemoteTestNG.main(RemoteTestNG.java:77)
</pre></div></td>
<td>1</td>
<td>admin.CompaniesTest@7502291e</td></tr>
<tr>
<td title='admin.ProfileTest.ValidateConFirmPasswordField()'><b>ValidateConFirmPasswordField</b><br>Test class: admin.ProfileTest</td>
<td><div><pre>org.openqa.selenium.TimeoutException: Expected condition failed: waiting for visibility of element located by By.id: user-password-confirm (tried for 10 second(s) with 500 milliseconds interval)
Build info: version: &apos;4.1.2&apos;, revision: &apos;9a5a329c5a&apos;
System info: host: &apos;YV-Jerry.local&apos;, ip: &apos;fe80:0:0:0:489:dc55:d0b5:abfa%en0&apos;, os.name: &apos;Mac OS X&apos;, os.arch: &apos;x86_64&apos;, os.version: &apos;11.0&apos;, java.version: &apos;16.0.2&apos;
Driver info: org.openqa.selenium.chrome.ChromeDriver
Capabilities {acceptInsecureCerts: false, browserName: chrome, browserVersion: 101.0.4951.64, chrome: {chromedriverVersion: 101.0.4951.41 (93c720db8323..., userDataDir: /var/folders/8c/dvnzzls14cz...}, goog:chromeOptions: {debuggerAddress: localhost:59332}, javascriptEnabled: true, networkConnectionEnabled: false, pageLoadStrategy: normal, platform: MAC, platformName: MAC, proxy: Proxy(), se:cdp: ws://localhost:59332/devtoo..., se:cdpVersion: 101.0.4951.64, setWindowRect: true, strictFileInteractability: false, timeouts: {implicit: 0, pageLoad: 300000, script: 30000}, unhandledPromptBehavior: dismiss and notify, webauthn:extension:credBlob: true, webauthn:extension:largeBlob: true, webauthn:virtualAuthenticators: true}
Session ID: 0d528d5113c6b65f618e8fe1ac93d3d1
	at org.openqa.selenium.support.ui.WebDriverWait.timeoutException(WebDriverWait.java:138)
	at org.openqa.selenium.support.ui.FluentWait.until(FluentWait.java:231)
	at pageObject.admin.Profile.getConfirmPasswordField(Profile.java:53)
	at admin.ProfileTest.ValidateConFirmPasswordField(ProfileTest.java:195)
	at java.base/java.util.ArrayList.forEach(ArrayList.java:1511)
... Removed 27 stack frames</pre></div><a href='#' onClick='toggleBox("stack-trace1305965528", this, "Click to show all stack frames", "Click to hide stack frames")'>Click to show all stack frames</a>
<div class='stack-trace' id='stack-trace1305965528'><pre>org.openqa.selenium.TimeoutException: Expected condition failed: waiting for visibility of element located by By.id: user-password-confirm (tried for 10 second(s) with 500 milliseconds interval)
Build info: version: &apos;4.1.2&apos;, revision: &apos;9a5a329c5a&apos;
System info: host: &apos;YV-Jerry.local&apos;, ip: &apos;fe80:0:0:0:489:dc55:d0b5:abfa%en0&apos;, os.name: &apos;Mac OS X&apos;, os.arch: &apos;x86_64&apos;, os.version: &apos;11.0&apos;, java.version: &apos;16.0.2&apos;
Driver info: org.openqa.selenium.chrome.ChromeDriver
Capabilities {acceptInsecureCerts: false, browserName: chrome, browserVersion: 101.0.4951.64, chrome: {chromedriverVersion: 101.0.4951.41 (93c720db8323..., userDataDir: /var/folders/8c/dvnzzls14cz...}, goog:chromeOptions: {debuggerAddress: localhost:59332}, javascriptEnabled: true, networkConnectionEnabled: false, pageLoadStrategy: normal, platform: MAC, platformName: MAC, proxy: Proxy(), se:cdp: ws://localhost:59332/devtoo..., se:cdpVersion: 101.0.4951.64, setWindowRect: true, strictFileInteractability: false, timeouts: {implicit: 0, pageLoad: 300000, script: 30000}, unhandledPromptBehavior: dismiss and notify, webauthn:extension:credBlob: true, webauthn:extension:largeBlob: true, webauthn:virtualAuthenticators: true}
Session ID: 0d528d5113c6b65f618e8fe1ac93d3d1
	at org.openqa.selenium.support.ui.WebDriverWait.timeoutException(WebDriverWait.java:138)
	at org.openqa.selenium.support.ui.FluentWait.until(FluentWait.java:231)
	at pageObject.admin.Profile.getConfirmPasswordField(Profile.java:53)
	at admin.ProfileTest.ValidateConFirmPasswordField(ProfileTest.java:195)
	at java.base/jdk.internal.reflect.NativeMethodAccessorImpl.invoke0(Native Method)
	at java.base/jdk.internal.reflect.NativeMethodAccessorImpl.invoke(NativeMethodAccessorImpl.java:78)
	at java.base/jdk.internal.reflect.DelegatingMethodAccessorImpl.invoke(DelegatingMethodAccessorImpl.java:43)
	at java.base/java.lang.reflect.Method.invoke(Method.java:567)
	at org.testng.internal.MethodInvocationHelper.invokeMethod(MethodInvocationHelper.java:133)
	at org.testng.internal.TestInvoker.invokeMethod(TestInvoker.java:598)
	at org.testng.internal.TestInvoker.invokeTestMethod(TestInvoker.java:173)
	at org.testng.internal.MethodRunner.runInSequence(MethodRunner.java:46)
	at org.testng.internal.TestInvoker$MethodInvocationAgent.invoke(TestInvoker.java:824)
	at org.testng.internal.TestInvoker.invokeTestMethods(TestInvoker.java:146)
	at org.testng.internal.TestMethodWorker.invokeTestMethods(TestMethodWorker.java:146)
	at org.testng.internal.TestMethodWorker.run(TestMethodWorker.java:128)
	at java.base/java.util.ArrayList.forEach(ArrayList.java:1511)
	at org.testng.TestRunner.privateRun(TestRunner.java:794)
	at org.testng.TestRunner.run(TestRunner.java:596)
	at org.testng.SuiteRunner.runTest(SuiteRunner.java:377)
	at org.testng.SuiteRunner.runSequentially(SuiteRunner.java:371)
	at org.testng.SuiteRunner.privateRun(SuiteRunner.java:332)
	at org.testng.SuiteRunner.run(SuiteRunner.java:276)
	at org.testng.SuiteRunnerWorker.runSuite(SuiteRunnerWorker.java:53)
	at org.testng.SuiteRunnerWorker.run(SuiteRunnerWorker.java:96)
	at org.testng.TestNG.runSuitesSequentially(TestNG.java:1212)
	at org.testng.TestNG.runSuitesLocally(TestNG.java:1134)
	at org.testng.TestNG.runSuites(TestNG.java:1063)
	at org.testng.TestNG.run(TestNG.java:1031)
	at org.testng.remote.AbstractRemoteTestNG.run(AbstractRemoteTestNG.java:115)
	at org.testng.remote.RemoteTestNG.initAndRun(RemoteTestNG.java:251)
	at org.testng.remote.RemoteTestNG.main(RemoteTestNG.java:77)
</pre></div></td>
<td>10</td>
<td>admin.ProfileTest@17aad511</td></tr>
<tr>
<td title='admin.CompaniesTest.EmptyAdminFirstNameField()'><b>EmptyAdminFirstNameField</b><br>Test class: admin.CompaniesTest<br>Parameters: {invalidEmailAddress=jerry@gmail.c, emailNotFound=tryme@gmail.com, singleCoupon=12500, permitName=test, lga=Amuwo-Odofin LGA, invalidPassword=OSOBASE4@, agentNoCoupon=jtest@gmail.com, agentsearch=Jerry, emailAddress=base4jerry@gmail.com, password=Osobase4@, invalidMultipleCouponQuantity=0, companyEmail=cobili1284@hbehs.com, multipleCoupon=62500, invalidEmailResetPassword=jtest@gmail.com, companyPhoneNumber=84948940303}</td>
<td><div><pre>java.lang.AssertionError: expected [false] but found [true]
	at admin.CompaniesTest.EmptyAdminFirstNameField(CompaniesTest.java:203)
	at java.base/java.util.ArrayList.forEach(ArrayList.java:1511)
... Removed 31 stack frames</pre></div><a href='#' onClick='toggleBox("stack-trace1265360894", this, "Click to show all stack frames", "Click to hide stack frames")'>Click to show all stack frames</a>
<div class='stack-trace' id='stack-trace1265360894'><pre>java.lang.AssertionError: expected [false] but found [true]
	at org.testng.Assert.fail(Assert.java:99)
	at org.testng.Assert.failNotEquals(Assert.java:1037)
	at org.testng.Assert.assertFalse(Assert.java:67)
	at org.testng.Assert.assertFalse(Assert.java:77)
	at admin.CompaniesTest.EmptyAdminFirstNameField(CompaniesTest.java:203)
	at java.base/jdk.internal.reflect.NativeMethodAccessorImpl.invoke0(Native Method)
	at java.base/jdk.internal.reflect.NativeMethodAccessorImpl.invoke(NativeMethodAccessorImpl.java:78)
	at java.base/jdk.internal.reflect.DelegatingMethodAccessorImpl.invoke(DelegatingMethodAccessorImpl.java:43)
	at java.base/java.lang.reflect.Method.invoke(Method.java:567)
	at org.testng.internal.MethodInvocationHelper.invokeMethod(MethodInvocationHelper.java:133)
	at org.testng.internal.TestInvoker.invokeMethod(TestInvoker.java:598)
	at org.testng.internal.TestInvoker.invokeTestMethod(TestInvoker.java:173)
	at org.testng.internal.MethodRunner.runInSequence(MethodRunner.java:46)
	at org.testng.internal.TestInvoker$MethodInvocationAgent.invoke(TestInvoker.java:824)
	at org.testng.internal.TestInvoker.invokeTestMethods(TestInvoker.java:146)
	at org.testng.internal.TestMethodWorker.invokeTestMethods(TestMethodWorker.java:146)
	at org.testng.internal.TestMethodWorker.run(TestMethodWorker.java:128)
	at java.base/java.util.ArrayList.forEach(ArrayList.java:1511)
	at org.testng.TestRunner.privateRun(TestRunner.java:794)
	at org.testng.TestRunner.run(TestRunner.java:596)
	at org.testng.SuiteRunner.runTest(SuiteRunner.java:377)
	at org.testng.SuiteRunner.runSequentially(SuiteRunner.java:371)
	at org.testng.SuiteRunner.privateRun(SuiteRunner.java:332)
	at org.testng.SuiteRunner.run(SuiteRunner.java:276)
	at org.testng.SuiteRunnerWorker.runSuite(SuiteRunnerWorker.java:53)
	at org.testng.SuiteRunnerWorker.run(SuiteRunnerWorker.java:96)
	at org.testng.TestNG.runSuitesSequentially(TestNG.java:1212)
	at org.testng.TestNG.runSuitesLocally(TestNG.java:1134)
	at org.testng.TestNG.runSuites(TestNG.java:1063)
	at org.testng.TestNG.run(TestNG.java:1031)
	at org.testng.remote.AbstractRemoteTestNG.run(AbstractRemoteTestNG.java:115)
	at org.testng.remote.RemoteTestNG.initAndRun(RemoteTestNG.java:251)
	at org.testng.remote.RemoteTestNG.main(RemoteTestNG.java:77)
</pre></div></td>
<td>1</td>
<td>admin.CompaniesTest@7502291e</td></tr>
<tr>
<td title='admin.CompaniesTest.ValidateInvitedCompanyStatus()'><b>ValidateInvitedCompanyStatus</b><br>Test class: admin.CompaniesTest</td>
<td><div><pre>org.openqa.selenium.ElementNotInteractableException: element not interactable
  (Session info: chrome=101.0.4951.64)
Build info: version: &apos;4.1.2&apos;, revision: &apos;9a5a329c5a&apos;
System info: host: &apos;YV-Jerry.local&apos;, ip: &apos;fe80:0:0:0:489:dc55:d0b5:abfa%en0&apos;, os.name: &apos;Mac OS X&apos;, os.arch: &apos;x86_64&apos;, os.version: &apos;11.0&apos;, java.version: &apos;16.0.2&apos;
Driver info: org.openqa.selenium.chrome.ChromeDriver
Command: [cf26e37841e38a3f915fed7d22aa25f8, clickElement {id=ee4a30c2-4294-4b58-9254-690cb27e6744}]
Capabilities {acceptInsecureCerts: false, browserName: chrome, browserVersion: 101.0.4951.64, chrome: {chromedriverVersion: 101.0.4951.41 (93c720db8323..., userDataDir: /var/folders/8c/dvnzzls14cz...}, goog:chromeOptions: {debuggerAddress: localhost:59295}, javascriptEnabled: true, networkConnectionEnabled: false, pageLoadStrategy: normal, platform: MAC, platformName: MAC, proxy: Proxy(), se:cdp: ws://localhost:59295/devtoo..., se:cdpVersion: 101.0.4951.64, setWindowRect: true, strictFileInteractability: false, timeouts: {implicit: 0, pageLoad: 300000, script: 30000}, unhandledPromptBehavior: dismiss and notify, webauthn:extension:credBlob: true, webauthn:extension:largeBlob: true, webauthn:virtualAuthenticators: true}
Element: [[ChromeDriver: chrome on MAC (cf26e37841e38a3f915fed7d22aa25f8)] -&gt; xpath: //li[@class=&apos;page-item pagination-page-nav active&apos;] //following-sibling::li]
Session ID: cf26e37841e38a3f915fed7d22aa25f8
	at org.openqa.selenium.remote.codec.w3c.W3CHttpResponseCodec.createException(W3CHttpResponseCodec.java:200)
	at org.openqa.selenium.remote.codec.w3c.W3CHttpResponseCodec.decode(W3CHttpResponseCodec.java:133)
	at org.openqa.selenium.remote.codec.w3c.W3CHttpResponseCodec.decode(W3CHttpResponseCodec.java:53)
	at org.openqa.selenium.remote.HttpCommandExecutor.execute(HttpCommandExecutor.java:184)
	at org.openqa.selenium.remote.service.DriverCommandExecutor.invokeExecute(DriverCommandExecutor.java:167)
	at org.openqa.selenium.remote.service.DriverCommandExecutor.execute(DriverCommandExecutor.java:142)
	at org.openqa.selenium.remote.RemoteWebDriver.execute(RemoteWebDriver.java:558)
	at org.openqa.selenium.remote.RemoteWebElement.execute(RemoteWebElement.java:251)
	at org.openqa.selenium.remote.RemoteWebElement.click(RemoteWebElement.java:77)
	at admin.CompaniesTest.ValidateInvitedCompanyStatus(CompaniesTest.java:353)
	at java.base/java.util.ArrayList.forEach(ArrayList.java:1511)
... Removed 32 stack frames</pre></div><a href='#' onClick='toggleBox("stack-trace122475833", this, "Click to show all stack frames", "Click to hide stack frames")'>Click to show all stack frames</a>
<div class='stack-trace' id='stack-trace122475833'><pre>org.openqa.selenium.ElementNotInteractableException: element not interactable
  (Session info: chrome=101.0.4951.64)
Build info: version: &apos;4.1.2&apos;, revision: &apos;9a5a329c5a&apos;
System info: host: &apos;YV-Jerry.local&apos;, ip: &apos;fe80:0:0:0:489:dc55:d0b5:abfa%en0&apos;, os.name: &apos;Mac OS X&apos;, os.arch: &apos;x86_64&apos;, os.version: &apos;11.0&apos;, java.version: &apos;16.0.2&apos;
Driver info: org.openqa.selenium.chrome.ChromeDriver
Command: [cf26e37841e38a3f915fed7d22aa25f8, clickElement {id=ee4a30c2-4294-4b58-9254-690cb27e6744}]
Capabilities {acceptInsecureCerts: false, browserName: chrome, browserVersion: 101.0.4951.64, chrome: {chromedriverVersion: 101.0.4951.41 (93c720db8323..., userDataDir: /var/folders/8c/dvnzzls14cz...}, goog:chromeOptions: {debuggerAddress: localhost:59295}, javascriptEnabled: true, networkConnectionEnabled: false, pageLoadStrategy: normal, platform: MAC, platformName: MAC, proxy: Proxy(), se:cdp: ws://localhost:59295/devtoo..., se:cdpVersion: 101.0.4951.64, setWindowRect: true, strictFileInteractability: false, timeouts: {implicit: 0, pageLoad: 300000, script: 30000}, unhandledPromptBehavior: dismiss and notify, webauthn:extension:credBlob: true, webauthn:extension:largeBlob: true, webauthn:virtualAuthenticators: true}
Element: [[ChromeDriver: chrome on MAC (cf26e37841e38a3f915fed7d22aa25f8)] -&gt; xpath: //li[@class=&apos;page-item pagination-page-nav active&apos;] //following-sibling::li]
Session ID: cf26e37841e38a3f915fed7d22aa25f8
	at java.base/jdk.internal.reflect.NativeConstructorAccessorImpl.newInstance0(Native Method)
	at java.base/jdk.internal.reflect.NativeConstructorAccessorImpl.newInstance(NativeConstructorAccessorImpl.java:78)
	at java.base/jdk.internal.reflect.DelegatingConstructorAccessorImpl.newInstance(DelegatingConstructorAccessorImpl.java:45)
	at java.base/java.lang.reflect.Constructor.newInstanceWithCaller(Constructor.java:499)
	at java.base/java.lang.reflect.Constructor.newInstance(Constructor.java:480)
	at org.openqa.selenium.remote.codec.w3c.W3CHttpResponseCodec.createException(W3CHttpResponseCodec.java:200)
	at org.openqa.selenium.remote.codec.w3c.W3CHttpResponseCodec.decode(W3CHttpResponseCodec.java:133)
	at org.openqa.selenium.remote.codec.w3c.W3CHttpResponseCodec.decode(W3CHttpResponseCodec.java:53)
	at org.openqa.selenium.remote.HttpCommandExecutor.execute(HttpCommandExecutor.java:184)
	at org.openqa.selenium.remote.service.DriverCommandExecutor.invokeExecute(DriverCommandExecutor.java:167)
	at org.openqa.selenium.remote.service.DriverCommandExecutor.execute(DriverCommandExecutor.java:142)
	at org.openqa.selenium.remote.RemoteWebDriver.execute(RemoteWebDriver.java:558)
	at org.openqa.selenium.remote.RemoteWebElement.execute(RemoteWebElement.java:251)
	at org.openqa.selenium.remote.RemoteWebElement.click(RemoteWebElement.java:77)
	at admin.CompaniesTest.ValidateInvitedCompanyStatus(CompaniesTest.java:353)
	at java.base/jdk.internal.reflect.NativeMethodAccessorImpl.invoke0(Native Method)
	at java.base/jdk.internal.reflect.NativeMethodAccessorImpl.invoke(NativeMethodAccessorImpl.java:78)
	at java.base/jdk.internal.reflect.DelegatingMethodAccessorImpl.invoke(DelegatingMethodAccessorImpl.java:43)
	at java.base/java.lang.reflect.Method.invoke(Method.java:567)
	at org.testng.internal.MethodInvocationHelper.invokeMethod(MethodInvocationHelper.java:133)
	at org.testng.internal.TestInvoker.invokeMethod(TestInvoker.java:598)
	at org.testng.internal.TestInvoker.invokeTestMethod(TestInvoker.java:173)
	at org.testng.internal.MethodRunner.runInSequence(MethodRunner.java:46)
	at org.testng.internal.TestInvoker$MethodInvocationAgent.invoke(TestInvoker.java:824)
	at org.testng.internal.TestInvoker.invokeTestMethods(TestInvoker.java:146)
	at org.testng.internal.TestMethodWorker.invokeTestMethods(TestMethodWorker.java:146)
	at org.testng.internal.TestMethodWorker.run(TestMethodWorker.java:128)
	at java.base/java.util.ArrayList.forEach(ArrayList.java:1511)
	at org.testng.TestRunner.privateRun(TestRunner.java:794)
	at org.testng.TestRunner.run(TestRunner.java:596)
	at org.testng.SuiteRunner.runTest(SuiteRunner.java:377)
	at org.testng.SuiteRunner.runSequentially(SuiteRunner.java:371)
	at org.testng.SuiteRunner.privateRun(SuiteRunner.java:332)
	at org.testng.SuiteRunner.run(SuiteRunner.java:276)
	at org.testng.SuiteRunnerWorker.runSuite(SuiteRunnerWorker.java:53)
	at org.testng.SuiteRunnerWorker.run(SuiteRunnerWorker.java:96)
	at org.testng.TestNG.runSuitesSequentially(TestNG.java:1212)
	at org.testng.TestNG.runSuitesLocally(TestNG.java:1134)
	at org.testng.TestNG.runSuites(TestNG.java:1063)
	at org.testng.TestNG.run(TestNG.java:1031)
	at org.testng.remote.AbstractRemoteTestNG.run(AbstractRemoteTestNG.java:115)
	at org.testng.remote.RemoteTestNG.initAndRun(RemoteTestNG.java:251)
	at org.testng.remote.RemoteTestNG.main(RemoteTestNG.java:77)
</pre></div></td>
<td>15</td>
<td>admin.CompaniesTest@7502291e</td></tr>
<tr>
<td title='admin.ProfileTest.ValidatePasswordTips()'><b>ValidatePasswordTips</b><br>Test class: admin.ProfileTest</td>
<td><div><pre>org.openqa.selenium.ElementClickInterceptedException: element click intercepted: Element &lt;button class=&quot;btn btn-outline-success&quot;&gt;...&lt;/button&gt; is not clickable at point (360, 614). Other element would receive the click: &lt;div id=&quot;change-password-modal&quot; data-backdrop=&quot;static&quot; tabindex=&quot;-1&quot; role=&quot;dialog&quot; aria-labelledby=&quot;change-role-modal&quot; class=&quot;modal animated fade pulse_ modal-border show&quot; style=&quot;z-index: 1040; display: block;&quot;&gt;...&lt;/div&gt;
  (Session info: chrome=101.0.4951.64)
Build info: version: &apos;4.1.2&apos;, revision: &apos;9a5a329c5a&apos;
System info: host: &apos;YV-Jerry.local&apos;, ip: &apos;fe80:0:0:0:489:dc55:d0b5:abfa%en0&apos;, os.name: &apos;Mac OS X&apos;, os.arch: &apos;x86_64&apos;, os.version: &apos;11.0&apos;, java.version: &apos;16.0.2&apos;
Driver info: org.openqa.selenium.chrome.ChromeDriver
Command: [0d528d5113c6b65f618e8fe1ac93d3d1, clickElement {id=11bcf17f-66f5-4340-84b9-d6549462f9b9}]
Capabilities {acceptInsecureCerts: false, browserName: chrome, browserVersion: 101.0.4951.64, chrome: {chromedriverVersion: 101.0.4951.41 (93c720db8323..., userDataDir: /var/folders/8c/dvnzzls14cz...}, goog:chromeOptions: {debuggerAddress: localhost:59332}, javascriptEnabled: true, networkConnectionEnabled: false, pageLoadStrategy: normal, platform: MAC, platformName: MAC, proxy: Proxy(), se:cdp: ws://localhost:59332/devtoo..., se:cdpVersion: 101.0.4951.64, setWindowRect: true, strictFileInteractability: false, timeouts: {implicit: 0, pageLoad: 300000, script: 30000}, unhandledPromptBehavior: dismiss and notify, webauthn:extension:credBlob: true, webauthn:extension:largeBlob: true, webauthn:virtualAuthenticators: true}
Element: [[ChromeDriver: chrome on MAC (0d528d5113c6b65f618e8fe1ac93d3d1)] -&gt; xpath: //div[@class=&apos;form-group m-b-10&apos;] //button[text()=&apos; Change Password &apos;]]
Session ID: 0d528d5113c6b65f618e8fe1ac93d3d1
	at org.openqa.selenium.remote.codec.w3c.W3CHttpResponseCodec.createException(W3CHttpResponseCodec.java:200)
	at org.openqa.selenium.remote.codec.w3c.W3CHttpResponseCodec.decode(W3CHttpResponseCodec.java:133)
	at org.openqa.selenium.remote.codec.w3c.W3CHttpResponseCodec.decode(W3CHttpResponseCodec.java:53)
	at org.openqa.selenium.remote.HttpCommandExecutor.execute(HttpCommandExecutor.java:184)
	at org.openqa.selenium.remote.service.DriverCommandExecutor.invokeExecute(DriverCommandExecutor.java:167)
	at org.openqa.selenium.remote.service.DriverCommandExecutor.execute(DriverCommandExecutor.java:142)
	at org.openqa.selenium.remote.RemoteWebDriver.execute(RemoteWebDriver.java:558)
	at org.openqa.selenium.remote.RemoteWebElement.execute(RemoteWebElement.java:251)
	at org.openqa.selenium.remote.RemoteWebElement.click(RemoteWebElement.java:77)
	at admin.ProfileTest.ValidatePasswordTips(ProfileTest.java:206)
	at java.base/java.util.ArrayList.forEach(ArrayList.java:1511)
... Removed 32 stack frames</pre></div><a href='#' onClick='toggleBox("stack-trace363865605", this, "Click to show all stack frames", "Click to hide stack frames")'>Click to show all stack frames</a>
<div class='stack-trace' id='stack-trace363865605'><pre>org.openqa.selenium.ElementClickInterceptedException: element click intercepted: Element &lt;button class=&quot;btn btn-outline-success&quot;&gt;...&lt;/button&gt; is not clickable at point (360, 614). Other element would receive the click: &lt;div id=&quot;change-password-modal&quot; data-backdrop=&quot;static&quot; tabindex=&quot;-1&quot; role=&quot;dialog&quot; aria-labelledby=&quot;change-role-modal&quot; class=&quot;modal animated fade pulse_ modal-border show&quot; style=&quot;z-index: 1040; display: block;&quot;&gt;...&lt;/div&gt;
  (Session info: chrome=101.0.4951.64)
Build info: version: &apos;4.1.2&apos;, revision: &apos;9a5a329c5a&apos;
System info: host: &apos;YV-Jerry.local&apos;, ip: &apos;fe80:0:0:0:489:dc55:d0b5:abfa%en0&apos;, os.name: &apos;Mac OS X&apos;, os.arch: &apos;x86_64&apos;, os.version: &apos;11.0&apos;, java.version: &apos;16.0.2&apos;
Driver info: org.openqa.selenium.chrome.ChromeDriver
Command: [0d528d5113c6b65f618e8fe1ac93d3d1, clickElement {id=11bcf17f-66f5-4340-84b9-d6549462f9b9}]
Capabilities {acceptInsecureCerts: false, browserName: chrome, browserVersion: 101.0.4951.64, chrome: {chromedriverVersion: 101.0.4951.41 (93c720db8323..., userDataDir: /var/folders/8c/dvnzzls14cz...}, goog:chromeOptions: {debuggerAddress: localhost:59332}, javascriptEnabled: true, networkConnectionEnabled: false, pageLoadStrategy: normal, platform: MAC, platformName: MAC, proxy: Proxy(), se:cdp: ws://localhost:59332/devtoo..., se:cdpVersion: 101.0.4951.64, setWindowRect: true, strictFileInteractability: false, timeouts: {implicit: 0, pageLoad: 300000, script: 30000}, unhandledPromptBehavior: dismiss and notify, webauthn:extension:credBlob: true, webauthn:extension:largeBlob: true, webauthn:virtualAuthenticators: true}
Element: [[ChromeDriver: chrome on MAC (0d528d5113c6b65f618e8fe1ac93d3d1)] -&gt; xpath: //div[@class=&apos;form-group m-b-10&apos;] //button[text()=&apos; Change Password &apos;]]
Session ID: 0d528d5113c6b65f618e8fe1ac93d3d1
	at java.base/jdk.internal.reflect.NativeConstructorAccessorImpl.newInstance0(Native Method)
	at java.base/jdk.internal.reflect.NativeConstructorAccessorImpl.newInstance(NativeConstructorAccessorImpl.java:78)
	at java.base/jdk.internal.reflect.DelegatingConstructorAccessorImpl.newInstance(DelegatingConstructorAccessorImpl.java:45)
	at java.base/java.lang.reflect.Constructor.newInstanceWithCaller(Constructor.java:499)
	at java.base/java.lang.reflect.Constructor.newInstance(Constructor.java:480)
	at org.openqa.selenium.remote.codec.w3c.W3CHttpResponseCodec.createException(W3CHttpResponseCodec.java:200)
	at org.openqa.selenium.remote.codec.w3c.W3CHttpResponseCodec.decode(W3CHttpResponseCodec.java:133)
	at org.openqa.selenium.remote.codec.w3c.W3CHttpResponseCodec.decode(W3CHttpResponseCodec.java:53)
	at org.openqa.selenium.remote.HttpCommandExecutor.execute(HttpCommandExecutor.java:184)
	at org.openqa.selenium.remote.service.DriverCommandExecutor.invokeExecute(DriverCommandExecutor.java:167)
	at org.openqa.selenium.remote.service.DriverCommandExecutor.execute(DriverCommandExecutor.java:142)
	at org.openqa.selenium.remote.RemoteWebDriver.execute(RemoteWebDriver.java:558)
	at org.openqa.selenium.remote.RemoteWebElement.execute(RemoteWebElement.java:251)
	at org.openqa.selenium.remote.RemoteWebElement.click(RemoteWebElement.java:77)
	at admin.ProfileTest.ValidatePasswordTips(ProfileTest.java:206)
	at java.base/jdk.internal.reflect.NativeMethodAccessorImpl.invoke0(Native Method)
	at java.base/jdk.internal.reflect.NativeMethodAccessorImpl.invoke(NativeMethodAccessorImpl.java:78)
	at java.base/jdk.internal.reflect.DelegatingMethodAccessorImpl.invoke(DelegatingMethodAccessorImpl.java:43)
	at java.base/java.lang.reflect.Method.invoke(Method.java:567)
	at org.testng.internal.MethodInvocationHelper.invokeMethod(MethodInvocationHelper.java:133)
	at org.testng.internal.TestInvoker.invokeMethod(TestInvoker.java:598)
	at org.testng.internal.TestInvoker.invokeTestMethod(TestInvoker.java:173)
	at org.testng.internal.MethodRunner.runInSequence(MethodRunner.java:46)
	at org.testng.internal.TestInvoker$MethodInvocationAgent.invoke(TestInvoker.java:824)
	at org.testng.internal.TestInvoker.invokeTestMethods(TestInvoker.java:146)
	at org.testng.internal.TestMethodWorker.invokeTestMethods(TestMethodWorker.java:146)
	at org.testng.internal.TestMethodWorker.run(TestMethodWorker.java:128)
	at java.base/java.util.ArrayList.forEach(ArrayList.java:1511)
	at org.testng.TestRunner.privateRun(TestRunner.java:794)
	at org.testng.TestRunner.run(TestRunner.java:596)
	at org.testng.SuiteRunner.runTest(SuiteRunner.java:377)
	at org.testng.SuiteRunner.runSequentially(SuiteRunner.java:371)
	at org.testng.SuiteRunner.privateRun(SuiteRunner.java:332)
	at org.testng.SuiteRunner.run(SuiteRunner.java:276)
	at org.testng.SuiteRunnerWorker.runSuite(SuiteRunnerWorker.java:53)
	at org.testng.SuiteRunnerWorker.run(SuiteRunnerWorker.java:96)
	at org.testng.TestNG.runSuitesSequentially(TestNG.java:1212)
	at org.testng.TestNG.runSuitesLocally(TestNG.java:1134)
	at org.testng.TestNG.runSuites(TestNG.java:1063)
	at org.testng.TestNG.run(TestNG.java:1031)
	at org.testng.remote.AbstractRemoteTestNG.run(AbstractRemoteTestNG.java:115)
	at org.testng.remote.RemoteTestNG.initAndRun(RemoteTestNG.java:251)
	at org.testng.remote.RemoteTestNG.main(RemoteTestNG.java:77)
</pre></div></td>
<td>1</td>
<td>admin.ProfileTest@17aad511</td></tr>
<tr>
<td title='admin.CompaniesTest.SuccessfulCompanyInvite()'><b>SuccessfulCompanyInvite</b><br>Test class: admin.CompaniesTest<br>Parameters: {invalidEmailAddress=jerry@gmail.c, emailNotFound=tryme@gmail.com, singleCoupon=12500, permitName=test, lga=Amuwo-Odofin LGA, invalidPassword=OSOBASE4@, agentNoCoupon=jtest@gmail.com, agentsearch=Jerry, emailAddress=base4jerry@gmail.com, password=Osobase4@, invalidMultipleCouponQuantity=0, companyEmail=cobili1284@hbehs.com, multipleCoupon=62500, invalidEmailResetPassword=jtest@gmail.com, companyPhoneNumber=84948940303}</td>
<td><div><pre>org.openqa.selenium.ElementClickInterceptedException: element click intercepted: Element &lt;button class=&quot;btn btn-warning mr-2&quot;&gt;...&lt;/button&gt; is not clickable at point (1309, 268). Other element would receive the click: &lt;div id=&quot;add-company-modal&quot; tabindex=&quot;-1&quot; role=&quot;dialog&quot; aria-labelledby=&quot;change-role-modal&quot; class=&quot;modal animated fade pulse_ modal-border show&quot; style=&quot;z-index: 1050; display: block;&quot;&gt;...&lt;/div&gt;
  (Session info: chrome=101.0.4951.64)
Build info: version: &apos;4.1.2&apos;, revision: &apos;9a5a329c5a&apos;
System info: host: &apos;YV-Jerry.local&apos;, ip: &apos;fe80:0:0:0:489:dc55:d0b5:abfa%en0&apos;, os.name: &apos;Mac OS X&apos;, os.arch: &apos;x86_64&apos;, os.version: &apos;11.0&apos;, java.version: &apos;16.0.2&apos;
Driver info: org.openqa.selenium.chrome.ChromeDriver
Command: [cf26e37841e38a3f915fed7d22aa25f8, clickElement {id=85eab5d4-0eea-45fa-acdb-fad600ae3f13}]
Capabilities {acceptInsecureCerts: false, browserName: chrome, browserVersion: 101.0.4951.64, chrome: {chromedriverVersion: 101.0.4951.41 (93c720db8323..., userDataDir: /var/folders/8c/dvnzzls14cz...}, goog:chromeOptions: {debuggerAddress: localhost:59295}, javascriptEnabled: true, networkConnectionEnabled: false, pageLoadStrategy: normal, platform: MAC, platformName: MAC, proxy: Proxy(), se:cdp: ws://localhost:59295/devtoo..., se:cdpVersion: 101.0.4951.64, setWindowRect: true, strictFileInteractability: false, timeouts: {implicit: 0, pageLoad: 300000, script: 30000}, unhandledPromptBehavior: dismiss and notify, webauthn:extension:credBlob: true, webauthn:extension:largeBlob: true, webauthn:virtualAuthenticators: true}
Element: [[ChromeDriver: chrome on MAC (cf26e37841e38a3f915fed7d22aa25f8)] -&gt; xpath: //button[text()=&apos; Invite Company &apos;]]
Session ID: cf26e37841e38a3f915fed7d22aa25f8
	at org.openqa.selenium.remote.codec.w3c.W3CHttpResponseCodec.createException(W3CHttpResponseCodec.java:200)
	at org.openqa.selenium.remote.codec.w3c.W3CHttpResponseCodec.decode(W3CHttpResponseCodec.java:133)
	at org.openqa.selenium.remote.codec.w3c.W3CHttpResponseCodec.decode(W3CHttpResponseCodec.java:53)
	at org.openqa.selenium.remote.HttpCommandExecutor.execute(HttpCommandExecutor.java:184)
	at org.openqa.selenium.remote.service.DriverCommandExecutor.invokeExecute(DriverCommandExecutor.java:167)
	at org.openqa.selenium.remote.service.DriverCommandExecutor.execute(DriverCommandExecutor.java:142)
	at org.openqa.selenium.remote.RemoteWebDriver.execute(RemoteWebDriver.java:558)
	at org.openqa.selenium.remote.RemoteWebElement.execute(RemoteWebElement.java:251)
	at org.openqa.selenium.remote.RemoteWebElement.click(RemoteWebElement.java:77)
	at admin.CompaniesTest.SuccessfulCompanyInvite(CompaniesTest.java:275)
	at java.base/java.util.ArrayList.forEach(ArrayList.java:1511)
... Removed 32 stack frames</pre></div><a href='#' onClick='toggleBox("stack-trace657504198", this, "Click to show all stack frames", "Click to hide stack frames")'>Click to show all stack frames</a>
<div class='stack-trace' id='stack-trace657504198'><pre>org.openqa.selenium.ElementClickInterceptedException: element click intercepted: Element &lt;button class=&quot;btn btn-warning mr-2&quot;&gt;...&lt;/button&gt; is not clickable at point (1309, 268). Other element would receive the click: &lt;div id=&quot;add-company-modal&quot; tabindex=&quot;-1&quot; role=&quot;dialog&quot; aria-labelledby=&quot;change-role-modal&quot; class=&quot;modal animated fade pulse_ modal-border show&quot; style=&quot;z-index: 1050; display: block;&quot;&gt;...&lt;/div&gt;
  (Session info: chrome=101.0.4951.64)
Build info: version: &apos;4.1.2&apos;, revision: &apos;9a5a329c5a&apos;
System info: host: &apos;YV-Jerry.local&apos;, ip: &apos;fe80:0:0:0:489:dc55:d0b5:abfa%en0&apos;, os.name: &apos;Mac OS X&apos;, os.arch: &apos;x86_64&apos;, os.version: &apos;11.0&apos;, java.version: &apos;16.0.2&apos;
Driver info: org.openqa.selenium.chrome.ChromeDriver
Command: [cf26e37841e38a3f915fed7d22aa25f8, clickElement {id=85eab5d4-0eea-45fa-acdb-fad600ae3f13}]
Capabilities {acceptInsecureCerts: false, browserName: chrome, browserVersion: 101.0.4951.64, chrome: {chromedriverVersion: 101.0.4951.41 (93c720db8323..., userDataDir: /var/folders/8c/dvnzzls14cz...}, goog:chromeOptions: {debuggerAddress: localhost:59295}, javascriptEnabled: true, networkConnectionEnabled: false, pageLoadStrategy: normal, platform: MAC, platformName: MAC, proxy: Proxy(), se:cdp: ws://localhost:59295/devtoo..., se:cdpVersion: 101.0.4951.64, setWindowRect: true, strictFileInteractability: false, timeouts: {implicit: 0, pageLoad: 300000, script: 30000}, unhandledPromptBehavior: dismiss and notify, webauthn:extension:credBlob: true, webauthn:extension:largeBlob: true, webauthn:virtualAuthenticators: true}
Element: [[ChromeDriver: chrome on MAC (cf26e37841e38a3f915fed7d22aa25f8)] -&gt; xpath: //button[text()=&apos; Invite Company &apos;]]
Session ID: cf26e37841e38a3f915fed7d22aa25f8
	at java.base/jdk.internal.reflect.NativeConstructorAccessorImpl.newInstance0(Native Method)
	at java.base/jdk.internal.reflect.NativeConstructorAccessorImpl.newInstance(NativeConstructorAccessorImpl.java:78)
	at java.base/jdk.internal.reflect.DelegatingConstructorAccessorImpl.newInstance(DelegatingConstructorAccessorImpl.java:45)
	at java.base/java.lang.reflect.Constructor.newInstanceWithCaller(Constructor.java:499)
	at java.base/java.lang.reflect.Constructor.newInstance(Constructor.java:480)
	at org.openqa.selenium.remote.codec.w3c.W3CHttpResponseCodec.createException(W3CHttpResponseCodec.java:200)
	at org.openqa.selenium.remote.codec.w3c.W3CHttpResponseCodec.decode(W3CHttpResponseCodec.java:133)
	at org.openqa.selenium.remote.codec.w3c.W3CHttpResponseCodec.decode(W3CHttpResponseCodec.java:53)
	at org.openqa.selenium.remote.HttpCommandExecutor.execute(HttpCommandExecutor.java:184)
	at org.openqa.selenium.remote.service.DriverCommandExecutor.invokeExecute(DriverCommandExecutor.java:167)
	at org.openqa.selenium.remote.service.DriverCommandExecutor.execute(DriverCommandExecutor.java:142)
	at org.openqa.selenium.remote.RemoteWebDriver.execute(RemoteWebDriver.java:558)
	at org.openqa.selenium.remote.RemoteWebElement.execute(RemoteWebElement.java:251)
	at org.openqa.selenium.remote.RemoteWebElement.click(RemoteWebElement.java:77)
	at admin.CompaniesTest.SuccessfulCompanyInvite(CompaniesTest.java:275)
	at java.base/jdk.internal.reflect.NativeMethodAccessorImpl.invoke0(Native Method)
	at java.base/jdk.internal.reflect.NativeMethodAccessorImpl.invoke(NativeMethodAccessorImpl.java:78)
	at java.base/jdk.internal.reflect.DelegatingMethodAccessorImpl.invoke(DelegatingMethodAccessorImpl.java:43)
	at java.base/java.lang.reflect.Method.invoke(Method.java:567)
	at org.testng.internal.MethodInvocationHelper.invokeMethod(MethodInvocationHelper.java:133)
	at org.testng.internal.TestInvoker.invokeMethod(TestInvoker.java:598)
	at org.testng.internal.TestInvoker.invokeTestMethod(TestInvoker.java:173)
	at org.testng.internal.MethodRunner.runInSequence(MethodRunner.java:46)
	at org.testng.internal.TestInvoker$MethodInvocationAgent.invoke(TestInvoker.java:824)
	at org.testng.internal.TestInvoker.invokeTestMethods(TestInvoker.java:146)
	at org.testng.internal.TestMethodWorker.invokeTestMethods(TestMethodWorker.java:146)
	at org.testng.internal.TestMethodWorker.run(TestMethodWorker.java:128)
	at java.base/java.util.ArrayList.forEach(ArrayList.java:1511)
	at org.testng.TestRunner.privateRun(TestRunner.java:794)
	at org.testng.TestRunner.run(TestRunner.java:596)
	at org.testng.SuiteRunner.runTest(SuiteRunner.java:377)
	at org.testng.SuiteRunner.runSequentially(SuiteRunner.java:371)
	at org.testng.SuiteRunner.privateRun(SuiteRunner.java:332)
	at org.testng.SuiteRunner.run(SuiteRunner.java:276)
	at org.testng.SuiteRunnerWorker.runSuite(SuiteRunnerWorker.java:53)
	at org.testng.SuiteRunnerWorker.run(SuiteRunnerWorker.java:96)
	at org.testng.TestNG.runSuitesSequentially(TestNG.java:1212)
	at org.testng.TestNG.runSuitesLocally(TestNG.java:1134)
	at org.testng.TestNG.runSuites(TestNG.java:1063)
	at org.testng.TestNG.run(TestNG.java:1031)
	at org.testng.remote.AbstractRemoteTestNG.run(AbstractRemoteTestNG.java:115)
	at org.testng.remote.RemoteTestNG.initAndRun(RemoteTestNG.java:251)
	at org.testng.remote.RemoteTestNG.main(RemoteTestNG.java:77)
</pre></div></td>
<td>1</td>
<td>admin.CompaniesTest@7502291e</td></tr>
<tr>
<td title='admin.CompaniesTest.ValidateActiveCompanyStatus()'><b>ValidateActiveCompanyStatus</b><br>Test class: admin.CompaniesTest</td>
<td><div><pre>org.openqa.selenium.ElementNotInteractableException: element not interactable
  (Session info: chrome=101.0.4951.64)
Build info: version: &apos;4.1.2&apos;, revision: &apos;9a5a329c5a&apos;
System info: host: &apos;YV-Jerry.local&apos;, ip: &apos;fe80:0:0:0:489:dc55:d0b5:abfa%en0&apos;, os.name: &apos;Mac OS X&apos;, os.arch: &apos;x86_64&apos;, os.version: &apos;11.0&apos;, java.version: &apos;16.0.2&apos;
Driver info: org.openqa.selenium.chrome.ChromeDriver
Command: [cf26e37841e38a3f915fed7d22aa25f8, clickElement {id=ee4a30c2-4294-4b58-9254-690cb27e6744}]
Capabilities {acceptInsecureCerts: false, browserName: chrome, browserVersion: 101.0.4951.64, chrome: {chromedriverVersion: 101.0.4951.41 (93c720db8323..., userDataDir: /var/folders/8c/dvnzzls14cz...}, goog:chromeOptions: {debuggerAddress: localhost:59295}, javascriptEnabled: true, networkConnectionEnabled: false, pageLoadStrategy: normal, platform: MAC, platformName: MAC, proxy: Proxy(), se:cdp: ws://localhost:59295/devtoo..., se:cdpVersion: 101.0.4951.64, setWindowRect: true, strictFileInteractability: false, timeouts: {implicit: 0, pageLoad: 300000, script: 30000}, unhandledPromptBehavior: dismiss and notify, webauthn:extension:credBlob: true, webauthn:extension:largeBlob: true, webauthn:virtualAuthenticators: true}
Element: [[ChromeDriver: chrome on MAC (cf26e37841e38a3f915fed7d22aa25f8)] -&gt; xpath: //li[@class=&apos;page-item pagination-page-nav active&apos;] //following-sibling::li]
Session ID: cf26e37841e38a3f915fed7d22aa25f8
	at org.openqa.selenium.remote.codec.w3c.W3CHttpResponseCodec.createException(W3CHttpResponseCodec.java:200)
	at org.openqa.selenium.remote.codec.w3c.W3CHttpResponseCodec.decode(W3CHttpResponseCodec.java:133)
	at org.openqa.selenium.remote.codec.w3c.W3CHttpResponseCodec.decode(W3CHttpResponseCodec.java:53)
	at org.openqa.selenium.remote.HttpCommandExecutor.execute(HttpCommandExecutor.java:184)
	at org.openqa.selenium.remote.service.DriverCommandExecutor.invokeExecute(DriverCommandExecutor.java:167)
	at org.openqa.selenium.remote.service.DriverCommandExecutor.execute(DriverCommandExecutor.java:142)
	at org.openqa.selenium.remote.RemoteWebDriver.execute(RemoteWebDriver.java:558)
	at org.openqa.selenium.remote.RemoteWebElement.execute(RemoteWebElement.java:251)
	at org.openqa.selenium.remote.RemoteWebElement.click(RemoteWebElement.java:77)
	at admin.CompaniesTest.ValidateActiveCompanyStatus(CompaniesTest.java:379)
	at java.base/java.util.ArrayList.forEach(ArrayList.java:1511)
... Removed 32 stack frames</pre></div><a href='#' onClick='toggleBox("stack-trace1066635787", this, "Click to show all stack frames", "Click to hide stack frames")'>Click to show all stack frames</a>
<div class='stack-trace' id='stack-trace1066635787'><pre>org.openqa.selenium.ElementNotInteractableException: element not interactable
  (Session info: chrome=101.0.4951.64)
Build info: version: &apos;4.1.2&apos;, revision: &apos;9a5a329c5a&apos;
System info: host: &apos;YV-Jerry.local&apos;, ip: &apos;fe80:0:0:0:489:dc55:d0b5:abfa%en0&apos;, os.name: &apos;Mac OS X&apos;, os.arch: &apos;x86_64&apos;, os.version: &apos;11.0&apos;, java.version: &apos;16.0.2&apos;
Driver info: org.openqa.selenium.chrome.ChromeDriver
Command: [cf26e37841e38a3f915fed7d22aa25f8, clickElement {id=ee4a30c2-4294-4b58-9254-690cb27e6744}]
Capabilities {acceptInsecureCerts: false, browserName: chrome, browserVersion: 101.0.4951.64, chrome: {chromedriverVersion: 101.0.4951.41 (93c720db8323..., userDataDir: /var/folders/8c/dvnzzls14cz...}, goog:chromeOptions: {debuggerAddress: localhost:59295}, javascriptEnabled: true, networkConnectionEnabled: false, pageLoadStrategy: normal, platform: MAC, platformName: MAC, proxy: Proxy(), se:cdp: ws://localhost:59295/devtoo..., se:cdpVersion: 101.0.4951.64, setWindowRect: true, strictFileInteractability: false, timeouts: {implicit: 0, pageLoad: 300000, script: 30000}, unhandledPromptBehavior: dismiss and notify, webauthn:extension:credBlob: true, webauthn:extension:largeBlob: true, webauthn:virtualAuthenticators: true}
Element: [[ChromeDriver: chrome on MAC (cf26e37841e38a3f915fed7d22aa25f8)] -&gt; xpath: //li[@class=&apos;page-item pagination-page-nav active&apos;] //following-sibling::li]
Session ID: cf26e37841e38a3f915fed7d22aa25f8
	at java.base/jdk.internal.reflect.NativeConstructorAccessorImpl.newInstance0(Native Method)
	at java.base/jdk.internal.reflect.NativeConstructorAccessorImpl.newInstance(NativeConstructorAccessorImpl.java:78)
	at java.base/jdk.internal.reflect.DelegatingConstructorAccessorImpl.newInstance(DelegatingConstructorAccessorImpl.java:45)
	at java.base/java.lang.reflect.Constructor.newInstanceWithCaller(Constructor.java:499)
	at java.base/java.lang.reflect.Constructor.newInstance(Constructor.java:480)
	at org.openqa.selenium.remote.codec.w3c.W3CHttpResponseCodec.createException(W3CHttpResponseCodec.java:200)
	at org.openqa.selenium.remote.codec.w3c.W3CHttpResponseCodec.decode(W3CHttpResponseCodec.java:133)
	at org.openqa.selenium.remote.codec.w3c.W3CHttpResponseCodec.decode(W3CHttpResponseCodec.java:53)
	at org.openqa.selenium.remote.HttpCommandExecutor.execute(HttpCommandExecutor.java:184)
	at org.openqa.selenium.remote.service.DriverCommandExecutor.invokeExecute(DriverCommandExecutor.java:167)
	at org.openqa.selenium.remote.service.DriverCommandExecutor.execute(DriverCommandExecutor.java:142)
	at org.openqa.selenium.remote.RemoteWebDriver.execute(RemoteWebDriver.java:558)
	at org.openqa.selenium.remote.RemoteWebElement.execute(RemoteWebElement.java:251)
	at org.openqa.selenium.remote.RemoteWebElement.click(RemoteWebElement.java:77)
	at admin.CompaniesTest.ValidateActiveCompanyStatus(CompaniesTest.java:379)
	at java.base/jdk.internal.reflect.NativeMethodAccessorImpl.invoke0(Native Method)
	at java.base/jdk.internal.reflect.NativeMethodAccessorImpl.invoke(NativeMethodAccessorImpl.java:78)
	at java.base/jdk.internal.reflect.DelegatingMethodAccessorImpl.invoke(DelegatingMethodAccessorImpl.java:43)
	at java.base/java.lang.reflect.Method.invoke(Method.java:567)
	at org.testng.internal.MethodInvocationHelper.invokeMethod(MethodInvocationHelper.java:133)
	at org.testng.internal.TestInvoker.invokeMethod(TestInvoker.java:598)
	at org.testng.internal.TestInvoker.invokeTestMethod(TestInvoker.java:173)
	at org.testng.internal.MethodRunner.runInSequence(MethodRunner.java:46)
	at org.testng.internal.TestInvoker$MethodInvocationAgent.invoke(TestInvoker.java:824)
	at org.testng.internal.TestInvoker.invokeTestMethods(TestInvoker.java:146)
	at org.testng.internal.TestMethodWorker.invokeTestMethods(TestMethodWorker.java:146)
	at org.testng.internal.TestMethodWorker.run(TestMethodWorker.java:128)
	at java.base/java.util.ArrayList.forEach(ArrayList.java:1511)
	at org.testng.TestRunner.privateRun(TestRunner.java:794)
	at org.testng.TestRunner.run(TestRunner.java:596)
	at org.testng.SuiteRunner.runTest(SuiteRunner.java:377)
	at org.testng.SuiteRunner.runSequentially(SuiteRunner.java:371)
	at org.testng.SuiteRunner.privateRun(SuiteRunner.java:332)
	at org.testng.SuiteRunner.run(SuiteRunner.java:276)
	at org.testng.SuiteRunnerWorker.runSuite(SuiteRunnerWorker.java:53)
	at org.testng.SuiteRunnerWorker.run(SuiteRunnerWorker.java:96)
	at org.testng.TestNG.runSuitesSequentially(TestNG.java:1212)
	at org.testng.TestNG.runSuitesLocally(TestNG.java:1134)
	at org.testng.TestNG.runSuites(TestNG.java:1063)
	at org.testng.TestNG.run(TestNG.java:1031)
	at org.testng.remote.AbstractRemoteTestNG.run(AbstractRemoteTestNG.java:115)
	at org.testng.remote.RemoteTestNG.initAndRun(RemoteTestNG.java:251)
	at org.testng.remote.RemoteTestNG.main(RemoteTestNG.java:77)
</pre></div></td>
<td>15</td>
<td>admin.CompaniesTest@7502291e</td></tr>
<tr>
<td title='admin.UsersTest.ValidateUserSearch()'><b>ValidateUserSearch</b><br>Test class: admin.UsersTest<br>Parameters: {roleName=Testing3, userSearch=george, roleDescription=Automation test1, roles=Enforcer}</td>
<td><div><pre>java.lang.AssertionError: expected [0] but found [4]
	at admin.UsersTest.ValidateUserSearch(UsersTest.java:693)
	at java.base/java.util.ArrayList.forEach(ArrayList.java:1511)
... Removed 33 stack frames</pre></div><a href='#' onClick='toggleBox("stack-trace1994418201", this, "Click to show all stack frames", "Click to hide stack frames")'>Click to show all stack frames</a>
<div class='stack-trace' id='stack-trace1994418201'><pre>java.lang.AssertionError: expected [0] but found [4]
	at org.testng.Assert.fail(Assert.java:99)
	at org.testng.Assert.failNotEquals(Assert.java:1037)
	at org.testng.Assert.assertEqualsImpl(Assert.java:140)
	at org.testng.Assert.assertEquals(Assert.java:122)
	at org.testng.Assert.assertEquals(Assert.java:797)
	at org.testng.Assert.assertEquals(Assert.java:807)
	at admin.UsersTest.ValidateUserSearch(UsersTest.java:693)
	at java.base/jdk.internal.reflect.NativeMethodAccessorImpl.invoke0(Native Method)
	at java.base/jdk.internal.reflect.NativeMethodAccessorImpl.invoke(NativeMethodAccessorImpl.java:78)
	at java.base/jdk.internal.reflect.DelegatingMethodAccessorImpl.invoke(DelegatingMethodAccessorImpl.java:43)
	at java.base/java.lang.reflect.Method.invoke(Method.java:567)
	at org.testng.internal.MethodInvocationHelper.invokeMethod(MethodInvocationHelper.java:133)
	at org.testng.internal.TestInvoker.invokeMethod(TestInvoker.java:598)
	at org.testng.internal.TestInvoker.invokeTestMethod(TestInvoker.java:173)
	at org.testng.internal.MethodRunner.runInSequence(MethodRunner.java:46)
	at org.testng.internal.TestInvoker$MethodInvocationAgent.invoke(TestInvoker.java:824)
	at org.testng.internal.TestInvoker.invokeTestMethods(TestInvoker.java:146)
	at org.testng.internal.TestMethodWorker.invokeTestMethods(TestMethodWorker.java:146)
	at org.testng.internal.TestMethodWorker.run(TestMethodWorker.java:128)
	at java.base/java.util.ArrayList.forEach(ArrayList.java:1511)
	at org.testng.TestRunner.privateRun(TestRunner.java:794)
	at org.testng.TestRunner.run(TestRunner.java:596)
	at org.testng.SuiteRunner.runTest(SuiteRunner.java:377)
	at org.testng.SuiteRunner.runSequentially(SuiteRunner.java:371)
	at org.testng.SuiteRunner.privateRun(SuiteRunner.java:332)
	at org.testng.SuiteRunner.run(SuiteRunner.java:276)
	at org.testng.SuiteRunnerWorker.runSuite(SuiteRunnerWorker.java:53)
	at org.testng.SuiteRunnerWorker.run(SuiteRunnerWorker.java:96)
	at org.testng.TestNG.runSuitesSequentially(TestNG.java:1212)
	at org.testng.TestNG.runSuitesLocally(TestNG.java:1134)
	at org.testng.TestNG.runSuites(TestNG.java:1063)
	at org.testng.TestNG.run(TestNG.java:1031)
	at org.testng.remote.AbstractRemoteTestNG.run(AbstractRemoteTestNG.java:115)
	at org.testng.remote.RemoteTestNG.initAndRun(RemoteTestNG.java:251)
	at org.testng.remote.RemoteTestNG.main(RemoteTestNG.java:77)
</pre></div></td>
<td>15</td>
<td>admin.UsersTest@22875539</td></tr>
<tr>
<td title='admin.UsersTest.ValidateUserSearch()'><b>ValidateUserSearch</b><br>Test class: admin.UsersTest<br>Parameters: {roleName=Testing2, userSearch=jerry, roleDescription=Automation test, roles=Super Admin}</td>
<td><div><pre>org.openqa.selenium.NoSuchElementException: no such element: Unable to locate element: {&quot;method&quot;:&quot;xpath&quot;,&quot;selector&quot;:&quot;//li[@class=&apos;page-item pagination-page-nav active&apos;] //following-sibling::li&quot;}
  (Session info: chrome=101.0.4951.64)
For documentation on this error, please visit: https://selenium.dev/exceptions/#no_such_element
Build info: version: &apos;4.1.2&apos;, revision: &apos;9a5a329c5a&apos;
System info: host: &apos;YV-Jerry.local&apos;, ip: &apos;fe80:0:0:0:489:dc55:d0b5:abfa%en0&apos;, os.name: &apos;Mac OS X&apos;, os.arch: &apos;x86_64&apos;, os.version: &apos;11.0&apos;, java.version: &apos;16.0.2&apos;
Driver info: org.openqa.selenium.chrome.ChromeDriver
Command: [301badb0d2c97140f441af57e9242571, findElement {using=xpath, value=//li[@class=&apos;page-item pagination-page-nav active&apos;] //following-sibling::li}]
Capabilities {acceptInsecureCerts: false, browserName: chrome, browserVersion: 101.0.4951.64, chrome: {chromedriverVersion: 101.0.4951.41 (93c720db8323..., userDataDir: /var/folders/8c/dvnzzls14cz...}, goog:chromeOptions: {debuggerAddress: localhost:59557}, javascriptEnabled: true, networkConnectionEnabled: false, pageLoadStrategy: normal, platform: MAC, platformName: MAC, proxy: Proxy(), se:cdp: ws://localhost:59557/devtoo..., se:cdpVersion: 101.0.4951.64, setWindowRect: true, strictFileInteractability: false, timeouts: {implicit: 0, pageLoad: 300000, script: 30000}, unhandledPromptBehavior: dismiss and notify, webauthn:extension:credBlob: true, webauthn:extension:largeBlob: true, webauthn:virtualAuthenticators: true}
Session ID: 301badb0d2c97140f441af57e9242571
	at org.openqa.selenium.remote.codec.w3c.W3CHttpResponseCodec.createException(W3CHttpResponseCodec.java:200)
	at org.openqa.selenium.remote.codec.w3c.W3CHttpResponseCodec.decode(W3CHttpResponseCodec.java:133)
	at org.openqa.selenium.remote.codec.w3c.W3CHttpResponseCodec.decode(W3CHttpResponseCodec.java:53)
	at org.openqa.selenium.remote.HttpCommandExecutor.execute(HttpCommandExecutor.java:184)
	at org.openqa.selenium.remote.service.DriverCommandExecutor.invokeExecute(DriverCommandExecutor.java:167)
	at org.openqa.selenium.remote.service.DriverCommandExecutor.execute(DriverCommandExecutor.java:142)
	at org.openqa.selenium.remote.RemoteWebDriver.execute(RemoteWebDriver.java:558)
	at org.openqa.selenium.remote.ElementLocation$ElementFinder$2.findElement(ElementLocation.java:162)
	at org.openqa.selenium.remote.ElementLocation.findElement(ElementLocation.java:60)
	at org.openqa.selenium.remote.RemoteWebDriver.findElement(RemoteWebDriver.java:382)
	at org.openqa.selenium.remote.RemoteWebDriver.findElement(RemoteWebDriver.java:374)
	at pageObject.admin.Users.getNextPagination(Users.java:166)
	at admin.UsersTest.ValidateUserSearch(UsersTest.java:690)
	at java.base/java.util.ArrayList.forEach(ArrayList.java:1511)
... Removed 32 stack frames</pre></div><a href='#' onClick='toggleBox("stack-trace1412064304", this, "Click to show all stack frames", "Click to hide stack frames")'>Click to show all stack frames</a>
<div class='stack-trace' id='stack-trace1412064304'><pre>org.openqa.selenium.NoSuchElementException: no such element: Unable to locate element: {&quot;method&quot;:&quot;xpath&quot;,&quot;selector&quot;:&quot;//li[@class=&apos;page-item pagination-page-nav active&apos;] //following-sibling::li&quot;}
  (Session info: chrome=101.0.4951.64)
For documentation on this error, please visit: https://selenium.dev/exceptions/#no_such_element
Build info: version: &apos;4.1.2&apos;, revision: &apos;9a5a329c5a&apos;
System info: host: &apos;YV-Jerry.local&apos;, ip: &apos;fe80:0:0:0:489:dc55:d0b5:abfa%en0&apos;, os.name: &apos;Mac OS X&apos;, os.arch: &apos;x86_64&apos;, os.version: &apos;11.0&apos;, java.version: &apos;16.0.2&apos;
Driver info: org.openqa.selenium.chrome.ChromeDriver
Command: [301badb0d2c97140f441af57e9242571, findElement {using=xpath, value=//li[@class=&apos;page-item pagination-page-nav active&apos;] //following-sibling::li}]
Capabilities {acceptInsecureCerts: false, browserName: chrome, browserVersion: 101.0.4951.64, chrome: {chromedriverVersion: 101.0.4951.41 (93c720db8323..., userDataDir: /var/folders/8c/dvnzzls14cz...}, goog:chromeOptions: {debuggerAddress: localhost:59557}, javascriptEnabled: true, networkConnectionEnabled: false, pageLoadStrategy: normal, platform: MAC, platformName: MAC, proxy: Proxy(), se:cdp: ws://localhost:59557/devtoo..., se:cdpVersion: 101.0.4951.64, setWindowRect: true, strictFileInteractability: false, timeouts: {implicit: 0, pageLoad: 300000, script: 30000}, unhandledPromptBehavior: dismiss and notify, webauthn:extension:credBlob: true, webauthn:extension:largeBlob: true, webauthn:virtualAuthenticators: true}
Session ID: 301badb0d2c97140f441af57e9242571
	at java.base/jdk.internal.reflect.NativeConstructorAccessorImpl.newInstance0(Native Method)
	at java.base/jdk.internal.reflect.NativeConstructorAccessorImpl.newInstance(NativeConstructorAccessorImpl.java:78)
	at java.base/jdk.internal.reflect.DelegatingConstructorAccessorImpl.newInstance(DelegatingConstructorAccessorImpl.java:45)
	at java.base/java.lang.reflect.Constructor.newInstanceWithCaller(Constructor.java:499)
	at java.base/java.lang.reflect.Constructor.newInstance(Constructor.java:480)
	at org.openqa.selenium.remote.codec.w3c.W3CHttpResponseCodec.createException(W3CHttpResponseCodec.java:200)
	at org.openqa.selenium.remote.codec.w3c.W3CHttpResponseCodec.decode(W3CHttpResponseCodec.java:133)
	at org.openqa.selenium.remote.codec.w3c.W3CHttpResponseCodec.decode(W3CHttpResponseCodec.java:53)
	at org.openqa.selenium.remote.HttpCommandExecutor.execute(HttpCommandExecutor.java:184)
	at org.openqa.selenium.remote.service.DriverCommandExecutor.invokeExecute(DriverCommandExecutor.java:167)
	at org.openqa.selenium.remote.service.DriverCommandExecutor.execute(DriverCommandExecutor.java:142)
	at org.openqa.selenium.remote.RemoteWebDriver.execute(RemoteWebDriver.java:558)
	at org.openqa.selenium.remote.ElementLocation$ElementFinder$2.findElement(ElementLocation.java:162)
	at org.openqa.selenium.remote.ElementLocation.findElement(ElementLocation.java:60)
	at org.openqa.selenium.remote.RemoteWebDriver.findElement(RemoteWebDriver.java:382)
	at org.openqa.selenium.remote.RemoteWebDriver.findElement(RemoteWebDriver.java:374)
	at pageObject.admin.Users.getNextPagination(Users.java:166)
	at admin.UsersTest.ValidateUserSearch(UsersTest.java:690)
	at java.base/jdk.internal.reflect.NativeMethodAccessorImpl.invoke0(Native Method)
	at java.base/jdk.internal.reflect.NativeMethodAccessorImpl.invoke(NativeMethodAccessorImpl.java:78)
	at java.base/jdk.internal.reflect.DelegatingMethodAccessorImpl.invoke(DelegatingMethodAccessorImpl.java:43)
	at java.base/java.lang.reflect.Method.invoke(Method.java:567)
	at org.testng.internal.MethodInvocationHelper.invokeMethod(MethodInvocationHelper.java:133)
	at org.testng.internal.TestInvoker.invokeMethod(TestInvoker.java:598)
	at org.testng.internal.TestInvoker.invokeTestMethod(TestInvoker.java:173)
	at org.testng.internal.MethodRunner.runInSequence(MethodRunner.java:46)
	at org.testng.internal.TestInvoker$MethodInvocationAgent.invoke(TestInvoker.java:824)
	at org.testng.internal.TestInvoker.invokeTestMethods(TestInvoker.java:146)
	at org.testng.internal.TestMethodWorker.invokeTestMethods(TestMethodWorker.java:146)
	at org.testng.internal.TestMethodWorker.run(TestMethodWorker.java:128)
	at java.base/java.util.ArrayList.forEach(ArrayList.java:1511)
	at org.testng.TestRunner.privateRun(TestRunner.java:794)
	at org.testng.TestRunner.run(TestRunner.java:596)
	at org.testng.SuiteRunner.runTest(SuiteRunner.java:377)
	at org.testng.SuiteRunner.runSequentially(SuiteRunner.java:371)
	at org.testng.SuiteRunner.privateRun(SuiteRunner.java:332)
	at org.testng.SuiteRunner.run(SuiteRunner.java:276)
	at org.testng.SuiteRunnerWorker.runSuite(SuiteRunnerWorker.java:53)
	at org.testng.SuiteRunnerWorker.run(SuiteRunnerWorker.java:96)
	at org.testng.TestNG.runSuitesSequentially(TestNG.java:1212)
	at org.testng.TestNG.runSuitesLocally(TestNG.java:1134)
	at org.testng.TestNG.runSuites(TestNG.java:1063)
	at org.testng.TestNG.run(TestNG.java:1031)
	at org.testng.remote.AbstractRemoteTestNG.run(AbstractRemoteTestNG.java:115)
	at org.testng.remote.RemoteTestNG.initAndRun(RemoteTestNG.java:251)
	at org.testng.remote.RemoteTestNG.main(RemoteTestNG.java:77)
</pre></div></td>
<td>26</td>
<td>admin.UsersTest@22875539</td></tr>
<tr>
<td title='admin.AuditLogTest.ValidateAuditLogCardResponse()'><b>ValidateAuditLogCardResponse</b><br>Test class: admin.AuditLogTest</td>
<td><div><pre>org.openqa.selenium.TimeoutException: Expected condition failed: waiting for visibility of element located by By.xpath: //div[@class=&apos;col-xs-12&apos;] (tried for 10 second(s) with 500 milliseconds interval)
Build info: version: &apos;4.1.2&apos;, revision: &apos;9a5a329c5a&apos;
System info: host: &apos;YV-Jerry.local&apos;, ip: &apos;fe80:0:0:0:489:dc55:d0b5:abfa%en0&apos;, os.name: &apos;Mac OS X&apos;, os.arch: &apos;x86_64&apos;, os.version: &apos;11.0&apos;, java.version: &apos;16.0.2&apos;
Driver info: org.openqa.selenium.chrome.ChromeDriver
Capabilities {acceptInsecureCerts: false, browserName: chrome, browserVersion: 101.0.4951.64, chrome: {chromedriverVersion: 101.0.4951.41 (93c720db8323..., userDataDir: /var/folders/8c/dvnzzls14cz...}, goog:chromeOptions: {debuggerAddress: localhost:59424}, javascriptEnabled: true, networkConnectionEnabled: false, pageLoadStrategy: normal, platform: MAC, platformName: MAC, proxy: Proxy(), se:cdp: ws://localhost:59424/devtoo..., se:cdpVersion: 101.0.4951.64, setWindowRect: true, strictFileInteractability: false, timeouts: {implicit: 0, pageLoad: 300000, script: 30000}, unhandledPromptBehavior: dismiss and notify, webauthn:extension:credBlob: true, webauthn:extension:largeBlob: true, webauthn:virtualAuthenticators: true}
Session ID: 39b562bf653482f470bfb1258260eeac
	at org.openqa.selenium.support.ui.WebDriverWait.timeoutException(WebDriverWait.java:138)
	at org.openqa.selenium.support.ui.FluentWait.until(FluentWait.java:231)
	at pageObject.admin.AuditLog.getAuditDetails(AuditLog.java:44)
	at admin.AuditLogTest.ValidateAuditLogCardResponse(AuditLogTest.java:134)
	at java.base/java.util.ArrayList.forEach(ArrayList.java:1511)
... Removed 27 stack frames</pre></div><a href='#' onClick='toggleBox("stack-trace1912359527", this, "Click to show all stack frames", "Click to hide stack frames")'>Click to show all stack frames</a>
<div class='stack-trace' id='stack-trace1912359527'><pre>org.openqa.selenium.TimeoutException: Expected condition failed: waiting for visibility of element located by By.xpath: //div[@class=&apos;col-xs-12&apos;] (tried for 10 second(s) with 500 milliseconds interval)
Build info: version: &apos;4.1.2&apos;, revision: &apos;9a5a329c5a&apos;
System info: host: &apos;YV-Jerry.local&apos;, ip: &apos;fe80:0:0:0:489:dc55:d0b5:abfa%en0&apos;, os.name: &apos;Mac OS X&apos;, os.arch: &apos;x86_64&apos;, os.version: &apos;11.0&apos;, java.version: &apos;16.0.2&apos;
Driver info: org.openqa.selenium.chrome.ChromeDriver
Capabilities {acceptInsecureCerts: false, browserName: chrome, browserVersion: 101.0.4951.64, chrome: {chromedriverVersion: 101.0.4951.41 (93c720db8323..., userDataDir: /var/folders/8c/dvnzzls14cz...}, goog:chromeOptions: {debuggerAddress: localhost:59424}, javascriptEnabled: true, networkConnectionEnabled: false, pageLoadStrategy: normal, platform: MAC, platformName: MAC, proxy: Proxy(), se:cdp: ws://localhost:59424/devtoo..., se:cdpVersion: 101.0.4951.64, setWindowRect: true, strictFileInteractability: false, timeouts: {implicit: 0, pageLoad: 300000, script: 30000}, unhandledPromptBehavior: dismiss and notify, webauthn:extension:credBlob: true, webauthn:extension:largeBlob: true, webauthn:virtualAuthenticators: true}
Session ID: 39b562bf653482f470bfb1258260eeac
	at org.openqa.selenium.support.ui.WebDriverWait.timeoutException(WebDriverWait.java:138)
	at org.openqa.selenium.support.ui.FluentWait.until(FluentWait.java:231)
	at pageObject.admin.AuditLog.getAuditDetails(AuditLog.java:44)
	at admin.AuditLogTest.ValidateAuditLogCardResponse(AuditLogTest.java:134)
	at java.base/jdk.internal.reflect.NativeMethodAccessorImpl.invoke0(Native Method)
	at java.base/jdk.internal.reflect.NativeMethodAccessorImpl.invoke(NativeMethodAccessorImpl.java:78)
	at java.base/jdk.internal.reflect.DelegatingMethodAccessorImpl.invoke(DelegatingMethodAccessorImpl.java:43)
	at java.base/java.lang.reflect.Method.invoke(Method.java:567)
	at org.testng.internal.MethodInvocationHelper.invokeMethod(MethodInvocationHelper.java:133)
	at org.testng.internal.TestInvoker.invokeMethod(TestInvoker.java:598)
	at org.testng.internal.TestInvoker.invokeTestMethod(TestInvoker.java:173)
	at org.testng.internal.MethodRunner.runInSequence(MethodRunner.java:46)
	at org.testng.internal.TestInvoker$MethodInvocationAgent.invoke(TestInvoker.java:824)
	at org.testng.internal.TestInvoker.invokeTestMethods(TestInvoker.java:146)
	at org.testng.internal.TestMethodWorker.invokeTestMethods(TestMethodWorker.java:146)
	at org.testng.internal.TestMethodWorker.run(TestMethodWorker.java:128)
	at java.base/java.util.ArrayList.forEach(ArrayList.java:1511)
	at org.testng.TestRunner.privateRun(TestRunner.java:794)
	at org.testng.TestRunner.run(TestRunner.java:596)
	at org.testng.SuiteRunner.runTest(SuiteRunner.java:377)
	at org.testng.SuiteRunner.runSequentially(SuiteRunner.java:371)
	at org.testng.SuiteRunner.privateRun(SuiteRunner.java:332)
	at org.testng.SuiteRunner.run(SuiteRunner.java:276)
	at org.testng.SuiteRunnerWorker.runSuite(SuiteRunnerWorker.java:53)
	at org.testng.SuiteRunnerWorker.run(SuiteRunnerWorker.java:96)
	at org.testng.TestNG.runSuitesSequentially(TestNG.java:1212)
	at org.testng.TestNG.runSuitesLocally(TestNG.java:1134)
	at org.testng.TestNG.runSuites(TestNG.java:1063)
	at org.testng.TestNG.run(TestNG.java:1031)
	at org.testng.remote.AbstractRemoteTestNG.run(AbstractRemoteTestNG.java:115)
	at org.testng.remote.RemoteTestNG.initAndRun(RemoteTestNG.java:251)
	at org.testng.remote.RemoteTestNG.main(RemoteTestNG.java:77)
</pre></div></td>
<td>17</td>
<td>admin.AuditLogTest@46944ca9</td></tr>
<tr>
<td title='admin.UsersTest.ValidateInvitedUserStatus()'><b>ValidateInvitedUserStatus</b><br>Test class: admin.UsersTest</td>
<td><div><pre>java.lang.AssertionError: The following asserts failed:
	Lists differ at element [2]: Deactivate User != Re-activate User expected [Deactivate User] but found [Re-activate User]
	at admin.UsersTest.ValidateInvitedUserStatus(UsersTest.java:542)
	at java.base/java.util.ArrayList.forEach(ArrayList.java:1511)
... Removed 29 stack frames</pre></div><a href='#' onClick='toggleBox("stack-trace1147530270", this, "Click to show all stack frames", "Click to hide stack frames")'>Click to show all stack frames</a>
<div class='stack-trace' id='stack-trace1147530270'><pre>java.lang.AssertionError: The following asserts failed:
	Lists differ at element [2]: Deactivate User != Re-activate User expected [Deactivate User] but found [Re-activate User]
	at org.testng.asserts.SoftAssert.assertAll(SoftAssert.java:47)
	at org.testng.asserts.SoftAssert.assertAll(SoftAssert.java:31)
	at admin.UsersTest.ValidateInvitedUserStatus(UsersTest.java:542)
	at java.base/jdk.internal.reflect.NativeMethodAccessorImpl.invoke0(Native Method)
	at java.base/jdk.internal.reflect.NativeMethodAccessorImpl.invoke(NativeMethodAccessorImpl.java:78)
	at java.base/jdk.internal.reflect.DelegatingMethodAccessorImpl.invoke(DelegatingMethodAccessorImpl.java:43)
	at java.base/java.lang.reflect.Method.invoke(Method.java:567)
	at org.testng.internal.MethodInvocationHelper.invokeMethod(MethodInvocationHelper.java:133)
	at org.testng.internal.TestInvoker.invokeMethod(TestInvoker.java:598)
	at org.testng.internal.TestInvoker.invokeTestMethod(TestInvoker.java:173)
	at org.testng.internal.MethodRunner.runInSequence(MethodRunner.java:46)
	at org.testng.internal.TestInvoker$MethodInvocationAgent.invoke(TestInvoker.java:824)
	at org.testng.internal.TestInvoker.invokeTestMethods(TestInvoker.java:146)
	at org.testng.internal.TestMethodWorker.invokeTestMethods(TestMethodWorker.java:146)
	at org.testng.internal.TestMethodWorker.run(TestMethodWorker.java:128)
	at java.base/java.util.ArrayList.forEach(ArrayList.java:1511)
	at org.testng.TestRunner.privateRun(TestRunner.java:794)
	at org.testng.TestRunner.run(TestRunner.java:596)
	at org.testng.SuiteRunner.runTest(SuiteRunner.java:377)
	at org.testng.SuiteRunner.runSequentially(SuiteRunner.java:371)
	at org.testng.SuiteRunner.privateRun(SuiteRunner.java:332)
	at org.testng.SuiteRunner.run(SuiteRunner.java:276)
	at org.testng.SuiteRunnerWorker.runSuite(SuiteRunnerWorker.java:53)
	at org.testng.SuiteRunnerWorker.run(SuiteRunnerWorker.java:96)
	at org.testng.TestNG.runSuitesSequentially(TestNG.java:1212)
	at org.testng.TestNG.runSuitesLocally(TestNG.java:1134)
	at org.testng.TestNG.runSuites(TestNG.java:1063)
	at org.testng.TestNG.run(TestNG.java:1031)
	at org.testng.remote.AbstractRemoteTestNG.run(AbstractRemoteTestNG.java:115)
	at org.testng.remote.RemoteTestNG.initAndRun(RemoteTestNG.java:251)
	at org.testng.remote.RemoteTestNG.main(RemoteTestNG.java:77)
</pre></div></td>
<td>36</td>
<td>admin.UsersTest@22875539</td></tr>
</table><p>
<table width='100%' border='1' class='invocation-passed'>
<tr><td colspan='4' align='center'><b>PASSED TESTS</b></td></tr>
<tr><td><b>Test method</b></td>
<td width="30%"><b>Exception</b></td>
<td width="10%"><b>Time (seconds)</b></td>
<td><b>Instance</b></td>
</tr>
<tr>
<td title='admin.PermitTest.ValidateStatusButtonResponse()'><b>ValidateStatusButtonResponse</b><br>Test class: admin.PermitTest</td>
<td></td>
<td>19</td>
<td>admin.PermitTest@2445445a</td></tr>
<tr>
<td title='admin.PermitTest.ValidateDuplicatePermitResponse()'><b>ValidateDuplicatePermitResponse</b><br>Test class: admin.PermitTest</td>
<td></td>
<td>1</td>
<td>admin.PermitTest@2445445a</td></tr>
<tr>
<td title='admin.ForgotPasswordTest.ValidateBackToLoginLink()'><b>ValidateBackToLoginLink</b><br>Test class: admin.ForgotPasswordTest</td>
<td></td>
<td>0</td>
<td>admin.ForgotPasswordTest@324a0017</td></tr>
<tr>
<td title='admin.ReportTest.ValidateCategoryDropdownList()'><b>ValidateCategoryDropdownList</b><br>Test class: admin.ReportTest</td>
<td></td>
<td>0</td>
<td>admin.ReportTest@63798ca7</td></tr>
<tr>
<td title='admin.UsersTest.ValidateDefaultRoleList()'><b>ValidateDefaultRoleList</b><br>Test class: admin.UsersTest</td>
<td></td>
<td>2</td>
<td>admin.UsersTest@22875539</td></tr>
<tr>
<td title='admin.CouponTest.ValidateMultipleCategoryQuanityFieldFormat()'><b>ValidateMultipleCategoryQuanityFieldFormat</b><br>Test class: admin.CouponTest<br>Parameters: {invalidPassword=OSOBASE4@, invalidEmailAddress=jerry@gmail.c, emailNotFound=tryme@gmail.com, invalidMultipleCouponQuantity=0, invalidEmailResetPassword=jtest@gmail.com}</td>
<td></td>
<td>2</td>
<td>admin.CouponTest@6187d1f5</td></tr>
<tr>
<td title='admin.CouponTest.ValidateSingleCouponFilter()'><b>ValidateSingleCouponFilter</b><br>Test class: admin.CouponTest</td>
<td></td>
<td>99</td>
<td>admin.CouponTest@6187d1f5</td></tr>
<tr>
<td title='admin.ProfileTest.ValidateFirstNameEdit()'><b>ValidateFirstNameEdit</b><br>Test class: admin.ProfileTest</td>
<td></td>
<td>4</td>
<td>admin.ProfileTest@17aad511</td></tr>
<tr>
<td title='admin.UsersTest.EmptyPermissionCheckbox()'><b>EmptyPermissionCheckbox</b><br>Test class: admin.UsersTest<br>Parameters: {roleName=Testing2, userSearch=jerry, roleDescription=Automation test, roles=Super Admin}</td>
<td></td>
<td>2</td>
<td>admin.UsersTest@22875539</td></tr>
<tr>
<td title='admin.AdminLoginTest.ValidateSuccessfulAdminLogin()'><b>ValidateSuccessfulAdminLogin</b><br>Test class: admin.AdminLoginTest<br>Parameters: {invalidEmailAddress=jerry@gmail.c, emailNotFound=tryme@gmail.com, singleCoupon=12500, permitName=test, lga=Amuwo-Odofin LGA, invalidPassword=OSOBASE4@, agentNoCoupon=jtest@gmail.com, agentsearch=Jerry, emailAddress=base4jerry@gmail.com, password=Osobase4@, invalidMultipleCouponQuantity=0, companyEmail=cobili1284@hbehs.com, multipleCoupon=62500, invalidEmailResetPassword=jtest@gmail.com, companyPhoneNumber=84948940303}</td>
<td></td>
<td>4</td>
<td>admin.AdminLoginTest@2e2ff723</td></tr>
<tr>
<td title='admin.CouponTest.ValidateGeneratedListHeader()'><b>ValidateGeneratedListHeader</b><br>Test class: admin.CouponTest</td>
<td></td>
<td>0</td>
<td>admin.CouponTest@6187d1f5</td></tr>
<tr>
<td title='admin.PermitTest.ValidateActiveStatusFilter()'><b>ValidateActiveStatusFilter</b><br>Test class: admin.PermitTest</td>
<td></td>
<td>16</td>
<td>admin.PermitTest@2445445a</td></tr>
<tr>
<td title='admin.ProfileTest.ValidateEmailAddressEdit()'><b>ValidateEmailAddressEdit</b><br>Test class: admin.ProfileTest</td>
<td></td>
<td>0</td>
<td>admin.ProfileTest@17aad511</td></tr>
<tr>
<td title='admin.TransactionsTest.ValidateAbandonedStatusField()'><b>ValidateAbandonedStatusField</b><br>Test class: admin.TransactionsTest</td>
<td></td>
<td>23</td>
<td>admin.TransactionsTest@487db668</td></tr>
<tr>
<td title='admin.PrintLicenseIdTest.ValidateAllPendingIdPrint()'><b>ValidateAllPendingIdPrint</b><br>Test class: admin.PrintLicenseIdTest</td>
<td></td>
<td>46</td>
<td>admin.PrintLicenseIdTest@22bac7bc</td></tr>
<tr>
<td title='admin.TransactionsTest.ValidateCsvExport()'><b>ValidateCsvExport</b><br>Test class: admin.TransactionsTest<br>Parameters: Abandoned</td>
<td></td>
<td>6</td>
<td>admin.TransactionsTest@487db668</td></tr>
<tr>
<td title='admin.ProfileTest.InvalidCurrentPassword()'><b>InvalidCurrentPassword</b><br>Test class: admin.ProfileTest<br>Parameters: {invalidPassword=tesTing##, invalidEmailAddress=jerrygmail.com, emailNotFound=justinbieber@gmail.com, invalidMultipleCouponQuantity=1, invalidEmailResetPassword=jtest+001@gmail.com}</td>
<td></td>
<td>3</td>
<td>admin.ProfileTest@17aad511</td></tr>
<tr>
<td title='admin.PrintLicenseIdTest.ValidatePrintLicenseIdPage()'><b>ValidatePrintLicenseIdPage</b><br>Test class: admin.PrintLicenseIdTest<br>Parameters: {invalidEmailAddress=jerry@gmail.c, emailNotFound=tryme@gmail.com, singleCoupon=12500, permitName=test, lga=Amuwo-Odofin LGA, invalidPassword=OSOBASE4@, agentNoCoupon=jtest@gmail.com, agentsearch=Jerry, emailAddress=base4jerry@gmail.com, password=Osobase4@, invalidMultipleCouponQuantity=0, companyEmail=cobili1284@hbehs.com, multipleCoupon=62500, invalidEmailResetPassword=jtest@gmail.com, companyPhoneNumber=84948940303}</td>
<td></td>
<td>9</td>
<td>admin.PrintLicenseIdTest@22bac7bc</td></tr>
<tr>
<td title='admin.PrintLicenseIdTest.ValidateSelectAllCheckboxPrinted()'><b>ValidateSelectAllCheckboxPrinted</b><br>Test class: admin.PrintLicenseIdTest</td>
<td></td>
<td>1</td>
<td>admin.PrintLicenseIdTest@22bac7bc</td></tr>
<tr>
<td title='admin.ProfileTest.ValidateLastNameEdit()'><b>ValidateLastNameEdit</b><br>Test class: admin.ProfileTest</td>
<td></td>
<td>4</td>
<td>admin.ProfileTest@17aad511</td></tr>
<tr>
<td title='admin.SettingsTest.InvalidSupportEmailFormat()'><b>InvalidSupportEmailFormat</b><br>Test class: admin.SettingsTest<br>Parameters: {Invalidemailaddress=email@gmail.c, Invalidphonenumber=9593952$4a4, invalidCoupon=okokooko1}</td>
<td></td>
<td>0</td>
<td>admin.SettingsTest@4612b856</td></tr>
<tr>
<td title='admin.UsersTest.ValidateDeleteButton()'><b>ValidateDeleteButton</b><br>Test class: admin.UsersTest<br>Parameters: {roleName=Testing3, userSearch=george, roleDescription=Automation test1, roles=Enforcer}</td>
<td></td>
<td>5</td>
<td>admin.UsersTest@22875539</td></tr>
<tr>
<td title='admin.CouponTest.ValidateSingleAgentField()'><b>ValidateSingleAgentField</b><br>Test class: admin.CouponTest</td>
<td></td>
<td>0</td>
<td>admin.CouponTest@6187d1f5</td></tr>
<tr>
<td title='admin.ForgotPasswordTest.InvalidEmailAddressNotFound()'><b>InvalidEmailAddressNotFound</b><br>Test class: admin.ForgotPasswordTest<br>Parameters: {invalidPassword=OSOBASE4@, invalidEmailAddress=jerry@gmail.c, emailNotFound=tryme@gmail.com, invalidMultipleCouponQuantity=0, invalidEmailResetPassword=jtest@gmail.com}</td>
<td></td>
<td>0</td>
<td>admin.ForgotPasswordTest@324a0017</td></tr>
<tr>
<td title='admin.UsersTest.ValidateDefaultRoleDeleteButton()'><b>ValidateDefaultRoleDeleteButton</b><br>Test class: admin.UsersTest</td>
<td></td>
<td>32</td>
<td>admin.UsersTest@22875539</td></tr>
<tr>
<td title='admin.CompaniesTest.EmptyEmailField()'><b>EmptyEmailField</b><br>Test class: admin.CompaniesTest<br>Parameters: {invalidEmailAddress=jerry@gmail.c, emailNotFound=tryme@gmail.com, singleCoupon=12500, permitName=test, lga=Amuwo-Odofin LGA, invalidPassword=OSOBASE4@, agentNoCoupon=jtest@gmail.com, agentsearch=Jerry, emailAddress=base4jerry@gmail.com, password=Osobase4@, invalidMultipleCouponQuantity=0, companyEmail=cobili1284@hbehs.com, multipleCoupon=62500, invalidEmailResetPassword=jtest@gmail.com, companyPhoneNumber=84948940303}</td>
<td></td>
<td>1</td>
<td>admin.CompaniesTest@7502291e</td></tr>
<tr>
<td title='admin.ForgotPasswordTest.InvalidEmailAddressFormat()'><b>InvalidEmailAddressFormat</b><br>Test class: admin.ForgotPasswordTest<br>Parameters: {invalidPassword=OSOBASE4@, invalidEmailAddress=jerry@gmail.c, emailNotFound=tryme@gmail.com, invalidMultipleCouponQuantity=0, invalidEmailResetPassword=jtest@gmail.com}</td>
<td></td>
<td>0</td>
<td>admin.ForgotPasswordTest@324a0017</td></tr>
<tr>
<td title='admin.PrintLicenseIdTest.ValidateBulkPrintButtonPrinted()'><b>ValidateBulkPrintButtonPrinted</b><br>Test class: admin.PrintLicenseIdTest</td>
<td></td>
<td>2</td>
<td>admin.PrintLicenseIdTest@22bac7bc</td></tr>
<tr>
<td title='admin.ReportTest.ValidateAgentDetailsBackButton()'><b>ValidateAgentDetailsBackButton</b><br>Test class: admin.ReportTest</td>
<td></td>
<td>0</td>
<td>admin.ReportTest@63798ca7</td></tr>
<tr>
<td title='admin.CompaniesTest.EmptyTradeNameField()'><b>EmptyTradeNameField</b><br>Test class: admin.CompaniesTest<br>Parameters: {invalidEmailAddress=jerry@gmail.c, emailNotFound=tryme@gmail.com, singleCoupon=12500, permitName=test, lga=Amuwo-Odofin LGA, invalidPassword=OSOBASE4@, agentNoCoupon=jtest@gmail.com, agentsearch=Jerry, emailAddress=base4jerry@gmail.com, password=Osobase4@, invalidMultipleCouponQuantity=0, companyEmail=cobili1284@hbehs.com, multipleCoupon=62500, invalidEmailResetPassword=jtest@gmail.com, companyPhoneNumber=84948940303}</td>
<td></td>
<td>1</td>
<td>admin.CompaniesTest@7502291e</td></tr>
<tr>
<td title='admin.SettingsTest.ValidateBusinessNameEdit()'><b>ValidateBusinessNameEdit</b><br>Test class: admin.SettingsTest</td>
<td></td>
<td>0</td>
<td>admin.SettingsTest@4612b856</td></tr>
<tr>
<td title='admin.UsersTest.ValidateRoleDropDownField()'><b>ValidateRoleDropDownField</b><br>Test class: admin.UsersTest</td>
<td></td>
<td>2</td>
<td>admin.UsersTest@22875539</td></tr>
<tr>
<td title='admin.ForgotPasswordTest.ValidateSuccessfulResetPassword()'><b>ValidateSuccessfulResetPassword</b><br>Test class: admin.ForgotPasswordTest<br>Parameters: {emailAddress=base4jerry@gmail.com, password=Osobase4@, singleCoupon=12500, permitName=online, companyEmail=cobili1284@hbehs.co, lga=Yaba LCDA, multipleCoupon=62500, agentNoCoupon=jtest@gmail.com, companyPhoneNumber=84948940399, agentsearch=Chioma}</td>
<td></td>
<td>1</td>
<td>admin.ForgotPasswordTest@324a0017</td></tr>
<tr>
<td title='admin.TransactionsTest.ValidateCsvExport()'><b>ValidateCsvExport</b><br>Test class: admin.TransactionsTest<br>Parameters: All</td>
<td></td>
<td>6</td>
<td>admin.TransactionsTest@487db668</td></tr>
<tr>
<td title='admin.ReportTest.ValidateEmptyReportRequest()'><b>ValidateEmptyReportRequest</b><br>Test class: admin.ReportTest</td>
<td></td>
<td>1</td>
<td>admin.ReportTest@63798ca7</td></tr>
<tr>
<td title='admin.PermitTest.ValidateSetPermitButton()'><b>ValidateSetPermitButton</b><br>Test class: admin.PermitTest</td>
<td></td>
<td>10</td>
<td>admin.PermitTest@2445445a</td></tr>
<tr>
<td title='admin.UsersTest.ValidateChangeUserRole()'><b>ValidateChangeUserRole</b><br>Test class: admin.UsersTest<br>Parameters: {roleName=Testing2, userSearch=jerry, roleDescription=Automation test, roles=Super Admin}</td>
<td></td>
<td>4</td>
<td>admin.UsersTest@22875539</td></tr>
<tr>
<td title='admin.ForgotPasswordTest.InvalidEmailAddressFormat()'><b>InvalidEmailAddressFormat</b><br>Test class: admin.ForgotPasswordTest<br>Parameters: {invalidPassword=tesTing##, invalidEmailAddress=jerrygmail.com, emailNotFound=justinbieber@gmail.com, invalidMultipleCouponQuantity=1, invalidEmailResetPassword=jtest+001@gmail.com}</td>
<td></td>
<td>4</td>
<td>admin.ForgotPasswordTest@324a0017</td></tr>
<tr>
<td title='admin.CompaniesTest.ValidateCompaniesPage()'><b>ValidateCompaniesPage</b><br>Test class: admin.CompaniesTest<br>Parameters: {invalidEmailAddress=jerry@gmail.c, emailNotFound=tryme@gmail.com, singleCoupon=12500, permitName=test, lga=Amuwo-Odofin LGA, invalidPassword=OSOBASE4@, agentNoCoupon=jtest@gmail.com, agentsearch=Jerry, emailAddress=base4jerry@gmail.com, password=Osobase4@, invalidMultipleCouponQuantity=0, companyEmail=cobili1284@hbehs.com, multipleCoupon=62500, invalidEmailResetPassword=jtest@gmail.com, companyPhoneNumber=84948940303}</td>
<td></td>
<td>10</td>
<td>admin.CompaniesTest@7502291e</td></tr>
<tr>
<td title='admin.ReportTest.ValidateReportPage()'><b>ValidateReportPage</b><br>Test class: admin.ReportTest<br>Parameters: {invalidEmailAddress=jerry@gmail.c, emailNotFound=tryme@gmail.com, singleCoupon=12500, permitName=test, lga=Amuwo-Odofin LGA, invalidPassword=OSOBASE4@, agentNoCoupon=jtest@gmail.com, agentsearch=Jerry, emailAddress=base4jerry@gmail.com, password=Osobase4@, invalidMultipleCouponQuantity=0, companyEmail=cobili1284@hbehs.com, multipleCoupon=62500, invalidEmailResetPassword=jtest@gmail.com, companyPhoneNumber=84948940303}</td>
<td></td>
<td>9</td>
<td>admin.ReportTest@63798ca7</td></tr>
<tr>
<td title='admin.SettingsTest.ValidatePrimaryContactPhoneNumberEdit()'><b>ValidatePrimaryContactPhoneNumberEdit</b><br>Test class: admin.SettingsTest</td>
<td></td>
<td>6</td>
<td>admin.SettingsTest@4612b856</td></tr>
<tr>
<td title='admin.ProfileTest.ValidateGenderEdit()'><b>ValidateGenderEdit</b><br>Test class: admin.ProfileTest</td>
<td></td>
<td>0</td>
<td>admin.ProfileTest@17aad511</td></tr>
<tr>
<td title='admin.ReportTest.ValidateInspectionPage()'><b>ValidateInspectionPage</b><br>Test class: admin.ReportTest</td>
<td></td>
<td>0</td>
<td>admin.ReportTest@63798ca7</td></tr>
<tr>
<td title='admin.AuditLogTest.ValidateAuditLogPage()'><b>ValidateAuditLogPage</b><br>Test class: admin.AuditLogTest<br>Parameters: {invalidEmailAddress=jerry@gmail.c, emailNotFound=tryme@gmail.com, singleCoupon=12500, permitName=test, lga=Amuwo-Odofin LGA, invalidPassword=OSOBASE4@, agentNoCoupon=jtest@gmail.com, agentsearch=Jerry, emailAddress=base4jerry@gmail.com, password=Osobase4@, invalidMultipleCouponQuantity=0, companyEmail=cobili1284@hbehs.com, multipleCoupon=62500, invalidEmailResetPassword=jtest@gmail.com, companyPhoneNumber=84948940303}</td>
<td></td>
<td>9</td>
<td>admin.AuditLogTest@46944ca9</td></tr>
<tr>
<td title='admin.CouponTest.ValidateDiscountAmountValueFormat()'><b>ValidateDiscountAmountValueFormat</b><br>Test class: admin.CouponTest</td>
<td></td>
<td>2</td>
<td>admin.CouponTest@6187d1f5</td></tr>
<tr>
<td title='admin.ProfileTest.EmptyCurrentPasswordField()'><b>EmptyCurrentPasswordField</b><br>Test class: admin.ProfileTest</td>
<td></td>
<td>0</td>
<td>admin.ProfileTest@17aad511</td></tr>
<tr>
<td title='admin.CouponTest.ValidateCouponPage()'><b>ValidateCouponPage</b><br>Test class: admin.CouponTest<br>Parameters: {invalidEmailAddress=jerry@gmail.c, emailNotFound=tryme@gmail.com, singleCoupon=12500, permitName=test, lga=Amuwo-Odofin LGA, invalidPassword=OSOBASE4@, agentNoCoupon=jtest@gmail.com, agentsearch=Jerry, emailAddress=base4jerry@gmail.com, password=Osobase4@, invalidMultipleCouponQuantity=0, companyEmail=cobili1284@hbehs.com, multipleCoupon=62500, invalidEmailResetPassword=jtest@gmail.com, companyPhoneNumber=84948940303}</td>
<td></td>
<td>11</td>
<td>admin.CouponTest@6187d1f5</td></tr>
<tr>
<td title='admin.SettingsTest.InvalidSupportEmailFormat()'><b>InvalidSupportEmailFormat</b><br>Test class: admin.SettingsTest<br>Parameters: {Invalidemailaddress=email.com, Invalidphonenumber=9593952048, invalidCoupon=okokooko}</td>
<td></td>
<td>0</td>
<td>admin.SettingsTest@4612b856</td></tr>
<tr>
<td title='admin.UsersTest.EmptyRoleNameField()'><b>EmptyRoleNameField</b><br>Test class: admin.UsersTest<br>Parameters: {roleName=Testing2, userSearch=jerry, roleDescription=Automation test, roles=Super Admin}</td>
<td></td>
<td>5</td>
<td>admin.UsersTest@22875539</td></tr>
<tr>
<td title='admin.TransactionsTest.ValidateInitiatedStatusField()'><b>ValidateInitiatedStatusField</b><br>Test class: admin.TransactionsTest</td>
<td></td>
<td>32</td>
<td>admin.TransactionsTest@487db668</td></tr>
<tr>
<td title='admin.UsersTest.EmptyRoleDescriptionField()'><b>EmptyRoleDescriptionField</b><br>Test class: admin.UsersTest<br>Parameters: {roleName=Testing3, userSearch=george, roleDescription=Automation test1, roles=Enforcer}</td>
<td></td>
<td>4</td>
<td>admin.UsersTest@22875539</td></tr>
<tr>
<td title='admin.TransactionsTest.ValidateTransactionsListHeader()'><b>ValidateTransactionsListHeader</b><br>Test class: admin.TransactionsTest</td>
<td></td>
<td>0</td>
<td>admin.TransactionsTest@487db668</td></tr>
<tr>
<td title='admin.CouponTest.ValidateAutosuggestiveSearchBar()'><b>ValidateAutosuggestiveSearchBar</b><br>Test class: admin.CouponTest</td>
<td></td>
<td>0</td>
<td>admin.CouponTest@6187d1f5</td></tr>
<tr>
<td title='admin.AuditLogTest.ValidateLogListHeader()'><b>ValidateLogListHeader</b><br>Test class: admin.AuditLogTest</td>
<td></td>
<td>0</td>
<td>admin.AuditLogTest@46944ca9</td></tr>
<tr>
<td title='admin.CouponTest.ValidateDiscountTypeDropdownList()'><b>ValidateDiscountTypeDropdownList</b><br>Test class: admin.CouponTest</td>
<td></td>
<td>0</td>
<td>admin.CouponTest@6187d1f5</td></tr>
<tr>
<td title='admin.CouponTest.SuccessfulMultipleCouponRequestOnline()'><b>SuccessfulMultipleCouponRequestOnline</b><br>Test class: admin.CouponTest</td>
<td></td>
<td>9</td>
<td>admin.CouponTest@6187d1f5</td></tr>
<tr>
<td title='admin.ReportTest.ValidateEnforcerReport()'><b>ValidateEnforcerReport</b><br>Test class: admin.ReportTest</td>
<td></td>
<td>0</td>
<td>admin.ReportTest@63798ca7</td></tr>
<tr>
<td title='admin.UsersTest.ValidateDuplicateCustomRoleResponse()'><b>ValidateDuplicateCustomRoleResponse</b><br>Test class: admin.UsersTest<br>Parameters: {roleName=Testing3, userSearch=george, roleDescription=Automation test1, roles=Enforcer}</td>
<td></td>
<td>5</td>
<td>admin.UsersTest@22875539</td></tr>
<tr>
<td title='admin.PermitTest.ValidateDisabledStatusButton()'><b>ValidateDisabledStatusButton</b><br>Test class: admin.PermitTest</td>
<td></td>
<td>6</td>
<td>admin.PermitTest@2445445a</td></tr>
<tr>
<td title='admin.TransactionsTest.ValidateCsvExport()'><b>ValidateCsvExport</b><br>Test class: admin.TransactionsTest<br>Parameters: Success</td>
<td></td>
<td>6</td>
<td>admin.TransactionsTest@487db668</td></tr>
<tr>
<td title='admin.TransactionsTest.ValidateSearchBar()'><b>ValidateSearchBar</b><br>Test class: admin.TransactionsTest<br>Parameters: {emailAddress=base4jerry@gmail.com, password=Osobase4@, singleCoupon=12500, permitName=test, companyEmail=cobili1284@hbehs.com, lga=Amuwo-Odofin LGA, multipleCoupon=62500, agentNoCoupon=jtest@gmail.com, companyPhoneNumber=84948940303, agentsearch=Jerry}</td>
<td></td>
<td>9</td>
<td>admin.TransactionsTest@487db668</td></tr>
<tr>
<td title='admin.ReportTest.ValidatePageTabs()'><b>ValidatePageTabs</b><br>Test class: admin.ReportTest</td>
<td></td>
<td>0</td>
<td>admin.ReportTest@63798ca7</td></tr>
<tr>
<td title='admin.TransactionsTest.ValidateInitiatedTransactionPaymentStatus()'><b>ValidateInitiatedTransactionPaymentStatus</b><br>Test class: admin.TransactionsTest</td>
<td></td>
<td>3</td>
<td>admin.TransactionsTest@487db668</td></tr>
<tr>
<td title='admin.UsersTest.EmptyRoleDescriptionField()'><b>EmptyRoleDescriptionField</b><br>Test class: admin.UsersTest<br>Parameters: {roleName=Testing2, userSearch=jerry, roleDescription=Automation test, roles=Super Admin}</td>
<td></td>
<td>4</td>
<td>admin.UsersTest@22875539</td></tr>
<tr>
<td title='admin.TransactionsTest.ValidateInitiatedStatusTransactions()'><b>ValidateInitiatedStatusTransactions</b><br>Test class: admin.TransactionsTest</td>
<td></td>
<td>26</td>
<td>admin.TransactionsTest@487db668</td></tr>
<tr>
<td title='admin.ProfileTest.InvalidCurrentPassword()'><b>InvalidCurrentPassword</b><br>Test class: admin.ProfileTest<br>Parameters: {invalidPassword=OSOBASE4@, invalidEmailAddress=jerry@gmail.c, emailNotFound=tryme@gmail.com, invalidMultipleCouponQuantity=0, invalidEmailResetPassword=jtest@gmail.com}</td>
<td></td>
<td>3</td>
<td>admin.ProfileTest@17aad511</td></tr>
<tr>
<td title='admin.UsersTest.ValidateRoleFieldFilter()'><b>ValidateRoleFieldFilter</b><br>Test class: admin.UsersTest<br>Parameters: {roleName=Testing2, userSearch=jerry, roleDescription=Automation test, roles=Super Admin}</td>
<td></td>
<td>37</td>
<td>admin.UsersTest@22875539</td></tr>
<tr>
<td title='admin.UsersTest.ValidateUsersPage()'><b>ValidateUsersPage</b><br>Test class: admin.UsersTest<br>Parameters: {invalidEmailAddress=jerry@gmail.c, emailNotFound=tryme@gmail.com, singleCoupon=12500, permitName=test, lga=Amuwo-Odofin LGA, invalidPassword=OSOBASE4@, agentNoCoupon=jtest@gmail.com, agentsearch=Jerry, emailAddress=base4jerry@gmail.com, password=Osobase4@, invalidMultipleCouponQuantity=0, companyEmail=cobili1284@hbehs.com, multipleCoupon=62500, invalidEmailResetPassword=jtest@gmail.com, companyPhoneNumber=84948940303}</td>
<td></td>
<td>10</td>
<td>admin.UsersTest@22875539</td></tr>
<tr>
<td title='admin.UsersTest.InviteUserEmptyEmailField()'><b>InviteUserEmptyEmailField</b><br>Test class: admin.UsersTest<br>Parameters: {roleName=Testing2, userSearch=jerry, roleDescription=Automation test, roles=Super Admin}</td>
<td></td>
<td>1</td>
<td>admin.UsersTest@22875539</td></tr>
<tr>
<td title='admin.UsersTest.SuccessfulUserInvite()'><b>SuccessfulUserInvite</b><br>Test class: admin.UsersTest<br>Parameters: {roleName=Testing3, userSearch=george, roleDescription=Automation test1, roles=Enforcer}</td>
<td></td>
<td>2</td>
<td>admin.UsersTest@22875539</td></tr>
<tr>
<td title='admin.TransactionsTest.ValidateCsvExport()'><b>ValidateCsvExport</b><br>Test class: admin.TransactionsTest<br>Parameters: Fraud</td>
<td></td>
<td>6</td>
<td>admin.TransactionsTest@487db668</td></tr>
<tr>
<td title='admin.ProfileTest.ValidatePhoneNumberEdit()'><b>ValidatePhoneNumberEdit</b><br>Test class: admin.ProfileTest</td>
<td></td>
<td>6</td>
<td>admin.ProfileTest@17aad511</td></tr>
<tr>
<td title='admin.TransactionsTest.ValidateStatusDropdownList()'><b>ValidateStatusDropdownList</b><br>Test class: admin.TransactionsTest</td>
<td></td>
<td>0</td>
<td>admin.TransactionsTest@487db668</td></tr>
<tr>
<td title='admin.CouponTest.ValidateCategoryDropdownList()'><b>ValidateCategoryDropdownList</b><br>Test class: admin.CouponTest</td>
<td></td>
<td>0</td>
<td>admin.CouponTest@6187d1f5</td></tr>
<tr>
<td title='admin.ProfileTest.ValidateProfilePage()'><b>ValidateProfilePage</b><br>Test class: admin.ProfileTest<br>Parameters: {invalidEmailAddress=jerry@gmail.c, emailNotFound=tryme@gmail.com, singleCoupon=12500, permitName=test, lga=Amuwo-Odofin LGA, invalidPassword=OSOBASE4@, agentNoCoupon=jtest@gmail.com, agentsearch=Jerry, emailAddress=base4jerry@gmail.com, password=Osobase4@, invalidMultipleCouponQuantity=0, companyEmail=cobili1284@hbehs.com, multipleCoupon=62500, invalidEmailResetPassword=jtest@gmail.com, companyPhoneNumber=84948940303}</td>
<td></td>
<td>9</td>
<td>admin.ProfileTest@17aad511</td></tr>
<tr>
<td title='admin.ProfileTest.ValidateProfileImageUpload()'><b>ValidateProfileImageUpload</b><br>Test class: admin.ProfileTest</td>
<td></td>
<td>4</td>
<td>admin.ProfileTest@17aad511</td></tr>
<tr>
<td title='admin.UsersTest.InviteUserEmptyEmailField()'><b>InviteUserEmptyEmailField</b><br>Test class: admin.UsersTest<br>Parameters: {roleName=Testing3, userSearch=george, roleDescription=Automation test1, roles=Enforcer}</td>
<td></td>
<td>1</td>
<td>admin.UsersTest@22875539</td></tr>
<tr>
<td title='admin.ReportTest.ValidateInfractionReportViewPhotos()'><b>ValidateInfractionReportViewPhotos</b><br>Test class: admin.ReportTest</td>
<td></td>
<td>2</td>
<td>admin.ReportTest@63798ca7</td></tr>
<tr>
<td title='admin.AuditLogTest.ValidateUserSearchField()'><b>ValidateUserSearchField</b><br>Test class: admin.AuditLogTest<br>Parameters: {usersearch=Seyi}</td>
<td></td>
<td>8</td>
<td>admin.AuditLogTest@46944ca9</td></tr>
<tr>
<td title='admin.PermitTest.ValidateActiveStatusButton()'><b>ValidateActiveStatusButton</b><br>Test class: admin.PermitTest</td>
<td></td>
<td>7</td>
<td>admin.PermitTest@2445445a</td></tr>
<tr>
<td title='admin.ReportTest.ValidateGuarantorOutstandingBackButton()'><b>ValidateGuarantorOutstandingBackButton</b><br>Test class: admin.ReportTest</td>
<td></td>
<td>0</td>
<td>admin.ReportTest@63798ca7</td></tr>
<tr>
<td title='admin.PrintLicenseIdTest.ValidatePendingAgentStatus()'><b>ValidatePendingAgentStatus</b><br>Test class: admin.PrintLicenseIdTest</td>
<td></td>
<td>0</td>
<td>admin.PrintLicenseIdTest@22bac7bc</td></tr>
<tr>
<td title='admin.SettingsTest.InvalidPrimaryContactEmailFormat()'><b>InvalidPrimaryContactEmailFormat</b><br>Test class: admin.SettingsTest<br>Parameters: {Invalidemailaddress=email@gmail.c, Invalidphonenumber=9593952$4a4, invalidCoupon=okokooko1}</td>
<td></td>
<td>0</td>
<td>admin.SettingsTest@4612b856</td></tr>
<tr>
<td title='admin.PermitTest.ValidatePermitArrangement()'><b>ValidatePermitArrangement</b><br>Test class: admin.PermitTest</td>
<td></td>
<td>0</td>
<td>admin.PermitTest@2445445a</td></tr>
<tr>
<td title='admin.CouponTest.ValidateDiscountPercentageValueFormat()'><b>ValidateDiscountPercentageValueFormat</b><br>Test class: admin.CouponTest</td>
<td></td>
<td>2</td>
<td>admin.CouponTest@6187d1f5</td></tr>
<tr>
<td title='admin.CompaniesTest.InvalidEmailFormat()'><b>InvalidEmailFormat</b><br>Test class: admin.CompaniesTest<br>Parameters: {invalidPassword=tesTing##, invalidEmailAddress=jerrygmail.com, emailNotFound=justinbieber@gmail.com, invalidMultipleCouponQuantity=1, invalidEmailResetPassword=jtest+001@gmail.com}</td>
<td></td>
<td>0</td>
<td>admin.CompaniesTest@7502291e</td></tr>
<tr>
<td title='admin.ReportTest.ValidateGuarantorOutstandingReport()'><b>ValidateGuarantorOutstandingReport</b><br>Test class: admin.ReportTest</td>
<td></td>
<td>0</td>
<td>admin.ReportTest@63798ca7</td></tr>
<tr>
<td title='admin.SettingsTest.ValidateBusinessWebsiteEdit()'><b>ValidateBusinessWebsiteEdit</b><br>Test class: admin.SettingsTest</td>
<td></td>
<td>6</td>
<td>admin.SettingsTest@4612b856</td></tr>
<tr>
<td title='admin.UsersTest.EmptyRoleNameField()'><b>EmptyRoleNameField</b><br>Test class: admin.UsersTest<br>Parameters: {roleName=Testing3, userSearch=george, roleDescription=Automation test1, roles=Enforcer}</td>
<td></td>
<td>4</td>
<td>admin.UsersTest@22875539</td></tr>
<tr>
<td title='admin.PermitTest.ValidateSearchBar()'><b>ValidateSearchBar</b><br>Test class: admin.PermitTest<br>Parameters: {emailAddress=base4jerry@gmail.com, password=Osobase4@, singleCoupon=12500, permitName=test, companyEmail=cobili1284@hbehs.com, lga=Amuwo-Odofin LGA, multipleCoupon=62500, agentNoCoupon=jtest@gmail.com, companyPhoneNumber=84948940303, agentsearch=Jerry}</td>
<td></td>
<td>34</td>
<td>admin.PermitTest@2445445a</td></tr>
<tr>
<td title='admin.AdminLoginTest.InvalidEmailAddressNotFound()'><b>InvalidEmailAddressNotFound</b><br>Test class: admin.AdminLoginTest<br>Parameters: {invalidPassword=tesTing##, invalidEmailAddress=jerrygmail.com, emailNotFound=justinbieber@gmail.com, invalidMultipleCouponQuantity=1, invalidEmailResetPassword=jtest+001@gmail.com}</td>
<td></td>
<td>4</td>
<td>admin.AdminLoginTest@2e2ff723</td></tr>
<tr>
<td title='admin.CouponTest.EmptyDiscountValueField()'><b>EmptyDiscountValueField</b><br>Test class: admin.CouponTest</td>
<td></td>
<td>2</td>
<td>admin.CouponTest@6187d1f5</td></tr>
<tr>
<td title='admin.PrintLicenseIdTest.ValidatePrintIdButtonPending()'><b>ValidatePrintIdButtonPending</b><br>Test class: admin.PrintLicenseIdTest</td>
<td></td>
<td>1</td>
<td>admin.PrintLicenseIdTest@22bac7bc</td></tr>
<tr>
<td title='admin.CouponTest.ValidateMultipleCouponFilter()'><b>ValidateMultipleCouponFilter</b><br>Test class: admin.CouponTest</td>
<td></td>
<td>102</td>
<td>admin.CouponTest@6187d1f5</td></tr>
<tr>
<td title='admin.TransactionsTest.ValidateCsvExport()'><b>ValidateCsvExport</b><br>Test class: admin.TransactionsTest<br>Parameters: Declined</td>
<td></td>
<td>6</td>
<td>admin.TransactionsTest@487db668</td></tr>
<tr>
<td title='admin.UsersTest.ValidateAssignedUsers()'><b>ValidateAssignedUsers</b><br>Test class: admin.UsersTest</td>
<td></td>
<td>25</td>
<td>admin.UsersTest@22875539</td></tr>
<tr>
<td title='admin.UsersTest.ValidateUserListHeader()'><b>ValidateUserListHeader</b><br>Test class: admin.UsersTest</td>
<td></td>
<td>0</td>
<td>admin.UsersTest@22875539</td></tr>
<tr>
<td title='admin.CompaniesTest.InvalidPhoneNumberFormat()'><b>InvalidPhoneNumberFormat</b><br>Test class: admin.CompaniesTest<br>Parameters: {Invalidemailaddress=email.com, Invalidphonenumber=9593952048, invalidCoupon=okokooko}</td>
<td></td>
<td>3</td>
<td>admin.CompaniesTest@7502291e</td></tr>
<tr>
<td title='admin.PrintLicenseIdTest.ValidateBulkPrintButtonPending()'><b>ValidateBulkPrintButtonPending</b><br>Test class: admin.PrintLicenseIdTest</td>
<td></td>
<td>45</td>
<td>admin.PrintLicenseIdTest@22bac7bc</td></tr>
<tr>
<td title='admin.UsersTest.ValidateDuplicateSuperAdminResponse()'><b>ValidateDuplicateSuperAdminResponse</b><br>Test class: admin.UsersTest<br>Parameters: {roleName=Testing2, userSearch=jerry, roleDescription=Automation test, roles=Super Admin}</td>
<td></td>
<td>5</td>
<td>admin.UsersTest@22875539</td></tr>
<tr>
<td title='admin.TransactionsTest.ValidateSearchBar()'><b>ValidateSearchBar</b><br>Test class: admin.TransactionsTest<br>Parameters: {emailAddress=base4jerry@gmail.com, password=Osobase4@, singleCoupon=12500, permitName=online, companyEmail=cobili1284@hbehs.co, lga=Yaba LCDA, multipleCoupon=62500, agentNoCoupon=jtest@gmail.com, companyPhoneNumber=84948940399, agentsearch=Chioma}</td>
<td></td>
<td>9</td>
<td>admin.TransactionsTest@487db668</td></tr>
<tr>
<td title='admin.CompaniesTest.InvalidEmailFormat()'><b>InvalidEmailFormat</b><br>Test class: admin.CompaniesTest<br>Parameters: {invalidPassword=OSOBASE4@, invalidEmailAddress=jerry@gmail.c, emailNotFound=tryme@gmail.com, invalidMultipleCouponQuantity=0, invalidEmailResetPassword=jtest@gmail.com}</td>
<td></td>
<td>1</td>
<td>admin.CompaniesTest@7502291e</td></tr>
<tr>
<td title='admin.AdminLoginTest.ValidEmailAddress()'><b>ValidEmailAddress</b><br>Test class: admin.AdminLoginTest<br>Parameters: {invalidEmailAddress=jerry@gmail.c, emailNotFound=tryme@gmail.com, singleCoupon=12500, permitName=test, lga=Amuwo-Odofin LGA, invalidPassword=OSOBASE4@, agentNoCoupon=jtest@gmail.com, agentsearch=Jerry, emailAddress=base4jerry@gmail.com, password=Osobase4@, invalidMultipleCouponQuantity=0, companyEmail=cobili1284@hbehs.com, multipleCoupon=62500, invalidEmailResetPassword=jtest@gmail.com, companyPhoneNumber=84948940303}</td>
<td></td>
<td>3</td>
<td>admin.AdminLoginTest@2e2ff723</td></tr>
<tr>
<td title='admin.ReportTest.ValidateInfractionReportBackButton()'><b>ValidateInfractionReportBackButton</b><br>Test class: admin.ReportTest</td>
<td></td>
<td>0</td>
<td>admin.ReportTest@63798ca7</td></tr>
<tr>
<td title='admin.PrintLicenseIdTest.ValidatePendingIdListHeader()'><b>ValidatePendingIdListHeader</b><br>Test class: admin.PrintLicenseIdTest</td>
<td></td>
<td>0</td>
<td>admin.PrintLicenseIdTest@22bac7bc</td></tr>
<tr>
<td title='admin.PrintLicenseIdTest.ValidatePrintIdButtonResponsePending()'><b>ValidatePrintIdButtonResponsePending</b><br>Test class: admin.PrintLicenseIdTest</td>
<td></td>
<td>19</td>
<td>admin.PrintLicenseIdTest@22bac7bc</td></tr>
<tr>
<td title='admin.UsersTest.ValidateroleCardResponse()'><b>ValidateroleCardResponse</b><br>Test class: admin.UsersTest</td>
<td></td>
<td>2</td>
<td>admin.UsersTest@22875539</td></tr>
<tr>
<td title='admin.ProfileTest.ValidateNewPasswordMatch()'><b>ValidateNewPasswordMatch</b><br>Test class: admin.ProfileTest<br>Parameters: {invalidEmailAddress=jerry@gmail.c, emailNotFound=tryme@gmail.com, singleCoupon=12500, permitName=test, lga=Amuwo-Odofin LGA, invalidPassword=OSOBASE4@, agentNoCoupon=jtest@gmail.com, agentsearch=Jerry, emailAddress=base4jerry@gmail.com, password=Osobase4@, invalidMultipleCouponQuantity=0, companyEmail=cobili1284@hbehs.com, multipleCoupon=62500, invalidEmailResetPassword=jtest@gmail.com, companyPhoneNumber=84948940303}</td>
<td></td>
<td>0</td>
<td>admin.ProfileTest@17aad511</td></tr>
<tr>
<td title='admin.CouponTest.ValidateSingleCategoryQuantityField()'><b>ValidateSingleCategoryQuantityField</b><br>Test class: admin.CouponTest</td>
<td></td>
<td>0</td>
<td>admin.CouponTest@6187d1f5</td></tr>
<tr>
<td title='admin.ReportTest.ValidateInspectionReportPage()'><b>ValidateInspectionReportPage</b><br>Test class: admin.ReportTest</td>
<td></td>
<td>6</td>
<td>admin.ReportTest@63798ca7</td></tr>
<tr>
<td title='admin.SettingsTest.ValidateReportPage()'><b>ValidateReportPage</b><br>Test class: admin.SettingsTest<br>Parameters: {invalidEmailAddress=jerry@gmail.c, emailNotFound=tryme@gmail.com, singleCoupon=12500, permitName=test, lga=Amuwo-Odofin LGA, invalidPassword=OSOBASE4@, agentNoCoupon=jtest@gmail.com, agentsearch=Jerry, emailAddress=base4jerry@gmail.com, password=Osobase4@, invalidMultipleCouponQuantity=0, companyEmail=cobili1284@hbehs.com, multipleCoupon=62500, invalidEmailResetPassword=jtest@gmail.com, companyPhoneNumber=84948940303}</td>
<td></td>
<td>10</td>
<td>admin.SettingsTest@4612b856</td></tr>
<tr>
<td title='admin.TransactionsTest.ValidateSingleCouponRequestReconcilationAdmin()'><b>ValidateSingleCouponRequestReconcilationAdmin</b><br>Test class: admin.TransactionsTest<br>Parameters: {invalidEmailAddress=jerry@gmail.c, emailNotFound=tryme@gmail.com, singleCoupon=12500, permitName=test, lga=Amuwo-Odofin LGA, invalidPassword=OSOBASE4@, agentNoCoupon=jtest@gmail.com, agentsearch=Jerry, emailAddress=base4jerry@gmail.com, password=Osobase4@, invalidMultipleCouponQuantity=0, companyEmail=cobili1284@hbehs.com, multipleCoupon=62500, invalidEmailResetPassword=jtest@gmail.com, companyPhoneNumber=84948940303}</td>
<td></td>
<td>16</td>
<td>admin.TransactionsTest@487db668</td></tr>
<tr>
<td title='admin.SettingsTest.InvalidPrimaryContactPhoneNumberFormat()'><b>InvalidPrimaryContactPhoneNumberFormat</b><br>Test class: admin.SettingsTest<br>Parameters: {Invalidemailaddress=email@gmail.c, Invalidphonenumber=9593952$4a4, invalidCoupon=okokooko1}</td>
<td></td>
<td>0</td>
<td>admin.SettingsTest@4612b856</td></tr>
<tr>
<td title='admin.ReportTest.ValidateVerificationFailedBackButton()'><b>ValidateVerificationFailedBackButton</b><br>Test class: admin.ReportTest</td>
<td></td>
<td>0</td>
<td>admin.ReportTest@63798ca7</td></tr>
<tr>
<td title='admin.CouponTest.ValidateGenerateCouponCategoryDropdownList()'><b>ValidateGenerateCouponCategoryDropdownList</b><br>Test class: admin.CouponTest</td>
<td></td>
<td>0</td>
<td>admin.CouponTest@6187d1f5</td></tr>
<tr>
<td title='admin.TransactionsTest.ValidateAbandonedTransactionPaymentStatus()'><b>ValidateAbandonedTransactionPaymentStatus</b><br>Test class: admin.TransactionsTest</td>
<td></td>
<td>3</td>
<td>admin.TransactionsTest@487db668</td></tr>
<tr>
<td title='admin.UsersTest.InviteUserEmptyRoleField()'><b>InviteUserEmptyRoleField</b><br>Test class: admin.UsersTest<br>Parameters: {invalidPassword=OSOBASE4@, invalidEmailAddress=jerry@gmail.c, emailNotFound=tryme@gmail.com, invalidMultipleCouponQuantity=0, invalidEmailResetPassword=jtest@gmail.com}</td>
<td></td>
<td>1</td>
<td>admin.UsersTest@22875539</td></tr>
<tr>
<td title='admin.ForgotPasswordTest.ValidateSuccessfulResetPassword()'><b>ValidateSuccessfulResetPassword</b><br>Test class: admin.ForgotPasswordTest<br>Parameters: {emailAddress=base4jerry@gmail.com, password=Osobase4@, singleCoupon=12500, permitName=test, companyEmail=cobili1284@hbehs.com, lga=Amuwo-Odofin LGA, multipleCoupon=62500, agentNoCoupon=jtest@gmail.com, companyPhoneNumber=84948940303, agentsearch=Jerry}</td>
<td></td>
<td>0</td>
<td>admin.ForgotPasswordTest@324a0017</td></tr>
<tr>
<td title='admin.CompaniesTest.ValidateCompaniesListHeader()'><b>ValidateCompaniesListHeader</b><br>Test class: admin.CompaniesTest</td>
<td></td>
<td>0</td>
<td>admin.CompaniesTest@7502291e</td></tr>
<tr>
<td title='admin.AdminLoginTest.InvalidEmailAddressFormat()'><b>InvalidEmailAddressFormat</b><br>Test class: admin.AdminLoginTest<br>Parameters: {invalidPassword=OSOBASE4@, invalidEmailAddress=jerry@gmail.c, emailNotFound=tryme@gmail.com, invalidMultipleCouponQuantity=0, invalidEmailResetPassword=jtest@gmail.com}</td>
<td></td>
<td>0</td>
<td>admin.AdminLoginTest@2e2ff723</td></tr>
<tr>
<td title='admin.UsersTest.ValidateDuplicateEnforcerResponse()'><b>ValidateDuplicateEnforcerResponse</b><br>Test class: admin.UsersTest<br>Parameters: {roleName=Testing2, userSearch=jerry, roleDescription=Automation test, roles=Super Admin}</td>
<td></td>
<td>5</td>
<td>admin.UsersTest@22875539</td></tr>
<tr>
<td title='admin.PermitTest.ValidateSearchBar()'><b>ValidateSearchBar</b><br>Test class: admin.PermitTest<br>Parameters: {emailAddress=base4jerry@gmail.com, password=Osobase4@, singleCoupon=12500, permitName=online, companyEmail=cobili1284@hbehs.co, lga=Yaba LCDA, multipleCoupon=62500, agentNoCoupon=jtest@gmail.com, companyPhoneNumber=84948940399, agentsearch=Chioma}</td>
<td></td>
<td>34</td>
<td>admin.PermitTest@2445445a</td></tr>
<tr>
<td title='admin.AdminLoginTest.InvalidEmailAddressFormat()'><b>InvalidEmailAddressFormat</b><br>Test class: admin.AdminLoginTest<br>Parameters: {invalidPassword=tesTing##, invalidEmailAddress=jerrygmail.com, emailNotFound=justinbieber@gmail.com, invalidMultipleCouponQuantity=1, invalidEmailResetPassword=jtest+001@gmail.com}</td>
<td></td>
<td>0</td>
<td>admin.AdminLoginTest@2e2ff723</td></tr>
<tr>
<td title='admin.SettingsTest.ValidatePrimaryContactNameEdit()'><b>ValidatePrimaryContactNameEdit</b><br>Test class: admin.SettingsTest</td>
<td></td>
<td>6</td>
<td>admin.SettingsTest@4612b856</td></tr>
<tr>
<td title='admin.UsersTest.ValidateDuplicateCustomRoleResponse()'><b>ValidateDuplicateCustomRoleResponse</b><br>Test class: admin.UsersTest<br>Parameters: {roleName=Testing2, userSearch=jerry, roleDescription=Automation test, roles=Super Admin}</td>
<td></td>
<td>5</td>
<td>admin.UsersTest@22875539</td></tr>
<tr>
<td title='admin.UsersTest.SuccessfulUserInvite()'><b>SuccessfulUserInvite</b><br>Test class: admin.UsersTest<br>Parameters: {roleName=Testing2, userSearch=jerry, roleDescription=Automation test, roles=Super Admin}</td>
<td></td>
<td>3</td>
<td>admin.UsersTest@22875539</td></tr>
<tr>
<td title='admin.TransactionsTest.ValidateTransactionCardResponse()'><b>ValidateTransactionCardResponse</b><br>Test class: admin.TransactionsTest</td>
<td></td>
<td>24</td>
<td>admin.TransactionsTest@487db668</td></tr>
<tr>
<td title='admin.ReportTest.ValidateVerificationFailedReport()'><b>ValidateVerificationFailedReport</b><br>Test class: admin.ReportTest</td>
<td></td>
<td>0</td>
<td>admin.ReportTest@63798ca7</td></tr>
<tr>
<td title='admin.AdminLoginTest.ValidateBackButton()'><b>ValidateBackButton</b><br>Test class: admin.AdminLoginTest<br>Parameters: {invalidEmailAddress=jerry@gmail.c, emailNotFound=tryme@gmail.com, singleCoupon=12500, permitName=test, lga=Amuwo-Odofin LGA, invalidPassword=OSOBASE4@, agentNoCoupon=jtest@gmail.com, agentsearch=Jerry, emailAddress=base4jerry@gmail.com, password=Osobase4@, invalidMultipleCouponQuantity=0, companyEmail=cobili1284@hbehs.com, multipleCoupon=62500, invalidEmailResetPassword=jtest@gmail.com, companyPhoneNumber=84948940303}</td>
<td></td>
<td>0</td>
<td>admin.AdminLoginTest@2e2ff723</td></tr>
<tr>
<td title='admin.CouponTest.ValidateDownloadCSVButton()'><b>ValidateDownloadCSVButton</b><br>Test class: admin.CouponTest</td>
<td></td>
<td>6</td>
<td>admin.CouponTest@6187d1f5</td></tr>
<tr>
<td title='admin.UsersTest.ValidateCustomRoleButton()'><b>ValidateCustomRoleButton</b><br>Test class: admin.UsersTest<br>Parameters: {roleName=Testing3, userSearch=george, roleDescription=Automation test1, roles=Enforcer}</td>
<td></td>
<td>6</td>
<td>admin.UsersTest@22875539</td></tr>
<tr>
<td title='admin.AdminLoginTest.EmptyEmailAddressField()'><b>EmptyEmailAddressField</b><br>Test class: admin.AdminLoginTest</td>
<td></td>
<td>0</td>
<td>admin.AdminLoginTest@2e2ff723</td></tr>
<tr>
<td title='admin.PrintLicenseIdTest.ValidatePrintIdButtonPrinted()'><b>ValidatePrintIdButtonPrinted</b><br>Test class: admin.PrintLicenseIdTest</td>
<td></td>
<td>1</td>
<td>admin.PrintLicenseIdTest@22bac7bc</td></tr>
<tr>
<td title='admin.CouponTest.EmptyDateField()'><b>EmptyDateField</b><br>Test class: admin.CouponTest</td>
<td></td>
<td>1</td>
<td>admin.CouponTest@6187d1f5</td></tr>
<tr>
<td title='admin.CompaniesTest.EmptyBusinessCategoryField()'><b>EmptyBusinessCategoryField</b><br>Test class: admin.CompaniesTest<br>Parameters: {invalidEmailAddress=jerry@gmail.c, emailNotFound=tryme@gmail.com, singleCoupon=12500, permitName=test, lga=Amuwo-Odofin LGA, invalidPassword=OSOBASE4@, agentNoCoupon=jtest@gmail.com, agentsearch=Jerry, emailAddress=base4jerry@gmail.com, password=Osobase4@, invalidMultipleCouponQuantity=0, companyEmail=cobili1284@hbehs.com, multipleCoupon=62500, invalidEmailResetPassword=jtest@gmail.com, companyPhoneNumber=84948940303}</td>
<td></td>
<td>4</td>
<td>admin.CompaniesTest@7502291e</td></tr>
<tr>
<td title='admin.SettingsTest.ValidateSupportEmailEdit()'><b>ValidateSupportEmailEdit</b><br>Test class: admin.SettingsTest</td>
<td></td>
<td>6</td>
<td>admin.SettingsTest@4612b856</td></tr>
<tr>
<td title='admin.CouponTest.ValidateMultipleCategoryQuanityFieldFormat()'><b>ValidateMultipleCategoryQuanityFieldFormat</b><br>Test class: admin.CouponTest<br>Parameters: {invalidPassword=tesTing##, invalidEmailAddress=jerrygmail.com, emailNotFound=justinbieber@gmail.com, invalidMultipleCouponQuantity=1, invalidEmailResetPassword=jtest+001@gmail.com}</td>
<td></td>
<td>1</td>
<td>admin.CouponTest@6187d1f5</td></tr>
<tr>
<td title='admin.SettingsTest.InvalidPrimaryContactPhoneNumberFormat()'><b>InvalidPrimaryContactPhoneNumberFormat</b><br>Test class: admin.SettingsTest<br>Parameters: {Invalidemailaddress=email.com, Invalidphonenumber=9593952048, invalidCoupon=okokooko}</td>
<td></td>
<td>0</td>
<td>admin.SettingsTest@4612b856</td></tr>
<tr>
<td title='admin.ForgotPasswordTest.ValidateForgotPasswordLink()'><b>ValidateForgotPasswordLink</b><br>Test class: admin.ForgotPasswordTest<br>Parameters: {invalidEmailAddress=jerry@gmail.c, emailNotFound=tryme@gmail.com, singleCoupon=12500, permitName=test, lga=Amuwo-Odofin LGA, invalidPassword=OSOBASE4@, agentNoCoupon=jtest@gmail.com, agentsearch=Jerry, emailAddress=base4jerry@gmail.com, password=Osobase4@, invalidMultipleCouponQuantity=0, companyEmail=cobili1284@hbehs.com, multipleCoupon=62500, invalidEmailResetPassword=jtest@gmail.com, companyPhoneNumber=84948940303}</td>
<td></td>
<td>2</td>
<td>admin.ForgotPasswordTest@324a0017</td></tr>
<tr>
<td title='admin.ReportTest.ValidateEnforcerReportBackButton()'><b>ValidateEnforcerReportBackButton</b><br>Test class: admin.ReportTest</td>
<td></td>
<td>0</td>
<td>admin.ReportTest@63798ca7</td></tr>
<tr>
<td title='admin.TransactionsTest.ValidateCsvExport()'><b>ValidateCsvExport</b><br>Test class: admin.TransactionsTest<br>Parameters: Reversed</td>
<td></td>
<td>6</td>
<td>admin.TransactionsTest@487db668</td></tr>
<tr>
<td title='admin.ForgotPasswordTest.InvalidEmailAddressNotFound()'><b>InvalidEmailAddressNotFound</b><br>Test class: admin.ForgotPasswordTest<br>Parameters: {invalidPassword=tesTing##, invalidEmailAddress=jerrygmail.com, emailNotFound=justinbieber@gmail.com, invalidMultipleCouponQuantity=1, invalidEmailResetPassword=jtest+001@gmail.com}</td>
<td></td>
<td>1</td>
<td>admin.ForgotPasswordTest@324a0017</td></tr>
<tr>
<td title='admin.UsersTest.InviteUserEmptyRoleField()'><b>InviteUserEmptyRoleField</b><br>Test class: admin.UsersTest<br>Parameters: {invalidPassword=tesTing##, invalidEmailAddress=jerrygmail.com, emailNotFound=justinbieber@gmail.com, invalidMultipleCouponQuantity=1, invalidEmailResetPassword=jtest+001@gmail.com}</td>
<td></td>
<td>1</td>
<td>admin.UsersTest@22875539</td></tr>
<tr>
<td title='admin.TransactionsTest.ValidateFailedStatusField()'><b>ValidateFailedStatusField</b><br>Test class: admin.TransactionsTest</td>
<td></td>
<td>18</td>
<td>admin.TransactionsTest@487db668</td></tr>
<tr>
<td title='admin.PrintLicenseIdTest.ValidatePageTabs()'><b>ValidatePageTabs</b><br>Test class: admin.PrintLicenseIdTest</td>
<td></td>
<td>0</td>
<td>admin.PrintLicenseIdTest@22bac7bc</td></tr>
<tr>
<td title='admin.PermitTest.ValidatePermitPage()'><b>ValidatePermitPage</b><br>Test class: admin.PermitTest<br>Parameters: {invalidEmailAddress=jerry@gmail.c, emailNotFound=tryme@gmail.com, singleCoupon=12500, permitName=test, lga=Amuwo-Odofin LGA, invalidPassword=OSOBASE4@, agentNoCoupon=jtest@gmail.com, agentsearch=Jerry, emailAddress=base4jerry@gmail.com, password=Osobase4@, invalidMultipleCouponQuantity=0, companyEmail=cobili1284@hbehs.com, multipleCoupon=62500, invalidEmailResetPassword=jtest@gmail.com, companyPhoneNumber=84948940303}</td>
<td></td>
<td>10</td>
<td>admin.PermitTest@2445445a</td></tr>
<tr>
<td title='admin.UsersTest.ValidateRoleFieldFilter()'><b>ValidateRoleFieldFilter</b><br>Test class: admin.UsersTest<br>Parameters: {roleName=Testing3, userSearch=george, roleDescription=Automation test1, roles=Enforcer}</td>
<td></td>
<td>40</td>
<td>admin.UsersTest@22875539</td></tr>
<tr>
<td title='admin.TransactionsTest.ValidateSuccessTransactionPaymentStatus()'><b>ValidateSuccessTransactionPaymentStatus</b><br>Test class: admin.TransactionsTest</td>
<td></td>
<td>3</td>
<td>admin.TransactionsTest@487db668</td></tr>
<tr>
<td title='admin.PermitTest.ValidateAllStatusFilter()'><b>ValidateAllStatusFilter</b><br>Test class: admin.PermitTest</td>
<td></td>
<td>11</td>
<td>admin.PermitTest@2445445a</td></tr>
<tr>
<td title='admin.PermitTest.ValidateStatusDropodownList()'><b>ValidateStatusDropodownList</b><br>Test class: admin.PermitTest</td>
<td></td>
<td>0</td>
<td>admin.PermitTest@2445445a</td></tr>
<tr>
<td title='admin.TransactionsTest.ValidateAllStatusField()'><b>ValidateAllStatusField</b><br>Test class: admin.TransactionsTest</td>
<td></td>
<td>125</td>
<td>admin.TransactionsTest@487db668</td></tr>
<tr>
<td title='admin.TransactionsTest.ValidateFraudStatusField()'><b>ValidateFraudStatusField</b><br>Test class: admin.TransactionsTest</td>
<td></td>
<td>18</td>
<td>admin.TransactionsTest@487db668</td></tr>
<tr>
<td title='admin.UsersTest.ValidateRoleType()'><b>ValidateRoleType</b><br>Test class: admin.UsersTest</td>
<td></td>
<td>2</td>
<td>admin.UsersTest@22875539</td></tr>
<tr>
<td title='admin.UsersTest.EmptyPermissionCheckbox()'><b>EmptyPermissionCheckbox</b><br>Test class: admin.UsersTest<br>Parameters: {roleName=Testing3, userSearch=george, roleDescription=Automation test1, roles=Enforcer}</td>
<td></td>
<td>2</td>
<td>admin.UsersTest@22875539</td></tr>
<tr>
<td title='admin.TransactionsTest.ValidateReversedStatusField()'><b>ValidateReversedStatusField</b><br>Test class: admin.TransactionsTest</td>
<td></td>
<td>18</td>
<td>admin.TransactionsTest@487db668</td></tr>
<tr>
<td title='admin.CouponTest.SuccessfulSingleCouponRequestOnline()'><b>SuccessfulSingleCouponRequestOnline</b><br>Test class: admin.CouponTest</td>
<td></td>
<td>17</td>
<td>admin.CouponTest@6187d1f5</td></tr>
<tr>
<td title='admin.AdminLoginTest.ValidateLogout()'><b>ValidateLogout</b><br>Test class: admin.AdminLoginTest</td>
<td></td>
<td>1</td>
<td>admin.AdminLoginTest@2e2ff723</td></tr>
<tr>
<td title='admin.UsersTest.ValidateUserCard()'><b>ValidateUserCard</b><br>Test class: admin.UsersTest</td>
<td></td>
<td>42</td>
<td>admin.UsersTest@22875539</td></tr>
<tr>
<td title='admin.UsersTest.ValidateInviteUserButton()'><b>ValidateInviteUserButton</b><br>Test class: admin.UsersTest</td>
<td></td>
<td>0</td>
<td>admin.UsersTest@22875539</td></tr>
<tr>
<td title='admin.TransactionsTest.ValidateTransactionsPage()'><b>ValidateTransactionsPage</b><br>Test class: admin.TransactionsTest<br>Parameters: {invalidEmailAddress=jerry@gmail.c, emailNotFound=tryme@gmail.com, singleCoupon=12500, permitName=test, lga=Amuwo-Odofin LGA, invalidPassword=OSOBASE4@, agentNoCoupon=jtest@gmail.com, agentsearch=Jerry, emailAddress=base4jerry@gmail.com, password=Osobase4@, invalidMultipleCouponQuantity=0, companyEmail=cobili1284@hbehs.com, multipleCoupon=62500, invalidEmailResetPassword=jtest@gmail.com, companyPhoneNumber=84948940303}</td>
<td></td>
<td>12</td>
<td>admin.TransactionsTest@487db668</td></tr>
<tr>
<td title='admin.ReportTest.ValidateTransactionReportBackButton()'><b>ValidateTransactionReportBackButton</b><br>Test class: admin.ReportTest</td>
<td></td>
<td>0</td>
<td>admin.ReportTest@63798ca7</td></tr>
<tr>
<td title='admin.AuditLogTest.ValidateUserSearchField()'><b>ValidateUserSearchField</b><br>Test class: admin.AuditLogTest<br>Parameters: {usersearch=Osobase}</td>
<td></td>
<td>8</td>
<td>admin.AuditLogTest@46944ca9</td></tr>
<tr>
<td title='admin.PrintLicenseIdTest.ValidatePrintedAgentStatus()'><b>ValidatePrintedAgentStatus</b><br>Test class: admin.PrintLicenseIdTest</td>
<td></td>
<td>1</td>
<td>admin.PrintLicenseIdTest@22bac7bc</td></tr>
<tr>
<td title='admin.SettingsTest.InvalidSupportPhoneNumberFormat()'><b>InvalidSupportPhoneNumberFormat</b><br>Test class: admin.SettingsTest<br>Parameters: {Invalidemailaddress=email.com, Invalidphonenumber=9593952048, invalidCoupon=okokooko}</td>
<td></td>
<td>0</td>
<td>admin.SettingsTest@4612b856</td></tr>
<tr>
<td title='admin.CouponTest.ValidateEndDateCheck()'><b>ValidateEndDateCheck</b><br>Test class: admin.CouponTest</td>
<td></td>
<td>0</td>
<td>admin.CouponTest@6187d1f5</td></tr>
<tr>
<td title='admin.ReportTest.ValidateInfractionReport()'><b>ValidateInfractionReport</b><br>Test class: admin.ReportTest</td>
<td></td>
<td>0</td>
<td>admin.ReportTest@63798ca7</td></tr>
<tr>
<td title='admin.CouponTest.ValidateMultipleCategoryQuanityField()'><b>ValidateMultipleCategoryQuanityField</b><br>Test class: admin.CouponTest</td>
<td></td>
<td>0</td>
<td>admin.CouponTest@6187d1f5</td></tr>
<tr>
<td title='admin.UsersTest.ValidateCustomRoleButton()'><b>ValidateCustomRoleButton</b><br>Test class: admin.UsersTest<br>Parameters: {roleName=Testing2, userSearch=jerry, roleDescription=Automation test, roles=Super Admin}</td>
<td></td>
<td>5</td>
<td>admin.UsersTest@22875539</td></tr>
<tr>
<td title='admin.UsersTest.ValidateActiveUserStatus()'><b>ValidateActiveUserStatus</b><br>Test class: admin.UsersTest</td>
<td></td>
<td>6</td>
<td>admin.UsersTest@22875539</td></tr>
<tr>
<td title='admin.UsersTest.ValidateDuplicateEnforcerResponse()'><b>ValidateDuplicateEnforcerResponse</b><br>Test class: admin.UsersTest<br>Parameters: {roleName=Testing3, userSearch=george, roleDescription=Automation test1, roles=Enforcer}</td>
<td></td>
<td>6</td>
<td>admin.UsersTest@22875539</td></tr>
<tr>
<td title='admin.SettingsTest.ValidateSupportPhoneNumberEdit()'><b>ValidateSupportPhoneNumberEdit</b><br>Test class: admin.SettingsTest</td>
<td></td>
<td>6</td>
<td>admin.SettingsTest@4612b856</td></tr>
<tr>
<td title='admin.PermitTest.ValidateDisabledStatusFilter()'><b>ValidateDisabledStatusFilter</b><br>Test class: admin.PermitTest</td>
<td></td>
<td>27</td>
<td>admin.PermitTest@2445445a</td></tr>
<tr>
<td title='admin.ReportTest.ValidateAgentDetailsReport()'><b>ValidateAgentDetailsReport</b><br>Test class: admin.ReportTest</td>
<td></td>
<td>2</td>
<td>admin.ReportTest@63798ca7</td></tr>
<tr>
<td title='admin.TransactionsTest.ValidateDeclinedStatusField()'><b>ValidateDeclinedStatusField</b><br>Test class: admin.TransactionsTest</td>
<td></td>
<td>18</td>
<td>admin.TransactionsTest@487db668</td></tr>
<tr>
<td title='admin.ProfileTest.ValidateProfileInformation()'><b>ValidateProfileInformation</b><br>Test class: admin.ProfileTest</td>
<td></td>
<td>0</td>
<td>admin.ProfileTest@17aad511</td></tr>
<tr>
<td title='admin.TransactionsTest.ValidateCsvExport()'><b>ValidateCsvExport</b><br>Test class: admin.TransactionsTest<br>Parameters: Initiated</td>
<td></td>
<td>6</td>
<td>admin.TransactionsTest@487db668</td></tr>
<tr>
<td title='admin.CouponTest.ValidateGeneratedCouponList()'><b>ValidateGeneratedCouponList</b><br>Test class: admin.CouponTest</td>
<td></td>
<td>73</td>
<td>admin.CouponTest@6187d1f5</td></tr>
<tr>
<td title='admin.CouponTest.ValidateGeneratedCouponCardResponse()'><b>ValidateGeneratedCouponCardResponse</b><br>Test class: admin.CouponTest</td>
<td></td>
<td>4</td>
<td>admin.CouponTest@6187d1f5</td></tr>
<tr>
<td title='admin.PermitTest.ValidatePermitListHeader()'><b>ValidatePermitListHeader</b><br>Test class: admin.PermitTest</td>
<td></td>
<td>0</td>
<td>admin.PermitTest@2445445a</td></tr>
<tr>
<td title='admin.PrintLicenseIdTest.ValidatePreviouslyPrintedIdListHeader()'><b>ValidatePreviouslyPrintedIdListHeader</b><br>Test class: admin.PrintLicenseIdTest</td>
<td></td>
<td>2</td>
<td>admin.PrintLicenseIdTest@22bac7bc</td></tr>
<tr>
<td title='admin.CouponTest.ValidateClearSingleList()'><b>ValidateClearSingleList</b><br>Test class: admin.CouponTest</td>
<td></td>
<td>39</td>
<td>admin.CouponTest@6187d1f5</td></tr>
<tr>
<td title='admin.SettingsTest.ValidateBusinessAddressEdit()'><b>ValidateBusinessAddressEdit</b><br>Test class: admin.SettingsTest</td>
<td></td>
<td>4</td>
<td>admin.SettingsTest@4612b856</td></tr>
<tr>
<td title='admin.AdminLoginTest.InvalidEmailAddressNotFound()'><b>InvalidEmailAddressNotFound</b><br>Test class: admin.AdminLoginTest<br>Parameters: {invalidPassword=OSOBASE4@, invalidEmailAddress=jerry@gmail.c, emailNotFound=tryme@gmail.com, invalidMultipleCouponQuantity=0, invalidEmailResetPassword=jtest@gmail.com}</td>
<td></td>
<td>3</td>
<td>admin.AdminLoginTest@2e2ff723</td></tr>
<tr>
<td title='admin.CompaniesTest.InvalidPhoneNumberFormat()'><b>InvalidPhoneNumberFormat</b><br>Test class: admin.CompaniesTest<br>Parameters: {Invalidemailaddress=email@gmail.c, Invalidphonenumber=9593952$4a4, invalidCoupon=okokooko1}</td>
<td></td>
<td>3</td>
<td>admin.CompaniesTest@7502291e</td></tr>
<tr>
<td title='admin.TransactionsTest.ValidateCsvExport()'><b>ValidateCsvExport</b><br>Test class: admin.TransactionsTest<br>Parameters: Failed</td>
<td></td>
<td>6</td>
<td>admin.TransactionsTest@487db668</td></tr>
<tr>
<td title='admin.SettingsTest.InvalidPrimaryContactEmailFormat()'><b>InvalidPrimaryContactEmailFormat</b><br>Test class: admin.SettingsTest<br>Parameters: {Invalidemailaddress=email.com, Invalidphonenumber=9593952048, invalidCoupon=okokooko}</td>
<td></td>
<td>0</td>
<td>admin.SettingsTest@4612b856</td></tr>
<tr>
<td title='admin.ProfileTest.InvalidPhoneNumberFormat()'><b>InvalidPhoneNumberFormat</b><br>Test class: admin.ProfileTest<br>Parameters: {Invalidemailaddress=email@gmail.c, Invalidphonenumber=9593952$4a4, invalidCoupon=okokooko1}</td>
<td></td>
<td>0</td>
<td>admin.ProfileTest@17aad511</td></tr>
<tr>
<td title='admin.CompaniesTest.EmptyBusinessNameField()'><b>EmptyBusinessNameField</b><br>Test class: admin.CompaniesTest<br>Parameters: {invalidEmailAddress=jerry@gmail.c, emailNotFound=tryme@gmail.com, singleCoupon=12500, permitName=test, lga=Amuwo-Odofin LGA, invalidPassword=OSOBASE4@, agentNoCoupon=jtest@gmail.com, agentsearch=Jerry, emailAddress=base4jerry@gmail.com, password=Osobase4@, invalidMultipleCouponQuantity=0, companyEmail=cobili1284@hbehs.com, multipleCoupon=62500, invalidEmailResetPassword=jtest@gmail.com, companyPhoneNumber=84948940303}</td>
<td></td>
<td>0</td>
<td>admin.CompaniesTest@7502291e</td></tr>
<tr>
<td title='admin.TransactionsTest.ValidateSuccessStatusField()'><b>ValidateSuccessStatusField</b><br>Test class: admin.TransactionsTest</td>
<td></td>
<td>79</td>
<td>admin.TransactionsTest@487db668</td></tr>
<tr>
<td title='admin.SettingsTest.ValidatePrimaryContactEmailEdit()'><b>ValidatePrimaryContactEmailEdit</b><br>Test class: admin.SettingsTest</td>
<td></td>
<td>6</td>
<td>admin.SettingsTest@4612b856</td></tr>
<tr>
<td title='admin.UsersTest.ValidateDeleteButton()'><b>ValidateDeleteButton</b><br>Test class: admin.UsersTest<br>Parameters: {roleName=Testing2, userSearch=jerry, roleDescription=Automation test, roles=Super Admin}</td>
<td></td>
<td>5</td>
<td>admin.UsersTest@22875539</td></tr>
<tr>
<td title='admin.ReportTest.ValidateTransactionReport()'><b>ValidateTransactionReport</b><br>Test class: admin.ReportTest</td>
<td></td>
<td>0</td>
<td>admin.ReportTest@63798ca7</td></tr>
<tr>
<td title='admin.UsersTest.ValidateManageRoleButton()'><b>ValidateManageRoleButton</b><br>Test class: admin.UsersTest</td>
<td></td>
<td>2</td>
<td>admin.UsersTest@22875539</td></tr>
<tr>
<td title='admin.TransactionsTest.ValidateMultipleCouponRequestReconcilationAdmin()'><b>ValidateMultipleCouponRequestReconcilationAdmin</b><br>Test class: admin.TransactionsTest<br>Parameters: {invalidEmailAddress=jerry@gmail.c, emailNotFound=tryme@gmail.com, singleCoupon=12500, permitName=test, lga=Amuwo-Odofin LGA, invalidPassword=OSOBASE4@, agentNoCoupon=jtest@gmail.com, agentsearch=Jerry, emailAddress=base4jerry@gmail.com, password=Osobase4@, invalidMultipleCouponQuantity=0, companyEmail=cobili1284@hbehs.com, multipleCoupon=62500, invalidEmailResetPassword=jtest@gmail.com, companyPhoneNumber=84948940303}</td>
<td></td>
<td>10</td>
<td>admin.TransactionsTest@487db668</td></tr>
<tr>
<td title='admin.CompaniesTest.ValidateInviteCompanyButton()'><b>ValidateInviteCompanyButton</b><br>Test class: admin.CompaniesTest</td>
<td></td>
<td>4</td>
<td>admin.CompaniesTest@7502291e</td></tr>
<tr>
<td title='admin.CouponTest.EmptyCouponCodeField()'><b>EmptyCouponCodeField</b><br>Test class: admin.CouponTest</td>
<td></td>
<td>2</td>
<td>admin.CouponTest@6187d1f5</td></tr>
<tr>
<td title='admin.SettingsTest.ValidateField()'><b>ValidateField</b><br>Test class: admin.SettingsTest</td>
<td></td>
<td>0</td>
<td>admin.SettingsTest@4612b856</td></tr>
<tr>
<td title='admin.UsersTest.ValidateDefaultRoleEditButton()'><b>ValidateDefaultRoleEditButton</b><br>Test class: admin.UsersTest</td>
<td></td>
<td>31</td>
<td>admin.UsersTest@22875539</td></tr>
<tr>
<td title='admin.AuditLogTest.ValidateEventFieldDropDownList()'><b>ValidateEventFieldDropDownList</b><br>Test class: admin.AuditLogTest</td>
<td></td>
<td>0</td>
<td>admin.AuditLogTest@46944ca9</td></tr>
<tr>
<td title='admin.PrintLicenseIdTest.ValidateSelectAllCheckboxPending()'><b>ValidateSelectAllCheckboxPending</b><br>Test class: admin.PrintLicenseIdTest</td>
<td></td>
<td>46</td>
<td>admin.PrintLicenseIdTest@22bac7bc</td></tr>
<tr>
<td title='admin.UsersTest.ValidateChangeUserRole()'><b>ValidateChangeUserRole</b><br>Test class: admin.UsersTest<br>Parameters: {roleName=Testing3, userSearch=george, roleDescription=Automation test1, roles=Enforcer}</td>
<td></td>
<td>8</td>
<td>admin.UsersTest@22875539</td></tr>
<tr>
<td title='admin.SettingsTest.InvalidSupportPhoneNumberFormat()'><b>InvalidSupportPhoneNumberFormat</b><br>Test class: admin.SettingsTest<br>Parameters: {Invalidemailaddress=email@gmail.c, Invalidphonenumber=9593952$4a4, invalidCoupon=okokooko1}</td>
<td></td>
<td>0</td>
<td>admin.SettingsTest@4612b856</td></tr>
<tr>
<td title='admin.ProfileTest.InvalidPhoneNumberFormat()'><b>InvalidPhoneNumberFormat</b><br>Test class: admin.ProfileTest<br>Parameters: {Invalidemailaddress=email.com, Invalidphonenumber=9593952048, invalidCoupon=okokooko}</td>
<td></td>
<td>0</td>
<td>admin.ProfileTest@17aad511</td></tr>
<tr>
<td title='admin.UsersTest.ValidateCustomRoleDeletebutton()'><b>ValidateCustomRoleDeletebutton</b><br>Test class: admin.UsersTest</td>
<td></td>
<td>52</td>
<td>admin.UsersTest@22875539</td></tr>
</table><p>
<table width='100%' border='1' class='invocation-skipped'>
<tr><td colspan='4' align='center'><b>SKIPPED TESTS</b></td></tr>
<tr><td><b>Test method</b></td>
<td width="30%"><b>Exception</b></td>
<td width="10%"><b>Time (seconds)</b></td>
<td><b>Instance</b></td>
</tr>
<tr>
<td title='admin.UsersTest.ValidateReactivateUser()'><b>ValidateReactivateUser</b><br>Test class: admin.UsersTest</td>
<td><div><pre>java.lang.Throwable: Method UsersTest.ValidateReactivateUser()[pri:0, instance:admin.UsersTest@22875539] depends on not successfully finished methods
	at java.base/java.util.ArrayList.forEach(ArrayList.java:1511)
... Removed 18 stack frames</pre></div><a href='#' onClick='toggleBox("stack-trace1764722021", this, "Click to show all stack frames", "Click to hide stack frames")'>Click to show all stack frames</a>
<div class='stack-trace' id='stack-trace1764722021'><pre>java.lang.Throwable: Method UsersTest.ValidateReactivateUser()[pri:0, instance:admin.UsersTest@22875539] depends on not successfully finished methods
	at org.testng.internal.TestInvoker.invokeTestMethods(TestInvoker.java:102)
	at org.testng.internal.TestMethodWorker.invokeTestMethods(TestMethodWorker.java:146)
	at org.testng.internal.TestMethodWorker.run(TestMethodWorker.java:128)
	at java.base/java.util.ArrayList.forEach(ArrayList.java:1511)
	at org.testng.TestRunner.privateRun(TestRunner.java:794)
	at org.testng.TestRunner.run(TestRunner.java:596)
	at org.testng.SuiteRunner.runTest(SuiteRunner.java:377)
	at org.testng.SuiteRunner.runSequentially(SuiteRunner.java:371)
	at org.testng.SuiteRunner.privateRun(SuiteRunner.java:332)
	at org.testng.SuiteRunner.run(SuiteRunner.java:276)
	at org.testng.SuiteRunnerWorker.runSuite(SuiteRunnerWorker.java:53)
	at org.testng.SuiteRunnerWorker.run(SuiteRunnerWorker.java:96)
	at org.testng.TestNG.runSuitesSequentially(TestNG.java:1212)
	at org.testng.TestNG.runSuitesLocally(TestNG.java:1134)
	at org.testng.TestNG.runSuites(TestNG.java:1063)
	at org.testng.TestNG.run(TestNG.java:1031)
	at org.testng.remote.AbstractRemoteTestNG.run(AbstractRemoteTestNG.java:115)
	at org.testng.remote.RemoteTestNG.initAndRun(RemoteTestNG.java:251)
	at org.testng.remote.RemoteTestNG.main(RemoteTestNG.java:77)
</pre></div></td>
<td>0</td>
<td>admin.UsersTest@22875539</td></tr>
<tr>
<td title='admin.CompaniesTest.ValidateExistingEmailInvite()'><b>ValidateExistingEmailInvite</b><br>Test class: admin.CompaniesTest</td>
<td><div><pre>java.lang.Throwable: Method CompaniesTest.ValidateExistingEmailInvite(java.util.HashMap)[pri:0, instance:admin.CompaniesTest@7502291e] depends on not successfully finished methods
	at java.base/java.util.ArrayList.forEach(ArrayList.java:1511)
... Removed 18 stack frames</pre></div><a href='#' onClick='toggleBox("stack-trace1394202101", this, "Click to show all stack frames", "Click to hide stack frames")'>Click to show all stack frames</a>
<div class='stack-trace' id='stack-trace1394202101'><pre>java.lang.Throwable: Method CompaniesTest.ValidateExistingEmailInvite(java.util.HashMap)[pri:0, instance:admin.CompaniesTest@7502291e] depends on not successfully finished methods
	at org.testng.internal.TestInvoker.invokeTestMethods(TestInvoker.java:102)
	at org.testng.internal.TestMethodWorker.invokeTestMethods(TestMethodWorker.java:146)
	at org.testng.internal.TestMethodWorker.run(TestMethodWorker.java:128)
	at java.base/java.util.ArrayList.forEach(ArrayList.java:1511)
	at org.testng.TestRunner.privateRun(TestRunner.java:794)
	at org.testng.TestRunner.run(TestRunner.java:596)
	at org.testng.SuiteRunner.runTest(SuiteRunner.java:377)
	at org.testng.SuiteRunner.runSequentially(SuiteRunner.java:371)
	at org.testng.SuiteRunner.privateRun(SuiteRunner.java:332)
	at org.testng.SuiteRunner.run(SuiteRunner.java:276)
	at org.testng.SuiteRunnerWorker.runSuite(SuiteRunnerWorker.java:53)
	at org.testng.SuiteRunnerWorker.run(SuiteRunnerWorker.java:96)
	at org.testng.TestNG.runSuitesSequentially(TestNG.java:1212)
	at org.testng.TestNG.runSuitesLocally(TestNG.java:1134)
	at org.testng.TestNG.runSuites(TestNG.java:1063)
	at org.testng.TestNG.run(TestNG.java:1031)
	at org.testng.remote.AbstractRemoteTestNG.run(AbstractRemoteTestNG.java:115)
	at org.testng.remote.RemoteTestNG.initAndRun(RemoteTestNG.java:251)
	at org.testng.remote.RemoteTestNG.main(RemoteTestNG.java:77)
</pre></div></td>
<td>0</td>
<td>admin.CompaniesTest@7502291e</td></tr>
</table><p>
</body>
</html>