<?xml version="1.0" encoding="UTF-8"?>
<!-- Generated by org.testng.reporters.JUnitXMLReporter -->
<testsuite ignored="1" hostname="YV-Jerry" failures="3" tests="92" name="Testing Admin Portal" time="1763.397" errors="0" timestamp="2022-02-16T10:18:57 WAT">
  <testcase classname="admin.AdminLoginTest" name="EmptyEmailAddressField" time="0.098"/>
  <testcase classname="admin.AdminLoginTest" name="InvalidEmailAddressNotFound" time="3.579"/>
  <testcase classname="admin.AdminLoginTest" name="InvalidEmailAddressNotFound" time="7.496"/>
  <testcase classname="admin.AdminLoginTest" name="InvalidEmailAddressFormat" time="0.094"/>
  <testcase classname="admin.AdminLoginTest" name="InvalidEmailAddressFormat" time="0.056"/>
  <testcase classname="admin.AdminLoginTest" name="ValidEmailAddress" time="1.876"/>
  <testcase classname="admin.AdminLoginTest" name="ValidateBackButton" time="0.387"/>
  <testcase classname="admin.AdminLoginTest" name="ValidateSuccessfulAdminLogin" time="4.347"/>
  <testcase classname="admin.AdminLoginTest" name="ValidateLogout" time="1.043"/>
  <testcase classname="admin.ForgotPasswordTest" name="ValidateForgotPasswordLink" time="2.036"/>
  <testcase classname="admin.ForgotPasswordTest" name="ValidateForgotPasswordLink" time="15.039">
    <failure type="org.openqa.selenium.NoSuchElementException" message="no such element: Unable to locate element: {&amp;quot;method&amp;quot;:&amp;quot;css selector&amp;quot;,&amp;quot;selector&amp;quot;:&amp;quot;*[name=&amp;apos;email&amp;apos;]&amp;quot;}
  (Session info: chrome=98.0.4758.80)
For documentation on this error, please visit: https://selenium.dev/exceptions/#no_such_element
Build info: version: &amp;apos;4.1.2&amp;apos;, revision: &amp;apos;9a5a329c5a&amp;apos;
System info: host: &amp;apos;YV-Jerry&amp;apos;, ip: &amp;apos;fe80:0:0:0:8eb:80ca:3d3c:e28f%en0&amp;apos;, os.name: &amp;apos;Mac OS X&amp;apos;, os.arch: &amp;apos;x86_64&amp;apos;, os.version: &amp;apos;11.0&amp;apos;, java.version: &amp;apos;16.0.2&amp;apos;
Driver info: org.openqa.selenium.chrome.ChromeDriver
Command: [748463394107f58311db0d6460fd9f54, findElement {using=name, value=email}]
Capabilities {acceptInsecureCerts: false, browserName: chrome, browserVersion: 98.0.4758.80, chrome: {chromedriverVersion: 97.0.4692.71 (adefa7837d02a..., userDataDir: /var/folders/8c/dvnzzls14cz...}, goog:chromeOptions: {debuggerAddress: localhost:58584}, javascriptEnabled: true, networkConnectionEnabled: false, pageLoadStrategy: normal, platform: MAC, platformName: MAC, proxy: Proxy(), se:cdp: ws://localhost:58584/devtoo..., se:cdpVersion: 98.0.4758.80, setWindowRect: true, strictFileInteractability: false, timeouts: {implicit: 0, pageLoad: 300000, script: 30000}, unhandledPromptBehavior: dismiss and notify, webauthn:extension:credBlob: true, webauthn:extension:largeBlob: true, webauthn:virtualAuthenticators: true}
Session ID: 748463394107f58311db0d6460fd9f54">
      <![CDATA[org.openqa.selenium.NoSuchElementException: no such element: Unable to locate element: {"method":"css selector","selector":"*[name='email']"}
  (Session info: chrome=98.0.4758.80)
For documentation on this error, please visit: https://selenium.dev/exceptions/#no_such_element
Build info: version: '4.1.2', revision: '9a5a329c5a'
System info: host: 'YV-Jerry', ip: 'fe80:0:0:0:8eb:80ca:3d3c:e28f%en0', os.name: 'Mac OS X', os.arch: 'x86_64', os.version: '11.0', java.version: '16.0.2'
Driver info: org.openqa.selenium.chrome.ChromeDriver
Command: [748463394107f58311db0d6460fd9f54, findElement {using=name, value=email}]
Capabilities {acceptInsecureCerts: false, browserName: chrome, browserVersion: 98.0.4758.80, chrome: {chromedriverVersion: 97.0.4692.71 (adefa7837d02a..., userDataDir: /var/folders/8c/dvnzzls14cz...}, goog:chromeOptions: {debuggerAddress: localhost:58584}, javascriptEnabled: true, networkConnectionEnabled: false, pageLoadStrategy: normal, platform: MAC, platformName: MAC, proxy: Proxy(), se:cdp: ws://localhost:58584/devtoo..., se:cdpVersion: 98.0.4758.80, setWindowRect: true, strictFileInteractability: false, timeouts: {implicit: 0, pageLoad: 300000, script: 30000}, unhandledPromptBehavior: dismiss and notify, webauthn:extension:credBlob: true, webauthn:extension:largeBlob: true, webauthn:virtualAuthenticators: true}
Session ID: 748463394107f58311db0d6460fd9f54
at org.openqa.selenium.remote.codec.w3c.W3CHttpResponseCodec.createException(W3CHttpResponseCodec.java:200)
at org.openqa.selenium.remote.codec.w3c.W3CHttpResponseCodec.decode(W3CHttpResponseCodec.java:133)
at org.openqa.selenium.remote.codec.w3c.W3CHttpResponseCodec.decode(W3CHttpResponseCodec.java:53)
at org.openqa.selenium.remote.HttpCommandExecutor.execute(HttpCommandExecutor.java:184)
at org.openqa.selenium.remote.service.DriverCommandExecutor.invokeExecute(DriverCommandExecutor.java:167)
at org.openqa.selenium.remote.service.DriverCommandExecutor.execute(DriverCommandExecutor.java:142)
at org.openqa.selenium.remote.RemoteWebDriver.execute(RemoteWebDriver.java:558)
at org.openqa.selenium.remote.ElementLocation$ElementFinder$2.findElement(ElementLocation.java:162)
at org.openqa.selenium.remote.ElementLocation.findElement(ElementLocation.java:60)
at org.openqa.selenium.remote.RemoteWebDriver.findElement(RemoteWebDriver.java:382)
at org.openqa.selenium.remote.RemoteWebDriver.findElement(RemoteWebDriver.java:374)
at pageObject.admin.AdminLogin.getEmailAddressField(AdminLogin.java:95)
at admin.ForgotPasswordTest.ValidateForgotPasswordLink(ForgotPasswordTest.java:28)
at java.base/java.util.ArrayList.forEach(ArrayList.java:1511)
... Removed 32 stack frames]]>
    </failure>
  </testcase> <!-- ValidateForgotPasswordLink -->
  <testcase classname="admin.ForgotPasswordTest" name="InvalidEmailAddressFormat" time="0.273"/>
  <testcase classname="admin.ForgotPasswordTest" name="InvalidEmailAddressFormat" time="0.322"/>
  <testcase classname="admin.ForgotPasswordTest" name="InvalidEmailAddressNotFound" time="2.187"/>
  <testcase classname="admin.ForgotPasswordTest" name="InvalidEmailAddressNotFound" time="0.724"/>
  <testcase classname="admin.ForgotPasswordTest" name="ValidateSuccessfulResetPassword" time="0.98"/>
  <testcase classname="admin.ForgotPasswordTest" name="ValidateSuccessfulResetPassword" time="0.506"/>
  <testcase classname="admin.ForgotPasswordTest" name="ValidateBackToLoginLink" time="0.106"/>
  <testcase classname="admin.CouponTest" name="ValidateCouponPage" time="7.506"/>
  <testcase classname="admin.CouponTest" name="ValidateAutosuggestiveSearchBar" time="0.244"/>
  <testcase classname="admin.CouponTest" name="ValidateCategoryDropdownList" time="0.3"/>
  <testcase classname="admin.CouponTest" name="ValidateSingleCategoryQuantityField" time="0.284"/>
  <testcase classname="admin.CouponTest" name="ValidateSingleAgentField" time="0.106"/>
  <testcase classname="admin.CouponTest" name="ValidateMultipleCategoryQuanityField" time="0.096"/>
  <testcase classname="admin.CouponTest" name="EmptyDateField" time="0.556"/>
  <testcase classname="admin.CouponTest" name="ValidateEndDateCheck" time="0.962"/>
  <testcase classname="admin.CouponTest" name="ValidateMultipleCategoryQuanityFieldFormat" time="2.642"/>
  <testcase classname="admin.CouponTest" name="ValidateMultipleCategoryQuanityFieldFormat" time="2.732"/>
  <testcase classname="admin.CouponTest" name="ValidateDiscountTypeDropdownList" time="0.072"/>
  <testcase classname="admin.CouponTest" name="EmptyCouponCodeField" time="2.56"/>
  <testcase classname="admin.CouponTest" name="EmptyDiscountValueField" time="2.508"/>
  <testcase classname="admin.CouponTest" name="ValidateDiscountPercentageValueFormat" time="2.605"/>
  <testcase classname="admin.CouponTest" name="ValidateDiscountAmountValueFormat" time="2.112"/>
  <testcase classname="admin.CouponTest" name="SuccessfulSingleCouponRequest" time="17.568"/>
  <testcase classname="admin.CouponTest" name="SuccessfulMultipleCouponRequest" time="9.811"/>
  <testcase classname="admin.CouponTest" name="ValidateGeneratedCouponList" time="54.576"/>
  <testcase classname="admin.CouponTest" name="ValidateGenerateCouponCategoryDropdownList" time="0.154"/>
  <testcase classname="admin.CouponTest" name="ValidateSingleCouponFilter" time="72.33"/>
  <testcase classname="admin.CouponTest" name="ValidateClearSingleList" time="30.281"/>
  <testcase classname="admin.CouponTest" name="ValidateMultipleCouponFilter" time="79.414"/>
  <testcase classname="admin.CouponTest" name="ValidateClearMultipleList" time="30.303"/>
  <testcase classname="admin.CouponTest" name="ValidateGeneratedListHeader" time="0.08"/>
  <testcase classname="admin.CouponTest" name="ValidateGeneratedCouponCardResponse" time="3.715"/>
  <testcase classname="admin.CouponTest" name="ValidateDownloadCSVButton" time="6.458"/>
  <testcase classname="admin.IdentityTest" name="ValidateIdentityPage" time="7.106"/>
  <testcase classname="admin.IdentityTest" name="ValidateIdentityListHeader" time="0.11"/>
  <testcase classname="admin.IdentityTest" name="ValidateStatusDropdownList" time="0.082"/>
  <testcase classname="admin.IdentityTest" name="ValidateVerifiedStatusField" time="114.343"/>
  <testcase classname="admin.IdentityTest" name="ValidateClearVerifiedList" time="48.462"/>
  <testcase classname="admin.IdentityTest" name="ValidateNotVerifiedStatusField" time="120.446"/>
  <testcase classname="admin.IdentityTest" name="ValidateClearNotVerifiedList" time="48.637"/>
  <testcase classname="admin.IdentityTest" name="ValidatePendingStatusField" time="117.289"/>
  <testcase classname="admin.IdentityTest" name="ValidateClearPendingList" time="48.522"/>
  <testcase classname="admin.IdentityTest" name="ValidateIncompleteStatusField" time="109.123"/>
  <testcase classname="admin.IdentityTest" name="ValidateClearIncompleteList" time="48.372"/>
  <testcase classname="admin.IdentityTest" name="ValidateServiceDownStatusField" time="50.884"/>
  <testcase classname="admin.IdentityTest" name="ValidateClearServiceDownList" time="48.449"/>
  <testcase classname="admin.IdentityTest" name="ValidateAllLGAFilter" time="8.602"/>
  <testcase classname="admin.IdentityTest" name="ValidateAllLGAFilter" time="20.537"/>
  <testcase classname="admin.IdentityTest" name="ValidateVerifiedLGAFilter" time="20.338"/>
  <testcase classname="admin.IdentityTest" name="ValidateVerifiedLGAFilter" time="20.232"/>
  <testcase classname="admin.IdentityTest" name="ValidateNotVerifiedLGAFilter" time="20.51"/>
  <testcase classname="admin.IdentityTest" name="ValidateNotVerifiedLGAFilter" time="20.313"/>
  <testcase classname="admin.IdentityTest" name="ValidatePendingLGAFilter" time="20.3"/>
  <testcase classname="admin.IdentityTest" name="ValidatePendingLGAFilter" time="20.235"/>
  <testcase classname="admin.IdentityTest" name="ValidateIncompleteLGAFilter" time="20.238"/>
  <testcase classname="admin.IdentityTest" name="ValidateIncompleteLGAFilter" time="20.219"/>
  <testcase classname="admin.IdentityTest" name="ValidateServiceDownLGAFilter" time="39.211"/>
  <testcase classname="admin.IdentityTest" name="ValidateServiceDownLGAFilter" time="35.261"/>
  <testcase classname="admin.IdentityTest" name="ValidateCSVButtonAllStatus" time="6.272"/>
  <testcase classname="admin.IdentityTest" name="ValidateCSVButtonVerifiedStatus" time="6.245"/>
  <testcase classname="admin.IdentityTest" name="ValidateCSVButtonNotVerifiedStatus" time="6.201"/>
  <testcase classname="admin.IdentityTest" name="ValidateCSVButtonPendingStatus" time="6.183"/>
  <testcase classname="admin.IdentityTest" name="ValidateCSVButtonIncompleteStatus" time="6.19"/>
  <testcase classname="admin.IdentityTest" name="ValidateCSVButtonServiceDownStatus" time="21.566"/>
  <testcase classname="admin.IdentityTest" name="ValidateIdentityCardResponse" time="18.371">
    <failure type="org.openqa.selenium.ElementClickInterceptedException" message="element click intercepted: Element &amp;lt;td data-original-title=&amp;quot;null&amp;quot; class=&amp;quot; has-tooltip&amp;quot;&amp;gt;...&amp;lt;/td&amp;gt; is not clickable at point (410, 504). Other element would receive the click: &amp;lt;div class=&amp;quot;tooltip-inner&amp;quot;&amp;gt;...&amp;lt;/div&amp;gt;
  (Session info: chrome=98.0.4758.80)
Build info: version: &amp;apos;4.1.2&amp;apos;, revision: &amp;apos;9a5a329c5a&amp;apos;
System info: host: &amp;apos;YV-Jerry&amp;apos;, ip: &amp;apos;fe80:0:0:0:8eb:80ca:3d3c:e28f%en0&amp;apos;, os.name: &amp;apos;Mac OS X&amp;apos;, os.arch: &amp;apos;x86_64&amp;apos;, os.version: &amp;apos;11.0&amp;apos;, java.version: &amp;apos;16.0.2&amp;apos;
Driver info: org.openqa.selenium.chrome.ChromeDriver
Command: [2eda128bf0bd518e2c95ba59a93c276d, clickElement {id=73c90b86-950f-4461-b1bc-6d33d8c8aa2e}]
Capabilities {acceptInsecureCerts: false, browserName: chrome, browserVersion: 98.0.4758.80, chrome: {chromedriverVersion: 97.0.4692.71 (adefa7837d02a..., userDataDir: /var/folders/8c/dvnzzls14cz...}, goog:chromeOptions: {debuggerAddress: localhost:60180}, javascriptEnabled: true, networkConnectionEnabled: false, pageLoadStrategy: normal, platform: MAC, platformName: MAC, proxy: Proxy(), se:cdp: ws://localhost:60180/devtoo..., se:cdpVersion: 98.0.4758.80, setWindowRect: true, strictFileInteractability: false, timeouts: {implicit: 0, pageLoad: 300000, script: 30000}, unhandledPromptBehavior: dismiss and notify, webauthn:extension:credBlob: true, webauthn:extension:largeBlob: true, webauthn:virtualAuthenticators: true}
Element: [[ChromeDriver: chrome on MAC (2eda128bf0bd518e2c95ba59a93c276d)] -&amp;gt; css selector: td.has-tooltip]
Session ID: 2eda128bf0bd518e2c95ba59a93c276d">
      <![CDATA[org.openqa.selenium.ElementClickInterceptedException: element click intercepted: Element <td data-original-title="null" class=" has-tooltip">...</td> is not clickable at point (410, 504). Other element would receive the click: <div class="tooltip-inner">...</div>
  (Session info: chrome=98.0.4758.80)
Build info: version: '4.1.2', revision: '9a5a329c5a'
System info: host: 'YV-Jerry', ip: 'fe80:0:0:0:8eb:80ca:3d3c:e28f%en0', os.name: 'Mac OS X', os.arch: 'x86_64', os.version: '11.0', java.version: '16.0.2'
Driver info: org.openqa.selenium.chrome.ChromeDriver
Command: [2eda128bf0bd518e2c95ba59a93c276d, clickElement {id=73c90b86-950f-4461-b1bc-6d33d8c8aa2e}]
Capabilities {acceptInsecureCerts: false, browserName: chrome, browserVersion: 98.0.4758.80, chrome: {chromedriverVersion: 97.0.4692.71 (adefa7837d02a..., userDataDir: /var/folders/8c/dvnzzls14cz...}, goog:chromeOptions: {debuggerAddress: localhost:60180}, javascriptEnabled: true, networkConnectionEnabled: false, pageLoadStrategy: normal, platform: MAC, platformName: MAC, proxy: Proxy(), se:cdp: ws://localhost:60180/devtoo..., se:cdpVersion: 98.0.4758.80, setWindowRect: true, strictFileInteractability: false, timeouts: {implicit: 0, pageLoad: 300000, script: 30000}, unhandledPromptBehavior: dismiss and notify, webauthn:extension:credBlob: true, webauthn:extension:largeBlob: true, webauthn:virtualAuthenticators: true}
Element: [[ChromeDriver: chrome on MAC (2eda128bf0bd518e2c95ba59a93c276d)] -> css selector: td.has-tooltip]
Session ID: 2eda128bf0bd518e2c95ba59a93c276d
at org.openqa.selenium.remote.codec.w3c.W3CHttpResponseCodec.createException(W3CHttpResponseCodec.java:200)
at org.openqa.selenium.remote.codec.w3c.W3CHttpResponseCodec.decode(W3CHttpResponseCodec.java:133)
at org.openqa.selenium.remote.codec.w3c.W3CHttpResponseCodec.decode(W3CHttpResponseCodec.java:53)
at org.openqa.selenium.remote.HttpCommandExecutor.execute(HttpCommandExecutor.java:184)
at org.openqa.selenium.remote.service.DriverCommandExecutor.invokeExecute(DriverCommandExecutor.java:167)
at org.openqa.selenium.remote.service.DriverCommandExecutor.execute(DriverCommandExecutor.java:142)
at org.openqa.selenium.remote.RemoteWebDriver.execute(RemoteWebDriver.java:558)
at org.openqa.selenium.remote.RemoteWebElement.execute(RemoteWebElement.java:251)
at org.openqa.selenium.remote.RemoteWebElement.click(RemoteWebElement.java:77)
at admin.IdentityTest.ValidateIdentityCardResponse(IdentityTest.java:747)
at java.base/java.util.ArrayList.forEach(ArrayList.java:1511)
... Removed 32 stack frames]]>
    </failure>
  </testcase> <!-- ValidateIdentityCardResponse -->
  <testcase classname="admin.AddressTest" name="ValidateAddressPage" time="12.52"/>
  <testcase classname="admin.AddressTest" name="ValidateAddressListHeader" time="0.127">
    <failure type="java.lang.AssertionError" message="Lists differ at element [3]: Nam != Name expected [Nam] but found [Name]">
      <![CDATA[java.lang.AssertionError: Lists differ at element [3]: Nam != Name expected [Nam] but found [Name]
at admin.AddressTest.ValidateAddressListHeader(AddressTest.java:62)
at java.base/java.util.ArrayList.forEach(ArrayList.java:1511)
... Removed 32 stack frames]]>
    </failure>
  </testcase> <!-- ValidateAddressListHeader -->
  <testcase classname="admin.PermitTest" name="ValidatePermitPage" time="6.194"/>
  <testcase classname="admin.PermitTest" name="ValidatePermitListHeader" time="0.106"/>
  <testcase classname="admin.PermitTest" name="ValidatePermitArrangement" time="0.365"/>
  <testcase classname="admin.PermitTest" name="ValidateStatusDropodownList" time="0.077"/>
  <testcase classname="admin.PermitTest" name="ValidateAllStatusFilter" time="9.656"/>
  <testcase classname="admin.PermitTest" name="ValidateActiveStatusFilter" time="16.249"/>
  <testcase classname="admin.PermitTest" name="ValidateDisabledStatusFilter" time="27.819"/>
  <testcase classname="admin.PermitTest" name="ValidateSearchBar" time="34.704"/>
  <testcase classname="admin.PermitTest" name="ValidateSearchBar" time="34.698"/>
  <testcase classname="admin.PermitTest" name="ValidateSetPermitButton" time="10.214"/>
  <testcase classname="admin.PermitTest" name="ValidateActiveStatusButton" time="6.816"/>
  <testcase classname="admin.PermitTest" name="ValidateDisabledStatusButton" time="6.492"/>
  <testcase classname="admin.PermitTest" name="ValidateStatusButtonResponse" time="19.771"/>
  <testcase classname="admin.PermitTest" name="ValidateDuplicatePermitResponse" time="1.807"/>
  <testcase classname="admin.PermitTest" name="ValidateAddPermitButton" time="0.0">
    <ignored/>
  </testcase> <!-- ValidateAddPermitButton -->
</testsuite> <!-- Testing Admin Portal -->
