<!DOCTYPE html PUBLIC "-//W3C//DTD XHTML 1.1//EN" "https://www.w3.org/TR/xhtml11/DTD/xhtml11.dtd">
<html xmlns="https://www.w3.org/1999/xhtml">
<head>
<meta http-equiv="content-type" content="text/html; charset=UTF-8"/>
<title>TestNG Report</title>
<style type="text/css">table {margin-bottom:10px;border-collapse:collapse;empty-cells:show}th,td {border:1px solid #009;padding:.25em .5em}th {vertical-align:bottom}td {vertical-align:top}table a {font-weight:bold}.stripe td {background-color: #E6EBF9}.num {text-align:right}.passedodd td {background-color: #3F3}.passedeven td {background-color: #0A0}.skippedodd td {background-color: #DDD}.skippedeven td {background-color: #CCC}.failedodd td,.attn {background-color: #F33}.failedeven td,.stripe .attn {background-color: #D00}.stacktrace {white-space:pre;font-family:monospace}.totop {font-size:85%;text-align:center;border-bottom:2px solid #000}.invisible {display:none}</style>
</head>
<body>
<table>
<tr><th>Test</th><th># Passed</th><th># Skipped</th><th># Retried</th><th># Failed</th><th>Time (ms)</th><th>Included Groups</th><th>Excluded Groups</th></tr>
<tr><th colspan="8">Suite</th></tr>
<tr><td><a href="#t0">Testing Operator Portal</a></td><td class="num">107</td><td class="num attn">4</td><td class="num">0</td><td class="num attn">28</td><td class="num">1,842,342</td><td></td><td></td></tr>
</table>
<table id='summary'><thead><tr><th>Class</th><th>Method</th><th>Start</th><th>Time (ms)</th></tr></thead><tbody><tr><th colspan="4">Suite</th></tr></tbody><tbody id="t0"><tr><th colspan="4">Testing Operator Portal &#8212; failed</th></tr><tr class="failedeven"><td rowspan="5">admin.UsersTest</td><td><a href="#m0">SuccessfulUserInvite</a></td><td rowspan="1">1662929897487</td><td rowspan="1">4151</td></tr><tr class="failedeven"><td><a href="#m1">ValidateDeactivateUser</a></td><td rowspan="1">1662929909495</td><td rowspan="1">21875</td></tr><tr class="failedeven"><td><a href="#m2">ValidateInvitedUserStatus</a></td><td rowspan="1">1662929745305</td><td rowspan="1">34864</td></tr><tr class="failedeven"><td><a href="#m3">ValidateUserSearch</a></td><td rowspan="2">1662929839103</td><td rowspan="2">34665</td></tr><tr class="failedeven"><td><a href="#m4">ValidateUserSearch</a></td></tr><tr class="failedodd"><td rowspan="2">operator.AdminLoginTest</td><td><a href="#m5">ValidEmailAddress</a></td><td rowspan="1">1662928161198</td><td rowspan="1">15883</td></tr><tr class="failedodd"><td><a href="#m6">ValidateLogout</a></td><td rowspan="1">1662928185976</td><td rowspan="1">1097</td></tr><tr class="failedeven"><td rowspan="5">operator.CouponTest</td><td><a href="#m7">SuccessfulMultipleCouponRequestOnline</a></td><td rowspan="1">1662928263213</td><td rowspan="1">18513</td></tr><tr class="failedeven"><td><a href="#m8">SuccessfulSingleCouponRequestOnline</a></td><td rowspan="1">1662928255670</td><td rowspan="1">6766</td></tr><tr class="failedeven"><td><a href="#m9">ValidateGeneratedCouponList</a></td><td rowspan="1">1662928282541</td><td rowspan="1">15854</td></tr><tr class="failedeven"><td><a href="#m10">ValidateMultipleCouponFilter</a></td><td rowspan="1">1662928317538</td><td rowspan="1">17176</td></tr><tr class="failedeven"><td><a href="#m11">ValidateSingleCouponFilter</a></td><td rowspan="1">1662928299880</td><td rowspan="1">17034</td></tr><tr class="failedodd"><td rowspan="4">operator.IdentityTest</td><td><a href="#m12">ValidateIdentityListHeader</a></td><td rowspan="1">1662928713633</td><td rowspan="1">192</td></tr><tr class="failedodd"><td><a href="#m13">ValidateIdentityPage</a></td><td rowspan="1">1662928695210</td><td rowspan="1">17570</td></tr><tr class="failedodd"><td><a href="#m14">ValidateServiceDownLGAFilter</a></td><td rowspan="1">1662929193526</td><td rowspan="1">50700</td></tr><tr class="failedodd"><td><a href="#m15">ValidateServiceDownStatusField</a></td><td rowspan="1">1662928935476</td><td rowspan="1">50828</td></tr><tr class="failedeven"><td rowspan="12">operator.ProfileTest</td><td><a href="#m16">EmptyCurrentPasswordField</a></td><td rowspan="1">1662928570382</td><td rowspan="1">15182</td></tr><tr class="failedeven"><td><a href="#m17">InvalidCurrentPassword</a></td><td rowspan="2">1662928618190</td><td rowspan="2">15236</td></tr><tr class="failedeven"><td><a href="#m18">InvalidCurrentPassword</a></td></tr><tr class="failedeven"><td><a href="#m19">ValidateConFirmPasswordField</a></td><td rowspan="1">1662928538709</td><td rowspan="1">15041</td></tr><tr class="failedeven"><td><a href="#m20">ValidateFirstNameEdit</a></td><td rowspan="1">1662928478916</td><td rowspan="1">19245</td></tr><tr class="failedeven"><td><a href="#m21">ValidateLastNameEdit</a></td><td rowspan="1">1662928498891</td><td rowspan="1">18256</td></tr><tr class="failedeven"><td><a href="#m22">ValidateNewPasswordMatch</a></td><td rowspan="1">1662928586386</td><td rowspan="1">15141</td></tr><tr class="failedeven"><td><a href="#m23">ValidatePasswordTips</a></td><td rowspan="1">1662928554454</td><td rowspan="1">15182</td></tr><tr class="failedeven"><td><a href="#m24">ValidatePhoneNumberEdit</a></td><td rowspan="1">1662928517818</td><td rowspan="1">18946</td></tr><tr class="failedeven"><td><a href="#m25">ValidateProfileImageUpload</a></td><td rowspan="1">1662928462946</td><td rowspan="1">15224</td></tr><tr class="failedeven"><td><a href="#m26">ValidateProfileInformation</a></td><td rowspan="1">1662928446459</td><td rowspan="1">15710</td></tr><tr class="failedeven"><td><a href="#m27">ValidateProfilePage</a></td><td rowspan="1">1662928412956</td><td rowspan="1">31839</td></tr><tr><th colspan="4">Testing Operator Portal &#8212; skipped</th></tr><tr class="skippedeven"><td rowspan="1">admin.UsersTest</td><td><a href="#m28">ValidateReactivateUser</a></td><td rowspan="1">1662929932265</td><td rowspan="1">0</td></tr><tr class="skippedodd"><td rowspan="2">operator.CouponTest</td><td><a href="#m29">ValidateClearMultipleList</a></td><td rowspan="1">1662928335532</td><td rowspan="1">1</td></tr><tr class="skippedodd"><td><a href="#m30">ValidateClearSingleList</a></td><td rowspan="1">1662928317533</td><td rowspan="1">1</td></tr><tr class="skippedeven"><td rowspan="1">operator.IdentityTest</td><td><a href="#m31">ValidateClearServiceDownList</a></td><td rowspan="1">1662928987227</td><td rowspan="1">0</td></tr><tr><th colspan="4">Testing Operator Portal &#8212; passed</th></tr><tr class="passedeven"><td rowspan="18">admin.SettingsTest</td><td><a href="#m32">InvalidPrimaryContactEmailFormat</a></td><td rowspan="2">1662929360552</td><td rowspan="2">112</td></tr><tr class="passedeven"><td><a href="#m33">InvalidPrimaryContactEmailFormat</a></td></tr><tr class="passedeven"><td><a href="#m34">InvalidPrimaryContactPhoneNumberFormat</a></td><td rowspan="2">1662929347247</td><td rowspan="2">106</td></tr><tr class="passedeven"><td><a href="#m35">InvalidPrimaryContactPhoneNumberFormat</a></td></tr><tr class="passedeven"><td><a href="#m36">InvalidSupportEmailFormat</a></td><td rowspan="2">1662929332415</td><td rowspan="2">348</td></tr><tr class="passedeven"><td><a href="#m37">InvalidSupportEmailFormat</a></td></tr><tr class="passedeven"><td><a href="#m38">InvalidSupportPhoneNumberFormat</a></td><td rowspan="2">1662929325275</td><td rowspan="2">148</td></tr><tr class="passedeven"><td><a href="#m39">InvalidSupportPhoneNumberFormat</a></td></tr><tr class="passedeven"><td><a href="#m40">ValidateBusinessAddressEdit</a></td><td rowspan="1">1662929317725</td><td rowspan="1">6264</td></tr><tr class="passedeven"><td><a href="#m41">ValidateBusinessNameEdit</a></td><td rowspan="1">1662929317633</td><td rowspan="1">89</td></tr><tr class="passedeven"><td><a href="#m42">ValidateBusinessWebsiteEdit</a></td><td rowspan="1">1662929353690</td><td rowspan="1">6736</td></tr><tr class="passedeven"><td><a href="#m43">ValidateField</a></td><td rowspan="1">1662929317475</td><td rowspan="1">155</td></tr><tr class="passedeven"><td><a href="#m44">ValidatePrimaryContactEmailEdit</a></td><td rowspan="1">1662929360665</td><td rowspan="1">6292</td></tr><tr class="passedeven"><td><a href="#m45">ValidatePrimaryContactNameEdit</a></td><td rowspan="1">1662929340557</td><td rowspan="1">6542</td></tr><tr class="passedeven"><td><a href="#m46">ValidatePrimaryContactPhoneNumberEdit</a></td><td rowspan="1">1662929347359</td><td rowspan="1">6325</td></tr><tr class="passedeven"><td><a href="#m47">ValidateReportPage</a></td><td rowspan="1">1662929304451</td><td rowspan="1">13009</td></tr><tr class="passedeven"><td><a href="#m48">ValidateSupportEmailEdit</a></td><td rowspan="1">1662929333155</td><td rowspan="1">7385</td></tr><tr class="passedeven"><td><a href="#m49">ValidateSupportPhoneNumberEdit</a></td><td rowspan="1">1662929325424</td><td rowspan="1">6988</td></tr><tr class="passedodd"><td rowspan="39">admin.UsersTest</td><td><a href="#m50">EmptyPermissionCheckbox</a></td><td rowspan="2">1662929438393</td><td rowspan="2">2402</td></tr><tr class="passedodd"><td><a href="#m51">EmptyPermissionCheckbox</a></td></tr><tr class="passedodd"><td><a href="#m52">EmptyRoleDescriptionField</a></td><td rowspan="2">1662929431911</td><td rowspan="2">6478</td></tr><tr class="passedodd"><td><a href="#m53">EmptyRoleDescriptionField</a></td></tr><tr class="passedodd"><td><a href="#m54">EmptyRoleNameField</a></td><td rowspan="2">1662929421097</td><td rowspan="2">5405</td></tr><tr class="passedodd"><td><a href="#m55">EmptyRoleNameField</a></td></tr><tr class="passedodd"><td><a href="#m56">InviteUserEmptyEmailField</a></td><td rowspan="2">1662929890641</td><td rowspan="2">1770</td></tr><tr class="passedodd"><td><a href="#m57">InviteUserEmptyEmailField</a></td></tr><tr class="passedodd"><td><a href="#m58">InviteUserEmptyRoleField</a></td><td rowspan="2">1662929895836</td><td rowspan="2">1647</td></tr><tr class="passedodd"><td><a href="#m59">InviteUserEmptyRoleField</a></td></tr><tr class="passedodd"><td><a href="#m60">SuccessfulUserInvite</a></td><td rowspan="1">1662929902362</td><td rowspan="1">7124</td></tr><tr class="passedodd"><td><a href="#m61">ValidateActiveUserStatus</a></td><td rowspan="1">1662929780974</td><td rowspan="1">9050</td></tr><tr class="passedodd"><td><a href="#m62">ValidateAssignedUsers</a></td><td rowspan="1">1662929634454</td><td rowspan="1">26281</td></tr><tr class="passedodd"><td><a href="#m63">ValidateChangeUserRole</a></td><td rowspan="2">1662929833178</td><td rowspan="2">5105</td></tr><tr class="passedodd"><td><a href="#m64">ValidateChangeUserRole</a></td></tr><tr class="passedodd"><td><a href="#m65">ValidateCustomRoleButton</a></td><td rowspan="2">1662929449480</td><td rowspan="2">6357</td></tr><tr class="passedodd"><td><a href="#m66">ValidateCustomRoleButton</a></td></tr><tr class="passedodd"><td><a href="#m67">ValidateCustomRoleDeletebutton</a></td><td rowspan="1">1662929567498</td><td rowspan="1">53304</td></tr><tr class="passedodd"><td><a href="#m68">ValidateDefaultRoleDeleteButton</a></td><td rowspan="1">1662929533645</td><td rowspan="1">33796</td></tr><tr class="passedodd"><td><a href="#m69">ValidateDefaultRoleEditButton</a></td><td rowspan="1">1662929501821</td><td rowspan="1">31821</td></tr><tr class="passedodd"><td><a href="#m70">ValidateDefaultRoleList</a></td><td rowspan="1">1662929411082</td><td rowspan="1">2709</td></tr><tr class="passedodd"><td><a href="#m71">ValidateDeleteButton</a></td><td rowspan="2">1662929628080</td><td rowspan="2">6366</td></tr><tr class="passedodd"><td><a href="#m72">ValidateDeleteButton</a></td></tr><tr class="passedodd"><td><a href="#m73">ValidateDuplicateCustomRoleResponse</a></td><td rowspan="2">1662929478580</td><td rowspan="2">6652</td></tr><tr class="passedodd"><td><a href="#m74">ValidateDuplicateCustomRoleResponse</a></td></tr><tr class="passedodd"><td><a href="#m75">ValidateDuplicateEnforcerResponse</a></td><td rowspan="2">1662929491487</td><td rowspan="2">6837</td></tr><tr class="passedodd"><td><a href="#m76">ValidateDuplicateEnforcerResponse</a></td></tr><tr class="passedodd"><td><a href="#m77">ValidateDuplicateSuperAdminResponse</a></td><td rowspan="2">1662929464189</td><td rowspan="2">5871</td></tr><tr class="passedodd"><td><a href="#m78">ValidateDuplicateSuperAdminResponse</a></td></tr><tr class="passedodd"><td><a href="#m79">ValidateInviteUserButton</a></td><td rowspan="1">1662929744602</td><td rowspan="1">700</td></tr><tr class="passedodd"><td><a href="#m80">ValidateManageRoleButton</a></td><td rowspan="1">1662929404947</td><td rowspan="1">3126</td></tr><tr class="passedodd"><td><a href="#m81">ValidateRoleDropDownField</a></td><td rowspan="1">1662929660773</td><td rowspan="1">2890</td></tr><tr class="passedodd"><td><a href="#m82">ValidateRoleFieldFilter</a></td><td rowspan="2">1662929703530</td><td rowspan="2">41039</td></tr><tr class="passedodd"><td><a href="#m83">ValidateRoleFieldFilter</a></td></tr><tr class="passedodd"><td><a href="#m84">ValidateRoleType</a></td><td rowspan="1">1662929408074</td><td rowspan="1">3008</td></tr><tr class="passedodd"><td><a href="#m85">ValidateUserCard</a></td><td rowspan="1">1662929790028</td><td rowspan="1">43109</td></tr><tr class="passedodd"><td><a href="#m86">ValidateUserListHeader</a></td><td rowspan="1">1662929404568</td><td rowspan="1">377</td></tr><tr class="passedodd"><td><a href="#m87">ValidateUsersPage</a></td><td rowspan="1">1662929391112</td><td rowspan="1">13446</td></tr><tr class="passedodd"><td><a href="#m88">ValidateroleCardResponse</a></td><td rowspan="1">1662929498354</td><td rowspan="1">3465</td></tr><tr class="passedeven"><td rowspan="7">operator.AdminLoginTest</td><td><a href="#m89">EmptyEmailAddressField</a></td><td rowspan="1">1662928146765</td><td rowspan="1">399</td></tr><tr class="passedeven"><td><a href="#m90">InvalidEmailAddressFormat</a></td><td rowspan="2">1662928160743</td><td rowspan="2">300</td></tr><tr class="passedeven"><td><a href="#m91">InvalidEmailAddressFormat</a></td></tr><tr class="passedeven"><td><a href="#m92">InvalidEmailAddressNotFound</a></td><td rowspan="2">1662928154751</td><td rowspan="2">5985</td></tr><tr class="passedeven"><td><a href="#m93">InvalidEmailAddressNotFound</a></td></tr><tr class="passedeven"><td><a href="#m94">ValidateBackButton</a></td><td rowspan="1">1662928178708</td><td rowspan="1">693</td></tr><tr class="passedeven"><td><a href="#m95">ValidateSuccessfulAdminLogin</a></td><td rowspan="1">1662928179405</td><td rowspan="1">6550</td></tr><tr class="passedodd"><td rowspan="19">operator.CouponTest</td><td><a href="#m96">EmptyCouponCodeField</a></td><td rowspan="1">1662928245447</td><td rowspan="1">3074</td></tr><tr class="passedodd"><td><a href="#m97">EmptyDateField</a></td><td rowspan="1">1662928235529</td><td rowspan="1">614</td></tr><tr class="passedodd"><td><a href="#m98">EmptyDiscountValueField</a></td><td rowspan="1">1662928248575</td><td rowspan="1">2594</td></tr><tr class="passedodd"><td><a href="#m99">ValidateAutosuggestiveSearchBar</a></td><td rowspan="1">1662928233874</td><td rowspan="1">695</td></tr><tr class="passedodd"><td><a href="#m100">ValidateCategoryDropdownList</a></td><td rowspan="1">1662928234570</td><td rowspan="1">401</td></tr><tr class="passedodd"><td><a href="#m101">ValidateCouponPage</a></td><td rowspan="1">1662928204850</td><td rowspan="1">29012</td></tr><tr class="passedodd"><td><a href="#m102">ValidateDiscountAmountValueFormat</a></td><td rowspan="1">1662928253540</td><td rowspan="1">2115</td></tr><tr class="passedodd"><td><a href="#m103">ValidateDiscountPercentageValueFormat</a></td><td rowspan="1">1662928251184</td><td rowspan="1">2350</td></tr><tr class="passedodd"><td><a href="#m104">ValidateDiscountTypeDropdownList</a></td><td rowspan="1">1662928245278</td><td rowspan="1">167</td></tr><tr class="passedodd"><td><a href="#m105">ValidateDownloadCSVButton</a></td><td rowspan="1">1662928336400</td><td rowspan="1">6413</td></tr><tr class="passedodd"><td><a href="#m106">ValidateEndDateCheck</a></td><td rowspan="1">1662928236147</td><td rowspan="1">1645</td></tr><tr class="passedodd"><td><a href="#m107">ValidateGenerateCouponCategoryDropdownList</a></td><td rowspan="1">1662928299570</td><td rowspan="1">304</td></tr><tr class="passedodd"><td><a href="#m108">ValidateGeneratedCouponCardResponse</a></td><td rowspan="1">1662928335647</td><td rowspan="1">752</td></tr><tr class="passedodd"><td><a href="#m109">ValidateGeneratedListHeader</a></td><td rowspan="1">1662928335539</td><td rowspan="1">106</td></tr><tr class="passedodd"><td><a href="#m110">ValidateMultipleCategoryQuanityField</a></td><td rowspan="1">1662928235408</td><td rowspan="1">117</td></tr><tr class="passedodd"><td><a href="#m111">ValidateMultipleCategoryQuanityFieldFormat</a></td><td rowspan="2">1662928237808</td><td rowspan="2">4501</td></tr><tr class="passedodd"><td><a href="#m112">ValidateMultipleCategoryQuanityFieldFormat</a></td></tr><tr class="passedodd"><td><a href="#m113">ValidateSingleAgentField</a></td><td rowspan="1">1662928235312</td><td rowspan="1">94</td></tr><tr class="passedodd"><td><a href="#m114">ValidateSingleCategoryQuantityField</a></td><td rowspan="1">1662928234973</td><td rowspan="1">337</td></tr><tr class="passedeven"><td rowspan="20">operator.IdentityTest</td><td><a href="#m115">ValidateAllLGAFilter</a></td><td rowspan="2">1662929009229</td><td rowspan="2">20637</td></tr><tr class="passedeven"><td><a href="#m116">ValidateAllLGAFilter</a></td></tr><tr class="passedeven"><td><a href="#m117">ValidateClearIncompleteList</a></td><td rowspan="1">1662928920855</td><td rowspan="1">14616</td></tr><tr class="passedeven"><td><a href="#m118">ValidateClearNotVerifiedList</a></td><td rowspan="1">1662928799973</td><td rowspan="1">14369</td></tr><tr class="passedeven"><td><a href="#m119">ValidateClearPendingList</a></td><td rowspan="1">1662928860292</td><td rowspan="1">14473</td></tr><tr class="passedeven"><td><a href="#m120">ValidateClearVerifiedList</a></td><td rowspan="1">1662928751713</td><td rowspan="1">14462</td></tr><tr class="passedeven"><td><a href="#m121">ValidateIncompleteLGAFilter</a></td><td rowspan="2">1662929173293</td><td rowspan="2">20210</td></tr><tr class="passedeven"><td><a href="#m122">ValidateIncompleteLGAFilter</a></td></tr><tr class="passedeven"><td><a href="#m123">ValidateIncompleteStatusField</a></td><td rowspan="1">1662928874772</td><td rowspan="1">46014</td></tr><tr class="passedeven"><td><a href="#m124">ValidateNotVerifiedLGAFilter</a></td><td rowspan="2">1662929071191</td><td rowspan="2">20486</td></tr><tr class="passedeven"><td><a href="#m125">ValidateNotVerifiedLGAFilter</a></td></tr><tr class="passedeven"><td><a href="#m126">ValidateNotVerifiedStatusField</a></td><td rowspan="1">1662928766178</td><td rowspan="1">33743</td></tr><tr class="passedeven"><td><a href="#m127">ValidatePendingLGAFilter</a></td><td rowspan="2">1662929112129</td><td rowspan="2">20436</td></tr><tr class="passedeven"><td><a href="#m128">ValidatePendingLGAFilter</a></td></tr><tr class="passedeven"><td><a href="#m129">ValidatePendingStatusField</a></td><td rowspan="1">1662928814348</td><td rowspan="1">45845</td></tr><tr class="passedeven"><td><a href="#m130">ValidateServiceDownLGAFilter</a></td><td rowspan="1">1662929245171</td><td rowspan="1">36629</td></tr><tr class="passedeven"><td><a href="#m131">ValidateStatusDropdownList</a></td><td rowspan="1">1662928715158</td><td rowspan="1">1973</td></tr><tr class="passedeven"><td><a href="#m132">ValidateVerifiedLGAFilter</a></td><td rowspan="2">1662929050648</td><td rowspan="2">20510</td></tr><tr class="passedeven"><td><a href="#m133">ValidateVerifiedLGAFilter</a></td></tr><tr class="passedeven"><td><a href="#m134">ValidateVerifiedStatusField</a></td><td rowspan="1">1662928717134</td><td rowspan="1">34560</td></tr><tr class="passedodd"><td rowspan="4">operator.ProfileTest</td><td><a href="#m135">InvalidPhoneNumberFormat</a></td><td rowspan="2">1662928538442</td><td rowspan="2">156</td></tr><tr class="passedodd"><td><a href="#m136">InvalidPhoneNumberFormat</a></td></tr><tr class="passedodd"><td><a href="#m137">ValidateEmailAddressEdit</a></td><td rowspan="1">1662928538647</td><td rowspan="1">59</td></tr><tr class="passedodd"><td><a href="#m138">ValidateGenderEdit</a></td><td rowspan="1">1662928538599</td><td rowspan="1">44</td></tr></tbody>
</table>
<h2>Testing Operator Portal</h2><h3 id="m0">admin.UsersTest#SuccessfulUserInvite</h3><table class="result"><tr class="param"><th>Parameter #1</th></tr><tr class="param stripe"><td>{roleName=Testing2, userSearch=jerry, roleDescription=Automation test, roles=Super Admin}</td></tr><tr><th>Exception</th></tr><tr><td><div class="stacktrace">java.lang.AssertionError: The following asserts failed:
	expected [true] but found [false]
	at admin.UsersTest.SuccessfulUserInvite(UsersTest.java:750)
	at java.base/java.util.ArrayList.forEach(ArrayList.java:1511)
... Removed 29 stack frames</div></td></tr></table><p class="totop"><a href="#summary">back to summary</a></p>
<h3 id="m1">admin.UsersTest#ValidateDeactivateUser</h3><table class="result"><tr><th>Exception</th></tr><tr><td><div class="stacktrace">org.openqa.selenium.ElementClickInterceptedException: element click intercepted: Element &lt;button href=&quot;javascript:void(0)&quot; class=&quot;mr-1 btn btn-outline-danger btn-xs&quot;&gt;...&lt;/button&gt; is not clickable at point (1118, 12). Other element would receive the click: &lt;div class=&quot;navbar-collapse header-shadow&quot; style=&quot;display: flex; align-items: center;&quot;&gt;...&lt;/div&gt;
  (Session info: chrome=105.0.5195.102)
Build info: version: &apos;4.1.2&apos;, revision: &apos;9a5a329c5a&apos;
System info: host: &apos;YV-Jerry.local&apos;, ip: &apos;fe80:0:0:0:1420:dc4e:48a2:adf3%en0&apos;, os.name: &apos;Mac OS X&apos;, os.arch: &apos;x86_64&apos;, os.version: &apos;11.0&apos;, java.version: &apos;16.0.2&apos;
Driver info: org.openqa.selenium.chrome.ChromeDriver
Command: [5ed3110a782e34dfd0504a0ef2e41b25, clickElement {id=f47ba7b8-7468-4b02-8790-0339ce2b4bb9}]
Capabilities {acceptInsecureCerts: false, browserName: chrome, browserVersion: 105.0.5195.102, chrome: {chromedriverVersion: 104.0.5112.79 (3cf3e8c8a07d..., userDataDir: /var/folders/8c/dvnzzls14cz...}, goog:chromeOptions: {debuggerAddress: localhost:55629}, javascriptEnabled: true, networkConnectionEnabled: false, pageLoadStrategy: normal, platform: MAC, platformName: MAC, proxy: Proxy(), se:cdp: ws://localhost:55629/devtoo..., se:cdpVersion: 105.0.5195.102, setWindowRect: true, strictFileInteractability: false, timeouts: {implicit: 0, pageLoad: 300000, script: 30000}, unhandledPromptBehavior: dismiss and notify, webauthn:extension:credBlob: true, webauthn:extension:largeBlob: true, webauthn:virtualAuthenticators: true}
Element: [[ChromeDriver: chrome on MAC (5ed3110a782e34dfd0504a0ef2e41b25)] -&gt; css selector: div[class*=&apos;col-xs-12 m-b-10&apos;] button]
Session ID: 5ed3110a782e34dfd0504a0ef2e41b25
	at org.openqa.selenium.remote.codec.w3c.W3CHttpResponseCodec.createException(W3CHttpResponseCodec.java:200)
	at org.openqa.selenium.remote.codec.w3c.W3CHttpResponseCodec.decode(W3CHttpResponseCodec.java:133)
	at org.openqa.selenium.remote.codec.w3c.W3CHttpResponseCodec.decode(W3CHttpResponseCodec.java:53)
	at org.openqa.selenium.remote.HttpCommandExecutor.execute(HttpCommandExecutor.java:184)
	at org.openqa.selenium.remote.service.DriverCommandExecutor.invokeExecute(DriverCommandExecutor.java:167)
	at org.openqa.selenium.remote.service.DriverCommandExecutor.execute(DriverCommandExecutor.java:142)
	at org.openqa.selenium.remote.RemoteWebDriver.execute(RemoteWebDriver.java:558)
	at org.openqa.selenium.remote.RemoteWebElement.execute(RemoteWebElement.java:251)
	at org.openqa.selenium.remote.RemoteWebElement.click(RemoteWebElement.java:77)
	at admin.UsersTest.ValidateDeactivateUser(UsersTest.java:774)
	at java.base/java.util.ArrayList.forEach(ArrayList.java:1511)
... Removed 32 stack frames</div></td></tr></table><p class="totop"><a href="#summary">back to summary</a></p>
<h3 id="m2">admin.UsersTest#ValidateInvitedUserStatus</h3><table class="result"><tr><th>Exception</th></tr><tr><td><div class="stacktrace">java.lang.AssertionError: The following asserts failed:
	Lists differ at element [2]: Deactivate User != Re-activate User expected [Deactivate User] but found [Re-activate User]
	at admin.UsersTest.ValidateInvitedUserStatus(UsersTest.java:542)
	at java.base/java.util.ArrayList.forEach(ArrayList.java:1511)
... Removed 29 stack frames</div></td></tr></table><p class="totop"><a href="#summary">back to summary</a></p>
<h3 id="m3">admin.UsersTest#ValidateUserSearch</h3><table class="result"><tr class="param"><th>Parameter #1</th></tr><tr class="param stripe"><td>{roleName=Testing2, userSearch=jerry, roleDescription=Automation test, roles=Super Admin}</td></tr><tr><th>Exception</th></tr><tr><td><div class="stacktrace">org.openqa.selenium.NoSuchElementException: no such element: Unable to locate element: {&quot;method&quot;:&quot;xpath&quot;,&quot;selector&quot;:&quot;//li[@class=&apos;page-item pagination-page-nav active&apos;] //following-sibling::li&quot;}
  (Session info: chrome=105.0.5195.102)
For documentation on this error, please visit: https://selenium.dev/exceptions/#no_such_element
Build info: version: &apos;4.1.2&apos;, revision: &apos;9a5a329c5a&apos;
System info: host: &apos;YV-Jerry.local&apos;, ip: &apos;fe80:0:0:0:1420:dc4e:48a2:adf3%en0&apos;, os.name: &apos;Mac OS X&apos;, os.arch: &apos;x86_64&apos;, os.version: &apos;11.0&apos;, java.version: &apos;16.0.2&apos;
Driver info: org.openqa.selenium.chrome.ChromeDriver
Command: [5ed3110a782e34dfd0504a0ef2e41b25, findElement {using=xpath, value=//li[@class=&apos;page-item pagination-page-nav active&apos;] //following-sibling::li}]
Capabilities {acceptInsecureCerts: false, browserName: chrome, browserVersion: 105.0.5195.102, chrome: {chromedriverVersion: 104.0.5112.79 (3cf3e8c8a07d..., userDataDir: /var/folders/8c/dvnzzls14cz...}, goog:chromeOptions: {debuggerAddress: localhost:55629}, javascriptEnabled: true, networkConnectionEnabled: false, pageLoadStrategy: normal, platform: MAC, platformName: MAC, proxy: Proxy(), se:cdp: ws://localhost:55629/devtoo..., se:cdpVersion: 105.0.5195.102, setWindowRect: true, strictFileInteractability: false, timeouts: {implicit: 0, pageLoad: 300000, script: 30000}, unhandledPromptBehavior: dismiss and notify, webauthn:extension:credBlob: true, webauthn:extension:largeBlob: true, webauthn:virtualAuthenticators: true}
Session ID: 5ed3110a782e34dfd0504a0ef2e41b25
	at org.openqa.selenium.remote.codec.w3c.W3CHttpResponseCodec.createException(W3CHttpResponseCodec.java:200)
	at org.openqa.selenium.remote.codec.w3c.W3CHttpResponseCodec.decode(W3CHttpResponseCodec.java:133)
	at org.openqa.selenium.remote.codec.w3c.W3CHttpResponseCodec.decode(W3CHttpResponseCodec.java:53)
	at org.openqa.selenium.remote.HttpCommandExecutor.execute(HttpCommandExecutor.java:184)
	at org.openqa.selenium.remote.service.DriverCommandExecutor.invokeExecute(DriverCommandExecutor.java:167)
	at org.openqa.selenium.remote.service.DriverCommandExecutor.execute(DriverCommandExecutor.java:142)
	at org.openqa.selenium.remote.RemoteWebDriver.execute(RemoteWebDriver.java:558)
	at org.openqa.selenium.remote.ElementLocation$ElementFinder$2.findElement(ElementLocation.java:162)
	at org.openqa.selenium.remote.ElementLocation.findElement(ElementLocation.java:60)
	at org.openqa.selenium.remote.RemoteWebDriver.findElement(RemoteWebDriver.java:382)
	at org.openqa.selenium.remote.RemoteWebDriver.findElement(RemoteWebDriver.java:374)
	at pageObject.admin.Users.getNextPagination(Users.java:166)
	at admin.UsersTest.ValidateUserSearch(UsersTest.java:691)
	at java.base/java.util.ArrayList.forEach(ArrayList.java:1511)
... Removed 31 stack frames</div></td></tr></table><p class="totop"><a href="#summary">back to summary</a></p>
<h3 id="m4">admin.UsersTest#ValidateUserSearch</h3><table class="result"><tr class="param"><th>Parameter #1</th></tr><tr class="param stripe"><td>{roleName=Testing3, userSearch=george, roleDescription=Automation test1, roles=Enforcer}</td></tr><tr><th>Exception</th></tr><tr><td><div class="stacktrace">java.lang.AssertionError: expected [0] but found [4]
	at admin.UsersTest.ValidateUserSearch(UsersTest.java:694)
	at java.base/java.util.ArrayList.forEach(ArrayList.java:1511)
... Removed 33 stack frames</div></td></tr></table><p class="totop"><a href="#summary">back to summary</a></p>
<h3 id="m5">operator.AdminLoginTest#ValidEmailAddress</h3><table class="result"><tr class="param"><th>Parameter #1</th></tr><tr class="param stripe"><td>{emailNotFound=tryme@gmail.com, invalidEmailAddress=jerry@gmail.c, singleCoupon=12500, permitName=test, lga=Amuwo-Odofin LGA, invalidPassword=OSOBASE4@, otp=9876543, agentNoCoupon=jtest@gmail.com, agentsearch=Jerry, emailAddress=jerryosobase4+002@gmail.com, invalidMultipleCouponQuantity=0, companyEmail=kahiper689@moenode.com, multipleCoupon=62500, invalidEmailResetPassword=jtest@gmail.com, companyPhoneNumber=84948940303}</td></tr><tr><th>Exception</th></tr><tr><td><div class="stacktrace">org.openqa.selenium.TimeoutException: Expected condition failed: waiting for presence of element located by: By.id: login-password (tried for 15 second(s) with 500 milliseconds interval)
	at org.openqa.selenium.support.ui.WebDriverWait.timeoutException(WebDriverWait.java:138)
	at org.openqa.selenium.support.ui.FluentWait.until(FluentWait.java:231)
	at pageObject.admin.AdminLogin.getPasswordField(AdminLogin.java:90)
	at operator.AdminLoginTest.ValidEmailAddress(AdminLoginTest.java:66)
	at java.base/java.util.ArrayList.forEach(ArrayList.java:1511)
Caused by: org.openqa.selenium.NoSuchElementException: no such element: Unable to locate element: {&quot;method&quot;:&quot;css selector&quot;,&quot;selector&quot;:&quot;#login\-password&quot;}
  (Session info: chrome=105.0.5195.102)
For documentation on this error, please visit: https://selenium.dev/exceptions/#no_such_element
Build info: version: &apos;4.1.2&apos;, revision: &apos;9a5a329c5a&apos;
System info: host: &apos;YV-Jerry.local&apos;, ip: &apos;fe80:0:0:0:1420:dc4e:48a2:adf3%en0&apos;, os.name: &apos;Mac OS X&apos;, os.arch: &apos;x86_64&apos;, os.version: &apos;11.0&apos;, java.version: &apos;16.0.2&apos;
Driver info: org.openqa.selenium.chrome.ChromeDriver
Command: [de0a42b104f8e634300259ca50a579ec, findElement {using=id, value=login-password}]
Capabilities {acceptInsecureCerts: false, browserName: chrome, browserVersion: 105.0.5195.102, chrome: {chromedriverVersion: 104.0.5112.79 (3cf3e8c8a07d..., userDataDir: /var/folders/8c/dvnzzls14cz...}, goog:chromeOptions: {debuggerAddress: localhost:50212}, javascriptEnabled: true, networkConnectionEnabled: false, pageLoadStrategy: normal, platform: MAC, platformName: MAC, proxy: Proxy(), se:cdp: ws://localhost:50212/devtoo..., se:cdpVersion: 105.0.5195.102, setWindowRect: true, strictFileInteractability: false, timeouts: {implicit: 0, pageLoad: 300000, script: 30000}, unhandledPromptBehavior: dismiss and notify, webauthn:extension:credBlob: true, webauthn:extension:largeBlob: true, webauthn:virtualAuthenticators: true}
Session ID: de0a42b104f8e634300259ca50a579ec
	at org.openqa.selenium.remote.codec.w3c.W3CHttpResponseCodec.createException(W3CHttpResponseCodec.java:200)
	at org.openqa.selenium.remote.codec.w3c.W3CHttpResponseCodec.decode(W3CHttpResponseCodec.java:133)
	at org.openqa.selenium.remote.codec.w3c.W3CHttpResponseCodec.decode(W3CHttpResponseCodec.java:53)
	at org.openqa.selenium.remote.HttpCommandExecutor.execute(HttpCommandExecutor.java:184)
	at org.openqa.selenium.remote.service.DriverCommandExecutor.invokeExecute(DriverCommandExecutor.java:167)
	at org.openqa.selenium.remote.service.DriverCommandExecutor.execute(DriverCommandExecutor.java:142)
	at org.openqa.selenium.remote.RemoteWebDriver.execute(RemoteWebDriver.java:558)
	at org.openqa.selenium.remote.ElementLocation$ElementFinder$2.findElement(ElementLocation.java:162)
	at org.openqa.selenium.remote.ElementLocation.findElement(ElementLocation.java:60)
	at org.openqa.selenium.remote.RemoteWebDriver.findElement(RemoteWebDriver.java:382)
	at org.openqa.selenium.remote.RemoteWebDriver.findElement(RemoteWebDriver.java:374)
	at org.openqa.selenium.support.ui.ExpectedConditions$6.apply(ExpectedConditions.java:174)
	at org.openqa.selenium.support.ui.ExpectedConditions$6.apply(ExpectedConditions.java:171)
	at org.openqa.selenium.support.ui.FluentWait.until(FluentWait.java:208)
	... 30 more
... Removed 32 stack frames</div></td></tr></table><p class="totop"><a href="#summary">back to summary</a></p>
<h3 id="m6">operator.AdminLoginTest#ValidateLogout</h3><table class="result"><tr><th>Exception</th></tr><tr><td><div class="stacktrace">java.lang.AssertionError: The following asserts failed:
	expected [Error
Please login to continue] but found [Please login to continue]
	at operator.AdminLoginTest.ValidateLogout(AdminLoginTest.java:106)
	at java.base/java.util.ArrayList.forEach(ArrayList.java:1511)
... Removed 29 stack frames</div></td></tr></table><p class="totop"><a href="#summary">back to summary</a></p>
<h3 id="m7">operator.CouponTest#SuccessfulMultipleCouponRequestOnline</h3><table class="result"><tr><th>Exception</th></tr><tr><td><div class="stacktrace">java.lang.AssertionError: expected [Success
Coupon payment successful] but found []
	at operator.CouponTest.SuccessfulMultipleCouponRequestOnline(CouponTest.java:333)
	at java.base/java.util.ArrayList.forEach(ArrayList.java:1511)
... Removed 33 stack frames</div></td></tr></table><p class="totop"><a href="#summary">back to summary</a></p>
<h3 id="m8">operator.CouponTest#SuccessfulSingleCouponRequestOnline</h3><table class="result"><tr><th>Exception</th></tr><tr><td><div class="stacktrace">org.openqa.selenium.ElementClickInterceptedException: element click intercepted: Element &lt;button type=&quot;submit&quot; class=&quot;btn btn-warning waves-effect rounded-0 w-100 m-t-5&quot; disabled=&quot;disabled&quot;&gt;...&lt;/button&gt; is not clickable at point (557, 423). Other element would receive the click: &lt;a&gt;...&lt;/a&gt;
  (Session info: chrome=105.0.5195.102)
Build info: version: &apos;4.1.2&apos;, revision: &apos;9a5a329c5a&apos;
System info: host: &apos;YV-Jerry.local&apos;, ip: &apos;fe80:0:0:0:1420:dc4e:48a2:adf3%en0&apos;, os.name: &apos;Mac OS X&apos;, os.arch: &apos;x86_64&apos;, os.version: &apos;11.0&apos;, java.version: &apos;16.0.2&apos;
Driver info: org.openqa.selenium.chrome.ChromeDriver
Command: [ff50d9ee716718146d847b35f156dbf5, clickElement {id=cb68b7a8-d29b-4cb4-a5d0-97b2603fbdb5}]
Capabilities {acceptInsecureCerts: false, browserName: chrome, browserVersion: 105.0.5195.102, chrome: {chromedriverVersion: 104.0.5112.79 (3cf3e8c8a07d..., userDataDir: /var/folders/8c/dvnzzls14cz...}, goog:chromeOptions: {debuggerAddress: localhost:50628}, javascriptEnabled: true, networkConnectionEnabled: false, pageLoadStrategy: normal, platform: MAC, platformName: MAC, proxy: Proxy(), se:cdp: ws://localhost:50628/devtoo..., se:cdpVersion: 105.0.5195.102, setWindowRect: true, strictFileInteractability: false, timeouts: {implicit: 0, pageLoad: 300000, script: 30000}, unhandledPromptBehavior: dismiss and notify, webauthn:extension:credBlob: true, webauthn:extension:largeBlob: true, webauthn:virtualAuthenticators: true}
Element: [[ChromeDriver: chrome on MAC (ff50d9ee716718146d847b35f156dbf5)] -&gt; xpath: //button[text()=&apos; Get Quotation &apos;]]
Session ID: ff50d9ee716718146d847b35f156dbf5
	at org.openqa.selenium.remote.codec.w3c.W3CHttpResponseCodec.createException(W3CHttpResponseCodec.java:200)
	at org.openqa.selenium.remote.codec.w3c.W3CHttpResponseCodec.decode(W3CHttpResponseCodec.java:133)
	at org.openqa.selenium.remote.codec.w3c.W3CHttpResponseCodec.decode(W3CHttpResponseCodec.java:53)
	at org.openqa.selenium.remote.HttpCommandExecutor.execute(HttpCommandExecutor.java:184)
	at org.openqa.selenium.remote.service.DriverCommandExecutor.invokeExecute(DriverCommandExecutor.java:167)
	at org.openqa.selenium.remote.service.DriverCommandExecutor.execute(DriverCommandExecutor.java:142)
	at org.openqa.selenium.remote.RemoteWebDriver.execute(RemoteWebDriver.java:558)
	at org.openqa.selenium.remote.RemoteWebElement.execute(RemoteWebElement.java:251)
	at org.openqa.selenium.remote.RemoteWebElement.click(RemoteWebElement.java:77)
	at operator.CouponTest.SuccessfulSingleCouponRequestOnline(CouponTest.java:296)
	at java.base/java.util.ArrayList.forEach(ArrayList.java:1511)
... Removed 32 stack frames</div></td></tr></table><p class="totop"><a href="#summary">back to summary</a></p>
<h3 id="m9">operator.CouponTest#ValidateGeneratedCouponList</h3><table class="result"><tr><th>Exception</th></tr><tr><td><div class="stacktrace">org.openqa.selenium.TimeoutException: Expected condition failed: waiting for element to be clickable: By.xpath: //li[@class=&apos;page-item pagination-page-nav active&apos;] //following-sibling::li (tried for 10 second(s) with 500 milliseconds interval)
Build info: version: &apos;4.1.2&apos;, revision: &apos;9a5a329c5a&apos;
System info: host: &apos;YV-Jerry.local&apos;, ip: &apos;fe80:0:0:0:1420:dc4e:48a2:adf3%en0&apos;, os.name: &apos;Mac OS X&apos;, os.arch: &apos;x86_64&apos;, os.version: &apos;11.0&apos;, java.version: &apos;16.0.2&apos;
Driver info: org.openqa.selenium.chrome.ChromeDriver
Capabilities {acceptInsecureCerts: false, browserName: chrome, browserVersion: 105.0.5195.102, chrome: {chromedriverVersion: 104.0.5112.79 (3cf3e8c8a07d..., userDataDir: /var/folders/8c/dvnzzls14cz...}, goog:chromeOptions: {debuggerAddress: localhost:50628}, javascriptEnabled: true, networkConnectionEnabled: false, pageLoadStrategy: normal, platform: MAC, platformName: MAC, proxy: Proxy(), se:cdp: ws://localhost:50628/devtoo..., se:cdpVersion: 105.0.5195.102, setWindowRect: true, strictFileInteractability: false, timeouts: {implicit: 0, pageLoad: 300000, script: 30000}, unhandledPromptBehavior: dismiss and notify, webauthn:extension:credBlob: true, webauthn:extension:largeBlob: true, webauthn:virtualAuthenticators: true}
Session ID: ff50d9ee716718146d847b35f156dbf5
	at org.openqa.selenium.support.ui.WebDriverWait.timeoutException(WebDriverWait.java:138)
	at org.openqa.selenium.support.ui.FluentWait.until(FluentWait.java:231)
	at pageObject.admin.Coupon.getNextPagination(Coupon.java:174)
	at operator.CouponTest.ValidateGeneratedCouponList(CouponTest.java:347)
	at java.base/java.util.ArrayList.forEach(ArrayList.java:1511)
... Removed 27 stack frames</div></td></tr></table><p class="totop"><a href="#summary">back to summary</a></p>
<h3 id="m10">operator.CouponTest#ValidateMultipleCouponFilter</h3><table class="result"><tr><th>Exception</th></tr><tr><td><div class="stacktrace">org.openqa.selenium.TimeoutException: Expected condition failed: waiting for element to be clickable: By.xpath: //li[@class=&apos;page-item pagination-page-nav active&apos;] //following-sibling::li (tried for 10 second(s) with 500 milliseconds interval)
Build info: version: &apos;4.1.2&apos;, revision: &apos;9a5a329c5a&apos;
System info: host: &apos;YV-Jerry.local&apos;, ip: &apos;fe80:0:0:0:1420:dc4e:48a2:adf3%en0&apos;, os.name: &apos;Mac OS X&apos;, os.arch: &apos;x86_64&apos;, os.version: &apos;11.0&apos;, java.version: &apos;16.0.2&apos;
Driver info: org.openqa.selenium.chrome.ChromeDriver
Capabilities {acceptInsecureCerts: false, browserName: chrome, browserVersion: 105.0.5195.102, chrome: {chromedriverVersion: 104.0.5112.79 (3cf3e8c8a07d..., userDataDir: /var/folders/8c/dvnzzls14cz...}, goog:chromeOptions: {debuggerAddress: localhost:50628}, javascriptEnabled: true, networkConnectionEnabled: false, pageLoadStrategy: normal, platform: MAC, platformName: MAC, proxy: Proxy(), se:cdp: ws://localhost:50628/devtoo..., se:cdpVersion: 105.0.5195.102, setWindowRect: true, strictFileInteractability: false, timeouts: {implicit: 0, pageLoad: 300000, script: 30000}, unhandledPromptBehavior: dismiss and notify, webauthn:extension:credBlob: true, webauthn:extension:largeBlob: true, webauthn:virtualAuthenticators: true}
Session ID: ff50d9ee716718146d847b35f156dbf5
	at org.openqa.selenium.support.ui.WebDriverWait.timeoutException(WebDriverWait.java:138)
	at org.openqa.selenium.support.ui.FluentWait.until(FluentWait.java:231)
	at pageObject.admin.Coupon.getNextPagination(Coupon.java:174)
	at operator.CouponTest.ValidateMultipleCouponFilter(CouponTest.java:443)
	at java.base/java.util.ArrayList.forEach(ArrayList.java:1511)
... Removed 27 stack frames</div></td></tr></table><p class="totop"><a href="#summary">back to summary</a></p>
<h3 id="m11">operator.CouponTest#ValidateSingleCouponFilter</h3><table class="result"><tr><th>Exception</th></tr><tr><td><div class="stacktrace">org.openqa.selenium.NoSuchElementException: no such element: Unable to locate element: {&quot;method&quot;:&quot;xpath&quot;,&quot;selector&quot;:&quot;//div[@class=&apos;p-30 test font-medium text-muted&apos;]&quot;}
  (Session info: chrome=105.0.5195.102)
For documentation on this error, please visit: https://selenium.dev/exceptions/#no_such_element
Build info: version: &apos;4.1.2&apos;, revision: &apos;9a5a329c5a&apos;
System info: host: &apos;YV-Jerry.local&apos;, ip: &apos;fe80:0:0:0:1420:dc4e:48a2:adf3%en0&apos;, os.name: &apos;Mac OS X&apos;, os.arch: &apos;x86_64&apos;, os.version: &apos;11.0&apos;, java.version: &apos;16.0.2&apos;
Driver info: org.openqa.selenium.chrome.ChromeDriver
Command: [ff50d9ee716718146d847b35f156dbf5, findElement {using=xpath, value=//div[@class=&apos;p-30 test font-medium text-muted&apos;]}]
Capabilities {acceptInsecureCerts: false, browserName: chrome, browserVersion: 105.0.5195.102, chrome: {chromedriverVersion: 104.0.5112.79 (3cf3e8c8a07d..., userDataDir: /var/folders/8c/dvnzzls14cz...}, goog:chromeOptions: {debuggerAddress: localhost:50628}, javascriptEnabled: true, networkConnectionEnabled: false, pageLoadStrategy: normal, platform: MAC, platformName: MAC, proxy: Proxy(), se:cdp: ws://localhost:50628/devtoo..., se:cdpVersion: 105.0.5195.102, setWindowRect: true, strictFileInteractability: false, timeouts: {implicit: 0, pageLoad: 300000, script: 30000}, unhandledPromptBehavior: dismiss and notify, webauthn:extension:credBlob: true, webauthn:extension:largeBlob: true, webauthn:virtualAuthenticators: true}
Session ID: ff50d9ee716718146d847b35f156dbf5
	at org.openqa.selenium.remote.codec.w3c.W3CHttpResponseCodec.createException(W3CHttpResponseCodec.java:200)
	at org.openqa.selenium.remote.codec.w3c.W3CHttpResponseCodec.decode(W3CHttpResponseCodec.java:133)
	at org.openqa.selenium.remote.codec.w3c.W3CHttpResponseCodec.decode(W3CHttpResponseCodec.java:53)
	at org.openqa.selenium.remote.HttpCommandExecutor.execute(HttpCommandExecutor.java:184)
	at org.openqa.selenium.remote.service.DriverCommandExecutor.invokeExecute(DriverCommandExecutor.java:167)
	at org.openqa.selenium.remote.service.DriverCommandExecutor.execute(DriverCommandExecutor.java:142)
	at org.openqa.selenium.remote.RemoteWebDriver.execute(RemoteWebDriver.java:558)
	at org.openqa.selenium.remote.ElementLocation$ElementFinder$2.findElement(ElementLocation.java:162)
	at org.openqa.selenium.remote.ElementLocation.findElement(ElementLocation.java:60)
	at org.openqa.selenium.remote.RemoteWebDriver.findElement(RemoteWebDriver.java:382)
	at org.openqa.selenium.remote.RemoteWebDriver.findElement(RemoteWebDriver.java:374)
	at pageObject.admin.Coupon.getTableFooterText(Coupon.java:96)
	at operator.CouponTest.ValidateSingleCouponFilter(CouponTest.java:387)
	at java.base/java.util.ArrayList.forEach(ArrayList.java:1511)
... Removed 32 stack frames</div></td></tr></table><p class="totop"><a href="#summary">back to summary</a></p>
<h3 id="m12">operator.IdentityTest#ValidateIdentityListHeader</h3><table class="result"><tr><th>Exception</th></tr><tr><td><div class="stacktrace">java.lang.AssertionError: lists don&apos;t have the same size expected [8] but found [9]
	at operator.IdentityTest.ValidateIdentityListHeader(IdentityTest.java:64)
	at java.base/java.util.ArrayList.forEach(ArrayList.java:1511)
... Removed 34 stack frames</div></td></tr></table><p class="totop"><a href="#summary">back to summary</a></p>
<h3 id="m13">operator.IdentityTest#ValidateIdentityPage</h3><table class="result"><tr class="param"><th>Parameter #1</th></tr><tr class="param stripe"><td>{emailNotFound=tryme@gmail.com, invalidEmailAddress=jerry@gmail.c, singleCoupon=12500, permitName=test, lga=Amuwo-Odofin LGA, invalidPassword=OSOBASE4@, otp=9876543, agentNoCoupon=jtest@gmail.com, agentsearch=Jerry, emailAddress=jerryosobase4+002@gmail.com, invalidMultipleCouponQuantity=0, companyEmail=kahiper689@moenode.com, multipleCoupon=62500, invalidEmailResetPassword=jtest@gmail.com, companyPhoneNumber=84948940303}</td></tr><tr><th>Exception</th></tr><tr><td><div class="stacktrace">java.lang.AssertionError: The following asserts failed:
	expected [Identity] but found [Ecosystem]
	at operator.IdentityTest.ValidateIdentityPage(IdentityTest.java:49)
	at java.base/java.util.ArrayList.forEach(ArrayList.java:1511)
... Removed 29 stack frames</div></td></tr></table><p class="totop"><a href="#summary">back to summary</a></p>
<h3 id="m14">operator.IdentityTest#ValidateServiceDownLGAFilter</h3><table class="result"><tr class="param"><th>Parameter #1</th></tr><tr class="param stripe"><td>{emailAddress=jerryosobase4+002@gmail.com, singleCoupon=12500, companyEmail=kahiper689@moenode.com, permitName=test, lga=Amuwo-Odofin LGA, multipleCoupon=62500, otp=9876543, agentNoCoupon=jtest@gmail.com, companyPhoneNumber=84948940303, agentsearch=Jerry}</td></tr><tr><th>Exception</th></tr><tr><td><div class="stacktrace">org.openqa.selenium.NoSuchElementException: no such element: Unable to locate element: {&quot;method&quot;:&quot;xpath&quot;,&quot;selector&quot;:&quot;//a[text()=&apos; View anyway &apos;]&quot;}
  (Session info: chrome=105.0.5195.102)
For documentation on this error, please visit: https://selenium.dev/exceptions/#no_such_element
Build info: version: &apos;4.1.2&apos;, revision: &apos;9a5a329c5a&apos;
System info: host: &apos;YV-Jerry.local&apos;, ip: &apos;fe80:0:0:0:1420:dc4e:48a2:adf3%en0&apos;, os.name: &apos;Mac OS X&apos;, os.arch: &apos;x86_64&apos;, os.version: &apos;11.0&apos;, java.version: &apos;16.0.2&apos;
Driver info: org.openqa.selenium.chrome.ChromeDriver
Command: [9da5e41c202a6ea7ab191f4facd5519d, findElement {using=xpath, value=//a[text()=&apos; View anyway &apos;]}]
Capabilities {acceptInsecureCerts: false, browserName: chrome, browserVersion: 105.0.5195.102, chrome: {chromedriverVersion: 104.0.5112.79 (3cf3e8c8a07d..., userDataDir: /var/folders/8c/dvnzzls14cz...}, goog:chromeOptions: {debuggerAddress: localhost:52545}, javascriptEnabled: true, networkConnectionEnabled: false, pageLoadStrategy: normal, platform: MAC, platformName: MAC, proxy: Proxy(), se:cdp: ws://localhost:52545/devtoo..., se:cdpVersion: 105.0.5195.102, setWindowRect: true, strictFileInteractability: false, timeouts: {implicit: 0, pageLoad: 300000, script: 30000}, unhandledPromptBehavior: dismiss and notify, webauthn:extension:credBlob: true, webauthn:extension:largeBlob: true, webauthn:virtualAuthenticators: true}
Session ID: 9da5e41c202a6ea7ab191f4facd5519d
	at org.openqa.selenium.remote.codec.w3c.W3CHttpResponseCodec.createException(W3CHttpResponseCodec.java:200)
	at org.openqa.selenium.remote.codec.w3c.W3CHttpResponseCodec.decode(W3CHttpResponseCodec.java:133)
	at org.openqa.selenium.remote.codec.w3c.W3CHttpResponseCodec.decode(W3CHttpResponseCodec.java:53)
	at org.openqa.selenium.remote.HttpCommandExecutor.execute(HttpCommandExecutor.java:184)
	at org.openqa.selenium.remote.service.DriverCommandExecutor.invokeExecute(DriverCommandExecutor.java:167)
	at org.openqa.selenium.remote.service.DriverCommandExecutor.execute(DriverCommandExecutor.java:142)
	at org.openqa.selenium.remote.RemoteWebDriver.execute(RemoteWebDriver.java:558)
	at org.openqa.selenium.remote.ElementLocation$ElementFinder$2.findElement(ElementLocation.java:162)
	at org.openqa.selenium.remote.ElementLocation.findElement(ElementLocation.java:60)
	at org.openqa.selenium.remote.RemoteWebDriver.findElement(RemoteWebDriver.java:382)
	at org.openqa.selenium.remote.RemoteWebDriver.findElement(RemoteWebDriver.java:374)
	at pageObject.admin.ApplicationReport.getViewAnywayButton(ApplicationReport.java:49)
	at operator.IdentityTest.ValidateServiceDownLGAFilter(IdentityTest.java:610)
	at java.base/java.util.ArrayList.forEach(ArrayList.java:1511)
... Removed 31 stack frames</div></td></tr></table><p class="totop"><a href="#summary">back to summary</a></p>
<h3 id="m15">operator.IdentityTest#ValidateServiceDownStatusField</h3><table class="result"><tr><th>Exception</th></tr><tr><td><div class="stacktrace">org.openqa.selenium.NoSuchElementException: no such element: Unable to locate element: {&quot;method&quot;:&quot;xpath&quot;,&quot;selector&quot;:&quot;//a[text()=&apos; View anyway &apos;]&quot;}
  (Session info: chrome=105.0.5195.102)
For documentation on this error, please visit: https://selenium.dev/exceptions/#no_such_element
Build info: version: &apos;4.1.2&apos;, revision: &apos;9a5a329c5a&apos;
System info: host: &apos;YV-Jerry.local&apos;, ip: &apos;fe80:0:0:0:1420:dc4e:48a2:adf3%en0&apos;, os.name: &apos;Mac OS X&apos;, os.arch: &apos;x86_64&apos;, os.version: &apos;11.0&apos;, java.version: &apos;16.0.2&apos;
Driver info: org.openqa.selenium.chrome.ChromeDriver
Command: [9da5e41c202a6ea7ab191f4facd5519d, findElement {using=xpath, value=//a[text()=&apos; View anyway &apos;]}]
Capabilities {acceptInsecureCerts: false, browserName: chrome, browserVersion: 105.0.5195.102, chrome: {chromedriverVersion: 104.0.5112.79 (3cf3e8c8a07d..., userDataDir: /var/folders/8c/dvnzzls14cz...}, goog:chromeOptions: {debuggerAddress: localhost:52545}, javascriptEnabled: true, networkConnectionEnabled: false, pageLoadStrategy: normal, platform: MAC, platformName: MAC, proxy: Proxy(), se:cdp: ws://localhost:52545/devtoo..., se:cdpVersion: 105.0.5195.102, setWindowRect: true, strictFileInteractability: false, timeouts: {implicit: 0, pageLoad: 300000, script: 30000}, unhandledPromptBehavior: dismiss and notify, webauthn:extension:credBlob: true, webauthn:extension:largeBlob: true, webauthn:virtualAuthenticators: true}
Session ID: 9da5e41c202a6ea7ab191f4facd5519d
	at org.openqa.selenium.remote.codec.w3c.W3CHttpResponseCodec.createException(W3CHttpResponseCodec.java:200)
	at org.openqa.selenium.remote.codec.w3c.W3CHttpResponseCodec.decode(W3CHttpResponseCodec.java:133)
	at org.openqa.selenium.remote.codec.w3c.W3CHttpResponseCodec.decode(W3CHttpResponseCodec.java:53)
	at org.openqa.selenium.remote.HttpCommandExecutor.execute(HttpCommandExecutor.java:184)
	at org.openqa.selenium.remote.service.DriverCommandExecutor.invokeExecute(DriverCommandExecutor.java:167)
	at org.openqa.selenium.remote.service.DriverCommandExecutor.execute(DriverCommandExecutor.java:142)
	at org.openqa.selenium.remote.RemoteWebDriver.execute(RemoteWebDriver.java:558)
	at org.openqa.selenium.remote.ElementLocation$ElementFinder$2.findElement(ElementLocation.java:162)
	at org.openqa.selenium.remote.ElementLocation.findElement(ElementLocation.java:60)
	at org.openqa.selenium.remote.RemoteWebDriver.findElement(RemoteWebDriver.java:382)
	at org.openqa.selenium.remote.RemoteWebDriver.findElement(RemoteWebDriver.java:374)
	at pageObject.admin.ApplicationReport.getViewAnywayButton(ApplicationReport.java:49)
	at operator.IdentityTest.ValidateServiceDownStatusField(IdentityTest.java:383)
	at java.base/java.util.ArrayList.forEach(ArrayList.java:1511)
... Removed 32 stack frames</div></td></tr></table><p class="totop"><a href="#summary">back to summary</a></p>
<h3 id="m16">operator.ProfileTest#EmptyCurrentPasswordField</h3><table class="result"><tr><th>Exception</th></tr><tr><td><div class="stacktrace">org.openqa.selenium.TimeoutException: Expected condition failed: waiting for element to be clickable: By.xpath: //div[@class=&apos;form-group m-b-10&apos;] //button[text()=&apos; Change Password &apos;] (tried for 10 second(s) with 500 milliseconds interval)
Build info: version: &apos;4.1.2&apos;, revision: &apos;9a5a329c5a&apos;
System info: host: &apos;YV-Jerry.local&apos;, ip: &apos;fe80:0:0:0:1420:dc4e:48a2:adf3%en0&apos;, os.name: &apos;Mac OS X&apos;, os.arch: &apos;x86_64&apos;, os.version: &apos;11.0&apos;, java.version: &apos;16.0.2&apos;
Driver info: org.openqa.selenium.chrome.ChromeDriver
Capabilities {acceptInsecureCerts: false, browserName: chrome, browserVersion: 105.0.5195.102, chrome: {chromedriverVersion: 104.0.5112.79 (3cf3e8c8a07d..., userDataDir: /var/folders/8c/dvnzzls14cz...}, goog:chromeOptions: {debuggerAddress: localhost:51293}, javascriptEnabled: true, networkConnectionEnabled: false, pageLoadStrategy: normal, platform: MAC, platformName: MAC, proxy: Proxy(), se:cdp: ws://localhost:51293/devtoo..., se:cdpVersion: 105.0.5195.102, setWindowRect: true, strictFileInteractability: false, timeouts: {implicit: 0, pageLoad: 300000, script: 30000}, unhandledPromptBehavior: dismiss and notify, webauthn:extension:credBlob: true, webauthn:extension:largeBlob: true, webauthn:virtualAuthenticators: true}
Session ID: b2d32c5818000f94a6c03b09cf059cd6
	at org.openqa.selenium.support.ui.WebDriverWait.timeoutException(WebDriverWait.java:138)
	at org.openqa.selenium.support.ui.FluentWait.until(FluentWait.java:231)
	at pageObject.admin.Profile.getChangePassword(Profile.java:108)
	at operator.ProfileTest.EmptyCurrentPasswordField(ProfileTest.java:223)
	at java.base/java.util.ArrayList.forEach(ArrayList.java:1511)
... Removed 27 stack frames</div></td></tr></table><p class="totop"><a href="#summary">back to summary</a></p>
<h3 id="m17">operator.ProfileTest#InvalidCurrentPassword</h3><table class="result"><tr class="param"><th>Parameter #1</th></tr><tr class="param stripe"><td>{emailNotFound=justinbieber@gmail.com, invalidPassword=tesTing##, invalidEmailAddress=jerrygmail.com, invalidMultipleCouponQuantity=1, invalidEmailResetPassword=jtest+001@gmail.com}</td></tr><tr><th>Exception</th></tr><tr><td><div class="stacktrace">org.openqa.selenium.TimeoutException: Expected condition failed: waiting for element to be clickable: By.xpath: //div[@class=&apos;form-group m-b-10&apos;] //button[text()=&apos; Change Password &apos;] (tried for 10 second(s) with 500 milliseconds interval)
Build info: version: &apos;4.1.2&apos;, revision: &apos;9a5a329c5a&apos;
System info: host: &apos;YV-Jerry.local&apos;, ip: &apos;fe80:0:0:0:1420:dc4e:48a2:adf3%en0&apos;, os.name: &apos;Mac OS X&apos;, os.arch: &apos;x86_64&apos;, os.version: &apos;11.0&apos;, java.version: &apos;16.0.2&apos;
Driver info: org.openqa.selenium.chrome.ChromeDriver
Capabilities {acceptInsecureCerts: false, browserName: chrome, browserVersion: 105.0.5195.102, chrome: {chromedriverVersion: 104.0.5112.79 (3cf3e8c8a07d..., userDataDir: /var/folders/8c/dvnzzls14cz...}, goog:chromeOptions: {debuggerAddress: localhost:51293}, javascriptEnabled: true, networkConnectionEnabled: false, pageLoadStrategy: normal, platform: MAC, platformName: MAC, proxy: Proxy(), se:cdp: ws://localhost:51293/devtoo..., se:cdpVersion: 105.0.5195.102, setWindowRect: true, strictFileInteractability: false, timeouts: {implicit: 0, pageLoad: 300000, script: 30000}, unhandledPromptBehavior: dismiss and notify, webauthn:extension:credBlob: true, webauthn:extension:largeBlob: true, webauthn:virtualAuthenticators: true}
Session ID: b2d32c5818000f94a6c03b09cf059cd6
	at org.openqa.selenium.support.ui.WebDriverWait.timeoutException(WebDriverWait.java:138)
	at org.openqa.selenium.support.ui.FluentWait.until(FluentWait.java:231)
	at pageObject.admin.Profile.getChangePassword(Profile.java:108)
	at operator.ProfileTest.InvalidCurrentPassword(ProfileTest.java:258)
	at java.base/java.util.ArrayList.forEach(ArrayList.java:1511)
... Removed 27 stack frames</div></td></tr></table><p class="totop"><a href="#summary">back to summary</a></p>
<h3 id="m18">operator.ProfileTest#InvalidCurrentPassword</h3><table class="result"><tr class="param"><th>Parameter #1</th></tr><tr class="param stripe"><td>{emailNotFound=tryme@gmail.com, invalidPassword=OSOBASE4@, invalidEmailAddress=jerry@gmail.c, invalidMultipleCouponQuantity=0, invalidEmailResetPassword=jtest@gmail.com}</td></tr><tr><th>Exception</th></tr><tr><td><div class="stacktrace">org.openqa.selenium.TimeoutException: Expected condition failed: waiting for element to be clickable: By.xpath: //div[@class=&apos;form-group m-b-10&apos;] //button[text()=&apos; Change Password &apos;] (tried for 10 second(s) with 500 milliseconds interval)
Build info: version: &apos;4.1.2&apos;, revision: &apos;9a5a329c5a&apos;
System info: host: &apos;YV-Jerry.local&apos;, ip: &apos;fe80:0:0:0:1420:dc4e:48a2:adf3%en0&apos;, os.name: &apos;Mac OS X&apos;, os.arch: &apos;x86_64&apos;, os.version: &apos;11.0&apos;, java.version: &apos;16.0.2&apos;
Driver info: org.openqa.selenium.chrome.ChromeDriver
Capabilities {acceptInsecureCerts: false, browserName: chrome, browserVersion: 105.0.5195.102, chrome: {chromedriverVersion: 104.0.5112.79 (3cf3e8c8a07d..., userDataDir: /var/folders/8c/dvnzzls14cz...}, goog:chromeOptions: {debuggerAddress: localhost:51293}, javascriptEnabled: true, networkConnectionEnabled: false, pageLoadStrategy: normal, platform: MAC, platformName: MAC, proxy: Proxy(), se:cdp: ws://localhost:51293/devtoo..., se:cdpVersion: 105.0.5195.102, setWindowRect: true, strictFileInteractability: false, timeouts: {implicit: 0, pageLoad: 300000, script: 30000}, unhandledPromptBehavior: dismiss and notify, webauthn:extension:credBlob: true, webauthn:extension:largeBlob: true, webauthn:virtualAuthenticators: true}
Session ID: b2d32c5818000f94a6c03b09cf059cd6
	at org.openqa.selenium.support.ui.WebDriverWait.timeoutException(WebDriverWait.java:138)
	at org.openqa.selenium.support.ui.FluentWait.until(FluentWait.java:231)
	at pageObject.admin.Profile.getChangePassword(Profile.java:108)
	at operator.ProfileTest.InvalidCurrentPassword(ProfileTest.java:258)
	at java.base/java.util.ArrayList.forEach(ArrayList.java:1511)
... Removed 27 stack frames</div></td></tr></table><p class="totop"><a href="#summary">back to summary</a></p>
<h3 id="m19">operator.ProfileTest#ValidateConFirmPasswordField</h3><table class="result"><tr><th>Exception</th></tr><tr><td><div class="stacktrace">org.openqa.selenium.TimeoutException: Expected condition failed: waiting for element to be clickable: By.xpath: //div[@class=&apos;form-group m-b-10&apos;] //button[text()=&apos; Change Password &apos;] (tried for 10 second(s) with 500 milliseconds interval)
Build info: version: &apos;4.1.2&apos;, revision: &apos;9a5a329c5a&apos;
System info: host: &apos;YV-Jerry.local&apos;, ip: &apos;fe80:0:0:0:1420:dc4e:48a2:adf3%en0&apos;, os.name: &apos;Mac OS X&apos;, os.arch: &apos;x86_64&apos;, os.version: &apos;11.0&apos;, java.version: &apos;16.0.2&apos;
Driver info: org.openqa.selenium.chrome.ChromeDriver
Capabilities {acceptInsecureCerts: false, browserName: chrome, browserVersion: 105.0.5195.102, chrome: {chromedriverVersion: 104.0.5112.79 (3cf3e8c8a07d..., userDataDir: /var/folders/8c/dvnzzls14cz...}, goog:chromeOptions: {debuggerAddress: localhost:51293}, javascriptEnabled: true, networkConnectionEnabled: false, pageLoadStrategy: normal, platform: MAC, platformName: MAC, proxy: Proxy(), se:cdp: ws://localhost:51293/devtoo..., se:cdpVersion: 105.0.5195.102, setWindowRect: true, strictFileInteractability: false, timeouts: {implicit: 0, pageLoad: 300000, script: 30000}, unhandledPromptBehavior: dismiss and notify, webauthn:extension:credBlob: true, webauthn:extension:largeBlob: true, webauthn:virtualAuthenticators: true}
Session ID: b2d32c5818000f94a6c03b09cf059cd6
	at org.openqa.selenium.support.ui.WebDriverWait.timeoutException(WebDriverWait.java:138)
	at org.openqa.selenium.support.ui.FluentWait.until(FluentWait.java:231)
	at pageObject.admin.Profile.getChangePassword(Profile.java:108)
	at operator.ProfileTest.ValidateConFirmPasswordField(ProfileTest.java:194)
	at java.base/java.util.ArrayList.forEach(ArrayList.java:1511)
... Removed 27 stack frames</div></td></tr></table><p class="totop"><a href="#summary">back to summary</a></p>
<h3 id="m20">operator.ProfileTest#ValidateFirstNameEdit</h3><table class="result"><tr><th>Exception</th></tr><tr><td><div class="stacktrace">org.openqa.selenium.TimeoutException: Expected condition failed: waiting for element to be clickable: By.cssSelector: div.iziToast-texts (tried for 10 second(s) with 500 milliseconds interval)
Build info: version: &apos;4.1.2&apos;, revision: &apos;9a5a329c5a&apos;
System info: host: &apos;YV-Jerry.local&apos;, ip: &apos;fe80:0:0:0:1420:dc4e:48a2:adf3%en0&apos;, os.name: &apos;Mac OS X&apos;, os.arch: &apos;x86_64&apos;, os.version: &apos;11.0&apos;, java.version: &apos;16.0.2&apos;
Driver info: org.openqa.selenium.chrome.ChromeDriver
Capabilities {acceptInsecureCerts: false, browserName: chrome, browserVersion: 105.0.5195.102, chrome: {chromedriverVersion: 104.0.5112.79 (3cf3e8c8a07d..., userDataDir: /var/folders/8c/dvnzzls14cz...}, goog:chromeOptions: {debuggerAddress: localhost:51293}, javascriptEnabled: true, networkConnectionEnabled: false, pageLoadStrategy: normal, platform: MAC, platformName: MAC, proxy: Proxy(), se:cdp: ws://localhost:51293/devtoo..., se:cdpVersion: 105.0.5195.102, setWindowRect: true, strictFileInteractability: false, timeouts: {implicit: 0, pageLoad: 300000, script: 30000}, unhandledPromptBehavior: dismiss and notify, webauthn:extension:credBlob: true, webauthn:extension:largeBlob: true, webauthn:virtualAuthenticators: true}
Session ID: b2d32c5818000f94a6c03b09cf059cd6
	at org.openqa.selenium.support.ui.WebDriverWait.timeoutException(WebDriverWait.java:138)
	at org.openqa.selenium.support.ui.FluentWait.until(FluentWait.java:231)
	at pageObject.admin.Profile.getPromptMessage(Profile.java:72)
	at operator.ProfileTest.ValidateFirstNameEdit(ProfileTest.java:104)
	at java.base/java.util.ArrayList.forEach(ArrayList.java:1511)
... Removed 27 stack frames</div></td></tr></table><p class="totop"><a href="#summary">back to summary</a></p>
<h3 id="m21">operator.ProfileTest#ValidateLastNameEdit</h3><table class="result"><tr><th>Exception</th></tr><tr><td><div class="stacktrace">org.openqa.selenium.TimeoutException: Expected condition failed: waiting for element to be clickable: By.cssSelector: div.iziToast-texts (tried for 10 second(s) with 500 milliseconds interval)
Build info: version: &apos;4.1.2&apos;, revision: &apos;9a5a329c5a&apos;
System info: host: &apos;YV-Jerry.local&apos;, ip: &apos;fe80:0:0:0:1420:dc4e:48a2:adf3%en0&apos;, os.name: &apos;Mac OS X&apos;, os.arch: &apos;x86_64&apos;, os.version: &apos;11.0&apos;, java.version: &apos;16.0.2&apos;
Driver info: org.openqa.selenium.chrome.ChromeDriver
Capabilities {acceptInsecureCerts: false, browserName: chrome, browserVersion: 105.0.5195.102, chrome: {chromedriverVersion: 104.0.5112.79 (3cf3e8c8a07d..., userDataDir: /var/folders/8c/dvnzzls14cz...}, goog:chromeOptions: {debuggerAddress: localhost:51293}, javascriptEnabled: true, networkConnectionEnabled: false, pageLoadStrategy: normal, platform: MAC, platformName: MAC, proxy: Proxy(), se:cdp: ws://localhost:51293/devtoo..., se:cdpVersion: 105.0.5195.102, setWindowRect: true, strictFileInteractability: false, timeouts: {implicit: 0, pageLoad: 300000, script: 30000}, unhandledPromptBehavior: dismiss and notify, webauthn:extension:credBlob: true, webauthn:extension:largeBlob: true, webauthn:virtualAuthenticators: true}
Session ID: b2d32c5818000f94a6c03b09cf059cd6
	at org.openqa.selenium.support.ui.WebDriverWait.timeoutException(WebDriverWait.java:138)
	at org.openqa.selenium.support.ui.FluentWait.until(FluentWait.java:231)
	at pageObject.admin.Profile.getPromptMessage(Profile.java:72)
	at operator.ProfileTest.ValidateLastNameEdit(ProfileTest.java:123)
	at java.base/java.util.ArrayList.forEach(ArrayList.java:1511)
... Removed 27 stack frames</div></td></tr></table><p class="totop"><a href="#summary">back to summary</a></p>
<h3 id="m22">operator.ProfileTest#ValidateNewPasswordMatch</h3><table class="result"><tr class="param"><th>Parameter #1</th></tr><tr class="param stripe"><td>{emailNotFound=tryme@gmail.com, invalidEmailAddress=jerry@gmail.c, singleCoupon=12500, permitName=test, lga=Amuwo-Odofin LGA, invalidPassword=OSOBASE4@, otp=9876543, agentNoCoupon=jtest@gmail.com, agentsearch=Jerry, emailAddress=jerryosobase4+002@gmail.com, invalidMultipleCouponQuantity=0, companyEmail=kahiper689@moenode.com, multipleCoupon=62500, invalidEmailResetPassword=jtest@gmail.com, companyPhoneNumber=84948940303}</td></tr><tr><th>Exception</th></tr><tr><td><div class="stacktrace">org.openqa.selenium.TimeoutException: Expected condition failed: waiting for element to be clickable: By.xpath: //div[@class=&apos;form-group m-b-10&apos;] //button[text()=&apos; Change Password &apos;] (tried for 10 second(s) with 500 milliseconds interval)
Build info: version: &apos;4.1.2&apos;, revision: &apos;9a5a329c5a&apos;
System info: host: &apos;YV-Jerry.local&apos;, ip: &apos;fe80:0:0:0:1420:dc4e:48a2:adf3%en0&apos;, os.name: &apos;Mac OS X&apos;, os.arch: &apos;x86_64&apos;, os.version: &apos;11.0&apos;, java.version: &apos;16.0.2&apos;
Driver info: org.openqa.selenium.chrome.ChromeDriver
Capabilities {acceptInsecureCerts: false, browserName: chrome, browserVersion: 105.0.5195.102, chrome: {chromedriverVersion: 104.0.5112.79 (3cf3e8c8a07d..., userDataDir: /var/folders/8c/dvnzzls14cz...}, goog:chromeOptions: {debuggerAddress: localhost:51293}, javascriptEnabled: true, networkConnectionEnabled: false, pageLoadStrategy: normal, platform: MAC, platformName: MAC, proxy: Proxy(), se:cdp: ws://localhost:51293/devtoo..., se:cdpVersion: 105.0.5195.102, setWindowRect: true, strictFileInteractability: false, timeouts: {implicit: 0, pageLoad: 300000, script: 30000}, unhandledPromptBehavior: dismiss and notify, webauthn:extension:credBlob: true, webauthn:extension:largeBlob: true, webauthn:virtualAuthenticators: true}
Session ID: b2d32c5818000f94a6c03b09cf059cd6
	at org.openqa.selenium.support.ui.WebDriverWait.timeoutException(WebDriverWait.java:138)
	at org.openqa.selenium.support.ui.FluentWait.until(FluentWait.java:231)
	at pageObject.admin.Profile.getChangePassword(Profile.java:108)
	at operator.ProfileTest.ValidateNewPasswordMatch(ProfileTest.java:238)
	at java.base/java.util.ArrayList.forEach(ArrayList.java:1511)
... Removed 27 stack frames</div></td></tr></table><p class="totop"><a href="#summary">back to summary</a></p>
<h3 id="m23">operator.ProfileTest#ValidatePasswordTips</h3><table class="result"><tr><th>Exception</th></tr><tr><td><div class="stacktrace">org.openqa.selenium.TimeoutException: Expected condition failed: waiting for element to be clickable: By.xpath: //div[@class=&apos;form-group m-b-10&apos;] //button[text()=&apos; Change Password &apos;] (tried for 10 second(s) with 500 milliseconds interval)
Build info: version: &apos;4.1.2&apos;, revision: &apos;9a5a329c5a&apos;
System info: host: &apos;YV-Jerry.local&apos;, ip: &apos;fe80:0:0:0:1420:dc4e:48a2:adf3%en0&apos;, os.name: &apos;Mac OS X&apos;, os.arch: &apos;x86_64&apos;, os.version: &apos;11.0&apos;, java.version: &apos;16.0.2&apos;
Driver info: org.openqa.selenium.chrome.ChromeDriver
Capabilities {acceptInsecureCerts: false, browserName: chrome, browserVersion: 105.0.5195.102, chrome: {chromedriverVersion: 104.0.5112.79 (3cf3e8c8a07d..., userDataDir: /var/folders/8c/dvnzzls14cz...}, goog:chromeOptions: {debuggerAddress: localhost:51293}, javascriptEnabled: true, networkConnectionEnabled: false, pageLoadStrategy: normal, platform: MAC, platformName: MAC, proxy: Proxy(), se:cdp: ws://localhost:51293/devtoo..., se:cdpVersion: 105.0.5195.102, setWindowRect: true, strictFileInteractability: false, timeouts: {implicit: 0, pageLoad: 300000, script: 30000}, unhandledPromptBehavior: dismiss and notify, webauthn:extension:credBlob: true, webauthn:extension:largeBlob: true, webauthn:virtualAuthenticators: true}
Session ID: b2d32c5818000f94a6c03b09cf059cd6
	at org.openqa.selenium.support.ui.WebDriverWait.timeoutException(WebDriverWait.java:138)
	at org.openqa.selenium.support.ui.FluentWait.until(FluentWait.java:231)
	at pageObject.admin.Profile.getChangePassword(Profile.java:108)
	at operator.ProfileTest.ValidatePasswordTips(ProfileTest.java:206)
	at java.base/java.util.ArrayList.forEach(ArrayList.java:1511)
... Removed 27 stack frames</div></td></tr></table><p class="totop"><a href="#summary">back to summary</a></p>
<h3 id="m24">operator.ProfileTest#ValidatePhoneNumberEdit</h3><table class="result"><tr><th>Exception</th></tr><tr><td><div class="stacktrace">org.openqa.selenium.TimeoutException: Expected condition failed: waiting for element to be clickable: By.cssSelector: div.iziToast-texts (tried for 10 second(s) with 500 milliseconds interval)
Build info: version: &apos;4.1.2&apos;, revision: &apos;9a5a329c5a&apos;
System info: host: &apos;YV-Jerry.local&apos;, ip: &apos;fe80:0:0:0:1420:dc4e:48a2:adf3%en0&apos;, os.name: &apos;Mac OS X&apos;, os.arch: &apos;x86_64&apos;, os.version: &apos;11.0&apos;, java.version: &apos;16.0.2&apos;
Driver info: org.openqa.selenium.chrome.ChromeDriver
Capabilities {acceptInsecureCerts: false, browserName: chrome, browserVersion: 105.0.5195.102, chrome: {chromedriverVersion: 104.0.5112.79 (3cf3e8c8a07d..., userDataDir: /var/folders/8c/dvnzzls14cz...}, goog:chromeOptions: {debuggerAddress: localhost:51293}, javascriptEnabled: true, networkConnectionEnabled: false, pageLoadStrategy: normal, platform: MAC, platformName: MAC, proxy: Proxy(), se:cdp: ws://localhost:51293/devtoo..., se:cdpVersion: 105.0.5195.102, setWindowRect: true, strictFileInteractability: false, timeouts: {implicit: 0, pageLoad: 300000, script: 30000}, unhandledPromptBehavior: dismiss and notify, webauthn:extension:credBlob: true, webauthn:extension:largeBlob: true, webauthn:virtualAuthenticators: true}
Session ID: b2d32c5818000f94a6c03b09cf059cd6
	at org.openqa.selenium.support.ui.WebDriverWait.timeoutException(WebDriverWait.java:138)
	at org.openqa.selenium.support.ui.FluentWait.until(FluentWait.java:231)
	at pageObject.admin.Profile.getPromptMessage(Profile.java:72)
	at operator.ProfileTest.ValidatePhoneNumberEdit(ProfileTest.java:142)
	at java.base/java.util.ArrayList.forEach(ArrayList.java:1511)
... Removed 27 stack frames</div></td></tr></table><p class="totop"><a href="#summary">back to summary</a></p>
<h3 id="m25">operator.ProfileTest#ValidateProfileImageUpload</h3><table class="result"><tr><th>Exception</th></tr><tr><td><div class="stacktrace">org.openqa.selenium.ElementNotInteractableException: element not interactable
  (Session info: chrome=105.0.5195.102)
Build info: version: &apos;4.1.2&apos;, revision: &apos;9a5a329c5a&apos;
System info: host: &apos;YV-Jerry.local&apos;, ip: &apos;fe80:0:0:0:1420:dc4e:48a2:adf3%en0&apos;, os.name: &apos;Mac OS X&apos;, os.arch: &apos;x86_64&apos;, os.version: &apos;11.0&apos;, java.version: &apos;16.0.2&apos;
Driver info: org.openqa.selenium.chrome.ChromeDriver
Command: [b2d32c5818000f94a6c03b09cf059cd6, clickElement {id=1b80495a-9c45-461f-a661-6950f3591031}]
Capabilities {acceptInsecureCerts: false, browserName: chrome, browserVersion: 105.0.5195.102, chrome: {chromedriverVersion: 104.0.5112.79 (3cf3e8c8a07d..., userDataDir: /var/folders/8c/dvnzzls14cz...}, goog:chromeOptions: {debuggerAddress: localhost:51293}, javascriptEnabled: true, networkConnectionEnabled: false, pageLoadStrategy: normal, platform: MAC, platformName: MAC, proxy: Proxy(), se:cdp: ws://localhost:51293/devtoo..., se:cdpVersion: 105.0.5195.102, setWindowRect: true, strictFileInteractability: false, timeouts: {implicit: 0, pageLoad: 300000, script: 30000}, unhandledPromptBehavior: dismiss and notify, webauthn:extension:credBlob: true, webauthn:extension:largeBlob: true, webauthn:virtualAuthenticators: true}
Element: [[[[ChromeDriver: chrome on MAC (b2d32c5818000f94a6c03b09cf059cd6)] -&gt; xpath: //input[@type=&apos;file&apos;]]] -&gt; xpath: following-sibling::button]
Session ID: b2d32c5818000f94a6c03b09cf059cd6
	at org.openqa.selenium.remote.codec.w3c.W3CHttpResponseCodec.createException(W3CHttpResponseCodec.java:200)
	at org.openqa.selenium.remote.codec.w3c.W3CHttpResponseCodec.decode(W3CHttpResponseCodec.java:133)
	at org.openqa.selenium.remote.codec.w3c.W3CHttpResponseCodec.decode(W3CHttpResponseCodec.java:53)
	at org.openqa.selenium.remote.HttpCommandExecutor.execute(HttpCommandExecutor.java:184)
	at org.openqa.selenium.remote.service.DriverCommandExecutor.invokeExecute(DriverCommandExecutor.java:167)
	at org.openqa.selenium.remote.service.DriverCommandExecutor.execute(DriverCommandExecutor.java:142)
	at org.openqa.selenium.remote.RemoteWebDriver.execute(RemoteWebDriver.java:558)
	at org.openqa.selenium.remote.RemoteWebElement.execute(RemoteWebElement.java:251)
	at org.openqa.selenium.remote.RemoteWebElement.click(RemoteWebElement.java:77)
	at operator.ProfileTest.ValidateProfileImageUpload(ProfileTest.java:80)
	at java.base/java.util.ArrayList.forEach(ArrayList.java:1511)
... Removed 32 stack frames</div></td></tr></table><p class="totop"><a href="#summary">back to summary</a></p>
<h3 id="m26">operator.ProfileTest#ValidateProfileInformation</h3><table class="result"><tr><th>Exception</th></tr><tr><td><div class="stacktrace">org.openqa.selenium.TimeoutException: Expected condition failed: waiting for element to be clickable: By.xpath: //div[@class=&apos;form-group m-b-10&apos;] //button[text()=&apos; Change Password &apos;] (tried for 10 second(s) with 500 milliseconds interval)
Build info: version: &apos;4.1.2&apos;, revision: &apos;9a5a329c5a&apos;
System info: host: &apos;YV-Jerry.local&apos;, ip: &apos;fe80:0:0:0:1420:dc4e:48a2:adf3%en0&apos;, os.name: &apos;Mac OS X&apos;, os.arch: &apos;x86_64&apos;, os.version: &apos;11.0&apos;, java.version: &apos;16.0.2&apos;
Driver info: org.openqa.selenium.chrome.ChromeDriver
Capabilities {acceptInsecureCerts: false, browserName: chrome, browserVersion: 105.0.5195.102, chrome: {chromedriverVersion: 104.0.5112.79 (3cf3e8c8a07d..., userDataDir: /var/folders/8c/dvnzzls14cz...}, goog:chromeOptions: {debuggerAddress: localhost:51293}, javascriptEnabled: true, networkConnectionEnabled: false, pageLoadStrategy: normal, platform: MAC, platformName: MAC, proxy: Proxy(), se:cdp: ws://localhost:51293/devtoo..., se:cdpVersion: 105.0.5195.102, setWindowRect: true, strictFileInteractability: false, timeouts: {implicit: 0, pageLoad: 300000, script: 30000}, unhandledPromptBehavior: dismiss and notify, webauthn:extension:credBlob: true, webauthn:extension:largeBlob: true, webauthn:virtualAuthenticators: true}
Session ID: b2d32c5818000f94a6c03b09cf059cd6
	at org.openqa.selenium.support.ui.WebDriverWait.timeoutException(WebDriverWait.java:138)
	at org.openqa.selenium.support.ui.FluentWait.until(FluentWait.java:231)
	at pageObject.admin.Profile.getChangePassword(Profile.java:108)
	at operator.ProfileTest.ValidateProfileInformation(ProfileTest.java:66)
	at java.base/java.util.ArrayList.forEach(ArrayList.java:1511)
... Removed 27 stack frames</div></td></tr></table><p class="totop"><a href="#summary">back to summary</a></p>
<h3 id="m27">operator.ProfileTest#ValidateProfilePage</h3><table class="result"><tr class="param"><th>Parameter #1</th></tr><tr class="param stripe"><td>{emailNotFound=tryme@gmail.com, invalidEmailAddress=jerry@gmail.c, singleCoupon=12500, permitName=test, lga=Amuwo-Odofin LGA, invalidPassword=OSOBASE4@, otp=9876543, agentNoCoupon=jtest@gmail.com, agentsearch=Jerry, emailAddress=jerryosobase4+002@gmail.com, invalidMultipleCouponQuantity=0, companyEmail=kahiper689@moenode.com, multipleCoupon=62500, invalidEmailResetPassword=jtest@gmail.com, companyPhoneNumber=84948940303}</td></tr><tr><th>Exception</th></tr><tr><td><div class="stacktrace">org.openqa.selenium.TimeoutException: Expected condition failed: waiting for element to be clickable: By.xpath: //div[@class=&apos;form-group m-b-10&apos;] //button[text()=&apos; Change Password &apos;] (tried for 10 second(s) with 500 milliseconds interval)
Build info: version: &apos;4.1.2&apos;, revision: &apos;9a5a329c5a&apos;
System info: host: &apos;YV-Jerry.local&apos;, ip: &apos;fe80:0:0:0:1420:dc4e:48a2:adf3%en0&apos;, os.name: &apos;Mac OS X&apos;, os.arch: &apos;x86_64&apos;, os.version: &apos;11.0&apos;, java.version: &apos;16.0.2&apos;
Driver info: org.openqa.selenium.chrome.ChromeDriver
Capabilities {acceptInsecureCerts: false, browserName: chrome, browserVersion: 105.0.5195.102, chrome: {chromedriverVersion: 104.0.5112.79 (3cf3e8c8a07d..., userDataDir: /var/folders/8c/dvnzzls14cz...}, goog:chromeOptions: {debuggerAddress: localhost:51293}, javascriptEnabled: true, networkConnectionEnabled: false, pageLoadStrategy: normal, platform: MAC, platformName: MAC, proxy: Proxy(), se:cdp: ws://localhost:51293/devtoo..., se:cdpVersion: 105.0.5195.102, setWindowRect: true, strictFileInteractability: false, timeouts: {implicit: 0, pageLoad: 300000, script: 30000}, unhandledPromptBehavior: dismiss and notify, webauthn:extension:credBlob: true, webauthn:extension:largeBlob: true, webauthn:virtualAuthenticators: true}
Session ID: b2d32c5818000f94a6c03b09cf059cd6
	at org.openqa.selenium.support.ui.WebDriverWait.timeoutException(WebDriverWait.java:138)
	at org.openqa.selenium.support.ui.FluentWait.until(FluentWait.java:231)
	at pageObject.admin.Profile.getChangePassword(Profile.java:108)
	at operator.ProfileTest.ValidateProfilePage(ProfileTest.java:47)
	at java.base/java.util.ArrayList.forEach(ArrayList.java:1511)
... Removed 27 stack frames</div></td></tr></table><p class="totop"><a href="#summary">back to summary</a></p>
<h3 id="m28">admin.UsersTest#ValidateReactivateUser</h3><table class="result"><tr><th>Exception</th></tr><tr><td><div class="stacktrace">java.lang.Throwable: Method UsersTest.ValidateReactivateUser()[pri:0, instance:admin.UsersTest@27eedb64] depends on not successfully finished methods
	at java.base/java.util.ArrayList.forEach(ArrayList.java:1511)
... Removed 18 stack frames</div></td></tr></table><p class="totop"><a href="#summary">back to summary</a></p>
<h3 id="m29">operator.CouponTest#ValidateClearMultipleList</h3><table class="result"><tr><th>Exception</th></tr><tr><td><div class="stacktrace">java.lang.Throwable: Method CouponTest.ValidateClearMultipleList()[pri:0, instance:operator.CouponTest@49964d75] depends on not successfully finished methods
	at java.base/java.util.ArrayList.forEach(ArrayList.java:1511)
... Removed 18 stack frames</div></td></tr></table><p class="totop"><a href="#summary">back to summary</a></p>
<h3 id="m30">operator.CouponTest#ValidateClearSingleList</h3><table class="result"><tr><th>Exception</th></tr><tr><td><div class="stacktrace">java.lang.Throwable: Method CouponTest.ValidateClearSingleList()[pri:0, instance:operator.CouponTest@49964d75] depends on not successfully finished methods
	at java.base/java.util.ArrayList.forEach(ArrayList.java:1511)
... Removed 18 stack frames</div></td></tr></table><p class="totop"><a href="#summary">back to summary</a></p>
<h3 id="m31">operator.IdentityTest#ValidateClearServiceDownList</h3><table class="result"><tr><th>Exception</th></tr><tr><td><div class="stacktrace">java.lang.Throwable: Method IdentityTest.ValidateClearServiceDownList()[pri:0, instance:operator.IdentityTest@466276d8] depends on not successfully finished methods
	at java.base/java.util.ArrayList.forEach(ArrayList.java:1511)
... Removed 18 stack frames</div></td></tr></table><p class="totop"><a href="#summary">back to summary</a></p>
<h3 id="m32">admin.SettingsTest#InvalidPrimaryContactEmailFormat</h3><table class="result"><tr class="param"><th>Parameter #1</th></tr><tr class="param stripe"><td>{Invalidemailaddress=email@gmail.c, Invalidphonenumber=9593952$4a4, invalidCoupon=okokooko1}</td></tr></table><p class="totop"><a href="#summary">back to summary</a></p>
<h3 id="m33">admin.SettingsTest#InvalidPrimaryContactEmailFormat</h3><table class="result"><tr class="param"><th>Parameter #1</th></tr><tr class="param stripe"><td>{Invalidemailaddress=email.com, Invalidphonenumber=9593952048, invalidCoupon=okokooko}</td></tr></table><p class="totop"><a href="#summary">back to summary</a></p>
<h3 id="m34">admin.SettingsTest#InvalidPrimaryContactPhoneNumberFormat</h3><table class="result"><tr class="param"><th>Parameter #1</th></tr><tr class="param stripe"><td>{Invalidemailaddress=email@gmail.c, Invalidphonenumber=9593952$4a4, invalidCoupon=okokooko1}</td></tr></table><p class="totop"><a href="#summary">back to summary</a></p>
<h3 id="m35">admin.SettingsTest#InvalidPrimaryContactPhoneNumberFormat</h3><table class="result"><tr class="param"><th>Parameter #1</th></tr><tr class="param stripe"><td>{Invalidemailaddress=email.com, Invalidphonenumber=9593952048, invalidCoupon=okokooko}</td></tr></table><p class="totop"><a href="#summary">back to summary</a></p>
<h3 id="m36">admin.SettingsTest#InvalidSupportEmailFormat</h3><table class="result"><tr class="param"><th>Parameter #1</th></tr><tr class="param stripe"><td>{Invalidemailaddress=email.com, Invalidphonenumber=9593952048, invalidCoupon=okokooko}</td></tr></table><p class="totop"><a href="#summary">back to summary</a></p>
<h3 id="m37">admin.SettingsTest#InvalidSupportEmailFormat</h3><table class="result"><tr class="param"><th>Parameter #1</th></tr><tr class="param stripe"><td>{Invalidemailaddress=email@gmail.c, Invalidphonenumber=9593952$4a4, invalidCoupon=okokooko1}</td></tr></table><p class="totop"><a href="#summary">back to summary</a></p>
<h3 id="m38">admin.SettingsTest#InvalidSupportPhoneNumberFormat</h3><table class="result"><tr class="param"><th>Parameter #1</th></tr><tr class="param stripe"><td>{Invalidemailaddress=email@gmail.c, Invalidphonenumber=9593952$4a4, invalidCoupon=okokooko1}</td></tr></table><p class="totop"><a href="#summary">back to summary</a></p>
<h3 id="m39">admin.SettingsTest#InvalidSupportPhoneNumberFormat</h3><table class="result"><tr class="param"><th>Parameter #1</th></tr><tr class="param stripe"><td>{Invalidemailaddress=email.com, Invalidphonenumber=9593952048, invalidCoupon=okokooko}</td></tr></table><p class="totop"><a href="#summary">back to summary</a></p>
<h3 id="m40">admin.SettingsTest#ValidateBusinessAddressEdit</h3><table class="result"><tr><th class="invisible"/></tr></table><p class="totop"><a href="#summary">back to summary</a></p>
<h3 id="m41">admin.SettingsTest#ValidateBusinessNameEdit</h3><table class="result"><tr><th class="invisible"/></tr></table><p class="totop"><a href="#summary">back to summary</a></p>
<h3 id="m42">admin.SettingsTest#ValidateBusinessWebsiteEdit</h3><table class="result"><tr><th class="invisible"/></tr></table><p class="totop"><a href="#summary">back to summary</a></p>
<h3 id="m43">admin.SettingsTest#ValidateField</h3><table class="result"><tr><th class="invisible"/></tr></table><p class="totop"><a href="#summary">back to summary</a></p>
<h3 id="m44">admin.SettingsTest#ValidatePrimaryContactEmailEdit</h3><table class="result"><tr><th class="invisible"/></tr></table><p class="totop"><a href="#summary">back to summary</a></p>
<h3 id="m45">admin.SettingsTest#ValidatePrimaryContactNameEdit</h3><table class="result"><tr><th class="invisible"/></tr></table><p class="totop"><a href="#summary">back to summary</a></p>
<h3 id="m46">admin.SettingsTest#ValidatePrimaryContactPhoneNumberEdit</h3><table class="result"><tr><th class="invisible"/></tr></table><p class="totop"><a href="#summary">back to summary</a></p>
<h3 id="m47">admin.SettingsTest#ValidateReportPage</h3><table class="result"><tr class="param"><th>Parameter #1</th></tr><tr class="param stripe"><td>{emailNotFound=tryme@gmail.com, invalidEmailAddress=jerry@gmail.c, singleCoupon=12500, permitName=test, lga=Amuwo-Odofin LGA, invalidPassword=OSOBASE4@, agentNoCoupon=jtest@gmail.com, agentsearch=Jerry, emailAddress=base4jerry@gmail.com, password=Osobase4@, invalidMultipleCouponQuantity=0, companyEmail=kahiper689@moenode.com, multipleCoupon=62500, invalidEmailResetPassword=jtest@gmail.com, companyPhoneNumber=84948940303}</td></tr></table><p class="totop"><a href="#summary">back to summary</a></p>
<h3 id="m48">admin.SettingsTest#ValidateSupportEmailEdit</h3><table class="result"><tr><th class="invisible"/></tr></table><p class="totop"><a href="#summary">back to summary</a></p>
<h3 id="m49">admin.SettingsTest#ValidateSupportPhoneNumberEdit</h3><table class="result"><tr><th class="invisible"/></tr></table><p class="totop"><a href="#summary">back to summary</a></p>
<h3 id="m50">admin.UsersTest#EmptyPermissionCheckbox</h3><table class="result"><tr class="param"><th>Parameter #1</th></tr><tr class="param stripe"><td>{roleName=Testing2, userSearch=jerry, roleDescription=Automation test, roles=Super Admin}</td></tr></table><p class="totop"><a href="#summary">back to summary</a></p>
<h3 id="m51">admin.UsersTest#EmptyPermissionCheckbox</h3><table class="result"><tr class="param"><th>Parameter #1</th></tr><tr class="param stripe"><td>{roleName=Testing3, userSearch=george, roleDescription=Automation test1, roles=Enforcer}</td></tr></table><p class="totop"><a href="#summary">back to summary</a></p>
<h3 id="m52">admin.UsersTest#EmptyRoleDescriptionField</h3><table class="result"><tr class="param"><th>Parameter #1</th></tr><tr class="param stripe"><td>{roleName=Testing3, userSearch=george, roleDescription=Automation test1, roles=Enforcer}</td></tr></table><p class="totop"><a href="#summary">back to summary</a></p>
<h3 id="m53">admin.UsersTest#EmptyRoleDescriptionField</h3><table class="result"><tr class="param"><th>Parameter #1</th></tr><tr class="param stripe"><td>{roleName=Testing2, userSearch=jerry, roleDescription=Automation test, roles=Super Admin}</td></tr></table><p class="totop"><a href="#summary">back to summary</a></p>
<h3 id="m54">admin.UsersTest#EmptyRoleNameField</h3><table class="result"><tr class="param"><th>Parameter #1</th></tr><tr class="param stripe"><td>{roleName=Testing3, userSearch=george, roleDescription=Automation test1, roles=Enforcer}</td></tr></table><p class="totop"><a href="#summary">back to summary</a></p>
<h3 id="m55">admin.UsersTest#EmptyRoleNameField</h3><table class="result"><tr class="param"><th>Parameter #1</th></tr><tr class="param stripe"><td>{roleName=Testing2, userSearch=jerry, roleDescription=Automation test, roles=Super Admin}</td></tr></table><p class="totop"><a href="#summary">back to summary</a></p>
<h3 id="m56">admin.UsersTest#InviteUserEmptyEmailField</h3><table class="result"><tr class="param"><th>Parameter #1</th></tr><tr class="param stripe"><td>{roleName=Testing2, userSearch=jerry, roleDescription=Automation test, roles=Super Admin}</td></tr></table><p class="totop"><a href="#summary">back to summary</a></p>
<h3 id="m57">admin.UsersTest#InviteUserEmptyEmailField</h3><table class="result"><tr class="param"><th>Parameter #1</th></tr><tr class="param stripe"><td>{roleName=Testing3, userSearch=george, roleDescription=Automation test1, roles=Enforcer}</td></tr></table><p class="totop"><a href="#summary">back to summary</a></p>
<h3 id="m58">admin.UsersTest#InviteUserEmptyRoleField</h3><table class="result"><tr class="param"><th>Parameter #1</th></tr><tr class="param stripe"><td>{emailNotFound=justinbieber@gmail.com, invalidPassword=tesTing##, invalidEmailAddress=jerrygmail.com, invalidMultipleCouponQuantity=1, invalidEmailResetPassword=jtest+001@gmail.com}</td></tr></table><p class="totop"><a href="#summary">back to summary</a></p>
<h3 id="m59">admin.UsersTest#InviteUserEmptyRoleField</h3><table class="result"><tr class="param"><th>Parameter #1</th></tr><tr class="param stripe"><td>{emailNotFound=tryme@gmail.com, invalidPassword=OSOBASE4@, invalidEmailAddress=jerry@gmail.c, invalidMultipleCouponQuantity=0, invalidEmailResetPassword=jtest@gmail.com}</td></tr></table><p class="totop"><a href="#summary">back to summary</a></p>
<h3 id="m60">admin.UsersTest#SuccessfulUserInvite</h3><table class="result"><tr class="param"><th>Parameter #1</th></tr><tr class="param stripe"><td>{roleName=Testing3, userSearch=george, roleDescription=Automation test1, roles=Enforcer}</td></tr></table><p class="totop"><a href="#summary">back to summary</a></p>
<h3 id="m61">admin.UsersTest#ValidateActiveUserStatus</h3><table class="result"><tr><th class="invisible"/></tr></table><p class="totop"><a href="#summary">back to summary</a></p>
<h3 id="m62">admin.UsersTest#ValidateAssignedUsers</h3><table class="result"><tr><th class="invisible"/></tr></table><p class="totop"><a href="#summary">back to summary</a></p>
<h3 id="m63">admin.UsersTest#ValidateChangeUserRole</h3><table class="result"><tr class="param"><th>Parameter #1</th></tr><tr class="param stripe"><td>{roleName=Testing2, userSearch=jerry, roleDescription=Automation test, roles=Super Admin}</td></tr></table><p class="totop"><a href="#summary">back to summary</a></p>
<h3 id="m64">admin.UsersTest#ValidateChangeUserRole</h3><table class="result"><tr class="param"><th>Parameter #1</th></tr><tr class="param stripe"><td>{roleName=Testing3, userSearch=george, roleDescription=Automation test1, roles=Enforcer}</td></tr></table><p class="totop"><a href="#summary">back to summary</a></p>
<h3 id="m65">admin.UsersTest#ValidateCustomRoleButton</h3><table class="result"><tr class="param"><th>Parameter #1</th></tr><tr class="param stripe"><td>{roleName=Testing3, userSearch=george, roleDescription=Automation test1, roles=Enforcer}</td></tr></table><p class="totop"><a href="#summary">back to summary</a></p>
<h3 id="m66">admin.UsersTest#ValidateCustomRoleButton</h3><table class="result"><tr class="param"><th>Parameter #1</th></tr><tr class="param stripe"><td>{roleName=Testing2, userSearch=jerry, roleDescription=Automation test, roles=Super Admin}</td></tr></table><p class="totop"><a href="#summary">back to summary</a></p>
<h3 id="m67">admin.UsersTest#ValidateCustomRoleDeletebutton</h3><table class="result"><tr><th class="invisible"/></tr></table><p class="totop"><a href="#summary">back to summary</a></p>
<h3 id="m68">admin.UsersTest#ValidateDefaultRoleDeleteButton</h3><table class="result"><tr><th class="invisible"/></tr></table><p class="totop"><a href="#summary">back to summary</a></p>
<h3 id="m69">admin.UsersTest#ValidateDefaultRoleEditButton</h3><table class="result"><tr><th class="invisible"/></tr></table><p class="totop"><a href="#summary">back to summary</a></p>
<h3 id="m70">admin.UsersTest#ValidateDefaultRoleList</h3><table class="result"><tr><th class="invisible"/></tr></table><p class="totop"><a href="#summary">back to summary</a></p>
<h3 id="m71">admin.UsersTest#ValidateDeleteButton</h3><table class="result"><tr class="param"><th>Parameter #1</th></tr><tr class="param stripe"><td>{roleName=Testing3, userSearch=george, roleDescription=Automation test1, roles=Enforcer}</td></tr></table><p class="totop"><a href="#summary">back to summary</a></p>
<h3 id="m72">admin.UsersTest#ValidateDeleteButton</h3><table class="result"><tr class="param"><th>Parameter #1</th></tr><tr class="param stripe"><td>{roleName=Testing2, userSearch=jerry, roleDescription=Automation test, roles=Super Admin}</td></tr></table><p class="totop"><a href="#summary">back to summary</a></p>
<h3 id="m73">admin.UsersTest#ValidateDuplicateCustomRoleResponse</h3><table class="result"><tr class="param"><th>Parameter #1</th></tr><tr class="param stripe"><td>{roleName=Testing3, userSearch=george, roleDescription=Automation test1, roles=Enforcer}</td></tr></table><p class="totop"><a href="#summary">back to summary</a></p>
<h3 id="m74">admin.UsersTest#ValidateDuplicateCustomRoleResponse</h3><table class="result"><tr class="param"><th>Parameter #1</th></tr><tr class="param stripe"><td>{roleName=Testing2, userSearch=jerry, roleDescription=Automation test, roles=Super Admin}</td></tr></table><p class="totop"><a href="#summary">back to summary</a></p>
<h3 id="m75">admin.UsersTest#ValidateDuplicateEnforcerResponse</h3><table class="result"><tr class="param"><th>Parameter #1</th></tr><tr class="param stripe"><td>{roleName=Testing3, userSearch=george, roleDescription=Automation test1, roles=Enforcer}</td></tr></table><p class="totop"><a href="#summary">back to summary</a></p>
<h3 id="m76">admin.UsersTest#ValidateDuplicateEnforcerResponse</h3><table class="result"><tr class="param"><th>Parameter #1</th></tr><tr class="param stripe"><td>{roleName=Testing2, userSearch=jerry, roleDescription=Automation test, roles=Super Admin}</td></tr></table><p class="totop"><a href="#summary">back to summary</a></p>
<h3 id="m77">admin.UsersTest#ValidateDuplicateSuperAdminResponse</h3><table class="result"><tr class="param"><th>Parameter #1</th></tr><tr class="param stripe"><td>{roleName=Testing3, userSearch=george, roleDescription=Automation test1, roles=Enforcer}</td></tr></table><p class="totop"><a href="#summary">back to summary</a></p>
<h3 id="m78">admin.UsersTest#ValidateDuplicateSuperAdminResponse</h3><table class="result"><tr class="param"><th>Parameter #1</th></tr><tr class="param stripe"><td>{roleName=Testing2, userSearch=jerry, roleDescription=Automation test, roles=Super Admin}</td></tr></table><p class="totop"><a href="#summary">back to summary</a></p>
<h3 id="m79">admin.UsersTest#ValidateInviteUserButton</h3><table class="result"><tr><th class="invisible"/></tr></table><p class="totop"><a href="#summary">back to summary</a></p>
<h3 id="m80">admin.UsersTest#ValidateManageRoleButton</h3><table class="result"><tr><th class="invisible"/></tr></table><p class="totop"><a href="#summary">back to summary</a></p>
<h3 id="m81">admin.UsersTest#ValidateRoleDropDownField</h3><table class="result"><tr><th class="invisible"/></tr></table><p class="totop"><a href="#summary">back to summary</a></p>
<h3 id="m82">admin.UsersTest#ValidateRoleFieldFilter</h3><table class="result"><tr class="param"><th>Parameter #1</th></tr><tr class="param stripe"><td>{roleName=Testing3, userSearch=george, roleDescription=Automation test1, roles=Enforcer}</td></tr></table><p class="totop"><a href="#summary">back to summary</a></p>
<h3 id="m83">admin.UsersTest#ValidateRoleFieldFilter</h3><table class="result"><tr class="param"><th>Parameter #1</th></tr><tr class="param stripe"><td>{roleName=Testing2, userSearch=jerry, roleDescription=Automation test, roles=Super Admin}</td></tr></table><p class="totop"><a href="#summary">back to summary</a></p>
<h3 id="m84">admin.UsersTest#ValidateRoleType</h3><table class="result"><tr><th class="invisible"/></tr></table><p class="totop"><a href="#summary">back to summary</a></p>
<h3 id="m85">admin.UsersTest#ValidateUserCard</h3><table class="result"><tr><th class="invisible"/></tr></table><p class="totop"><a href="#summary">back to summary</a></p>
<h3 id="m86">admin.UsersTest#ValidateUserListHeader</h3><table class="result"><tr><th class="invisible"/></tr></table><p class="totop"><a href="#summary">back to summary</a></p>
<h3 id="m87">admin.UsersTest#ValidateUsersPage</h3><table class="result"><tr class="param"><th>Parameter #1</th></tr><tr class="param stripe"><td>{emailNotFound=tryme@gmail.com, invalidEmailAddress=jerry@gmail.c, singleCoupon=12500, permitName=test, lga=Amuwo-Odofin LGA, invalidPassword=OSOBASE4@, agentNoCoupon=jtest@gmail.com, agentsearch=Jerry, emailAddress=base4jerry@gmail.com, password=Osobase4@, invalidMultipleCouponQuantity=0, companyEmail=kahiper689@moenode.com, multipleCoupon=62500, invalidEmailResetPassword=jtest@gmail.com, companyPhoneNumber=84948940303}</td></tr></table><p class="totop"><a href="#summary">back to summary</a></p>
<h3 id="m88">admin.UsersTest#ValidateroleCardResponse</h3><table class="result"><tr><th class="invisible"/></tr></table><p class="totop"><a href="#summary">back to summary</a></p>
<h3 id="m89">operator.AdminLoginTest#EmptyEmailAddressField</h3><table class="result"><tr><th class="invisible"/></tr></table><p class="totop"><a href="#summary">back to summary</a></p>
<h3 id="m90">operator.AdminLoginTest#InvalidEmailAddressFormat</h3><table class="result"><tr class="param"><th>Parameter #1</th></tr><tr class="param stripe"><td>{emailNotFound=tryme@gmail.com, invalidPassword=OSOBASE4@, invalidEmailAddress=jerry@gmail.c, invalidMultipleCouponQuantity=0, invalidEmailResetPassword=jtest@gmail.com}</td></tr></table><p class="totop"><a href="#summary">back to summary</a></p>
<h3 id="m91">operator.AdminLoginTest#InvalidEmailAddressFormat</h3><table class="result"><tr class="param"><th>Parameter #1</th></tr><tr class="param stripe"><td>{emailNotFound=justinbieber@gmail.com, invalidPassword=tesTing##, invalidEmailAddress=jerrygmail.com, invalidMultipleCouponQuantity=1, invalidEmailResetPassword=jtest+001@gmail.com}</td></tr></table><p class="totop"><a href="#summary">back to summary</a></p>
<h3 id="m92">operator.AdminLoginTest#InvalidEmailAddressNotFound</h3><table class="result"><tr class="param"><th>Parameter #1</th></tr><tr class="param stripe"><td>{emailNotFound=justinbieber@gmail.com, invalidPassword=tesTing##, invalidEmailAddress=jerrygmail.com, invalidMultipleCouponQuantity=1, invalidEmailResetPassword=jtest+001@gmail.com}</td></tr></table><p class="totop"><a href="#summary">back to summary</a></p>
<h3 id="m93">operator.AdminLoginTest#InvalidEmailAddressNotFound</h3><table class="result"><tr class="param"><th>Parameter #1</th></tr><tr class="param stripe"><td>{emailNotFound=tryme@gmail.com, invalidPassword=OSOBASE4@, invalidEmailAddress=jerry@gmail.c, invalidMultipleCouponQuantity=0, invalidEmailResetPassword=jtest@gmail.com}</td></tr></table><p class="totop"><a href="#summary">back to summary</a></p>
<h3 id="m94">operator.AdminLoginTest#ValidateBackButton</h3><table class="result"><tr class="param"><th>Parameter #1</th></tr><tr class="param stripe"><td>{emailNotFound=tryme@gmail.com, invalidEmailAddress=jerry@gmail.c, singleCoupon=12500, permitName=test, lga=Amuwo-Odofin LGA, invalidPassword=OSOBASE4@, otp=9876543, agentNoCoupon=jtest@gmail.com, agentsearch=Jerry, emailAddress=jerryosobase4+002@gmail.com, invalidMultipleCouponQuantity=0, companyEmail=kahiper689@moenode.com, multipleCoupon=62500, invalidEmailResetPassword=jtest@gmail.com, companyPhoneNumber=84948940303}</td></tr></table><p class="totop"><a href="#summary">back to summary</a></p>
<h3 id="m95">operator.AdminLoginTest#ValidateSuccessfulAdminLogin</h3><table class="result"><tr class="param"><th>Parameter #1</th></tr><tr class="param stripe"><td>{emailNotFound=tryme@gmail.com, invalidEmailAddress=jerry@gmail.c, singleCoupon=12500, permitName=test, lga=Amuwo-Odofin LGA, invalidPassword=OSOBASE4@, otp=9876543, agentNoCoupon=jtest@gmail.com, agentsearch=Jerry, emailAddress=jerryosobase4+002@gmail.com, invalidMultipleCouponQuantity=0, companyEmail=kahiper689@moenode.com, multipleCoupon=62500, invalidEmailResetPassword=jtest@gmail.com, companyPhoneNumber=84948940303}</td></tr></table><p class="totop"><a href="#summary">back to summary</a></p>
<h3 id="m96">operator.CouponTest#EmptyCouponCodeField</h3><table class="result"><tr><th class="invisible"/></tr></table><p class="totop"><a href="#summary">back to summary</a></p>
<h3 id="m97">operator.CouponTest#EmptyDateField</h3><table class="result"><tr><th class="invisible"/></tr></table><p class="totop"><a href="#summary">back to summary</a></p>
<h3 id="m98">operator.CouponTest#EmptyDiscountValueField</h3><table class="result"><tr><th class="invisible"/></tr></table><p class="totop"><a href="#summary">back to summary</a></p>
<h3 id="m99">operator.CouponTest#ValidateAutosuggestiveSearchBar</h3><table class="result"><tr><th class="invisible"/></tr></table><p class="totop"><a href="#summary">back to summary</a></p>
<h3 id="m100">operator.CouponTest#ValidateCategoryDropdownList</h3><table class="result"><tr><th class="invisible"/></tr></table><p class="totop"><a href="#summary">back to summary</a></p>
<h3 id="m101">operator.CouponTest#ValidateCouponPage</h3><table class="result"><tr class="param"><th>Parameter #1</th></tr><tr class="param stripe"><td>{emailNotFound=tryme@gmail.com, invalidEmailAddress=jerry@gmail.c, singleCoupon=12500, permitName=test, lga=Amuwo-Odofin LGA, invalidPassword=OSOBASE4@, otp=9876543, agentNoCoupon=jtest@gmail.com, agentsearch=Jerry, emailAddress=jerryosobase4+002@gmail.com, invalidMultipleCouponQuantity=0, companyEmail=kahiper689@moenode.com, multipleCoupon=62500, invalidEmailResetPassword=jtest@gmail.com, companyPhoneNumber=84948940303}</td></tr></table><p class="totop"><a href="#summary">back to summary</a></p>
<h3 id="m102">operator.CouponTest#ValidateDiscountAmountValueFormat</h3><table class="result"><tr><th class="invisible"/></tr></table><p class="totop"><a href="#summary">back to summary</a></p>
<h3 id="m103">operator.CouponTest#ValidateDiscountPercentageValueFormat</h3><table class="result"><tr><th class="invisible"/></tr></table><p class="totop"><a href="#summary">back to summary</a></p>
<h3 id="m104">operator.CouponTest#ValidateDiscountTypeDropdownList</h3><table class="result"><tr><th class="invisible"/></tr></table><p class="totop"><a href="#summary">back to summary</a></p>
<h3 id="m105">operator.CouponTest#ValidateDownloadCSVButton</h3><table class="result"><tr><th class="invisible"/></tr></table><p class="totop"><a href="#summary">back to summary</a></p>
<h3 id="m106">operator.CouponTest#ValidateEndDateCheck</h3><table class="result"><tr><th class="invisible"/></tr></table><p class="totop"><a href="#summary">back to summary</a></p>
<h3 id="m107">operator.CouponTest#ValidateGenerateCouponCategoryDropdownList</h3><table class="result"><tr><th class="invisible"/></tr></table><p class="totop"><a href="#summary">back to summary</a></p>
<h3 id="m108">operator.CouponTest#ValidateGeneratedCouponCardResponse</h3><table class="result"><tr><th class="invisible"/></tr></table><p class="totop"><a href="#summary">back to summary</a></p>
<h3 id="m109">operator.CouponTest#ValidateGeneratedListHeader</h3><table class="result"><tr><th class="invisible"/></tr></table><p class="totop"><a href="#summary">back to summary</a></p>
<h3 id="m110">operator.CouponTest#ValidateMultipleCategoryQuanityField</h3><table class="result"><tr><th class="invisible"/></tr></table><p class="totop"><a href="#summary">back to summary</a></p>
<h3 id="m111">operator.CouponTest#ValidateMultipleCategoryQuanityFieldFormat</h3><table class="result"><tr class="param"><th>Parameter #1</th></tr><tr class="param stripe"><td>{emailNotFound=tryme@gmail.com, invalidPassword=OSOBASE4@, invalidEmailAddress=jerry@gmail.c, invalidMultipleCouponQuantity=0, invalidEmailResetPassword=jtest@gmail.com}</td></tr></table><p class="totop"><a href="#summary">back to summary</a></p>
<h3 id="m112">operator.CouponTest#ValidateMultipleCategoryQuanityFieldFormat</h3><table class="result"><tr class="param"><th>Parameter #1</th></tr><tr class="param stripe"><td>{emailNotFound=justinbieber@gmail.com, invalidPassword=tesTing##, invalidEmailAddress=jerrygmail.com, invalidMultipleCouponQuantity=1, invalidEmailResetPassword=jtest+001@gmail.com}</td></tr></table><p class="totop"><a href="#summary">back to summary</a></p>
<h3 id="m113">operator.CouponTest#ValidateSingleAgentField</h3><table class="result"><tr><th class="invisible"/></tr></table><p class="totop"><a href="#summary">back to summary</a></p>
<h3 id="m114">operator.CouponTest#ValidateSingleCategoryQuantityField</h3><table class="result"><tr><th class="invisible"/></tr></table><p class="totop"><a href="#summary">back to summary</a></p>
<h3 id="m115">operator.IdentityTest#ValidateAllLGAFilter</h3><table class="result"><tr class="param"><th>Parameter #1</th></tr><tr class="param stripe"><td>{emailAddress=jerryosobase4+002@gmail.com, singleCoupon=12500, companyEmail=kahiper689@moenode.co, permitName=online, lga=Yaba LCDA, multipleCoupon=62500, otp=9876543, agentNoCoupon=jtest@gmail.com, companyPhoneNumber=84948940399, agentsearch=Chioma}</td></tr></table><p class="totop"><a href="#summary">back to summary</a></p>
<h3 id="m116">operator.IdentityTest#ValidateAllLGAFilter</h3><table class="result"><tr class="param"><th>Parameter #1</th></tr><tr class="param stripe"><td>{emailAddress=jerryosobase4+002@gmail.com, singleCoupon=12500, companyEmail=kahiper689@moenode.com, permitName=test, lga=Amuwo-Odofin LGA, multipleCoupon=62500, otp=9876543, agentNoCoupon=jtest@gmail.com, companyPhoneNumber=84948940303, agentsearch=Jerry}</td></tr></table><p class="totop"><a href="#summary">back to summary</a></p>
<h3 id="m117">operator.IdentityTest#ValidateClearIncompleteList</h3><table class="result"><tr><th class="invisible"/></tr></table><p class="totop"><a href="#summary">back to summary</a></p>
<h3 id="m118">operator.IdentityTest#ValidateClearNotVerifiedList</h3><table class="result"><tr><th class="invisible"/></tr></table><p class="totop"><a href="#summary">back to summary</a></p>
<h3 id="m119">operator.IdentityTest#ValidateClearPendingList</h3><table class="result"><tr><th class="invisible"/></tr></table><p class="totop"><a href="#summary">back to summary</a></p>
<h3 id="m120">operator.IdentityTest#ValidateClearVerifiedList</h3><table class="result"><tr><th class="invisible"/></tr></table><p class="totop"><a href="#summary">back to summary</a></p>
<h3 id="m121">operator.IdentityTest#ValidateIncompleteLGAFilter</h3><table class="result"><tr class="param"><th>Parameter #1</th></tr><tr class="param stripe"><td>{emailAddress=jerryosobase4+002@gmail.com, singleCoupon=12500, companyEmail=kahiper689@moenode.co, permitName=online, lga=Yaba LCDA, multipleCoupon=62500, otp=9876543, agentNoCoupon=jtest@gmail.com, companyPhoneNumber=84948940399, agentsearch=Chioma}</td></tr></table><p class="totop"><a href="#summary">back to summary</a></p>
<h3 id="m122">operator.IdentityTest#ValidateIncompleteLGAFilter</h3><table class="result"><tr class="param"><th>Parameter #1</th></tr><tr class="param stripe"><td>{emailAddress=jerryosobase4+002@gmail.com, singleCoupon=12500, companyEmail=kahiper689@moenode.com, permitName=test, lga=Amuwo-Odofin LGA, multipleCoupon=62500, otp=9876543, agentNoCoupon=jtest@gmail.com, companyPhoneNumber=84948940303, agentsearch=Jerry}</td></tr></table><p class="totop"><a href="#summary">back to summary</a></p>
<h3 id="m123">operator.IdentityTest#ValidateIncompleteStatusField</h3><table class="result"><tr><th class="invisible"/></tr></table><p class="totop"><a href="#summary">back to summary</a></p>
<h3 id="m124">operator.IdentityTest#ValidateNotVerifiedLGAFilter</h3><table class="result"><tr class="param"><th>Parameter #1</th></tr><tr class="param stripe"><td>{emailAddress=jerryosobase4+002@gmail.com, singleCoupon=12500, companyEmail=kahiper689@moenode.com, permitName=test, lga=Amuwo-Odofin LGA, multipleCoupon=62500, otp=9876543, agentNoCoupon=jtest@gmail.com, companyPhoneNumber=84948940303, agentsearch=Jerry}</td></tr></table><p class="totop"><a href="#summary">back to summary</a></p>
<h3 id="m125">operator.IdentityTest#ValidateNotVerifiedLGAFilter</h3><table class="result"><tr class="param"><th>Parameter #1</th></tr><tr class="param stripe"><td>{emailAddress=jerryosobase4+002@gmail.com, singleCoupon=12500, companyEmail=kahiper689@moenode.co, permitName=online, lga=Yaba LCDA, multipleCoupon=62500, otp=9876543, agentNoCoupon=jtest@gmail.com, companyPhoneNumber=84948940399, agentsearch=Chioma}</td></tr></table><p class="totop"><a href="#summary">back to summary</a></p>
<h3 id="m126">operator.IdentityTest#ValidateNotVerifiedStatusField</h3><table class="result"><tr><th class="invisible"/></tr></table><p class="totop"><a href="#summary">back to summary</a></p>
<h3 id="m127">operator.IdentityTest#ValidatePendingLGAFilter</h3><table class="result"><tr class="param"><th>Parameter #1</th></tr><tr class="param stripe"><td>{emailAddress=jerryosobase4+002@gmail.com, singleCoupon=12500, companyEmail=kahiper689@moenode.com, permitName=test, lga=Amuwo-Odofin LGA, multipleCoupon=62500, otp=9876543, agentNoCoupon=jtest@gmail.com, companyPhoneNumber=84948940303, agentsearch=Jerry}</td></tr></table><p class="totop"><a href="#summary">back to summary</a></p>
<h3 id="m128">operator.IdentityTest#ValidatePendingLGAFilter</h3><table class="result"><tr class="param"><th>Parameter #1</th></tr><tr class="param stripe"><td>{emailAddress=jerryosobase4+002@gmail.com, singleCoupon=12500, companyEmail=kahiper689@moenode.co, permitName=online, lga=Yaba LCDA, multipleCoupon=62500, otp=9876543, agentNoCoupon=jtest@gmail.com, companyPhoneNumber=84948940399, agentsearch=Chioma}</td></tr></table><p class="totop"><a href="#summary">back to summary</a></p>
<h3 id="m129">operator.IdentityTest#ValidatePendingStatusField</h3><table class="result"><tr><th class="invisible"/></tr></table><p class="totop"><a href="#summary">back to summary</a></p>
<h3 id="m130">operator.IdentityTest#ValidateServiceDownLGAFilter</h3><table class="result"><tr class="param"><th>Parameter #1</th></tr><tr class="param stripe"><td>{emailAddress=jerryosobase4+002@gmail.com, singleCoupon=12500, companyEmail=kahiper689@moenode.co, permitName=online, lga=Yaba LCDA, multipleCoupon=62500, otp=9876543, agentNoCoupon=jtest@gmail.com, companyPhoneNumber=84948940399, agentsearch=Chioma}</td></tr></table><p class="totop"><a href="#summary">back to summary</a></p>
<h3 id="m131">operator.IdentityTest#ValidateStatusDropdownList</h3><table class="result"><tr><th class="invisible"/></tr></table><p class="totop"><a href="#summary">back to summary</a></p>
<h3 id="m132">operator.IdentityTest#ValidateVerifiedLGAFilter</h3><table class="result"><tr class="param"><th>Parameter #1</th></tr><tr class="param stripe"><td>{emailAddress=jerryosobase4+002@gmail.com, singleCoupon=12500, companyEmail=kahiper689@moenode.co, permitName=online, lga=Yaba LCDA, multipleCoupon=62500, otp=9876543, agentNoCoupon=jtest@gmail.com, companyPhoneNumber=84948940399, agentsearch=Chioma}</td></tr></table><p class="totop"><a href="#summary">back to summary</a></p>
<h3 id="m133">operator.IdentityTest#ValidateVerifiedLGAFilter</h3><table class="result"><tr class="param"><th>Parameter #1</th></tr><tr class="param stripe"><td>{emailAddress=jerryosobase4+002@gmail.com, singleCoupon=12500, companyEmail=kahiper689@moenode.com, permitName=test, lga=Amuwo-Odofin LGA, multipleCoupon=62500, otp=9876543, agentNoCoupon=jtest@gmail.com, companyPhoneNumber=84948940303, agentsearch=Jerry}</td></tr></table><p class="totop"><a href="#summary">back to summary</a></p>
<h3 id="m134">operator.IdentityTest#ValidateVerifiedStatusField</h3><table class="result"><tr><th class="invisible"/></tr></table><p class="totop"><a href="#summary">back to summary</a></p>
<h3 id="m135">operator.ProfileTest#InvalidPhoneNumberFormat</h3><table class="result"><tr class="param"><th>Parameter #1</th></tr><tr class="param stripe"><td>{Invalidemailaddress=email@gmail.c, Invalidphonenumber=9593952$4a4, invalidCoupon=okokooko1}</td></tr></table><p class="totop"><a href="#summary">back to summary</a></p>
<h3 id="m136">operator.ProfileTest#InvalidPhoneNumberFormat</h3><table class="result"><tr class="param"><th>Parameter #1</th></tr><tr class="param stripe"><td>{Invalidemailaddress=email.com, Invalidphonenumber=9593952048, invalidCoupon=okokooko}</td></tr></table><p class="totop"><a href="#summary">back to summary</a></p>
<h3 id="m137">operator.ProfileTest#ValidateEmailAddressEdit</h3><table class="result"><tr><th class="invisible"/></tr></table><p class="totop"><a href="#summary">back to summary</a></p>
<h3 id="m138">operator.ProfileTest#ValidateGenderEdit</h3><table class="result"><tr><th class="invisible"/></tr></table><p class="totop"><a href="#summary">back to summary</a></p>
</body>
</html>
