<?xml version="1.0" encoding="UTF-8"?>
<testng-results ignored="0" total="139" passed="107" failed="28" skipped="4">
  <reporter-output>
  </reporter-output>
  <suite started-at="2022-09-11T21:28:10 WAT" name="Suite" finished-at="2022-09-11T21:58:52 WAT" duration-ms="1842342">
    <groups>
    </groups>
    <test started-at="2022-09-11T21:28:10 WAT" name="Testing Operator Portal" finished-at="2022-09-11T21:58:52 WAT" duration-ms="1842342">
      <class name="operator.AdminLoginTest">
        <test-method is-config="true" signature="initialize()[pri:0, instance:operator.AdminLoginTest@7331196b]" started-at="2022-09-11T21:28:10 WAT" name="initialize" finished-at="2022-09-11T21:29:06 WAT" duration-ms="56345" status="PASS">
          <reporter-output>
          </reporter-output>
        </test-method> <!-- initialize -->
        <test-method signature="EmptyEmailAddressField()[pri:1, instance:operator.AdminLoginTest@7331196b]" started-at="2022-09-11T21:29:06 WAT" name="EmptyEmailAddressField" finished-at="2022-09-11T21:29:07 WAT" duration-ms="399" status="PASS">
          <reporter-output>
          </reporter-output>
        </test-method> <!-- EmptyEmailAddressField -->
        <test-method signature="InvalidEmailAddressNotFound(java.util.HashMap)[pri:2, instance:operator.AdminLoginTest@7331196b]" started-at="2022-09-11T21:29:07 WAT" name="InvalidEmailAddressNotFound" data-provider="invalidGetData" finished-at="2022-09-11T21:29:14 WAT" duration-ms="7464" status="PASS">
          <params>
            <param index="0">
              <value>
                <![CDATA[{emailNotFound=tryme@gmail.com, invalidPassword=OSOBASE4@, invalidEmailAddress=jerry@gmail.c, invalidMultipleCouponQuantity=0, invalidEmailResetPassword=jtest@gmail.com}]]>
              </value>
            </param>
          </params>
          <reporter-output>
          </reporter-output>
        </test-method> <!-- InvalidEmailAddressNotFound -->
        <test-method signature="InvalidEmailAddressNotFound(java.util.HashMap)[pri:2, instance:operator.AdminLoginTest@7331196b]" started-at="2022-09-11T21:29:14 WAT" name="InvalidEmailAddressNotFound" data-provider="invalidGetData" finished-at="2022-09-11T21:29:20 WAT" duration-ms="5985" status="PASS">
          <params>
            <param index="0">
              <value>
                <![CDATA[{emailNotFound=justinbieber@gmail.com, invalidPassword=tesTing##, invalidEmailAddress=jerrygmail.com, invalidMultipleCouponQuantity=1, invalidEmailResetPassword=jtest+001@gmail.com}]]>
              </value>
            </param>
          </params>
          <reporter-output>
          </reporter-output>
        </test-method> <!-- InvalidEmailAddressNotFound -->
        <test-method signature="InvalidEmailAddressFormat(java.util.HashMap)[pri:3, instance:operator.AdminLoginTest@7331196b]" started-at="2022-09-11T21:29:20 WAT" name="InvalidEmailAddressFormat" data-provider="invalidGetData" finished-at="2022-09-11T21:29:21 WAT" duration-ms="300" status="PASS">
          <params>
            <param index="0">
              <value>
                <![CDATA[{emailNotFound=tryme@gmail.com, invalidPassword=OSOBASE4@, invalidEmailAddress=jerry@gmail.c, invalidMultipleCouponQuantity=0, invalidEmailResetPassword=jtest@gmail.com}]]>
              </value>
            </param>
          </params>
          <reporter-output>
          </reporter-output>
        </test-method> <!-- InvalidEmailAddressFormat -->
        <test-method signature="InvalidEmailAddressFormat(java.util.HashMap)[pri:3, instance:operator.AdminLoginTest@7331196b]" started-at="2022-09-11T21:29:21 WAT" name="InvalidEmailAddressFormat" data-provider="invalidGetData" finished-at="2022-09-11T21:29:21 WAT" duration-ms="148" status="PASS">
          <params>
            <param index="0">
              <value>
                <![CDATA[{emailNotFound=justinbieber@gmail.com, invalidPassword=tesTing##, invalidEmailAddress=jerrygmail.com, invalidMultipleCouponQuantity=1, invalidEmailResetPassword=jtest+001@gmail.com}]]>
              </value>
            </param>
          </params>
          <reporter-output>
          </reporter-output>
        </test-method> <!-- InvalidEmailAddressFormat -->
        <test-method signature="ValidEmailAddress(java.util.HashMap)[pri:4, instance:operator.AdminLoginTest@7331196b]" started-at="2022-09-11T21:29:21 WAT" name="ValidEmailAddress" data-provider="mergedData" finished-at="2022-09-11T21:29:37 WAT" duration-ms="15883" status="FAIL">
          <params>
            <param index="0">
              <value>
                <![CDATA[{emailNotFound=tryme@gmail.com, invalidEmailAddress=jerry@gmail.c, singleCoupon=12500, permitName=test, lga=Amuwo-Odofin LGA, invalidPassword=OSOBASE4@, otp=9876543, agentNoCoupon=jtest@gmail.com, agentsearch=Jerry, emailAddress=jerryosobase4+002@gmail.com, invalidMultipleCouponQuantity=0, companyEmail=kahiper689@moenode.com, multipleCoupon=62500, invalidEmailResetPassword=jtest@gmail.com, companyPhoneNumber=84948940303}]]>
              </value>
            </param>
          </params>
          <exception class="org.openqa.selenium.TimeoutException">
            <message>
              <![CDATA[Expected condition failed: waiting for presence of element located by: By.id: login-password (tried for 15 second(s) with 500 milliseconds interval)]]>
            </message>
            <full-stacktrace>
              <![CDATA[org.openqa.selenium.TimeoutException: Expected condition failed: waiting for presence of element located by: By.id: login-password (tried for 15 second(s) with 500 milliseconds interval)
at org.openqa.selenium.support.ui.WebDriverWait.timeoutException(WebDriverWait.java:138)
at org.openqa.selenium.support.ui.FluentWait.until(FluentWait.java:231)
at pageObject.admin.AdminLogin.getPasswordField(AdminLogin.java:90)
at operator.AdminLoginTest.ValidEmailAddress(AdminLoginTest.java:66)
at java.base/jdk.internal.reflect.NativeMethodAccessorImpl.invoke0(Native Method)
at java.base/jdk.internal.reflect.NativeMethodAccessorImpl.invoke(NativeMethodAccessorImpl.java:78)
at java.base/jdk.internal.reflect.DelegatingMethodAccessorImpl.invoke(DelegatingMethodAccessorImpl.java:43)
at java.base/java.lang.reflect.Method.invoke(Method.java:567)
at org.testng.internal.MethodInvocationHelper.invokeMethod(MethodInvocationHelper.java:133)
at org.testng.internal.TestInvoker.invokeMethod(TestInvoker.java:598)
at org.testng.internal.TestInvoker.invokeTestMethod(TestInvoker.java:173)
at org.testng.internal.MethodRunner.runInSequence(MethodRunner.java:46)
at org.testng.internal.TestInvoker$MethodInvocationAgent.invoke(TestInvoker.java:824)
at org.testng.internal.TestInvoker.invokeTestMethods(TestInvoker.java:146)
at org.testng.internal.TestMethodWorker.invokeTestMethods(TestMethodWorker.java:146)
at org.testng.internal.TestMethodWorker.run(TestMethodWorker.java:128)
at java.base/java.util.ArrayList.forEach(ArrayList.java:1511)
at org.testng.TestRunner.privateRun(TestRunner.java:794)
at org.testng.TestRunner.run(TestRunner.java:596)
at org.testng.SuiteRunner.runTest(SuiteRunner.java:377)
at org.testng.SuiteRunner.runSequentially(SuiteRunner.java:371)
at org.testng.SuiteRunner.privateRun(SuiteRunner.java:332)
at org.testng.SuiteRunner.run(SuiteRunner.java:276)
at org.testng.SuiteRunnerWorker.runSuite(SuiteRunnerWorker.java:53)
at org.testng.SuiteRunnerWorker.run(SuiteRunnerWorker.java:96)
at org.testng.TestNG.runSuitesSequentially(TestNG.java:1212)
at org.testng.TestNG.runSuitesLocally(TestNG.java:1134)
at org.testng.TestNG.runSuites(TestNG.java:1063)
at org.testng.TestNG.run(TestNG.java:1031)
at org.testng.remote.AbstractRemoteTestNG.run(AbstractRemoteTestNG.java:115)
at org.testng.remote.RemoteTestNG.initAndRun(RemoteTestNG.java:251)
at org.testng.remote.RemoteTestNG.main(RemoteTestNG.java:77)
Caused by: org.openqa.selenium.NoSuchElementException: no such element: Unable to locate element: {"method":"css selector","selector":"#login\-password"}
  (Session info: chrome=105.0.5195.102)
For documentation on this error, please visit: https://selenium.dev/exceptions/#no_such_element
Build info: version: '4.1.2', revision: '9a5a329c5a'
System info: host: 'YV-Jerry.local', ip: 'fe80:0:0:0:1420:dc4e:48a2:adf3%en0', os.name: 'Mac OS X', os.arch: 'x86_64', os.version: '11.0', java.version: '16.0.2'
Driver info: org.openqa.selenium.chrome.ChromeDriver
Command: [de0a42b104f8e634300259ca50a579ec, findElement {using=id, value=login-password}]
Capabilities {acceptInsecureCerts: false, browserName: chrome, browserVersion: 105.0.5195.102, chrome: {chromedriverVersion: 104.0.5112.79 (3cf3e8c8a07d..., userDataDir: /var/folders/8c/dvnzzls14cz...}, goog:chromeOptions: {debuggerAddress: localhost:50212}, javascriptEnabled: true, networkConnectionEnabled: false, pageLoadStrategy: normal, platform: MAC, platformName: MAC, proxy: Proxy(), se:cdp: ws://localhost:50212/devtoo..., se:cdpVersion: 105.0.5195.102, setWindowRect: true, strictFileInteractability: false, timeouts: {implicit: 0, pageLoad: 300000, script: 30000}, unhandledPromptBehavior: dismiss and notify, webauthn:extension:credBlob: true, webauthn:extension:largeBlob: true, webauthn:virtualAuthenticators: true}
Session ID: de0a42b104f8e634300259ca50a579ec
at java.base/jdk.internal.reflect.NativeConstructorAccessorImpl.newInstance0(Native Method)
at java.base/jdk.internal.reflect.NativeConstructorAccessorImpl.newInstance(NativeConstructorAccessorImpl.java:78)
at java.base/jdk.internal.reflect.DelegatingConstructorAccessorImpl.newInstance(DelegatingConstructorAccessorImpl.java:45)
at java.base/java.lang.reflect.Constructor.newInstanceWithCaller(Constructor.java:499)
at java.base/java.lang.reflect.Constructor.newInstance(Constructor.java:480)
at org.openqa.selenium.remote.codec.w3c.W3CHttpResponseCodec.createException(W3CHttpResponseCodec.java:200)
at org.openqa.selenium.remote.codec.w3c.W3CHttpResponseCodec.decode(W3CHttpResponseCodec.java:133)
at org.openqa.selenium.remote.codec.w3c.W3CHttpResponseCodec.decode(W3CHttpResponseCodec.java:53)
at org.openqa.selenium.remote.HttpCommandExecutor.execute(HttpCommandExecutor.java:184)
at org.openqa.selenium.remote.service.DriverCommandExecutor.invokeExecute(DriverCommandExecutor.java:167)
at org.openqa.selenium.remote.service.DriverCommandExecutor.execute(DriverCommandExecutor.java:142)
at org.openqa.selenium.remote.RemoteWebDriver.execute(RemoteWebDriver.java:558)
at org.openqa.selenium.remote.ElementLocation$ElementFinder$2.findElement(ElementLocation.java:162)
at org.openqa.selenium.remote.ElementLocation.findElement(ElementLocation.java:60)
at org.openqa.selenium.remote.RemoteWebDriver.findElement(RemoteWebDriver.java:382)
at org.openqa.selenium.remote.RemoteWebDriver.findElement(RemoteWebDriver.java:374)
at org.openqa.selenium.support.ui.ExpectedConditions$6.apply(ExpectedConditions.java:174)
at org.openqa.selenium.support.ui.ExpectedConditions$6.apply(ExpectedConditions.java:171)
at org.openqa.selenium.support.ui.FluentWait.until(FluentWait.java:208)
... 30 more
]]>
            </full-stacktrace>
          </exception> <!-- org.openqa.selenium.TimeoutException -->
          <reporter-output>
          </reporter-output>
        </test-method> <!-- ValidEmailAddress -->
        <test-method signature="ValidateBackButton(java.util.HashMap)[pri:5, instance:operator.AdminLoginTest@7331196b]" started-at="2022-09-11T21:29:38 WAT" name="ValidateBackButton" data-provider="mergedData" finished-at="2022-09-11T21:29:39 WAT" duration-ms="693" status="PASS">
          <params>
            <param index="0">
              <value>
                <![CDATA[{emailNotFound=tryme@gmail.com, invalidEmailAddress=jerry@gmail.c, singleCoupon=12500, permitName=test, lga=Amuwo-Odofin LGA, invalidPassword=OSOBASE4@, otp=9876543, agentNoCoupon=jtest@gmail.com, agentsearch=Jerry, emailAddress=jerryosobase4+002@gmail.com, invalidMultipleCouponQuantity=0, companyEmail=kahiper689@moenode.com, multipleCoupon=62500, invalidEmailResetPassword=jtest@gmail.com, companyPhoneNumber=84948940303}]]>
              </value>
            </param>
          </params>
          <reporter-output>
          </reporter-output>
        </test-method> <!-- ValidateBackButton -->
        <test-method signature="ValidateSuccessfulAdminLogin(java.util.HashMap)[pri:6, instance:operator.AdminLoginTest@7331196b]" started-at="2022-09-11T21:29:39 WAT" name="ValidateSuccessfulAdminLogin" data-provider="mergedData" finished-at="2022-09-11T21:29:45 WAT" duration-ms="6550" status="PASS">
          <params>
            <param index="0">
              <value>
                <![CDATA[{emailNotFound=tryme@gmail.com, invalidEmailAddress=jerry@gmail.c, singleCoupon=12500, permitName=test, lga=Amuwo-Odofin LGA, invalidPassword=OSOBASE4@, otp=9876543, agentNoCoupon=jtest@gmail.com, agentsearch=Jerry, emailAddress=jerryosobase4+002@gmail.com, invalidMultipleCouponQuantity=0, companyEmail=kahiper689@moenode.com, multipleCoupon=62500, invalidEmailResetPassword=jtest@gmail.com, companyPhoneNumber=84948940303}]]>
              </value>
            </param>
          </params>
          <reporter-output>
          </reporter-output>
        </test-method> <!-- ValidateSuccessfulAdminLogin -->
        <test-method signature="ValidateLogout()[pri:7, instance:operator.AdminLoginTest@7331196b]" started-at="2022-09-11T21:29:45 WAT" name="ValidateLogout" finished-at="2022-09-11T21:29:47 WAT" depends-on-methods="operator.AdminLoginTest.ValidateSuccessfulAdminLogin" duration-ms="1097" status="FAIL">
          <exception class="java.lang.AssertionError">
            <message>
              <![CDATA[The following asserts failed:
expected [Error
Please login to continue] but found [Please login to continue]]]>
            </message>
            <full-stacktrace>
              <![CDATA[java.lang.AssertionError: The following asserts failed:
expected [Error
Please login to continue] but found [Please login to continue]
at org.testng.asserts.SoftAssert.assertAll(SoftAssert.java:47)
at org.testng.asserts.SoftAssert.assertAll(SoftAssert.java:31)
at operator.AdminLoginTest.ValidateLogout(AdminLoginTest.java:106)
at java.base/jdk.internal.reflect.NativeMethodAccessorImpl.invoke0(Native Method)
at java.base/jdk.internal.reflect.NativeMethodAccessorImpl.invoke(NativeMethodAccessorImpl.java:78)
at java.base/jdk.internal.reflect.DelegatingMethodAccessorImpl.invoke(DelegatingMethodAccessorImpl.java:43)
at java.base/java.lang.reflect.Method.invoke(Method.java:567)
at org.testng.internal.MethodInvocationHelper.invokeMethod(MethodInvocationHelper.java:133)
at org.testng.internal.TestInvoker.invokeMethod(TestInvoker.java:598)
at org.testng.internal.TestInvoker.invokeTestMethod(TestInvoker.java:173)
at org.testng.internal.MethodRunner.runInSequence(MethodRunner.java:46)
at org.testng.internal.TestInvoker$MethodInvocationAgent.invoke(TestInvoker.java:824)
at org.testng.internal.TestInvoker.invokeTestMethods(TestInvoker.java:146)
at org.testng.internal.TestMethodWorker.invokeTestMethods(TestMethodWorker.java:146)
at org.testng.internal.TestMethodWorker.run(TestMethodWorker.java:128)
at java.base/java.util.ArrayList.forEach(ArrayList.java:1511)
at org.testng.TestRunner.privateRun(TestRunner.java:794)
at org.testng.TestRunner.run(TestRunner.java:596)
at org.testng.SuiteRunner.runTest(SuiteRunner.java:377)
at org.testng.SuiteRunner.runSequentially(SuiteRunner.java:371)
at org.testng.SuiteRunner.privateRun(SuiteRunner.java:332)
at org.testng.SuiteRunner.run(SuiteRunner.java:276)
at org.testng.SuiteRunnerWorker.runSuite(SuiteRunnerWorker.java:53)
at org.testng.SuiteRunnerWorker.run(SuiteRunnerWorker.java:96)
at org.testng.TestNG.runSuitesSequentially(TestNG.java:1212)
at org.testng.TestNG.runSuitesLocally(TestNG.java:1134)
at org.testng.TestNG.runSuites(TestNG.java:1063)
at org.testng.TestNG.run(TestNG.java:1031)
at org.testng.remote.AbstractRemoteTestNG.run(AbstractRemoteTestNG.java:115)
at org.testng.remote.RemoteTestNG.initAndRun(RemoteTestNG.java:251)
at org.testng.remote.RemoteTestNG.main(RemoteTestNG.java:77)
]]>
            </full-stacktrace>
          </exception> <!-- java.lang.AssertionError -->
          <reporter-output>
          </reporter-output>
        </test-method> <!-- ValidateLogout -->
        <test-method is-config="true" signature="terminate()[pri:0, instance:operator.AdminLoginTest@7331196b]" started-at="2022-09-11T21:29:48 WAT" name="terminate" finished-at="2022-09-11T21:29:48 WAT" duration-ms="235" status="PASS">
          <reporter-output>
          </reporter-output>
        </test-method> <!-- terminate -->
      </class> <!-- operator.AdminLoginTest -->
      <class name="admin.UsersTest">
        <test-method is-config="true" signature="initialize()[pri:0, instance:admin.UsersTest@27eedb64]" started-at="2022-09-11T21:49:27 WAT" name="initialize" finished-at="2022-09-11T21:49:51 WAT" duration-ms="23918" status="PASS">
          <reporter-output>
          </reporter-output>
        </test-method> <!-- initialize -->
        <test-method signature="ValidateUsersPage(java.util.HashMap)[pri:1, instance:admin.UsersTest@27eedb64]" started-at="2022-09-11T21:49:51 WAT" name="ValidateUsersPage" data-provider="mergedData" finished-at="2022-09-11T21:50:04 WAT" duration-ms="13446" status="PASS">
          <params>
            <param index="0">
              <value>
                <![CDATA[{emailNotFound=tryme@gmail.com, invalidEmailAddress=jerry@gmail.c, singleCoupon=12500, permitName=test, lga=Amuwo-Odofin LGA, invalidPassword=OSOBASE4@, agentNoCoupon=jtest@gmail.com, agentsearch=Jerry, emailAddress=base4jerry@gmail.com, password=Osobase4@, invalidMultipleCouponQuantity=0, companyEmail=kahiper689@moenode.com, multipleCoupon=62500, invalidEmailResetPassword=jtest@gmail.com, companyPhoneNumber=84948940303}]]>
              </value>
            </param>
          </params>
          <reporter-output>
          </reporter-output>
        </test-method> <!-- ValidateUsersPage -->
        <test-method signature="ValidateUserListHeader()[pri:2, instance:admin.UsersTest@27eedb64]" started-at="2022-09-11T21:50:04 WAT" name="ValidateUserListHeader" finished-at="2022-09-11T21:50:04 WAT" duration-ms="377" status="PASS">
          <reporter-output>
          </reporter-output>
        </test-method> <!-- ValidateUserListHeader -->
        <test-method signature="ValidateManageRoleButton()[pri:3, instance:admin.UsersTest@27eedb64]" started-at="2022-09-11T21:50:04 WAT" name="ValidateManageRoleButton" finished-at="2022-09-11T21:50:08 WAT" duration-ms="3126" status="PASS">
          <reporter-output>
          </reporter-output>
        </test-method> <!-- ValidateManageRoleButton -->
        <test-method signature="ValidateRoleType()[pri:4, instance:admin.UsersTest@27eedb64]" started-at="2022-09-11T21:50:08 WAT" name="ValidateRoleType" finished-at="2022-09-11T21:50:11 WAT" duration-ms="3008" status="PASS">
          <reporter-output>
          </reporter-output>
        </test-method> <!-- ValidateRoleType -->
        <test-method signature="ValidateDefaultRoleList()[pri:5, instance:admin.UsersTest@27eedb64]" started-at="2022-09-11T21:50:11 WAT" name="ValidateDefaultRoleList" finished-at="2022-09-11T21:50:13 WAT" duration-ms="2709" status="PASS">
          <reporter-output>
          </reporter-output>
        </test-method> <!-- ValidateDefaultRoleList -->
        <test-method signature="EmptyRoleNameField(java.util.HashMap)[pri:6, instance:admin.UsersTest@27eedb64]" started-at="2022-09-11T21:50:13 WAT" name="EmptyRoleNameField" data-provider="getData" finished-at="2022-09-11T21:50:21 WAT" duration-ms="7296" status="PASS">
          <params>
            <param index="0">
              <value>
                <![CDATA[{roleName=Testing2, userSearch=jerry, roleDescription=Automation test, roles=Super Admin}]]>
              </value>
            </param>
          </params>
          <reporter-output>
          </reporter-output>
        </test-method> <!-- EmptyRoleNameField -->
        <test-method signature="EmptyRoleNameField(java.util.HashMap)[pri:6, instance:admin.UsersTest@27eedb64]" started-at="2022-09-11T21:50:21 WAT" name="EmptyRoleNameField" data-provider="getData" finished-at="2022-09-11T21:50:26 WAT" duration-ms="5405" status="PASS">
          <params>
            <param index="0">
              <value>
                <![CDATA[{roleName=Testing3, userSearch=george, roleDescription=Automation test1, roles=Enforcer}]]>
              </value>
            </param>
          </params>
          <reporter-output>
          </reporter-output>
        </test-method> <!-- EmptyRoleNameField -->
        <test-method signature="EmptyRoleDescriptionField(java.util.HashMap)[pri:7, instance:admin.UsersTest@27eedb64]" started-at="2022-09-11T21:50:26 WAT" name="EmptyRoleDescriptionField" data-provider="getData" finished-at="2022-09-11T21:50:31 WAT" duration-ms="5364" status="PASS">
          <params>
            <param index="0">
              <value>
                <![CDATA[{roleName=Testing2, userSearch=jerry, roleDescription=Automation test, roles=Super Admin}]]>
              </value>
            </param>
          </params>
          <reporter-output>
          </reporter-output>
        </test-method> <!-- EmptyRoleDescriptionField -->
        <test-method signature="EmptyRoleDescriptionField(java.util.HashMap)[pri:7, instance:admin.UsersTest@27eedb64]" started-at="2022-09-11T21:50:31 WAT" name="EmptyRoleDescriptionField" data-provider="getData" finished-at="2022-09-11T21:50:38 WAT" duration-ms="6478" status="PASS">
          <params>
            <param index="0">
              <value>
                <![CDATA[{roleName=Testing3, userSearch=george, roleDescription=Automation test1, roles=Enforcer}]]>
              </value>
            </param>
          </params>
          <reporter-output>
          </reporter-output>
        </test-method> <!-- EmptyRoleDescriptionField -->
        <test-method signature="EmptyPermissionCheckbox(java.util.HashMap)[pri:8, instance:admin.UsersTest@27eedb64]" started-at="2022-09-11T21:50:38 WAT" name="EmptyPermissionCheckbox" data-provider="getData" finished-at="2022-09-11T21:50:40 WAT" duration-ms="2402" status="PASS">
          <params>
            <param index="0">
              <value>
                <![CDATA[{roleName=Testing2, userSearch=jerry, roleDescription=Automation test, roles=Super Admin}]]>
              </value>
            </param>
          </params>
          <reporter-output>
          </reporter-output>
        </test-method> <!-- EmptyPermissionCheckbox -->
        <test-method signature="EmptyPermissionCheckbox(java.util.HashMap)[pri:8, instance:admin.UsersTest@27eedb64]" started-at="2022-09-11T21:50:40 WAT" name="EmptyPermissionCheckbox" data-provider="getData" finished-at="2022-09-11T21:50:42 WAT" duration-ms="2173" status="PASS">
          <params>
            <param index="0">
              <value>
                <![CDATA[{roleName=Testing3, userSearch=george, roleDescription=Automation test1, roles=Enforcer}]]>
              </value>
            </param>
          </params>
          <reporter-output>
          </reporter-output>
        </test-method> <!-- EmptyPermissionCheckbox -->
        <test-method signature="ValidateCustomRoleButton(java.util.HashMap)[pri:9, instance:admin.UsersTest@27eedb64]" started-at="2022-09-11T21:50:42 WAT" name="ValidateCustomRoleButton" data-provider="getData" finished-at="2022-09-11T21:50:49 WAT" duration-ms="6483" status="PASS">
          <params>
            <param index="0">
              <value>
                <![CDATA[{roleName=Testing2, userSearch=jerry, roleDescription=Automation test, roles=Super Admin}]]>
              </value>
            </param>
          </params>
          <reporter-output>
          </reporter-output>
        </test-method> <!-- ValidateCustomRoleButton -->
        <test-method signature="ValidateCustomRoleButton(java.util.HashMap)[pri:9, instance:admin.UsersTest@27eedb64]" started-at="2022-09-11T21:50:49 WAT" name="ValidateCustomRoleButton" data-provider="getData" finished-at="2022-09-11T21:50:55 WAT" duration-ms="6357" status="PASS">
          <params>
            <param index="0">
              <value>
                <![CDATA[{roleName=Testing3, userSearch=george, roleDescription=Automation test1, roles=Enforcer}]]>
              </value>
            </param>
          </params>
          <reporter-output>
          </reporter-output>
        </test-method> <!-- ValidateCustomRoleButton -->
        <test-method signature="ValidateDuplicateSuperAdminResponse(java.util.HashMap)[pri:10, instance:admin.UsersTest@27eedb64]" started-at="2022-09-11T21:50:55 WAT" name="ValidateDuplicateSuperAdminResponse" data-provider="getData" finished-at="2022-09-11T21:51:04 WAT" duration-ms="8318" status="PASS">
          <params>
            <param index="0">
              <value>
                <![CDATA[{roleName=Testing2, userSearch=jerry, roleDescription=Automation test, roles=Super Admin}]]>
              </value>
            </param>
          </params>
          <reporter-output>
          </reporter-output>
        </test-method> <!-- ValidateDuplicateSuperAdminResponse -->
        <test-method signature="ValidateDuplicateSuperAdminResponse(java.util.HashMap)[pri:10, instance:admin.UsersTest@27eedb64]" started-at="2022-09-11T21:51:04 WAT" name="ValidateDuplicateSuperAdminResponse" data-provider="getData" finished-at="2022-09-11T21:51:10 WAT" duration-ms="5871" status="PASS">
          <params>
            <param index="0">
              <value>
                <![CDATA[{roleName=Testing3, userSearch=george, roleDescription=Automation test1, roles=Enforcer}]]>
              </value>
            </param>
          </params>
          <reporter-output>
          </reporter-output>
        </test-method> <!-- ValidateDuplicateSuperAdminResponse -->
        <test-method signature="ValidateDuplicateCustomRoleResponse(java.util.HashMap)[pri:11, instance:admin.UsersTest@27eedb64]" started-at="2022-09-11T21:51:10 WAT" name="ValidateDuplicateCustomRoleResponse" data-provider="getData" finished-at="2022-09-11T21:51:18 WAT" duration-ms="8479" status="PASS">
          <params>
            <param index="0">
              <value>
                <![CDATA[{roleName=Testing2, userSearch=jerry, roleDescription=Automation test, roles=Super Admin}]]>
              </value>
            </param>
          </params>
          <reporter-output>
          </reporter-output>
        </test-method> <!-- ValidateDuplicateCustomRoleResponse -->
        <test-method signature="ValidateDuplicateCustomRoleResponse(java.util.HashMap)[pri:11, instance:admin.UsersTest@27eedb64]" started-at="2022-09-11T21:51:18 WAT" name="ValidateDuplicateCustomRoleResponse" data-provider="getData" finished-at="2022-09-11T21:51:25 WAT" duration-ms="6652" status="PASS">
          <params>
            <param index="0">
              <value>
                <![CDATA[{roleName=Testing3, userSearch=george, roleDescription=Automation test1, roles=Enforcer}]]>
              </value>
            </param>
          </params>
          <reporter-output>
          </reporter-output>
        </test-method> <!-- ValidateDuplicateCustomRoleResponse -->
        <test-method signature="ValidateDuplicateEnforcerResponse(java.util.HashMap)[pri:11, instance:admin.UsersTest@27eedb64]" started-at="2022-09-11T21:51:25 WAT" name="ValidateDuplicateEnforcerResponse" data-provider="getData" finished-at="2022-09-11T21:51:31 WAT" duration-ms="6245" status="PASS">
          <params>
            <param index="0">
              <value>
                <![CDATA[{roleName=Testing2, userSearch=jerry, roleDescription=Automation test, roles=Super Admin}]]>
              </value>
            </param>
          </params>
          <reporter-output>
          </reporter-output>
        </test-method> <!-- ValidateDuplicateEnforcerResponse -->
        <test-method signature="ValidateDuplicateEnforcerResponse(java.util.HashMap)[pri:11, instance:admin.UsersTest@27eedb64]" started-at="2022-09-11T21:51:31 WAT" name="ValidateDuplicateEnforcerResponse" data-provider="getData" finished-at="2022-09-11T21:51:38 WAT" duration-ms="6837" status="PASS">
          <params>
            <param index="0">
              <value>
                <![CDATA[{roleName=Testing3, userSearch=george, roleDescription=Automation test1, roles=Enforcer}]]>
              </value>
            </param>
          </params>
          <reporter-output>
          </reporter-output>
        </test-method> <!-- ValidateDuplicateEnforcerResponse -->
        <test-method signature="ValidateroleCardResponse()[pri:12, instance:admin.UsersTest@27eedb64]" started-at="2022-09-11T21:51:38 WAT" name="ValidateroleCardResponse" finished-at="2022-09-11T21:51:41 WAT" duration-ms="3465" status="PASS">
          <reporter-output>
          </reporter-output>
        </test-method> <!-- ValidateroleCardResponse -->
        <test-method signature="ValidateDefaultRoleEditButton()[pri:13, instance:admin.UsersTest@27eedb64]" started-at="2022-09-11T21:51:41 WAT" name="ValidateDefaultRoleEditButton" finished-at="2022-09-11T21:52:13 WAT" duration-ms="31821" status="PASS">
          <reporter-output>
          </reporter-output>
        </test-method> <!-- ValidateDefaultRoleEditButton -->
        <test-method signature="ValidateDefaultRoleDeleteButton()[pri:14, instance:admin.UsersTest@27eedb64]" started-at="2022-09-11T21:52:13 WAT" name="ValidateDefaultRoleDeleteButton" finished-at="2022-09-11T21:52:47 WAT" duration-ms="33796" status="PASS">
          <reporter-output>
          </reporter-output>
        </test-method> <!-- ValidateDefaultRoleDeleteButton -->
        <test-method signature="ValidateCustomRoleDeletebutton()[pri:15, instance:admin.UsersTest@27eedb64]" started-at="2022-09-11T21:52:47 WAT" name="ValidateCustomRoleDeletebutton" finished-at="2022-09-11T21:53:40 WAT" duration-ms="53304" status="PASS">
          <reporter-output>
          </reporter-output>
        </test-method> <!-- ValidateCustomRoleDeletebutton -->
        <test-method signature="ValidateDeleteButton(java.util.HashMap)[pri:16, instance:admin.UsersTest@27eedb64]" started-at="2022-09-11T21:53:40 WAT" name="ValidateDeleteButton" data-provider="getData" finished-at="2022-09-11T21:53:48 WAT" duration-ms="7200" status="PASS">
          <params>
            <param index="0">
              <value>
                <![CDATA[{roleName=Testing2, userSearch=jerry, roleDescription=Automation test, roles=Super Admin}]]>
              </value>
            </param>
          </params>
          <reporter-output>
          </reporter-output>
        </test-method> <!-- ValidateDeleteButton -->
        <test-method signature="ValidateDeleteButton(java.util.HashMap)[pri:16, instance:admin.UsersTest@27eedb64]" started-at="2022-09-11T21:53:48 WAT" name="ValidateDeleteButton" data-provider="getData" finished-at="2022-09-11T21:53:54 WAT" duration-ms="6366" status="PASS">
          <params>
            <param index="0">
              <value>
                <![CDATA[{roleName=Testing3, userSearch=george, roleDescription=Automation test1, roles=Enforcer}]]>
              </value>
            </param>
          </params>
          <reporter-output>
          </reporter-output>
        </test-method> <!-- ValidateDeleteButton -->
        <test-method signature="ValidateAssignedUsers()[pri:17, instance:admin.UsersTest@27eedb64]" started-at="2022-09-11T21:53:54 WAT" name="ValidateAssignedUsers" finished-at="2022-09-11T21:54:20 WAT" duration-ms="26281" status="PASS">
          <reporter-output>
          </reporter-output>
        </test-method> <!-- ValidateAssignedUsers -->
        <test-method signature="ValidateRoleDropDownField()[pri:18, instance:admin.UsersTest@27eedb64]" started-at="2022-09-11T21:54:20 WAT" name="ValidateRoleDropDownField" finished-at="2022-09-11T21:54:23 WAT" duration-ms="2890" status="PASS">
          <reporter-output>
          </reporter-output>
        </test-method> <!-- ValidateRoleDropDownField -->
        <test-method signature="ValidateRoleFieldFilter(java.util.HashMap)[pri:19, instance:admin.UsersTest@27eedb64]" started-at="2022-09-11T21:54:23 WAT" name="ValidateRoleFieldFilter" data-provider="getData" finished-at="2022-09-11T21:55:03 WAT" duration-ms="39820" status="PASS">
          <params>
            <param index="0">
              <value>
                <![CDATA[{roleName=Testing2, userSearch=jerry, roleDescription=Automation test, roles=Super Admin}]]>
              </value>
            </param>
          </params>
          <reporter-output>
          </reporter-output>
        </test-method> <!-- ValidateRoleFieldFilter -->
        <test-method signature="ValidateRoleFieldFilter(java.util.HashMap)[pri:19, instance:admin.UsersTest@27eedb64]" started-at="2022-09-11T21:55:03 WAT" name="ValidateRoleFieldFilter" data-provider="getData" finished-at="2022-09-11T21:55:44 WAT" duration-ms="41039" status="PASS">
          <params>
            <param index="0">
              <value>
                <![CDATA[{roleName=Testing3, userSearch=george, roleDescription=Automation test1, roles=Enforcer}]]>
              </value>
            </param>
          </params>
          <reporter-output>
          </reporter-output>
        </test-method> <!-- ValidateRoleFieldFilter -->
        <test-method signature="ValidateInviteUserButton()[pri:20, instance:admin.UsersTest@27eedb64]" started-at="2022-09-11T21:55:44 WAT" name="ValidateInviteUserButton" finished-at="2022-09-11T21:55:45 WAT" duration-ms="700" status="PASS">
          <reporter-output>
          </reporter-output>
        </test-method> <!-- ValidateInviteUserButton -->
        <test-method signature="ValidateInvitedUserStatus()[pri:21, instance:admin.UsersTest@27eedb64]" started-at="2022-09-11T21:55:45 WAT" name="ValidateInvitedUserStatus" finished-at="2022-09-11T21:56:20 WAT" duration-ms="34864" status="FAIL">
          <exception class="java.lang.AssertionError">
            <message>
              <![CDATA[The following asserts failed:
Lists differ at element [2]: Deactivate User != Re-activate User expected [Deactivate User] but found [Re-activate User]]]>
            </message>
            <full-stacktrace>
              <![CDATA[java.lang.AssertionError: The following asserts failed:
Lists differ at element [2]: Deactivate User != Re-activate User expected [Deactivate User] but found [Re-activate User]
at org.testng.asserts.SoftAssert.assertAll(SoftAssert.java:47)
at org.testng.asserts.SoftAssert.assertAll(SoftAssert.java:31)
at admin.UsersTest.ValidateInvitedUserStatus(UsersTest.java:542)
at java.base/jdk.internal.reflect.NativeMethodAccessorImpl.invoke0(Native Method)
at java.base/jdk.internal.reflect.NativeMethodAccessorImpl.invoke(NativeMethodAccessorImpl.java:78)
at java.base/jdk.internal.reflect.DelegatingMethodAccessorImpl.invoke(DelegatingMethodAccessorImpl.java:43)
at java.base/java.lang.reflect.Method.invoke(Method.java:567)
at org.testng.internal.MethodInvocationHelper.invokeMethod(MethodInvocationHelper.java:133)
at org.testng.internal.TestInvoker.invokeMethod(TestInvoker.java:598)
at org.testng.internal.TestInvoker.invokeTestMethod(TestInvoker.java:173)
at org.testng.internal.MethodRunner.runInSequence(MethodRunner.java:46)
at org.testng.internal.TestInvoker$MethodInvocationAgent.invoke(TestInvoker.java:824)
at org.testng.internal.TestInvoker.invokeTestMethods(TestInvoker.java:146)
at org.testng.internal.TestMethodWorker.invokeTestMethods(TestMethodWorker.java:146)
at org.testng.internal.TestMethodWorker.run(TestMethodWorker.java:128)
at java.base/java.util.ArrayList.forEach(ArrayList.java:1511)
at org.testng.TestRunner.privateRun(TestRunner.java:794)
at org.testng.TestRunner.run(TestRunner.java:596)
at org.testng.SuiteRunner.runTest(SuiteRunner.java:377)
at org.testng.SuiteRunner.runSequentially(SuiteRunner.java:371)
at org.testng.SuiteRunner.privateRun(SuiteRunner.java:332)
at org.testng.SuiteRunner.run(SuiteRunner.java:276)
at org.testng.SuiteRunnerWorker.runSuite(SuiteRunnerWorker.java:53)
at org.testng.SuiteRunnerWorker.run(SuiteRunnerWorker.java:96)
at org.testng.TestNG.runSuitesSequentially(TestNG.java:1212)
at org.testng.TestNG.runSuitesLocally(TestNG.java:1134)
at org.testng.TestNG.runSuites(TestNG.java:1063)
at org.testng.TestNG.run(TestNG.java:1031)
at org.testng.remote.AbstractRemoteTestNG.run(AbstractRemoteTestNG.java:115)
at org.testng.remote.RemoteTestNG.initAndRun(RemoteTestNG.java:251)
at org.testng.remote.RemoteTestNG.main(RemoteTestNG.java:77)
]]>
            </full-stacktrace>
          </exception> <!-- java.lang.AssertionError -->
          <reporter-output>
          </reporter-output>
        </test-method> <!-- ValidateInvitedUserStatus -->
        <test-method signature="ValidateActiveUserStatus()[pri:22, instance:admin.UsersTest@27eedb64]" started-at="2022-09-11T21:56:20 WAT" name="ValidateActiveUserStatus" finished-at="2022-09-11T21:56:30 WAT" duration-ms="9050" status="PASS">
          <reporter-output>
          </reporter-output>
        </test-method> <!-- ValidateActiveUserStatus -->
        <test-method signature="ValidateUserCard()[pri:23, instance:admin.UsersTest@27eedb64]" started-at="2022-09-11T21:56:30 WAT" name="ValidateUserCard" finished-at="2022-09-11T21:57:13 WAT" duration-ms="43109" status="PASS">
          <reporter-output>
          </reporter-output>
        </test-method> <!-- ValidateUserCard -->
        <test-method signature="ValidateChangeUserRole(java.util.HashMap)[pri:24, instance:admin.UsersTest@27eedb64]" started-at="2022-09-11T21:57:13 WAT" name="ValidateChangeUserRole" data-provider="getData" finished-at="2022-09-11T21:57:18 WAT" duration-ms="5105" status="PASS">
          <params>
            <param index="0">
              <value>
                <![CDATA[{roleName=Testing2, userSearch=jerry, roleDescription=Automation test, roles=Super Admin}]]>
              </value>
            </param>
          </params>
          <reporter-output>
          </reporter-output>
        </test-method> <!-- ValidateChangeUserRole -->
        <test-method signature="ValidateChangeUserRole(java.util.HashMap)[pri:24, instance:admin.UsersTest@27eedb64]" started-at="2022-09-11T21:57:18 WAT" name="ValidateChangeUserRole" data-provider="getData" finished-at="2022-09-11T21:57:19 WAT" duration-ms="814" status="PASS">
          <params>
            <param index="0">
              <value>
                <![CDATA[{roleName=Testing3, userSearch=george, roleDescription=Automation test1, roles=Enforcer}]]>
              </value>
            </param>
          </params>
          <reporter-output>
          </reporter-output>
        </test-method> <!-- ValidateChangeUserRole -->
        <test-method signature="ValidateUserSearch(java.util.HashMap)[pri:25, instance:admin.UsersTest@27eedb64]" started-at="2022-09-11T21:57:19 WAT" name="ValidateUserSearch" data-provider="getData" finished-at="2022-09-11T21:57:53 WAT" duration-ms="34665" status="FAIL">
          <params>
            <param index="0">
              <value>
                <![CDATA[{roleName=Testing2, userSearch=jerry, roleDescription=Automation test, roles=Super Admin}]]>
              </value>
            </param>
          </params>
          <exception class="org.openqa.selenium.NoSuchElementException">
            <message>
              <![CDATA[no such element: Unable to locate element: {"method":"xpath","selector":"//li[@class='page-item pagination-page-nav active'] //following-sibling::li"}
  (Session info: chrome=105.0.5195.102)
For documentation on this error, please visit: https://selenium.dev/exceptions/#no_such_element
Build info: version: '4.1.2', revision: '9a5a329c5a'
System info: host: 'YV-Jerry.local', ip: 'fe80:0:0:0:1420:dc4e:48a2:adf3%en0', os.name: 'Mac OS X', os.arch: 'x86_64', os.version: '11.0', java.version: '16.0.2'
Driver info: org.openqa.selenium.chrome.ChromeDriver
Command: [5ed3110a782e34dfd0504a0ef2e41b25, findElement {using=xpath, value=//li[@class='page-item pagination-page-nav active'] //following-sibling::li}]
Capabilities {acceptInsecureCerts: false, browserName: chrome, browserVersion: 105.0.5195.102, chrome: {chromedriverVersion: 104.0.5112.79 (3cf3e8c8a07d..., userDataDir: /var/folders/8c/dvnzzls14cz...}, goog:chromeOptions: {debuggerAddress: localhost:55629}, javascriptEnabled: true, networkConnectionEnabled: false, pageLoadStrategy: normal, platform: MAC, platformName: MAC, proxy: Proxy(), se:cdp: ws://localhost:55629/devtoo..., se:cdpVersion: 105.0.5195.102, setWindowRect: true, strictFileInteractability: false, timeouts: {implicit: 0, pageLoad: 300000, script: 30000}, unhandledPromptBehavior: dismiss and notify, webauthn:extension:credBlob: true, webauthn:extension:largeBlob: true, webauthn:virtualAuthenticators: true}
Session ID: 5ed3110a782e34dfd0504a0ef2e41b25]]>
            </message>
            <full-stacktrace>
              <![CDATA[org.openqa.selenium.NoSuchElementException: no such element: Unable to locate element: {"method":"xpath","selector":"//li[@class='page-item pagination-page-nav active'] //following-sibling::li"}
  (Session info: chrome=105.0.5195.102)
For documentation on this error, please visit: https://selenium.dev/exceptions/#no_such_element
Build info: version: '4.1.2', revision: '9a5a329c5a'
System info: host: 'YV-Jerry.local', ip: 'fe80:0:0:0:1420:dc4e:48a2:adf3%en0', os.name: 'Mac OS X', os.arch: 'x86_64', os.version: '11.0', java.version: '16.0.2'
Driver info: org.openqa.selenium.chrome.ChromeDriver
Command: [5ed3110a782e34dfd0504a0ef2e41b25, findElement {using=xpath, value=//li[@class='page-item pagination-page-nav active'] //following-sibling::li}]
Capabilities {acceptInsecureCerts: false, browserName: chrome, browserVersion: 105.0.5195.102, chrome: {chromedriverVersion: 104.0.5112.79 (3cf3e8c8a07d..., userDataDir: /var/folders/8c/dvnzzls14cz...}, goog:chromeOptions: {debuggerAddress: localhost:55629}, javascriptEnabled: true, networkConnectionEnabled: false, pageLoadStrategy: normal, platform: MAC, platformName: MAC, proxy: Proxy(), se:cdp: ws://localhost:55629/devtoo..., se:cdpVersion: 105.0.5195.102, setWindowRect: true, strictFileInteractability: false, timeouts: {implicit: 0, pageLoad: 300000, script: 30000}, unhandledPromptBehavior: dismiss and notify, webauthn:extension:credBlob: true, webauthn:extension:largeBlob: true, webauthn:virtualAuthenticators: true}
Session ID: 5ed3110a782e34dfd0504a0ef2e41b25
at jdk.internal.reflect.GeneratedConstructorAccessor23.newInstance(Unknown Source)
at java.base/jdk.internal.reflect.DelegatingConstructorAccessorImpl.newInstance(DelegatingConstructorAccessorImpl.java:45)
at java.base/java.lang.reflect.Constructor.newInstanceWithCaller(Constructor.java:499)
at java.base/java.lang.reflect.Constructor.newInstance(Constructor.java:480)
at org.openqa.selenium.remote.codec.w3c.W3CHttpResponseCodec.createException(W3CHttpResponseCodec.java:200)
at org.openqa.selenium.remote.codec.w3c.W3CHttpResponseCodec.decode(W3CHttpResponseCodec.java:133)
at org.openqa.selenium.remote.codec.w3c.W3CHttpResponseCodec.decode(W3CHttpResponseCodec.java:53)
at org.openqa.selenium.remote.HttpCommandExecutor.execute(HttpCommandExecutor.java:184)
at org.openqa.selenium.remote.service.DriverCommandExecutor.invokeExecute(DriverCommandExecutor.java:167)
at org.openqa.selenium.remote.service.DriverCommandExecutor.execute(DriverCommandExecutor.java:142)
at org.openqa.selenium.remote.RemoteWebDriver.execute(RemoteWebDriver.java:558)
at org.openqa.selenium.remote.ElementLocation$ElementFinder$2.findElement(ElementLocation.java:162)
at org.openqa.selenium.remote.ElementLocation.findElement(ElementLocation.java:60)
at org.openqa.selenium.remote.RemoteWebDriver.findElement(RemoteWebDriver.java:382)
at org.openqa.selenium.remote.RemoteWebDriver.findElement(RemoteWebDriver.java:374)
at pageObject.admin.Users.getNextPagination(Users.java:166)
at admin.UsersTest.ValidateUserSearch(UsersTest.java:691)
at java.base/jdk.internal.reflect.NativeMethodAccessorImpl.invoke0(Native Method)
at java.base/jdk.internal.reflect.NativeMethodAccessorImpl.invoke(NativeMethodAccessorImpl.java:78)
at java.base/jdk.internal.reflect.DelegatingMethodAccessorImpl.invoke(DelegatingMethodAccessorImpl.java:43)
at java.base/java.lang.reflect.Method.invoke(Method.java:567)
at org.testng.internal.MethodInvocationHelper.invokeMethod(MethodInvocationHelper.java:133)
at org.testng.internal.TestInvoker.invokeMethod(TestInvoker.java:598)
at org.testng.internal.TestInvoker.invokeTestMethod(TestInvoker.java:173)
at org.testng.internal.MethodRunner.runInSequence(MethodRunner.java:46)
at org.testng.internal.TestInvoker$MethodInvocationAgent.invoke(TestInvoker.java:824)
at org.testng.internal.TestInvoker.invokeTestMethods(TestInvoker.java:146)
at org.testng.internal.TestMethodWorker.invokeTestMethods(TestMethodWorker.java:146)
at org.testng.internal.TestMethodWorker.run(TestMethodWorker.java:128)
at java.base/java.util.ArrayList.forEach(ArrayList.java:1511)
at org.testng.TestRunner.privateRun(TestRunner.java:794)
at org.testng.TestRunner.run(TestRunner.java:596)
at org.testng.SuiteRunner.runTest(SuiteRunner.java:377)
at org.testng.SuiteRunner.runSequentially(SuiteRunner.java:371)
at org.testng.SuiteRunner.privateRun(SuiteRunner.java:332)
at org.testng.SuiteRunner.run(SuiteRunner.java:276)
at org.testng.SuiteRunnerWorker.runSuite(SuiteRunnerWorker.java:53)
at org.testng.SuiteRunnerWorker.run(SuiteRunnerWorker.java:96)
at org.testng.TestNG.runSuitesSequentially(TestNG.java:1212)
at org.testng.TestNG.runSuitesLocally(TestNG.java:1134)
at org.testng.TestNG.runSuites(TestNG.java:1063)
at org.testng.TestNG.run(TestNG.java:1031)
at org.testng.remote.AbstractRemoteTestNG.run(AbstractRemoteTestNG.java:115)
at org.testng.remote.RemoteTestNG.initAndRun(RemoteTestNG.java:251)
at org.testng.remote.RemoteTestNG.main(RemoteTestNG.java:77)
]]>
            </full-stacktrace>
          </exception> <!-- org.openqa.selenium.NoSuchElementException -->
          <reporter-output>
          </reporter-output>
        </test-method> <!-- ValidateUserSearch -->
        <test-method signature="ValidateUserSearch(java.util.HashMap)[pri:25, instance:admin.UsersTest@27eedb64]" started-at="2022-09-11T21:57:54 WAT" name="ValidateUserSearch" data-provider="getData" finished-at="2022-09-11T21:58:09 WAT" duration-ms="15347" status="FAIL">
          <params>
            <param index="0">
              <value>
                <![CDATA[{roleName=Testing3, userSearch=george, roleDescription=Automation test1, roles=Enforcer}]]>
              </value>
            </param>
          </params>
          <exception class="java.lang.AssertionError">
            <message>
              <![CDATA[expected [0] but found [4]]]>
            </message>
            <full-stacktrace>
              <![CDATA[java.lang.AssertionError: expected [0] but found [4]
at org.testng.Assert.fail(Assert.java:99)
at org.testng.Assert.failNotEquals(Assert.java:1037)
at org.testng.Assert.assertEqualsImpl(Assert.java:140)
at org.testng.Assert.assertEquals(Assert.java:122)
at org.testng.Assert.assertEquals(Assert.java:797)
at org.testng.Assert.assertEquals(Assert.java:807)
at admin.UsersTest.ValidateUserSearch(UsersTest.java:694)
at java.base/jdk.internal.reflect.NativeMethodAccessorImpl.invoke0(Native Method)
at java.base/jdk.internal.reflect.NativeMethodAccessorImpl.invoke(NativeMethodAccessorImpl.java:78)
at java.base/jdk.internal.reflect.DelegatingMethodAccessorImpl.invoke(DelegatingMethodAccessorImpl.java:43)
at java.base/java.lang.reflect.Method.invoke(Method.java:567)
at org.testng.internal.MethodInvocationHelper.invokeMethod(MethodInvocationHelper.java:133)
at org.testng.internal.TestInvoker.invokeMethod(TestInvoker.java:598)
at org.testng.internal.TestInvoker.invokeTestMethod(TestInvoker.java:173)
at org.testng.internal.MethodRunner.runInSequence(MethodRunner.java:46)
at org.testng.internal.TestInvoker$MethodInvocationAgent.invoke(TestInvoker.java:824)
at org.testng.internal.TestInvoker.invokeTestMethods(TestInvoker.java:146)
at org.testng.internal.TestMethodWorker.invokeTestMethods(TestMethodWorker.java:146)
at org.testng.internal.TestMethodWorker.run(TestMethodWorker.java:128)
at java.base/java.util.ArrayList.forEach(ArrayList.java:1511)
at org.testng.TestRunner.privateRun(TestRunner.java:794)
at org.testng.TestRunner.run(TestRunner.java:596)
at org.testng.SuiteRunner.runTest(SuiteRunner.java:377)
at org.testng.SuiteRunner.runSequentially(SuiteRunner.java:371)
at org.testng.SuiteRunner.privateRun(SuiteRunner.java:332)
at org.testng.SuiteRunner.run(SuiteRunner.java:276)
at org.testng.SuiteRunnerWorker.runSuite(SuiteRunnerWorker.java:53)
at org.testng.SuiteRunnerWorker.run(SuiteRunnerWorker.java:96)
at org.testng.TestNG.runSuitesSequentially(TestNG.java:1212)
at org.testng.TestNG.runSuitesLocally(TestNG.java:1134)
at org.testng.TestNG.runSuites(TestNG.java:1063)
at org.testng.TestNG.run(TestNG.java:1031)
at org.testng.remote.AbstractRemoteTestNG.run(AbstractRemoteTestNG.java:115)
at org.testng.remote.RemoteTestNG.initAndRun(RemoteTestNG.java:251)
at org.testng.remote.RemoteTestNG.main(RemoteTestNG.java:77)
]]>
            </full-stacktrace>
          </exception> <!-- java.lang.AssertionError -->
          <reporter-output>
          </reporter-output>
        </test-method> <!-- ValidateUserSearch -->
        <test-method signature="InviteUserEmptyEmailField(java.util.HashMap)[pri:26, instance:admin.UsersTest@27eedb64]" started-at="2022-09-11T21:58:10 WAT" name="InviteUserEmptyEmailField" data-provider="getData" finished-at="2022-09-11T21:58:12 WAT" duration-ms="1770" status="PASS">
          <params>
            <param index="0">
              <value>
                <![CDATA[{roleName=Testing2, userSearch=jerry, roleDescription=Automation test, roles=Super Admin}]]>
              </value>
            </param>
          </params>
          <reporter-output>
          </reporter-output>
        </test-method> <!-- InviteUserEmptyEmailField -->
        <test-method signature="InviteUserEmptyEmailField(java.util.HashMap)[pri:26, instance:admin.UsersTest@27eedb64]" started-at="2022-09-11T21:58:12 WAT" name="InviteUserEmptyEmailField" data-provider="getData" finished-at="2022-09-11T21:58:14 WAT" duration-ms="1675" status="PASS">
          <params>
            <param index="0">
              <value>
                <![CDATA[{roleName=Testing3, userSearch=george, roleDescription=Automation test1, roles=Enforcer}]]>
              </value>
            </param>
          </params>
          <reporter-output>
          </reporter-output>
        </test-method> <!-- InviteUserEmptyEmailField -->
        <test-method signature="InviteUserEmptyRoleField(java.util.HashMap)[pri:27, instance:admin.UsersTest@27eedb64]" started-at="2022-09-11T21:58:14 WAT" name="InviteUserEmptyRoleField" data-provider="invalidGetData" finished-at="2022-09-11T21:58:15 WAT" duration-ms="1692" status="PASS">
          <params>
            <param index="0">
              <value>
                <![CDATA[{emailNotFound=tryme@gmail.com, invalidPassword=OSOBASE4@, invalidEmailAddress=jerry@gmail.c, invalidMultipleCouponQuantity=0, invalidEmailResetPassword=jtest@gmail.com}]]>
              </value>
            </param>
          </params>
          <reporter-output>
          </reporter-output>
        </test-method> <!-- InviteUserEmptyRoleField -->
        <test-method signature="InviteUserEmptyRoleField(java.util.HashMap)[pri:27, instance:admin.UsersTest@27eedb64]" started-at="2022-09-11T21:58:15 WAT" name="InviteUserEmptyRoleField" data-provider="invalidGetData" finished-at="2022-09-11T21:58:17 WAT" duration-ms="1647" status="PASS">
          <params>
            <param index="0">
              <value>
                <![CDATA[{emailNotFound=justinbieber@gmail.com, invalidPassword=tesTing##, invalidEmailAddress=jerrygmail.com, invalidMultipleCouponQuantity=1, invalidEmailResetPassword=jtest+001@gmail.com}]]>
              </value>
            </param>
          </params>
          <reporter-output>
          </reporter-output>
        </test-method> <!-- InviteUserEmptyRoleField -->
        <test-method signature="SuccessfulUserInvite(java.util.HashMap)[pri:28, instance:admin.UsersTest@27eedb64]" started-at="2022-09-11T21:58:17 WAT" name="SuccessfulUserInvite" data-provider="getData" finished-at="2022-09-11T21:58:21 WAT" duration-ms="4151" status="FAIL">
          <params>
            <param index="0">
              <value>
                <![CDATA[{roleName=Testing2, userSearch=jerry, roleDescription=Automation test, roles=Super Admin}]]>
              </value>
            </param>
          </params>
          <exception class="java.lang.AssertionError">
            <message>
              <![CDATA[The following asserts failed:
expected [true] but found [false]]]>
            </message>
            <full-stacktrace>
              <![CDATA[java.lang.AssertionError: The following asserts failed:
expected [true] but found [false]
at org.testng.asserts.SoftAssert.assertAll(SoftAssert.java:47)
at org.testng.asserts.SoftAssert.assertAll(SoftAssert.java:31)
at admin.UsersTest.SuccessfulUserInvite(UsersTest.java:750)
at java.base/jdk.internal.reflect.NativeMethodAccessorImpl.invoke0(Native Method)
at java.base/jdk.internal.reflect.NativeMethodAccessorImpl.invoke(NativeMethodAccessorImpl.java:78)
at java.base/jdk.internal.reflect.DelegatingMethodAccessorImpl.invoke(DelegatingMethodAccessorImpl.java:43)
at java.base/java.lang.reflect.Method.invoke(Method.java:567)
at org.testng.internal.MethodInvocationHelper.invokeMethod(MethodInvocationHelper.java:133)
at org.testng.internal.TestInvoker.invokeMethod(TestInvoker.java:598)
at org.testng.internal.TestInvoker.invokeTestMethod(TestInvoker.java:173)
at org.testng.internal.MethodRunner.runInSequence(MethodRunner.java:46)
at org.testng.internal.TestInvoker$MethodInvocationAgent.invoke(TestInvoker.java:824)
at org.testng.internal.TestInvoker.invokeTestMethods(TestInvoker.java:146)
at org.testng.internal.TestMethodWorker.invokeTestMethods(TestMethodWorker.java:146)
at org.testng.internal.TestMethodWorker.run(TestMethodWorker.java:128)
at java.base/java.util.ArrayList.forEach(ArrayList.java:1511)
at org.testng.TestRunner.privateRun(TestRunner.java:794)
at org.testng.TestRunner.run(TestRunner.java:596)
at org.testng.SuiteRunner.runTest(SuiteRunner.java:377)
at org.testng.SuiteRunner.runSequentially(SuiteRunner.java:371)
at org.testng.SuiteRunner.privateRun(SuiteRunner.java:332)
at org.testng.SuiteRunner.run(SuiteRunner.java:276)
at org.testng.SuiteRunnerWorker.runSuite(SuiteRunnerWorker.java:53)
at org.testng.SuiteRunnerWorker.run(SuiteRunnerWorker.java:96)
at org.testng.TestNG.runSuitesSequentially(TestNG.java:1212)
at org.testng.TestNG.runSuitesLocally(TestNG.java:1134)
at org.testng.TestNG.runSuites(TestNG.java:1063)
at org.testng.TestNG.run(TestNG.java:1031)
at org.testng.remote.AbstractRemoteTestNG.run(AbstractRemoteTestNG.java:115)
at org.testng.remote.RemoteTestNG.initAndRun(RemoteTestNG.java:251)
at org.testng.remote.RemoteTestNG.main(RemoteTestNG.java:77)
]]>
            </full-stacktrace>
          </exception> <!-- java.lang.AssertionError -->
          <reporter-output>
          </reporter-output>
        </test-method> <!-- SuccessfulUserInvite -->
        <test-method signature="SuccessfulUserInvite(java.util.HashMap)[pri:28, instance:admin.UsersTest@27eedb64]" started-at="2022-09-11T21:58:22 WAT" name="SuccessfulUserInvite" data-provider="getData" finished-at="2022-09-11T21:58:29 WAT" duration-ms="7124" status="PASS">
          <params>
            <param index="0">
              <value>
                <![CDATA[{roleName=Testing3, userSearch=george, roleDescription=Automation test1, roles=Enforcer}]]>
              </value>
            </param>
          </params>
          <reporter-output>
          </reporter-output>
        </test-method> <!-- SuccessfulUserInvite -->
        <test-method signature="ValidateDeactivateUser()[pri:29, instance:admin.UsersTest@27eedb64]" started-at="2022-09-11T21:58:29 WAT" name="ValidateDeactivateUser" finished-at="2022-09-11T21:58:51 WAT" duration-ms="21875" status="FAIL">
          <exception class="org.openqa.selenium.ElementClickInterceptedException">
            <message>
              <![CDATA[element click intercepted: Element <button href="javascript:void(0)" class="mr-1 btn btn-outline-danger btn-xs">...</button> is not clickable at point (1118, 12). Other element would receive the click: <div class="navbar-collapse header-shadow" style="display: flex; align-items: center;">...</div>
  (Session info: chrome=105.0.5195.102)
Build info: version: '4.1.2', revision: '9a5a329c5a'
System info: host: 'YV-Jerry.local', ip: 'fe80:0:0:0:1420:dc4e:48a2:adf3%en0', os.name: 'Mac OS X', os.arch: 'x86_64', os.version: '11.0', java.version: '16.0.2'
Driver info: org.openqa.selenium.chrome.ChromeDriver
Command: [5ed3110a782e34dfd0504a0ef2e41b25, clickElement {id=f47ba7b8-7468-4b02-8790-0339ce2b4bb9}]
Capabilities {acceptInsecureCerts: false, browserName: chrome, browserVersion: 105.0.5195.102, chrome: {chromedriverVersion: 104.0.5112.79 (3cf3e8c8a07d..., userDataDir: /var/folders/8c/dvnzzls14cz...}, goog:chromeOptions: {debuggerAddress: localhost:55629}, javascriptEnabled: true, networkConnectionEnabled: false, pageLoadStrategy: normal, platform: MAC, platformName: MAC, proxy: Proxy(), se:cdp: ws://localhost:55629/devtoo..., se:cdpVersion: 105.0.5195.102, setWindowRect: true, strictFileInteractability: false, timeouts: {implicit: 0, pageLoad: 300000, script: 30000}, unhandledPromptBehavior: dismiss and notify, webauthn:extension:credBlob: true, webauthn:extension:largeBlob: true, webauthn:virtualAuthenticators: true}
Element: [[ChromeDriver: chrome on MAC (5ed3110a782e34dfd0504a0ef2e41b25)] -> css selector: div[class*='col-xs-12 m-b-10'] button]
Session ID: 5ed3110a782e34dfd0504a0ef2e41b25]]>
            </message>
            <full-stacktrace>
              <![CDATA[org.openqa.selenium.ElementClickInterceptedException: element click intercepted: Element <button href="javascript:void(0)" class="mr-1 btn btn-outline-danger btn-xs">...</button> is not clickable at point (1118, 12). Other element would receive the click: <div class="navbar-collapse header-shadow" style="display: flex; align-items: center;">...</div>
  (Session info: chrome=105.0.5195.102)
Build info: version: '4.1.2', revision: '9a5a329c5a'
System info: host: 'YV-Jerry.local', ip: 'fe80:0:0:0:1420:dc4e:48a2:adf3%en0', os.name: 'Mac OS X', os.arch: 'x86_64', os.version: '11.0', java.version: '16.0.2'
Driver info: org.openqa.selenium.chrome.ChromeDriver
Command: [5ed3110a782e34dfd0504a0ef2e41b25, clickElement {id=f47ba7b8-7468-4b02-8790-0339ce2b4bb9}]
Capabilities {acceptInsecureCerts: false, browserName: chrome, browserVersion: 105.0.5195.102, chrome: {chromedriverVersion: 104.0.5112.79 (3cf3e8c8a07d..., userDataDir: /var/folders/8c/dvnzzls14cz...}, goog:chromeOptions: {debuggerAddress: localhost:55629}, javascriptEnabled: true, networkConnectionEnabled: false, pageLoadStrategy: normal, platform: MAC, platformName: MAC, proxy: Proxy(), se:cdp: ws://localhost:55629/devtoo..., se:cdpVersion: 105.0.5195.102, setWindowRect: true, strictFileInteractability: false, timeouts: {implicit: 0, pageLoad: 300000, script: 30000}, unhandledPromptBehavior: dismiss and notify, webauthn:extension:credBlob: true, webauthn:extension:largeBlob: true, webauthn:virtualAuthenticators: true}
Element: [[ChromeDriver: chrome on MAC (5ed3110a782e34dfd0504a0ef2e41b25)] -> css selector: div[class*='col-xs-12 m-b-10'] button]
Session ID: 5ed3110a782e34dfd0504a0ef2e41b25
at java.base/jdk.internal.reflect.NativeConstructorAccessorImpl.newInstance0(Native Method)
at java.base/jdk.internal.reflect.NativeConstructorAccessorImpl.newInstance(NativeConstructorAccessorImpl.java:78)
at java.base/jdk.internal.reflect.DelegatingConstructorAccessorImpl.newInstance(DelegatingConstructorAccessorImpl.java:45)
at java.base/java.lang.reflect.Constructor.newInstanceWithCaller(Constructor.java:499)
at java.base/java.lang.reflect.Constructor.newInstance(Constructor.java:480)
at org.openqa.selenium.remote.codec.w3c.W3CHttpResponseCodec.createException(W3CHttpResponseCodec.java:200)
at org.openqa.selenium.remote.codec.w3c.W3CHttpResponseCodec.decode(W3CHttpResponseCodec.java:133)
at org.openqa.selenium.remote.codec.w3c.W3CHttpResponseCodec.decode(W3CHttpResponseCodec.java:53)
at org.openqa.selenium.remote.HttpCommandExecutor.execute(HttpCommandExecutor.java:184)
at org.openqa.selenium.remote.service.DriverCommandExecutor.invokeExecute(DriverCommandExecutor.java:167)
at org.openqa.selenium.remote.service.DriverCommandExecutor.execute(DriverCommandExecutor.java:142)
at org.openqa.selenium.remote.RemoteWebDriver.execute(RemoteWebDriver.java:558)
at org.openqa.selenium.remote.RemoteWebElement.execute(RemoteWebElement.java:251)
at org.openqa.selenium.remote.RemoteWebElement.click(RemoteWebElement.java:77)
at admin.UsersTest.ValidateDeactivateUser(UsersTest.java:774)
at java.base/jdk.internal.reflect.NativeMethodAccessorImpl.invoke0(Native Method)
at java.base/jdk.internal.reflect.NativeMethodAccessorImpl.invoke(NativeMethodAccessorImpl.java:78)
at java.base/jdk.internal.reflect.DelegatingMethodAccessorImpl.invoke(DelegatingMethodAccessorImpl.java:43)
at java.base/java.lang.reflect.Method.invoke(Method.java:567)
at org.testng.internal.MethodInvocationHelper.invokeMethod(MethodInvocationHelper.java:133)
at org.testng.internal.TestInvoker.invokeMethod(TestInvoker.java:598)
at org.testng.internal.TestInvoker.invokeTestMethod(TestInvoker.java:173)
at org.testng.internal.MethodRunner.runInSequence(MethodRunner.java:46)
at org.testng.internal.TestInvoker$MethodInvocationAgent.invoke(TestInvoker.java:824)
at org.testng.internal.TestInvoker.invokeTestMethods(TestInvoker.java:146)
at org.testng.internal.TestMethodWorker.invokeTestMethods(TestMethodWorker.java:146)
at org.testng.internal.TestMethodWorker.run(TestMethodWorker.java:128)
at java.base/java.util.ArrayList.forEach(ArrayList.java:1511)
at org.testng.TestRunner.privateRun(TestRunner.java:794)
at org.testng.TestRunner.run(TestRunner.java:596)
at org.testng.SuiteRunner.runTest(SuiteRunner.java:377)
at org.testng.SuiteRunner.runSequentially(SuiteRunner.java:371)
at org.testng.SuiteRunner.privateRun(SuiteRunner.java:332)
at org.testng.SuiteRunner.run(SuiteRunner.java:276)
at org.testng.SuiteRunnerWorker.runSuite(SuiteRunnerWorker.java:53)
at org.testng.SuiteRunnerWorker.run(SuiteRunnerWorker.java:96)
at org.testng.TestNG.runSuitesSequentially(TestNG.java:1212)
at org.testng.TestNG.runSuitesLocally(TestNG.java:1134)
at org.testng.TestNG.runSuites(TestNG.java:1063)
at org.testng.TestNG.run(TestNG.java:1031)
at org.testng.remote.AbstractRemoteTestNG.run(AbstractRemoteTestNG.java:115)
at org.testng.remote.RemoteTestNG.initAndRun(RemoteTestNG.java:251)
at org.testng.remote.RemoteTestNG.main(RemoteTestNG.java:77)
]]>
            </full-stacktrace>
          </exception> <!-- org.openqa.selenium.ElementClickInterceptedException -->
          <reporter-output>
          </reporter-output>
        </test-method> <!-- ValidateDeactivateUser -->
        <test-method signature="ValidateReactivateUser()[pri:0, instance:admin.UsersTest@27eedb64]" started-at="2022-09-11T21:58:52 WAT" name="ValidateReactivateUser" finished-at="2022-09-11T21:58:52 WAT" depends-on-methods="admin.UsersTest.ValidateDeactivateUser" duration-ms="0" status="SKIP">
          <exception class="java.lang.Throwable">
            <message>
              <![CDATA[Method UsersTest.ValidateReactivateUser()[pri:0, instance:admin.UsersTest@27eedb64] depends on not successfully finished methods]]>
            </message>
            <full-stacktrace>
              <![CDATA[java.lang.Throwable: Method UsersTest.ValidateReactivateUser()[pri:0, instance:admin.UsersTest@27eedb64] depends on not successfully finished methods
at org.testng.internal.TestInvoker.invokeTestMethods(TestInvoker.java:102)
at org.testng.internal.TestMethodWorker.invokeTestMethods(TestMethodWorker.java:146)
at org.testng.internal.TestMethodWorker.run(TestMethodWorker.java:128)
at java.base/java.util.ArrayList.forEach(ArrayList.java:1511)
at org.testng.TestRunner.privateRun(TestRunner.java:794)
at org.testng.TestRunner.run(TestRunner.java:596)
at org.testng.SuiteRunner.runTest(SuiteRunner.java:377)
at org.testng.SuiteRunner.runSequentially(SuiteRunner.java:371)
at org.testng.SuiteRunner.privateRun(SuiteRunner.java:332)
at org.testng.SuiteRunner.run(SuiteRunner.java:276)
at org.testng.SuiteRunnerWorker.runSuite(SuiteRunnerWorker.java:53)
at org.testng.SuiteRunnerWorker.run(SuiteRunnerWorker.java:96)
at org.testng.TestNG.runSuitesSequentially(TestNG.java:1212)
at org.testng.TestNG.runSuitesLocally(TestNG.java:1134)
at org.testng.TestNG.runSuites(TestNG.java:1063)
at org.testng.TestNG.run(TestNG.java:1031)
at org.testng.remote.AbstractRemoteTestNG.run(AbstractRemoteTestNG.java:115)
at org.testng.remote.RemoteTestNG.initAndRun(RemoteTestNG.java:251)
at org.testng.remote.RemoteTestNG.main(RemoteTestNG.java:77)
]]>
            </full-stacktrace>
          </exception> <!-- java.lang.Throwable -->
          <reporter-output>
          </reporter-output>
        </test-method> <!-- ValidateReactivateUser -->
        <test-method is-config="true" signature="terminate()[pri:0, instance:admin.UsersTest@27eedb64]" started-at="2022-09-11T21:58:52 WAT" name="terminate" finished-at="2022-09-11T21:58:52 WAT" duration-ms="362" status="PASS">
          <reporter-output>
          </reporter-output>
        </test-method> <!-- terminate -->
      </class> <!-- admin.UsersTest -->
      <class name="operator.CouponTest">
        <test-method is-config="true" signature="initialize()[pri:0, instance:operator.CouponTest@49964d75]" started-at="2022-09-11T21:29:48 WAT" name="initialize" finished-at="2022-09-11T21:30:04 WAT" duration-ms="16266" status="PASS">
          <reporter-output>
          </reporter-output>
        </test-method> <!-- initialize -->
        <test-method signature="ValidateCouponPage(java.util.HashMap)[pri:1, instance:operator.CouponTest@49964d75]" started-at="2022-09-11T21:30:04 WAT" name="ValidateCouponPage" data-provider="mergedData" finished-at="2022-09-11T21:30:33 WAT" duration-ms="29012" status="PASS">
          <params>
            <param index="0">
              <value>
                <![CDATA[{emailNotFound=tryme@gmail.com, invalidEmailAddress=jerry@gmail.c, singleCoupon=12500, permitName=test, lga=Amuwo-Odofin LGA, invalidPassword=OSOBASE4@, otp=9876543, agentNoCoupon=jtest@gmail.com, agentsearch=Jerry, emailAddress=jerryosobase4+002@gmail.com, invalidMultipleCouponQuantity=0, companyEmail=kahiper689@moenode.com, multipleCoupon=62500, invalidEmailResetPassword=jtest@gmail.com, companyPhoneNumber=84948940303}]]>
              </value>
            </param>
          </params>
          <reporter-output>
          </reporter-output>
        </test-method> <!-- ValidateCouponPage -->
        <test-method signature="ValidateAutosuggestiveSearchBar()[pri:2, instance:operator.CouponTest@49964d75]" started-at="2022-09-11T21:30:33 WAT" name="ValidateAutosuggestiveSearchBar" finished-at="2022-09-11T21:30:34 WAT" duration-ms="695" status="PASS">
          <reporter-output>
          </reporter-output>
        </test-method> <!-- ValidateAutosuggestiveSearchBar -->
        <test-method signature="ValidateCategoryDropdownList()[pri:3, instance:operator.CouponTest@49964d75]" started-at="2022-09-11T21:30:34 WAT" name="ValidateCategoryDropdownList" finished-at="2022-09-11T21:30:34 WAT" duration-ms="401" status="PASS">
          <reporter-output>
          </reporter-output>
        </test-method> <!-- ValidateCategoryDropdownList -->
        <test-method signature="ValidateSingleCategoryQuantityField()[pri:4, instance:operator.CouponTest@49964d75]" started-at="2022-09-11T21:30:34 WAT" name="ValidateSingleCategoryQuantityField" finished-at="2022-09-11T21:30:35 WAT" duration-ms="337" status="PASS">
          <reporter-output>
          </reporter-output>
        </test-method> <!-- ValidateSingleCategoryQuantityField -->
        <test-method signature="ValidateSingleAgentField()[pri:5, instance:operator.CouponTest@49964d75]" started-at="2022-09-11T21:30:35 WAT" name="ValidateSingleAgentField" finished-at="2022-09-11T21:30:35 WAT" duration-ms="94" status="PASS">
          <reporter-output>
          </reporter-output>
        </test-method> <!-- ValidateSingleAgentField -->
        <test-method signature="ValidateMultipleCategoryQuanityField()[pri:6, instance:operator.CouponTest@49964d75]" started-at="2022-09-11T21:30:35 WAT" name="ValidateMultipleCategoryQuanityField" finished-at="2022-09-11T21:30:35 WAT" duration-ms="117" status="PASS">
          <reporter-output>
          </reporter-output>
        </test-method> <!-- ValidateMultipleCategoryQuanityField -->
        <test-method signature="EmptyDateField()[pri:7, instance:operator.CouponTest@49964d75]" started-at="2022-09-11T21:30:35 WAT" name="EmptyDateField" finished-at="2022-09-11T21:30:36 WAT" duration-ms="614" status="PASS">
          <reporter-output>
          </reporter-output>
        </test-method> <!-- EmptyDateField -->
        <test-method signature="ValidateEndDateCheck()[pri:8, instance:operator.CouponTest@49964d75]" started-at="2022-09-11T21:30:36 WAT" name="ValidateEndDateCheck" finished-at="2022-09-11T21:30:37 WAT" duration-ms="1645" status="PASS">
          <reporter-output>
          </reporter-output>
        </test-method> <!-- ValidateEndDateCheck -->
        <test-method signature="ValidateMultipleCategoryQuanityFieldFormat(java.util.HashMap)[pri:9, instance:operator.CouponTest@49964d75]" started-at="2022-09-11T21:30:37 WAT" name="ValidateMultipleCategoryQuanityFieldFormat" data-provider="invalidGetData" finished-at="2022-09-11T21:30:42 WAT" duration-ms="4501" status="PASS">
          <params>
            <param index="0">
              <value>
                <![CDATA[{emailNotFound=tryme@gmail.com, invalidPassword=OSOBASE4@, invalidEmailAddress=jerry@gmail.c, invalidMultipleCouponQuantity=0, invalidEmailResetPassword=jtest@gmail.com}]]>
              </value>
            </param>
          </params>
          <reporter-output>
          </reporter-output>
        </test-method> <!-- ValidateMultipleCategoryQuanityFieldFormat -->
        <test-method signature="ValidateMultipleCategoryQuanityFieldFormat(java.util.HashMap)[pri:9, instance:operator.CouponTest@49964d75]" started-at="2022-09-11T21:30:42 WAT" name="ValidateMultipleCategoryQuanityFieldFormat" data-provider="invalidGetData" finished-at="2022-09-11T21:30:45 WAT" duration-ms="2932" status="PASS">
          <params>
            <param index="0">
              <value>
                <![CDATA[{emailNotFound=justinbieber@gmail.com, invalidPassword=tesTing##, invalidEmailAddress=jerrygmail.com, invalidMultipleCouponQuantity=1, invalidEmailResetPassword=jtest+001@gmail.com}]]>
              </value>
            </param>
          </params>
          <reporter-output>
          </reporter-output>
        </test-method> <!-- ValidateMultipleCategoryQuanityFieldFormat -->
        <test-method signature="ValidateDiscountTypeDropdownList()[pri:10, instance:operator.CouponTest@49964d75]" started-at="2022-09-11T21:30:45 WAT" name="ValidateDiscountTypeDropdownList" finished-at="2022-09-11T21:30:45 WAT" duration-ms="167" status="PASS">
          <reporter-output>
          </reporter-output>
        </test-method> <!-- ValidateDiscountTypeDropdownList -->
        <test-method signature="EmptyCouponCodeField()[pri:11, instance:operator.CouponTest@49964d75]" started-at="2022-09-11T21:30:45 WAT" name="EmptyCouponCodeField" finished-at="2022-09-11T21:30:48 WAT" duration-ms="3074" status="PASS">
          <reporter-output>
          </reporter-output>
        </test-method> <!-- EmptyCouponCodeField -->
        <test-method signature="EmptyDiscountValueField()[pri:12, instance:operator.CouponTest@49964d75]" started-at="2022-09-11T21:30:48 WAT" name="EmptyDiscountValueField" finished-at="2022-09-11T21:30:51 WAT" duration-ms="2594" status="PASS">
          <reporter-output>
          </reporter-output>
        </test-method> <!-- EmptyDiscountValueField -->
        <test-method signature="ValidateDiscountPercentageValueFormat()[pri:13, instance:operator.CouponTest@49964d75]" started-at="2022-09-11T21:30:51 WAT" name="ValidateDiscountPercentageValueFormat" finished-at="2022-09-11T21:30:53 WAT" duration-ms="2350" status="PASS">
          <reporter-output>
          </reporter-output>
        </test-method> <!-- ValidateDiscountPercentageValueFormat -->
        <test-method signature="ValidateDiscountAmountValueFormat()[pri:14, instance:operator.CouponTest@49964d75]" started-at="2022-09-11T21:30:53 WAT" name="ValidateDiscountAmountValueFormat" finished-at="2022-09-11T21:30:55 WAT" duration-ms="2115" status="PASS">
          <reporter-output>
          </reporter-output>
        </test-method> <!-- ValidateDiscountAmountValueFormat -->
        <test-method signature="SuccessfulSingleCouponRequestOnline()[pri:15, instance:operator.CouponTest@49964d75]" started-at="2022-09-11T21:30:55 WAT" name="SuccessfulSingleCouponRequestOnline" finished-at="2022-09-11T21:31:02 WAT" duration-ms="6766" status="FAIL">
          <exception class="org.openqa.selenium.ElementClickInterceptedException">
            <message>
              <![CDATA[element click intercepted: Element <button type="submit" class="btn btn-warning waves-effect rounded-0 w-100 m-t-5" disabled="disabled">...</button> is not clickable at point (557, 423). Other element would receive the click: <a>...</a>
  (Session info: chrome=105.0.5195.102)
Build info: version: '4.1.2', revision: '9a5a329c5a'
System info: host: 'YV-Jerry.local', ip: 'fe80:0:0:0:1420:dc4e:48a2:adf3%en0', os.name: 'Mac OS X', os.arch: 'x86_64', os.version: '11.0', java.version: '16.0.2'
Driver info: org.openqa.selenium.chrome.ChromeDriver
Command: [ff50d9ee716718146d847b35f156dbf5, clickElement {id=cb68b7a8-d29b-4cb4-a5d0-97b2603fbdb5}]
Capabilities {acceptInsecureCerts: false, browserName: chrome, browserVersion: 105.0.5195.102, chrome: {chromedriverVersion: 104.0.5112.79 (3cf3e8c8a07d..., userDataDir: /var/folders/8c/dvnzzls14cz...}, goog:chromeOptions: {debuggerAddress: localhost:50628}, javascriptEnabled: true, networkConnectionEnabled: false, pageLoadStrategy: normal, platform: MAC, platformName: MAC, proxy: Proxy(), se:cdp: ws://localhost:50628/devtoo..., se:cdpVersion: 105.0.5195.102, setWindowRect: true, strictFileInteractability: false, timeouts: {implicit: 0, pageLoad: 300000, script: 30000}, unhandledPromptBehavior: dismiss and notify, webauthn:extension:credBlob: true, webauthn:extension:largeBlob: true, webauthn:virtualAuthenticators: true}
Element: [[ChromeDriver: chrome on MAC (ff50d9ee716718146d847b35f156dbf5)] -> xpath: //button[text()=' Get Quotation ']]
Session ID: ff50d9ee716718146d847b35f156dbf5]]>
            </message>
            <full-stacktrace>
              <![CDATA[org.openqa.selenium.ElementClickInterceptedException: element click intercepted: Element <button type="submit" class="btn btn-warning waves-effect rounded-0 w-100 m-t-5" disabled="disabled">...</button> is not clickable at point (557, 423). Other element would receive the click: <a>...</a>
  (Session info: chrome=105.0.5195.102)
Build info: version: '4.1.2', revision: '9a5a329c5a'
System info: host: 'YV-Jerry.local', ip: 'fe80:0:0:0:1420:dc4e:48a2:adf3%en0', os.name: 'Mac OS X', os.arch: 'x86_64', os.version: '11.0', java.version: '16.0.2'
Driver info: org.openqa.selenium.chrome.ChromeDriver
Command: [ff50d9ee716718146d847b35f156dbf5, clickElement {id=cb68b7a8-d29b-4cb4-a5d0-97b2603fbdb5}]
Capabilities {acceptInsecureCerts: false, browserName: chrome, browserVersion: 105.0.5195.102, chrome: {chromedriverVersion: 104.0.5112.79 (3cf3e8c8a07d..., userDataDir: /var/folders/8c/dvnzzls14cz...}, goog:chromeOptions: {debuggerAddress: localhost:50628}, javascriptEnabled: true, networkConnectionEnabled: false, pageLoadStrategy: normal, platform: MAC, platformName: MAC, proxy: Proxy(), se:cdp: ws://localhost:50628/devtoo..., se:cdpVersion: 105.0.5195.102, setWindowRect: true, strictFileInteractability: false, timeouts: {implicit: 0, pageLoad: 300000, script: 30000}, unhandledPromptBehavior: dismiss and notify, webauthn:extension:credBlob: true, webauthn:extension:largeBlob: true, webauthn:virtualAuthenticators: true}
Element: [[ChromeDriver: chrome on MAC (ff50d9ee716718146d847b35f156dbf5)] -> xpath: //button[text()=' Get Quotation ']]
Session ID: ff50d9ee716718146d847b35f156dbf5
at java.base/jdk.internal.reflect.NativeConstructorAccessorImpl.newInstance0(Native Method)
at java.base/jdk.internal.reflect.NativeConstructorAccessorImpl.newInstance(NativeConstructorAccessorImpl.java:78)
at java.base/jdk.internal.reflect.DelegatingConstructorAccessorImpl.newInstance(DelegatingConstructorAccessorImpl.java:45)
at java.base/java.lang.reflect.Constructor.newInstanceWithCaller(Constructor.java:499)
at java.base/java.lang.reflect.Constructor.newInstance(Constructor.java:480)
at org.openqa.selenium.remote.codec.w3c.W3CHttpResponseCodec.createException(W3CHttpResponseCodec.java:200)
at org.openqa.selenium.remote.codec.w3c.W3CHttpResponseCodec.decode(W3CHttpResponseCodec.java:133)
at org.openqa.selenium.remote.codec.w3c.W3CHttpResponseCodec.decode(W3CHttpResponseCodec.java:53)
at org.openqa.selenium.remote.HttpCommandExecutor.execute(HttpCommandExecutor.java:184)
at org.openqa.selenium.remote.service.DriverCommandExecutor.invokeExecute(DriverCommandExecutor.java:167)
at org.openqa.selenium.remote.service.DriverCommandExecutor.execute(DriverCommandExecutor.java:142)
at org.openqa.selenium.remote.RemoteWebDriver.execute(RemoteWebDriver.java:558)
at org.openqa.selenium.remote.RemoteWebElement.execute(RemoteWebElement.java:251)
at org.openqa.selenium.remote.RemoteWebElement.click(RemoteWebElement.java:77)
at operator.CouponTest.SuccessfulSingleCouponRequestOnline(CouponTest.java:296)
at java.base/jdk.internal.reflect.NativeMethodAccessorImpl.invoke0(Native Method)
at java.base/jdk.internal.reflect.NativeMethodAccessorImpl.invoke(NativeMethodAccessorImpl.java:78)
at java.base/jdk.internal.reflect.DelegatingMethodAccessorImpl.invoke(DelegatingMethodAccessorImpl.java:43)
at java.base/java.lang.reflect.Method.invoke(Method.java:567)
at org.testng.internal.MethodInvocationHelper.invokeMethod(MethodInvocationHelper.java:133)
at org.testng.internal.TestInvoker.invokeMethod(TestInvoker.java:598)
at org.testng.internal.TestInvoker.invokeTestMethod(TestInvoker.java:173)
at org.testng.internal.MethodRunner.runInSequence(MethodRunner.java:46)
at org.testng.internal.TestInvoker$MethodInvocationAgent.invoke(TestInvoker.java:824)
at org.testng.internal.TestInvoker.invokeTestMethods(TestInvoker.java:146)
at org.testng.internal.TestMethodWorker.invokeTestMethods(TestMethodWorker.java:146)
at org.testng.internal.TestMethodWorker.run(TestMethodWorker.java:128)
at java.base/java.util.ArrayList.forEach(ArrayList.java:1511)
at org.testng.TestRunner.privateRun(TestRunner.java:794)
at org.testng.TestRunner.run(TestRunner.java:596)
at org.testng.SuiteRunner.runTest(SuiteRunner.java:377)
at org.testng.SuiteRunner.runSequentially(SuiteRunner.java:371)
at org.testng.SuiteRunner.privateRun(SuiteRunner.java:332)
at org.testng.SuiteRunner.run(SuiteRunner.java:276)
at org.testng.SuiteRunnerWorker.runSuite(SuiteRunnerWorker.java:53)
at org.testng.SuiteRunnerWorker.run(SuiteRunnerWorker.java:96)
at org.testng.TestNG.runSuitesSequentially(TestNG.java:1212)
at org.testng.TestNG.runSuitesLocally(TestNG.java:1134)
at org.testng.TestNG.runSuites(TestNG.java:1063)
at org.testng.TestNG.run(TestNG.java:1031)
at org.testng.remote.AbstractRemoteTestNG.run(AbstractRemoteTestNG.java:115)
at org.testng.remote.RemoteTestNG.initAndRun(RemoteTestNG.java:251)
at org.testng.remote.RemoteTestNG.main(RemoteTestNG.java:77)
]]>
            </full-stacktrace>
          </exception> <!-- org.openqa.selenium.ElementClickInterceptedException -->
          <reporter-output>
          </reporter-output>
        </test-method> <!-- SuccessfulSingleCouponRequestOnline -->
        <test-method signature="SuccessfulMultipleCouponRequestOnline()[pri:16, instance:operator.CouponTest@49964d75]" started-at="2022-09-11T21:31:03 WAT" name="SuccessfulMultipleCouponRequestOnline" finished-at="2022-09-11T21:31:21 WAT" duration-ms="18513" status="FAIL">
          <exception class="java.lang.AssertionError">
            <message>
              <![CDATA[expected [Success
Coupon payment successful] but found []]]>
            </message>
            <full-stacktrace>
              <![CDATA[java.lang.AssertionError: expected [Success
Coupon payment successful] but found []
at org.testng.Assert.fail(Assert.java:99)
at org.testng.Assert.failNotEquals(Assert.java:1037)
at org.testng.Assert.assertEqualsImpl(Assert.java:140)
at org.testng.Assert.assertEquals(Assert.java:122)
at org.testng.Assert.assertEquals(Assert.java:629)
at org.testng.Assert.assertEquals(Assert.java:639)
at operator.CouponTest.SuccessfulMultipleCouponRequestOnline(CouponTest.java:333)
at java.base/jdk.internal.reflect.NativeMethodAccessorImpl.invoke0(Native Method)
at java.base/jdk.internal.reflect.NativeMethodAccessorImpl.invoke(NativeMethodAccessorImpl.java:78)
at java.base/jdk.internal.reflect.DelegatingMethodAccessorImpl.invoke(DelegatingMethodAccessorImpl.java:43)
at java.base/java.lang.reflect.Method.invoke(Method.java:567)
at org.testng.internal.MethodInvocationHelper.invokeMethod(MethodInvocationHelper.java:133)
at org.testng.internal.TestInvoker.invokeMethod(TestInvoker.java:598)
at org.testng.internal.TestInvoker.invokeTestMethod(TestInvoker.java:173)
at org.testng.internal.MethodRunner.runInSequence(MethodRunner.java:46)
at org.testng.internal.TestInvoker$MethodInvocationAgent.invoke(TestInvoker.java:824)
at org.testng.internal.TestInvoker.invokeTestMethods(TestInvoker.java:146)
at org.testng.internal.TestMethodWorker.invokeTestMethods(TestMethodWorker.java:146)
at org.testng.internal.TestMethodWorker.run(TestMethodWorker.java:128)
at java.base/java.util.ArrayList.forEach(ArrayList.java:1511)
at org.testng.TestRunner.privateRun(TestRunner.java:794)
at org.testng.TestRunner.run(TestRunner.java:596)
at org.testng.SuiteRunner.runTest(SuiteRunner.java:377)
at org.testng.SuiteRunner.runSequentially(SuiteRunner.java:371)
at org.testng.SuiteRunner.privateRun(SuiteRunner.java:332)
at org.testng.SuiteRunner.run(SuiteRunner.java:276)
at org.testng.SuiteRunnerWorker.runSuite(SuiteRunnerWorker.java:53)
at org.testng.SuiteRunnerWorker.run(SuiteRunnerWorker.java:96)
at org.testng.TestNG.runSuitesSequentially(TestNG.java:1212)
at org.testng.TestNG.runSuitesLocally(TestNG.java:1134)
at org.testng.TestNG.runSuites(TestNG.java:1063)
at org.testng.TestNG.run(TestNG.java:1031)
at org.testng.remote.AbstractRemoteTestNG.run(AbstractRemoteTestNG.java:115)
at org.testng.remote.RemoteTestNG.initAndRun(RemoteTestNG.java:251)
at org.testng.remote.RemoteTestNG.main(RemoteTestNG.java:77)
]]>
            </full-stacktrace>
          </exception> <!-- java.lang.AssertionError -->
          <reporter-output>
          </reporter-output>
        </test-method> <!-- SuccessfulMultipleCouponRequestOnline -->
        <test-method signature="ValidateGeneratedCouponList()[pri:17, instance:operator.CouponTest@49964d75]" started-at="2022-09-11T21:31:22 WAT" name="ValidateGeneratedCouponList" finished-at="2022-09-11T21:31:38 WAT" duration-ms="15854" status="FAIL">
          <exception class="org.openqa.selenium.TimeoutException">
            <message>
              <![CDATA[Expected condition failed: waiting for element to be clickable: By.xpath: //li[@class='page-item pagination-page-nav active'] //following-sibling::li (tried for 10 second(s) with 500 milliseconds interval)
Build info: version: '4.1.2', revision: '9a5a329c5a'
System info: host: 'YV-Jerry.local', ip: 'fe80:0:0:0:1420:dc4e:48a2:adf3%en0', os.name: 'Mac OS X', os.arch: 'x86_64', os.version: '11.0', java.version: '16.0.2'
Driver info: org.openqa.selenium.chrome.ChromeDriver
Capabilities {acceptInsecureCerts: false, browserName: chrome, browserVersion: 105.0.5195.102, chrome: {chromedriverVersion: 104.0.5112.79 (3cf3e8c8a07d..., userDataDir: /var/folders/8c/dvnzzls14cz...}, goog:chromeOptions: {debuggerAddress: localhost:50628}, javascriptEnabled: true, networkConnectionEnabled: false, pageLoadStrategy: normal, platform: MAC, platformName: MAC, proxy: Proxy(), se:cdp: ws://localhost:50628/devtoo..., se:cdpVersion: 105.0.5195.102, setWindowRect: true, strictFileInteractability: false, timeouts: {implicit: 0, pageLoad: 300000, script: 30000}, unhandledPromptBehavior: dismiss and notify, webauthn:extension:credBlob: true, webauthn:extension:largeBlob: true, webauthn:virtualAuthenticators: true}
Session ID: ff50d9ee716718146d847b35f156dbf5]]>
            </message>
            <full-stacktrace>
              <![CDATA[org.openqa.selenium.TimeoutException: Expected condition failed: waiting for element to be clickable: By.xpath: //li[@class='page-item pagination-page-nav active'] //following-sibling::li (tried for 10 second(s) with 500 milliseconds interval)
Build info: version: '4.1.2', revision: '9a5a329c5a'
System info: host: 'YV-Jerry.local', ip: 'fe80:0:0:0:1420:dc4e:48a2:adf3%en0', os.name: 'Mac OS X', os.arch: 'x86_64', os.version: '11.0', java.version: '16.0.2'
Driver info: org.openqa.selenium.chrome.ChromeDriver
Capabilities {acceptInsecureCerts: false, browserName: chrome, browserVersion: 105.0.5195.102, chrome: {chromedriverVersion: 104.0.5112.79 (3cf3e8c8a07d..., userDataDir: /var/folders/8c/dvnzzls14cz...}, goog:chromeOptions: {debuggerAddress: localhost:50628}, javascriptEnabled: true, networkConnectionEnabled: false, pageLoadStrategy: normal, platform: MAC, platformName: MAC, proxy: Proxy(), se:cdp: ws://localhost:50628/devtoo..., se:cdpVersion: 105.0.5195.102, setWindowRect: true, strictFileInteractability: false, timeouts: {implicit: 0, pageLoad: 300000, script: 30000}, unhandledPromptBehavior: dismiss and notify, webauthn:extension:credBlob: true, webauthn:extension:largeBlob: true, webauthn:virtualAuthenticators: true}
Session ID: ff50d9ee716718146d847b35f156dbf5
at org.openqa.selenium.support.ui.WebDriverWait.timeoutException(WebDriverWait.java:138)
at org.openqa.selenium.support.ui.FluentWait.until(FluentWait.java:231)
at pageObject.admin.Coupon.getNextPagination(Coupon.java:174)
at operator.CouponTest.ValidateGeneratedCouponList(CouponTest.java:347)
at java.base/jdk.internal.reflect.NativeMethodAccessorImpl.invoke0(Native Method)
at java.base/jdk.internal.reflect.NativeMethodAccessorImpl.invoke(NativeMethodAccessorImpl.java:78)
at java.base/jdk.internal.reflect.DelegatingMethodAccessorImpl.invoke(DelegatingMethodAccessorImpl.java:43)
at java.base/java.lang.reflect.Method.invoke(Method.java:567)
at org.testng.internal.MethodInvocationHelper.invokeMethod(MethodInvocationHelper.java:133)
at org.testng.internal.TestInvoker.invokeMethod(TestInvoker.java:598)
at org.testng.internal.TestInvoker.invokeTestMethod(TestInvoker.java:173)
at org.testng.internal.MethodRunner.runInSequence(MethodRunner.java:46)
at org.testng.internal.TestInvoker$MethodInvocationAgent.invoke(TestInvoker.java:824)
at org.testng.internal.TestInvoker.invokeTestMethods(TestInvoker.java:146)
at org.testng.internal.TestMethodWorker.invokeTestMethods(TestMethodWorker.java:146)
at org.testng.internal.TestMethodWorker.run(TestMethodWorker.java:128)
at java.base/java.util.ArrayList.forEach(ArrayList.java:1511)
at org.testng.TestRunner.privateRun(TestRunner.java:794)
at org.testng.TestRunner.run(TestRunner.java:596)
at org.testng.SuiteRunner.runTest(SuiteRunner.java:377)
at org.testng.SuiteRunner.runSequentially(SuiteRunner.java:371)
at org.testng.SuiteRunner.privateRun(SuiteRunner.java:332)
at org.testng.SuiteRunner.run(SuiteRunner.java:276)
at org.testng.SuiteRunnerWorker.runSuite(SuiteRunnerWorker.java:53)
at org.testng.SuiteRunnerWorker.run(SuiteRunnerWorker.java:96)
at org.testng.TestNG.runSuitesSequentially(TestNG.java:1212)
at org.testng.TestNG.runSuitesLocally(TestNG.java:1134)
at org.testng.TestNG.runSuites(TestNG.java:1063)
at org.testng.TestNG.run(TestNG.java:1031)
at org.testng.remote.AbstractRemoteTestNG.run(AbstractRemoteTestNG.java:115)
at org.testng.remote.RemoteTestNG.initAndRun(RemoteTestNG.java:251)
at org.testng.remote.RemoteTestNG.main(RemoteTestNG.java:77)
]]>
            </full-stacktrace>
          </exception> <!-- org.openqa.selenium.TimeoutException -->
          <reporter-output>
          </reporter-output>
        </test-method> <!-- ValidateGeneratedCouponList -->
        <test-method signature="ValidateGenerateCouponCategoryDropdownList()[pri:18, instance:operator.CouponTest@49964d75]" started-at="2022-09-11T21:31:39 WAT" name="ValidateGenerateCouponCategoryDropdownList" finished-at="2022-09-11T21:31:39 WAT" duration-ms="304" status="PASS">
          <reporter-output>
          </reporter-output>
        </test-method> <!-- ValidateGenerateCouponCategoryDropdownList -->
        <test-method signature="ValidateSingleCouponFilter()[pri:19, instance:operator.CouponTest@49964d75]" started-at="2022-09-11T21:31:39 WAT" name="ValidateSingleCouponFilter" finished-at="2022-09-11T21:31:56 WAT" duration-ms="17034" status="FAIL">
          <exception class="org.openqa.selenium.NoSuchElementException">
            <message>
              <![CDATA[no such element: Unable to locate element: {"method":"xpath","selector":"//div[@class='p-30 test font-medium text-muted']"}
  (Session info: chrome=105.0.5195.102)
For documentation on this error, please visit: https://selenium.dev/exceptions/#no_such_element
Build info: version: '4.1.2', revision: '9a5a329c5a'
System info: host: 'YV-Jerry.local', ip: 'fe80:0:0:0:1420:dc4e:48a2:adf3%en0', os.name: 'Mac OS X', os.arch: 'x86_64', os.version: '11.0', java.version: '16.0.2'
Driver info: org.openqa.selenium.chrome.ChromeDriver
Command: [ff50d9ee716718146d847b35f156dbf5, findElement {using=xpath, value=//div[@class='p-30 test font-medium text-muted']}]
Capabilities {acceptInsecureCerts: false, browserName: chrome, browserVersion: 105.0.5195.102, chrome: {chromedriverVersion: 104.0.5112.79 (3cf3e8c8a07d..., userDataDir: /var/folders/8c/dvnzzls14cz...}, goog:chromeOptions: {debuggerAddress: localhost:50628}, javascriptEnabled: true, networkConnectionEnabled: false, pageLoadStrategy: normal, platform: MAC, platformName: MAC, proxy: Proxy(), se:cdp: ws://localhost:50628/devtoo..., se:cdpVersion: 105.0.5195.102, setWindowRect: true, strictFileInteractability: false, timeouts: {implicit: 0, pageLoad: 300000, script: 30000}, unhandledPromptBehavior: dismiss and notify, webauthn:extension:credBlob: true, webauthn:extension:largeBlob: true, webauthn:virtualAuthenticators: true}
Session ID: ff50d9ee716718146d847b35f156dbf5]]>
            </message>
            <full-stacktrace>
              <![CDATA[org.openqa.selenium.NoSuchElementException: no such element: Unable to locate element: {"method":"xpath","selector":"//div[@class='p-30 test font-medium text-muted']"}
  (Session info: chrome=105.0.5195.102)
For documentation on this error, please visit: https://selenium.dev/exceptions/#no_such_element
Build info: version: '4.1.2', revision: '9a5a329c5a'
System info: host: 'YV-Jerry.local', ip: 'fe80:0:0:0:1420:dc4e:48a2:adf3%en0', os.name: 'Mac OS X', os.arch: 'x86_64', os.version: '11.0', java.version: '16.0.2'
Driver info: org.openqa.selenium.chrome.ChromeDriver
Command: [ff50d9ee716718146d847b35f156dbf5, findElement {using=xpath, value=//div[@class='p-30 test font-medium text-muted']}]
Capabilities {acceptInsecureCerts: false, browserName: chrome, browserVersion: 105.0.5195.102, chrome: {chromedriverVersion: 104.0.5112.79 (3cf3e8c8a07d..., userDataDir: /var/folders/8c/dvnzzls14cz...}, goog:chromeOptions: {debuggerAddress: localhost:50628}, javascriptEnabled: true, networkConnectionEnabled: false, pageLoadStrategy: normal, platform: MAC, platformName: MAC, proxy: Proxy(), se:cdp: ws://localhost:50628/devtoo..., se:cdpVersion: 105.0.5195.102, setWindowRect: true, strictFileInteractability: false, timeouts: {implicit: 0, pageLoad: 300000, script: 30000}, unhandledPromptBehavior: dismiss and notify, webauthn:extension:credBlob: true, webauthn:extension:largeBlob: true, webauthn:virtualAuthenticators: true}
Session ID: ff50d9ee716718146d847b35f156dbf5
at java.base/jdk.internal.reflect.NativeConstructorAccessorImpl.newInstance0(Native Method)
at java.base/jdk.internal.reflect.NativeConstructorAccessorImpl.newInstance(NativeConstructorAccessorImpl.java:78)
at java.base/jdk.internal.reflect.DelegatingConstructorAccessorImpl.newInstance(DelegatingConstructorAccessorImpl.java:45)
at java.base/java.lang.reflect.Constructor.newInstanceWithCaller(Constructor.java:499)
at java.base/java.lang.reflect.Constructor.newInstance(Constructor.java:480)
at org.openqa.selenium.remote.codec.w3c.W3CHttpResponseCodec.createException(W3CHttpResponseCodec.java:200)
at org.openqa.selenium.remote.codec.w3c.W3CHttpResponseCodec.decode(W3CHttpResponseCodec.java:133)
at org.openqa.selenium.remote.codec.w3c.W3CHttpResponseCodec.decode(W3CHttpResponseCodec.java:53)
at org.openqa.selenium.remote.HttpCommandExecutor.execute(HttpCommandExecutor.java:184)
at org.openqa.selenium.remote.service.DriverCommandExecutor.invokeExecute(DriverCommandExecutor.java:167)
at org.openqa.selenium.remote.service.DriverCommandExecutor.execute(DriverCommandExecutor.java:142)
at org.openqa.selenium.remote.RemoteWebDriver.execute(RemoteWebDriver.java:558)
at org.openqa.selenium.remote.ElementLocation$ElementFinder$2.findElement(ElementLocation.java:162)
at org.openqa.selenium.remote.ElementLocation.findElement(ElementLocation.java:60)
at org.openqa.selenium.remote.RemoteWebDriver.findElement(RemoteWebDriver.java:382)
at org.openqa.selenium.remote.RemoteWebDriver.findElement(RemoteWebDriver.java:374)
at pageObject.admin.Coupon.getTableFooterText(Coupon.java:96)
at operator.CouponTest.ValidateSingleCouponFilter(CouponTest.java:387)
at java.base/jdk.internal.reflect.NativeMethodAccessorImpl.invoke0(Native Method)
at java.base/jdk.internal.reflect.NativeMethodAccessorImpl.invoke(NativeMethodAccessorImpl.java:78)
at java.base/jdk.internal.reflect.DelegatingMethodAccessorImpl.invoke(DelegatingMethodAccessorImpl.java:43)
at java.base/java.lang.reflect.Method.invoke(Method.java:567)
at org.testng.internal.MethodInvocationHelper.invokeMethod(MethodInvocationHelper.java:133)
at org.testng.internal.TestInvoker.invokeMethod(TestInvoker.java:598)
at org.testng.internal.TestInvoker.invokeTestMethod(TestInvoker.java:173)
at org.testng.internal.MethodRunner.runInSequence(MethodRunner.java:46)
at org.testng.internal.TestInvoker$MethodInvocationAgent.invoke(TestInvoker.java:824)
at org.testng.internal.TestInvoker.invokeTestMethods(TestInvoker.java:146)
at org.testng.internal.TestMethodWorker.invokeTestMethods(TestMethodWorker.java:146)
at org.testng.internal.TestMethodWorker.run(TestMethodWorker.java:128)
at java.base/java.util.ArrayList.forEach(ArrayList.java:1511)
at org.testng.TestRunner.privateRun(TestRunner.java:794)
at org.testng.TestRunner.run(TestRunner.java:596)
at org.testng.SuiteRunner.runTest(SuiteRunner.java:377)
at org.testng.SuiteRunner.runSequentially(SuiteRunner.java:371)
at org.testng.SuiteRunner.privateRun(SuiteRunner.java:332)
at org.testng.SuiteRunner.run(SuiteRunner.java:276)
at org.testng.SuiteRunnerWorker.runSuite(SuiteRunnerWorker.java:53)
at org.testng.SuiteRunnerWorker.run(SuiteRunnerWorker.java:96)
at org.testng.TestNG.runSuitesSequentially(TestNG.java:1212)
at org.testng.TestNG.runSuitesLocally(TestNG.java:1134)
at org.testng.TestNG.runSuites(TestNG.java:1063)
at org.testng.TestNG.run(TestNG.java:1031)
at org.testng.remote.AbstractRemoteTestNG.run(AbstractRemoteTestNG.java:115)
at org.testng.remote.RemoteTestNG.initAndRun(RemoteTestNG.java:251)
at org.testng.remote.RemoteTestNG.main(RemoteTestNG.java:77)
]]>
            </full-stacktrace>
          </exception> <!-- org.openqa.selenium.NoSuchElementException -->
          <reporter-output>
          </reporter-output>
        </test-method> <!-- ValidateSingleCouponFilter -->
        <test-method signature="ValidateClearSingleList()[pri:0, instance:operator.CouponTest@49964d75]" started-at="2022-09-11T21:31:57 WAT" name="ValidateClearSingleList" finished-at="2022-09-11T21:31:57 WAT" depends-on-methods="operator.CouponTest.ValidateSingleCouponFilter" duration-ms="1" status="SKIP">
          <exception class="java.lang.Throwable">
            <message>
              <![CDATA[Method CouponTest.ValidateClearSingleList()[pri:0, instance:operator.CouponTest@49964d75] depends on not successfully finished methods]]>
            </message>
            <full-stacktrace>
              <![CDATA[java.lang.Throwable: Method CouponTest.ValidateClearSingleList()[pri:0, instance:operator.CouponTest@49964d75] depends on not successfully finished methods
at org.testng.internal.TestInvoker.invokeTestMethods(TestInvoker.java:102)
at org.testng.internal.TestMethodWorker.invokeTestMethods(TestMethodWorker.java:146)
at org.testng.internal.TestMethodWorker.run(TestMethodWorker.java:128)
at java.base/java.util.ArrayList.forEach(ArrayList.java:1511)
at org.testng.TestRunner.privateRun(TestRunner.java:794)
at org.testng.TestRunner.run(TestRunner.java:596)
at org.testng.SuiteRunner.runTest(SuiteRunner.java:377)
at org.testng.SuiteRunner.runSequentially(SuiteRunner.java:371)
at org.testng.SuiteRunner.privateRun(SuiteRunner.java:332)
at org.testng.SuiteRunner.run(SuiteRunner.java:276)
at org.testng.SuiteRunnerWorker.runSuite(SuiteRunnerWorker.java:53)
at org.testng.SuiteRunnerWorker.run(SuiteRunnerWorker.java:96)
at org.testng.TestNG.runSuitesSequentially(TestNG.java:1212)
at org.testng.TestNG.runSuitesLocally(TestNG.java:1134)
at org.testng.TestNG.runSuites(TestNG.java:1063)
at org.testng.TestNG.run(TestNG.java:1031)
at org.testng.remote.AbstractRemoteTestNG.run(AbstractRemoteTestNG.java:115)
at org.testng.remote.RemoteTestNG.initAndRun(RemoteTestNG.java:251)
at org.testng.remote.RemoteTestNG.main(RemoteTestNG.java:77)
]]>
            </full-stacktrace>
          </exception> <!-- java.lang.Throwable -->
          <reporter-output>
          </reporter-output>
        </test-method> <!-- ValidateClearSingleList -->
        <test-method signature="ValidateMultipleCouponFilter()[pri:20, instance:operator.CouponTest@49964d75]" started-at="2022-09-11T21:31:57 WAT" name="ValidateMultipleCouponFilter" finished-at="2022-09-11T21:32:14 WAT" duration-ms="17176" status="FAIL">
          <exception class="org.openqa.selenium.TimeoutException">
            <message>
              <![CDATA[Expected condition failed: waiting for element to be clickable: By.xpath: //li[@class='page-item pagination-page-nav active'] //following-sibling::li (tried for 10 second(s) with 500 milliseconds interval)
Build info: version: '4.1.2', revision: '9a5a329c5a'
System info: host: 'YV-Jerry.local', ip: 'fe80:0:0:0:1420:dc4e:48a2:adf3%en0', os.name: 'Mac OS X', os.arch: 'x86_64', os.version: '11.0', java.version: '16.0.2'
Driver info: org.openqa.selenium.chrome.ChromeDriver
Capabilities {acceptInsecureCerts: false, browserName: chrome, browserVersion: 105.0.5195.102, chrome: {chromedriverVersion: 104.0.5112.79 (3cf3e8c8a07d..., userDataDir: /var/folders/8c/dvnzzls14cz...}, goog:chromeOptions: {debuggerAddress: localhost:50628}, javascriptEnabled: true, networkConnectionEnabled: false, pageLoadStrategy: normal, platform: MAC, platformName: MAC, proxy: Proxy(), se:cdp: ws://localhost:50628/devtoo..., se:cdpVersion: 105.0.5195.102, setWindowRect: true, strictFileInteractability: false, timeouts: {implicit: 0, pageLoad: 300000, script: 30000}, unhandledPromptBehavior: dismiss and notify, webauthn:extension:credBlob: true, webauthn:extension:largeBlob: true, webauthn:virtualAuthenticators: true}
Session ID: ff50d9ee716718146d847b35f156dbf5]]>
            </message>
            <full-stacktrace>
              <![CDATA[org.openqa.selenium.TimeoutException: Expected condition failed: waiting for element to be clickable: By.xpath: //li[@class='page-item pagination-page-nav active'] //following-sibling::li (tried for 10 second(s) with 500 milliseconds interval)
Build info: version: '4.1.2', revision: '9a5a329c5a'
System info: host: 'YV-Jerry.local', ip: 'fe80:0:0:0:1420:dc4e:48a2:adf3%en0', os.name: 'Mac OS X', os.arch: 'x86_64', os.version: '11.0', java.version: '16.0.2'
Driver info: org.openqa.selenium.chrome.ChromeDriver
Capabilities {acceptInsecureCerts: false, browserName: chrome, browserVersion: 105.0.5195.102, chrome: {chromedriverVersion: 104.0.5112.79 (3cf3e8c8a07d..., userDataDir: /var/folders/8c/dvnzzls14cz...}, goog:chromeOptions: {debuggerAddress: localhost:50628}, javascriptEnabled: true, networkConnectionEnabled: false, pageLoadStrategy: normal, platform: MAC, platformName: MAC, proxy: Proxy(), se:cdp: ws://localhost:50628/devtoo..., se:cdpVersion: 105.0.5195.102, setWindowRect: true, strictFileInteractability: false, timeouts: {implicit: 0, pageLoad: 300000, script: 30000}, unhandledPromptBehavior: dismiss and notify, webauthn:extension:credBlob: true, webauthn:extension:largeBlob: true, webauthn:virtualAuthenticators: true}
Session ID: ff50d9ee716718146d847b35f156dbf5
at org.openqa.selenium.support.ui.WebDriverWait.timeoutException(WebDriverWait.java:138)
at org.openqa.selenium.support.ui.FluentWait.until(FluentWait.java:231)
at pageObject.admin.Coupon.getNextPagination(Coupon.java:174)
at operator.CouponTest.ValidateMultipleCouponFilter(CouponTest.java:443)
at java.base/jdk.internal.reflect.NativeMethodAccessorImpl.invoke0(Native Method)
at java.base/jdk.internal.reflect.NativeMethodAccessorImpl.invoke(NativeMethodAccessorImpl.java:78)
at java.base/jdk.internal.reflect.DelegatingMethodAccessorImpl.invoke(DelegatingMethodAccessorImpl.java:43)
at java.base/java.lang.reflect.Method.invoke(Method.java:567)
at org.testng.internal.MethodInvocationHelper.invokeMethod(MethodInvocationHelper.java:133)
at org.testng.internal.TestInvoker.invokeMethod(TestInvoker.java:598)
at org.testng.internal.TestInvoker.invokeTestMethod(TestInvoker.java:173)
at org.testng.internal.MethodRunner.runInSequence(MethodRunner.java:46)
at org.testng.internal.TestInvoker$MethodInvocationAgent.invoke(TestInvoker.java:824)
at org.testng.internal.TestInvoker.invokeTestMethods(TestInvoker.java:146)
at org.testng.internal.TestMethodWorker.invokeTestMethods(TestMethodWorker.java:146)
at org.testng.internal.TestMethodWorker.run(TestMethodWorker.java:128)
at java.base/java.util.ArrayList.forEach(ArrayList.java:1511)
at org.testng.TestRunner.privateRun(TestRunner.java:794)
at org.testng.TestRunner.run(TestRunner.java:596)
at org.testng.SuiteRunner.runTest(SuiteRunner.java:377)
at org.testng.SuiteRunner.runSequentially(SuiteRunner.java:371)
at org.testng.SuiteRunner.privateRun(SuiteRunner.java:332)
at org.testng.SuiteRunner.run(SuiteRunner.java:276)
at org.testng.SuiteRunnerWorker.runSuite(SuiteRunnerWorker.java:53)
at org.testng.SuiteRunnerWorker.run(SuiteRunnerWorker.java:96)
at org.testng.TestNG.runSuitesSequentially(TestNG.java:1212)
at org.testng.TestNG.runSuitesLocally(TestNG.java:1134)
at org.testng.TestNG.runSuites(TestNG.java:1063)
at org.testng.TestNG.run(TestNG.java:1031)
at org.testng.remote.AbstractRemoteTestNG.run(AbstractRemoteTestNG.java:115)
at org.testng.remote.RemoteTestNG.initAndRun(RemoteTestNG.java:251)
at org.testng.remote.RemoteTestNG.main(RemoteTestNG.java:77)
]]>
            </full-stacktrace>
          </exception> <!-- org.openqa.selenium.TimeoutException -->
          <reporter-output>
          </reporter-output>
        </test-method> <!-- ValidateMultipleCouponFilter -->
        <test-method signature="ValidateClearMultipleList()[pri:0, instance:operator.CouponTest@49964d75]" started-at="2022-09-11T21:32:15 WAT" name="ValidateClearMultipleList" finished-at="2022-09-11T21:32:15 WAT" depends-on-methods="operator.CouponTest.ValidateMultipleCouponFilter" duration-ms="1" status="SKIP">
          <exception class="java.lang.Throwable">
            <message>
              <![CDATA[Method CouponTest.ValidateClearMultipleList()[pri:0, instance:operator.CouponTest@49964d75] depends on not successfully finished methods]]>
            </message>
            <full-stacktrace>
              <![CDATA[java.lang.Throwable: Method CouponTest.ValidateClearMultipleList()[pri:0, instance:operator.CouponTest@49964d75] depends on not successfully finished methods
at org.testng.internal.TestInvoker.invokeTestMethods(TestInvoker.java:102)
at org.testng.internal.TestMethodWorker.invokeTestMethods(TestMethodWorker.java:146)
at org.testng.internal.TestMethodWorker.run(TestMethodWorker.java:128)
at java.base/java.util.ArrayList.forEach(ArrayList.java:1511)
at org.testng.TestRunner.privateRun(TestRunner.java:794)
at org.testng.TestRunner.run(TestRunner.java:596)
at org.testng.SuiteRunner.runTest(SuiteRunner.java:377)
at org.testng.SuiteRunner.runSequentially(SuiteRunner.java:371)
at org.testng.SuiteRunner.privateRun(SuiteRunner.java:332)
at org.testng.SuiteRunner.run(SuiteRunner.java:276)
at org.testng.SuiteRunnerWorker.runSuite(SuiteRunnerWorker.java:53)
at org.testng.SuiteRunnerWorker.run(SuiteRunnerWorker.java:96)
at org.testng.TestNG.runSuitesSequentially(TestNG.java:1212)
at org.testng.TestNG.runSuitesLocally(TestNG.java:1134)
at org.testng.TestNG.runSuites(TestNG.java:1063)
at org.testng.TestNG.run(TestNG.java:1031)
at org.testng.remote.AbstractRemoteTestNG.run(AbstractRemoteTestNG.java:115)
at org.testng.remote.RemoteTestNG.initAndRun(RemoteTestNG.java:251)
at org.testng.remote.RemoteTestNG.main(RemoteTestNG.java:77)
]]>
            </full-stacktrace>
          </exception> <!-- java.lang.Throwable -->
          <reporter-output>
          </reporter-output>
        </test-method> <!-- ValidateClearMultipleList -->
        <test-method signature="ValidateGeneratedListHeader()[pri:21, instance:operator.CouponTest@49964d75]" started-at="2022-09-11T21:32:15 WAT" name="ValidateGeneratedListHeader" finished-at="2022-09-11T21:32:15 WAT" duration-ms="106" status="PASS">
          <reporter-output>
          </reporter-output>
        </test-method> <!-- ValidateGeneratedListHeader -->
        <test-method signature="ValidateGeneratedCouponCardResponse()[pri:22, instance:operator.CouponTest@49964d75]" started-at="2022-09-11T21:32:15 WAT" name="ValidateGeneratedCouponCardResponse" finished-at="2022-09-11T21:32:16 WAT" duration-ms="752" status="PASS">
          <reporter-output>
          </reporter-output>
        </test-method> <!-- ValidateGeneratedCouponCardResponse -->
        <test-method signature="ValidateDownloadCSVButton()[pri:23, instance:operator.CouponTest@49964d75]" started-at="2022-09-11T21:32:16 WAT" name="ValidateDownloadCSVButton" finished-at="2022-09-11T21:32:22 WAT" duration-ms="6413" status="PASS">
          <reporter-output>
          </reporter-output>
        </test-method> <!-- ValidateDownloadCSVButton -->
        <test-method is-config="true" signature="terminate()[pri:0, instance:operator.CouponTest@49964d75]" started-at="2022-09-11T21:32:22 WAT" name="terminate" finished-at="2022-09-11T21:32:22 WAT" duration-ms="172" status="PASS">
          <reporter-output>
          </reporter-output>
        </test-method> <!-- terminate -->
      </class> <!-- operator.CouponTest -->
      <class name="operator.IdentityTest">
        <test-method is-config="true" signature="initialize()[pri:0, instance:operator.IdentityTest@466276d8]" started-at="2022-09-11T21:37:14 WAT" name="initialize" finished-at="2022-09-11T21:38:15 WAT" duration-ms="60657" status="PASS">
          <reporter-output>
          </reporter-output>
        </test-method> <!-- initialize -->
        <test-method signature="ValidateIdentityPage(java.util.HashMap)[pri:1, instance:operator.IdentityTest@466276d8]" started-at="2022-09-11T21:38:15 WAT" name="ValidateIdentityPage" data-provider="mergedData" finished-at="2022-09-11T21:38:32 WAT" duration-ms="17570" status="FAIL">
          <params>
            <param index="0">
              <value>
                <![CDATA[{emailNotFound=tryme@gmail.com, invalidEmailAddress=jerry@gmail.c, singleCoupon=12500, permitName=test, lga=Amuwo-Odofin LGA, invalidPassword=OSOBASE4@, otp=9876543, agentNoCoupon=jtest@gmail.com, agentsearch=Jerry, emailAddress=jerryosobase4+002@gmail.com, invalidMultipleCouponQuantity=0, companyEmail=kahiper689@moenode.com, multipleCoupon=62500, invalidEmailResetPassword=jtest@gmail.com, companyPhoneNumber=84948940303}]]>
              </value>
            </param>
          </params>
          <exception class="java.lang.AssertionError">
            <message>
              <![CDATA[The following asserts failed:
expected [Identity] but found [Ecosystem]]]>
            </message>
            <full-stacktrace>
              <![CDATA[java.lang.AssertionError: The following asserts failed:
expected [Identity] but found [Ecosystem]
at org.testng.asserts.SoftAssert.assertAll(SoftAssert.java:47)
at org.testng.asserts.SoftAssert.assertAll(SoftAssert.java:31)
at operator.IdentityTest.ValidateIdentityPage(IdentityTest.java:49)
at java.base/jdk.internal.reflect.NativeMethodAccessorImpl.invoke0(Native Method)
at java.base/jdk.internal.reflect.NativeMethodAccessorImpl.invoke(NativeMethodAccessorImpl.java:78)
at java.base/jdk.internal.reflect.DelegatingMethodAccessorImpl.invoke(DelegatingMethodAccessorImpl.java:43)
at java.base/java.lang.reflect.Method.invoke(Method.java:567)
at org.testng.internal.MethodInvocationHelper.invokeMethod(MethodInvocationHelper.java:133)
at org.testng.internal.TestInvoker.invokeMethod(TestInvoker.java:598)
at org.testng.internal.TestInvoker.invokeTestMethod(TestInvoker.java:173)
at org.testng.internal.MethodRunner.runInSequence(MethodRunner.java:46)
at org.testng.internal.TestInvoker$MethodInvocationAgent.invoke(TestInvoker.java:824)
at org.testng.internal.TestInvoker.invokeTestMethods(TestInvoker.java:146)
at org.testng.internal.TestMethodWorker.invokeTestMethods(TestMethodWorker.java:146)
at org.testng.internal.TestMethodWorker.run(TestMethodWorker.java:128)
at java.base/java.util.ArrayList.forEach(ArrayList.java:1511)
at org.testng.TestRunner.privateRun(TestRunner.java:794)
at org.testng.TestRunner.run(TestRunner.java:596)
at org.testng.SuiteRunner.runTest(SuiteRunner.java:377)
at org.testng.SuiteRunner.runSequentially(SuiteRunner.java:371)
at org.testng.SuiteRunner.privateRun(SuiteRunner.java:332)
at org.testng.SuiteRunner.run(SuiteRunner.java:276)
at org.testng.SuiteRunnerWorker.runSuite(SuiteRunnerWorker.java:53)
at org.testng.SuiteRunnerWorker.run(SuiteRunnerWorker.java:96)
at org.testng.TestNG.runSuitesSequentially(TestNG.java:1212)
at org.testng.TestNG.runSuitesLocally(TestNG.java:1134)
at org.testng.TestNG.runSuites(TestNG.java:1063)
at org.testng.TestNG.run(TestNG.java:1031)
at org.testng.remote.AbstractRemoteTestNG.run(AbstractRemoteTestNG.java:115)
at org.testng.remote.RemoteTestNG.initAndRun(RemoteTestNG.java:251)
at org.testng.remote.RemoteTestNG.main(RemoteTestNG.java:77)
]]>
            </full-stacktrace>
          </exception> <!-- java.lang.AssertionError -->
          <reporter-output>
          </reporter-output>
        </test-method> <!-- ValidateIdentityPage -->
        <test-method signature="ValidateIdentityListHeader()[pri:2, instance:operator.IdentityTest@466276d8]" started-at="2022-09-11T21:38:33 WAT" name="ValidateIdentityListHeader" finished-at="2022-09-11T21:38:33 WAT" duration-ms="192" status="FAIL">
          <exception class="java.lang.AssertionError">
            <message>
              <![CDATA[lists don't have the same size expected [8] but found [9]]]>
            </message>
            <full-stacktrace>
              <![CDATA[java.lang.AssertionError: lists don't have the same size expected [8] but found [9]
at org.testng.Assert.fail(Assert.java:99)
at org.testng.Assert.failNotEquals(Assert.java:1037)
at org.testng.Assert.assertEqualsImpl(Assert.java:140)
at org.testng.Assert.assertEquals(Assert.java:122)
at org.testng.Assert.assertEquals(Assert.java:907)
at org.testng.Assert.assertEquals(Assert.java:1089)
at org.testng.Assert.assertEquals(Assert.java:1065)
at operator.IdentityTest.ValidateIdentityListHeader(IdentityTest.java:64)
at java.base/jdk.internal.reflect.NativeMethodAccessorImpl.invoke0(Native Method)
at java.base/jdk.internal.reflect.NativeMethodAccessorImpl.invoke(NativeMethodAccessorImpl.java:78)
at java.base/jdk.internal.reflect.DelegatingMethodAccessorImpl.invoke(DelegatingMethodAccessorImpl.java:43)
at java.base/java.lang.reflect.Method.invoke(Method.java:567)
at org.testng.internal.MethodInvocationHelper.invokeMethod(MethodInvocationHelper.java:133)
at org.testng.internal.TestInvoker.invokeMethod(TestInvoker.java:598)
at org.testng.internal.TestInvoker.invokeTestMethod(TestInvoker.java:173)
at org.testng.internal.MethodRunner.runInSequence(MethodRunner.java:46)
at org.testng.internal.TestInvoker$MethodInvocationAgent.invoke(TestInvoker.java:824)
at org.testng.internal.TestInvoker.invokeTestMethods(TestInvoker.java:146)
at org.testng.internal.TestMethodWorker.invokeTestMethods(TestMethodWorker.java:146)
at org.testng.internal.TestMethodWorker.run(TestMethodWorker.java:128)
at java.base/java.util.ArrayList.forEach(ArrayList.java:1511)
at org.testng.TestRunner.privateRun(TestRunner.java:794)
at org.testng.TestRunner.run(TestRunner.java:596)
at org.testng.SuiteRunner.runTest(SuiteRunner.java:377)
at org.testng.SuiteRunner.runSequentially(SuiteRunner.java:371)
at org.testng.SuiteRunner.privateRun(SuiteRunner.java:332)
at org.testng.SuiteRunner.run(SuiteRunner.java:276)
at org.testng.SuiteRunnerWorker.runSuite(SuiteRunnerWorker.java:53)
at org.testng.SuiteRunnerWorker.run(SuiteRunnerWorker.java:96)
at org.testng.TestNG.runSuitesSequentially(TestNG.java:1212)
at org.testng.TestNG.runSuitesLocally(TestNG.java:1134)
at org.testng.TestNG.runSuites(TestNG.java:1063)
at org.testng.TestNG.run(TestNG.java:1031)
at org.testng.remote.AbstractRemoteTestNG.run(AbstractRemoteTestNG.java:115)
at org.testng.remote.RemoteTestNG.initAndRun(RemoteTestNG.java:251)
at org.testng.remote.RemoteTestNG.main(RemoteTestNG.java:77)
]]>
            </full-stacktrace>
          </exception> <!-- java.lang.AssertionError -->
          <reporter-output>
          </reporter-output>
        </test-method> <!-- ValidateIdentityListHeader -->
        <test-method signature="ValidateStatusDropdownList()[pri:3, instance:operator.IdentityTest@466276d8]" started-at="2022-09-11T21:38:35 WAT" name="ValidateStatusDropdownList" finished-at="2022-09-11T21:38:37 WAT" duration-ms="1973" status="PASS">
          <reporter-output>
          </reporter-output>
        </test-method> <!-- ValidateStatusDropdownList -->
        <test-method signature="ValidateVerifiedStatusField()[pri:4, instance:operator.IdentityTest@466276d8]" started-at="2022-09-11T21:38:37 WAT" name="ValidateVerifiedStatusField" finished-at="2022-09-11T21:39:11 WAT" duration-ms="34560" status="PASS">
          <reporter-output>
          </reporter-output>
        </test-method> <!-- ValidateVerifiedStatusField -->
        <test-method signature="ValidateClearVerifiedList()[pri:0, instance:operator.IdentityTest@466276d8]" started-at="2022-09-11T21:39:11 WAT" name="ValidateClearVerifiedList" finished-at="2022-09-11T21:39:26 WAT" depends-on-methods="operator.IdentityTest.ValidateVerifiedStatusField" duration-ms="14462" status="PASS">
          <reporter-output>
          </reporter-output>
        </test-method> <!-- ValidateClearVerifiedList -->
        <test-method signature="ValidateNotVerifiedStatusField()[pri:5, instance:operator.IdentityTest@466276d8]" started-at="2022-09-11T21:39:26 WAT" name="ValidateNotVerifiedStatusField" finished-at="2022-09-11T21:39:59 WAT" duration-ms="33743" status="PASS">
          <reporter-output>
          </reporter-output>
        </test-method> <!-- ValidateNotVerifiedStatusField -->
        <test-method signature="ValidateClearNotVerifiedList()[pri:0, instance:operator.IdentityTest@466276d8]" started-at="2022-09-11T21:39:59 WAT" name="ValidateClearNotVerifiedList" finished-at="2022-09-11T21:40:14 WAT" depends-on-methods="operator.IdentityTest.ValidateNotVerifiedStatusField" duration-ms="14369" status="PASS">
          <reporter-output>
          </reporter-output>
        </test-method> <!-- ValidateClearNotVerifiedList -->
        <test-method signature="ValidatePendingStatusField()[pri:6, instance:operator.IdentityTest@466276d8]" started-at="2022-09-11T21:40:14 WAT" name="ValidatePendingStatusField" finished-at="2022-09-11T21:41:00 WAT" duration-ms="45845" status="PASS">
          <reporter-output>
          </reporter-output>
        </test-method> <!-- ValidatePendingStatusField -->
        <test-method signature="ValidateClearPendingList()[pri:0, instance:operator.IdentityTest@466276d8]" started-at="2022-09-11T21:41:00 WAT" name="ValidateClearPendingList" finished-at="2022-09-11T21:41:14 WAT" depends-on-methods="operator.IdentityTest.ValidatePendingStatusField" duration-ms="14473" status="PASS">
          <reporter-output>
          </reporter-output>
        </test-method> <!-- ValidateClearPendingList -->
        <test-method signature="ValidateIncompleteStatusField()[pri:7, instance:operator.IdentityTest@466276d8]" started-at="2022-09-11T21:41:14 WAT" name="ValidateIncompleteStatusField" finished-at="2022-09-11T21:42:00 WAT" duration-ms="46014" status="PASS">
          <reporter-output>
          </reporter-output>
        </test-method> <!-- ValidateIncompleteStatusField -->
        <test-method signature="ValidateClearIncompleteList()[pri:0, instance:operator.IdentityTest@466276d8]" started-at="2022-09-11T21:42:00 WAT" name="ValidateClearIncompleteList" finished-at="2022-09-11T21:42:15 WAT" depends-on-methods="operator.IdentityTest.ValidateIncompleteStatusField" duration-ms="14616" status="PASS">
          <reporter-output>
          </reporter-output>
        </test-method> <!-- ValidateClearIncompleteList -->
        <test-method signature="ValidateServiceDownStatusField()[pri:8, instance:operator.IdentityTest@466276d8]" started-at="2022-09-11T21:42:15 WAT" name="ValidateServiceDownStatusField" finished-at="2022-09-11T21:43:06 WAT" duration-ms="50828" status="FAIL">
          <exception class="org.openqa.selenium.NoSuchElementException">
            <message>
              <![CDATA[no such element: Unable to locate element: {"method":"xpath","selector":"//a[text()=' View anyway ']"}
  (Session info: chrome=105.0.5195.102)
For documentation on this error, please visit: https://selenium.dev/exceptions/#no_such_element
Build info: version: '4.1.2', revision: '9a5a329c5a'
System info: host: 'YV-Jerry.local', ip: 'fe80:0:0:0:1420:dc4e:48a2:adf3%en0', os.name: 'Mac OS X', os.arch: 'x86_64', os.version: '11.0', java.version: '16.0.2'
Driver info: org.openqa.selenium.chrome.ChromeDriver
Command: [9da5e41c202a6ea7ab191f4facd5519d, findElement {using=xpath, value=//a[text()=' View anyway ']}]
Capabilities {acceptInsecureCerts: false, browserName: chrome, browserVersion: 105.0.5195.102, chrome: {chromedriverVersion: 104.0.5112.79 (3cf3e8c8a07d..., userDataDir: /var/folders/8c/dvnzzls14cz...}, goog:chromeOptions: {debuggerAddress: localhost:52545}, javascriptEnabled: true, networkConnectionEnabled: false, pageLoadStrategy: normal, platform: MAC, platformName: MAC, proxy: Proxy(), se:cdp: ws://localhost:52545/devtoo..., se:cdpVersion: 105.0.5195.102, setWindowRect: true, strictFileInteractability: false, timeouts: {implicit: 0, pageLoad: 300000, script: 30000}, unhandledPromptBehavior: dismiss and notify, webauthn:extension:credBlob: true, webauthn:extension:largeBlob: true, webauthn:virtualAuthenticators: true}
Session ID: 9da5e41c202a6ea7ab191f4facd5519d]]>
            </message>
            <full-stacktrace>
              <![CDATA[org.openqa.selenium.NoSuchElementException: no such element: Unable to locate element: {"method":"xpath","selector":"//a[text()=' View anyway ']"}
  (Session info: chrome=105.0.5195.102)
For documentation on this error, please visit: https://selenium.dev/exceptions/#no_such_element
Build info: version: '4.1.2', revision: '9a5a329c5a'
System info: host: 'YV-Jerry.local', ip: 'fe80:0:0:0:1420:dc4e:48a2:adf3%en0', os.name: 'Mac OS X', os.arch: 'x86_64', os.version: '11.0', java.version: '16.0.2'
Driver info: org.openqa.selenium.chrome.ChromeDriver
Command: [9da5e41c202a6ea7ab191f4facd5519d, findElement {using=xpath, value=//a[text()=' View anyway ']}]
Capabilities {acceptInsecureCerts: false, browserName: chrome, browserVersion: 105.0.5195.102, chrome: {chromedriverVersion: 104.0.5112.79 (3cf3e8c8a07d..., userDataDir: /var/folders/8c/dvnzzls14cz...}, goog:chromeOptions: {debuggerAddress: localhost:52545}, javascriptEnabled: true, networkConnectionEnabled: false, pageLoadStrategy: normal, platform: MAC, platformName: MAC, proxy: Proxy(), se:cdp: ws://localhost:52545/devtoo..., se:cdpVersion: 105.0.5195.102, setWindowRect: true, strictFileInteractability: false, timeouts: {implicit: 0, pageLoad: 300000, script: 30000}, unhandledPromptBehavior: dismiss and notify, webauthn:extension:credBlob: true, webauthn:extension:largeBlob: true, webauthn:virtualAuthenticators: true}
Session ID: 9da5e41c202a6ea7ab191f4facd5519d
at java.base/jdk.internal.reflect.NativeConstructorAccessorImpl.newInstance0(Native Method)
at java.base/jdk.internal.reflect.NativeConstructorAccessorImpl.newInstance(NativeConstructorAccessorImpl.java:78)
at java.base/jdk.internal.reflect.DelegatingConstructorAccessorImpl.newInstance(DelegatingConstructorAccessorImpl.java:45)
at java.base/java.lang.reflect.Constructor.newInstanceWithCaller(Constructor.java:499)
at java.base/java.lang.reflect.Constructor.newInstance(Constructor.java:480)
at org.openqa.selenium.remote.codec.w3c.W3CHttpResponseCodec.createException(W3CHttpResponseCodec.java:200)
at org.openqa.selenium.remote.codec.w3c.W3CHttpResponseCodec.decode(W3CHttpResponseCodec.java:133)
at org.openqa.selenium.remote.codec.w3c.W3CHttpResponseCodec.decode(W3CHttpResponseCodec.java:53)
at org.openqa.selenium.remote.HttpCommandExecutor.execute(HttpCommandExecutor.java:184)
at org.openqa.selenium.remote.service.DriverCommandExecutor.invokeExecute(DriverCommandExecutor.java:167)
at org.openqa.selenium.remote.service.DriverCommandExecutor.execute(DriverCommandExecutor.java:142)
at org.openqa.selenium.remote.RemoteWebDriver.execute(RemoteWebDriver.java:558)
at org.openqa.selenium.remote.ElementLocation$ElementFinder$2.findElement(ElementLocation.java:162)
at org.openqa.selenium.remote.ElementLocation.findElement(ElementLocation.java:60)
at org.openqa.selenium.remote.RemoteWebDriver.findElement(RemoteWebDriver.java:382)
at org.openqa.selenium.remote.RemoteWebDriver.findElement(RemoteWebDriver.java:374)
at pageObject.admin.ApplicationReport.getViewAnywayButton(ApplicationReport.java:49)
at operator.IdentityTest.ValidateServiceDownStatusField(IdentityTest.java:383)
at java.base/jdk.internal.reflect.NativeMethodAccessorImpl.invoke0(Native Method)
at java.base/jdk.internal.reflect.NativeMethodAccessorImpl.invoke(NativeMethodAccessorImpl.java:78)
at java.base/jdk.internal.reflect.DelegatingMethodAccessorImpl.invoke(DelegatingMethodAccessorImpl.java:43)
at java.base/java.lang.reflect.Method.invoke(Method.java:567)
at org.testng.internal.MethodInvocationHelper.invokeMethod(MethodInvocationHelper.java:133)
at org.testng.internal.TestInvoker.invokeMethod(TestInvoker.java:598)
at org.testng.internal.TestInvoker.invokeTestMethod(TestInvoker.java:173)
at org.testng.internal.MethodRunner.runInSequence(MethodRunner.java:46)
at org.testng.internal.TestInvoker$MethodInvocationAgent.invoke(TestInvoker.java:824)
at org.testng.internal.TestInvoker.invokeTestMethods(TestInvoker.java:146)
at org.testng.internal.TestMethodWorker.invokeTestMethods(TestMethodWorker.java:146)
at org.testng.internal.TestMethodWorker.run(TestMethodWorker.java:128)
at java.base/java.util.ArrayList.forEach(ArrayList.java:1511)
at org.testng.TestRunner.privateRun(TestRunner.java:794)
at org.testng.TestRunner.run(TestRunner.java:596)
at org.testng.SuiteRunner.runTest(SuiteRunner.java:377)
at org.testng.SuiteRunner.runSequentially(SuiteRunner.java:371)
at org.testng.SuiteRunner.privateRun(SuiteRunner.java:332)
at org.testng.SuiteRunner.run(SuiteRunner.java:276)
at org.testng.SuiteRunnerWorker.runSuite(SuiteRunnerWorker.java:53)
at org.testng.SuiteRunnerWorker.run(SuiteRunnerWorker.java:96)
at org.testng.TestNG.runSuitesSequentially(TestNG.java:1212)
at org.testng.TestNG.runSuitesLocally(TestNG.java:1134)
at org.testng.TestNG.runSuites(TestNG.java:1063)
at org.testng.TestNG.run(TestNG.java:1031)
at org.testng.remote.AbstractRemoteTestNG.run(AbstractRemoteTestNG.java:115)
at org.testng.remote.RemoteTestNG.initAndRun(RemoteTestNG.java:251)
at org.testng.remote.RemoteTestNG.main(RemoteTestNG.java:77)
]]>
            </full-stacktrace>
          </exception> <!-- org.openqa.selenium.NoSuchElementException -->
          <reporter-output>
          </reporter-output>
        </test-method> <!-- ValidateServiceDownStatusField -->
        <test-method signature="ValidateClearServiceDownList()[pri:0, instance:operator.IdentityTest@466276d8]" started-at="2022-09-11T21:43:07 WAT" name="ValidateClearServiceDownList" finished-at="2022-09-11T21:43:07 WAT" depends-on-methods="operator.IdentityTest.ValidateServiceDownStatusField" duration-ms="0" status="SKIP">
          <exception class="java.lang.Throwable">
            <message>
              <![CDATA[Method IdentityTest.ValidateClearServiceDownList()[pri:0, instance:operator.IdentityTest@466276d8] depends on not successfully finished methods]]>
            </message>
            <full-stacktrace>
              <![CDATA[java.lang.Throwable: Method IdentityTest.ValidateClearServiceDownList()[pri:0, instance:operator.IdentityTest@466276d8] depends on not successfully finished methods
at org.testng.internal.TestInvoker.invokeTestMethods(TestInvoker.java:102)
at org.testng.internal.TestMethodWorker.invokeTestMethods(TestMethodWorker.java:146)
at org.testng.internal.TestMethodWorker.run(TestMethodWorker.java:128)
at java.base/java.util.ArrayList.forEach(ArrayList.java:1511)
at org.testng.TestRunner.privateRun(TestRunner.java:794)
at org.testng.TestRunner.run(TestRunner.java:596)
at org.testng.SuiteRunner.runTest(SuiteRunner.java:377)
at org.testng.SuiteRunner.runSequentially(SuiteRunner.java:371)
at org.testng.SuiteRunner.privateRun(SuiteRunner.java:332)
at org.testng.SuiteRunner.run(SuiteRunner.java:276)
at org.testng.SuiteRunnerWorker.runSuite(SuiteRunnerWorker.java:53)
at org.testng.SuiteRunnerWorker.run(SuiteRunnerWorker.java:96)
at org.testng.TestNG.runSuitesSequentially(TestNG.java:1212)
at org.testng.TestNG.runSuitesLocally(TestNG.java:1134)
at org.testng.TestNG.runSuites(TestNG.java:1063)
at org.testng.TestNG.run(TestNG.java:1031)
at org.testng.remote.AbstractRemoteTestNG.run(AbstractRemoteTestNG.java:115)
at org.testng.remote.RemoteTestNG.initAndRun(RemoteTestNG.java:251)
at org.testng.remote.RemoteTestNG.main(RemoteTestNG.java:77)
]]>
            </full-stacktrace>
          </exception> <!-- java.lang.Throwable -->
          <reporter-output>
          </reporter-output>
        </test-method> <!-- ValidateClearServiceDownList -->
        <test-method signature="ValidateAllLGAFilter(java.util.HashMap)[pri:9, instance:operator.IdentityTest@466276d8]" started-at="2022-09-11T21:43:07 WAT" name="ValidateAllLGAFilter" data-provider="getData" finished-at="2022-09-11T21:43:29 WAT" duration-ms="21922" status="PASS">
          <params>
            <param index="0">
              <value>
                <![CDATA[{emailAddress=jerryosobase4+002@gmail.com, singleCoupon=12500, companyEmail=kahiper689@moenode.com, permitName=test, lga=Amuwo-Odofin LGA, multipleCoupon=62500, otp=9876543, agentNoCoupon=jtest@gmail.com, companyPhoneNumber=84948940303, agentsearch=Jerry}]]>
              </value>
            </param>
          </params>
          <reporter-output>
          </reporter-output>
        </test-method> <!-- ValidateAllLGAFilter -->
        <test-method signature="ValidateAllLGAFilter(java.util.HashMap)[pri:9, instance:operator.IdentityTest@466276d8]" started-at="2022-09-11T21:43:29 WAT" name="ValidateAllLGAFilter" data-provider="getData" finished-at="2022-09-11T21:43:49 WAT" duration-ms="20637" status="PASS">
          <params>
            <param index="0">
              <value>
                <![CDATA[{emailAddress=jerryosobase4+002@gmail.com, singleCoupon=12500, companyEmail=kahiper689@moenode.co, permitName=online, lga=Yaba LCDA, multipleCoupon=62500, otp=9876543, agentNoCoupon=jtest@gmail.com, companyPhoneNumber=84948940399, agentsearch=Chioma}]]>
              </value>
            </param>
          </params>
          <reporter-output>
          </reporter-output>
        </test-method> <!-- ValidateAllLGAFilter -->
        <test-method signature="ValidateVerifiedLGAFilter(java.util.HashMap)[pri:10, instance:operator.IdentityTest@466276d8]" started-at="2022-09-11T21:43:49 WAT" name="ValidateVerifiedLGAFilter" data-provider="getData" finished-at="2022-09-11T21:44:10 WAT" duration-ms="20724" status="PASS">
          <params>
            <param index="0">
              <value>
                <![CDATA[{emailAddress=jerryosobase4+002@gmail.com, singleCoupon=12500, companyEmail=kahiper689@moenode.com, permitName=test, lga=Amuwo-Odofin LGA, multipleCoupon=62500, otp=9876543, agentNoCoupon=jtest@gmail.com, companyPhoneNumber=84948940303, agentsearch=Jerry}]]>
              </value>
            </param>
          </params>
          <reporter-output>
          </reporter-output>
        </test-method> <!-- ValidateVerifiedLGAFilter -->
        <test-method signature="ValidateVerifiedLGAFilter(java.util.HashMap)[pri:10, instance:operator.IdentityTest@466276d8]" started-at="2022-09-11T21:44:10 WAT" name="ValidateVerifiedLGAFilter" data-provider="getData" finished-at="2022-09-11T21:44:31 WAT" duration-ms="20510" status="PASS">
          <params>
            <param index="0">
              <value>
                <![CDATA[{emailAddress=jerryosobase4+002@gmail.com, singleCoupon=12500, companyEmail=kahiper689@moenode.co, permitName=online, lga=Yaba LCDA, multipleCoupon=62500, otp=9876543, agentNoCoupon=jtest@gmail.com, companyPhoneNumber=84948940399, agentsearch=Chioma}]]>
              </value>
            </param>
          </params>
          <reporter-output>
          </reporter-output>
        </test-method> <!-- ValidateVerifiedLGAFilter -->
        <test-method signature="ValidateNotVerifiedLGAFilter(java.util.HashMap)[pri:11, instance:operator.IdentityTest@466276d8]" started-at="2022-09-11T21:44:31 WAT" name="ValidateNotVerifiedLGAFilter" data-provider="getData" finished-at="2022-09-11T21:44:51 WAT" duration-ms="20486" status="PASS">
          <params>
            <param index="0">
              <value>
                <![CDATA[{emailAddress=jerryosobase4+002@gmail.com, singleCoupon=12500, companyEmail=kahiper689@moenode.com, permitName=test, lga=Amuwo-Odofin LGA, multipleCoupon=62500, otp=9876543, agentNoCoupon=jtest@gmail.com, companyPhoneNumber=84948940303, agentsearch=Jerry}]]>
              </value>
            </param>
          </params>
          <reporter-output>
          </reporter-output>
        </test-method> <!-- ValidateNotVerifiedLGAFilter -->
        <test-method signature="ValidateNotVerifiedLGAFilter(java.util.HashMap)[pri:11, instance:operator.IdentityTest@466276d8]" started-at="2022-09-11T21:44:51 WAT" name="ValidateNotVerifiedLGAFilter" data-provider="getData" finished-at="2022-09-11T21:45:12 WAT" duration-ms="20425" status="PASS">
          <params>
            <param index="0">
              <value>
                <![CDATA[{emailAddress=jerryosobase4+002@gmail.com, singleCoupon=12500, companyEmail=kahiper689@moenode.co, permitName=online, lga=Yaba LCDA, multipleCoupon=62500, otp=9876543, agentNoCoupon=jtest@gmail.com, companyPhoneNumber=84948940399, agentsearch=Chioma}]]>
              </value>
            </param>
          </params>
          <reporter-output>
          </reporter-output>
        </test-method> <!-- ValidateNotVerifiedLGAFilter -->
        <test-method signature="ValidatePendingLGAFilter(java.util.HashMap)[pri:12, instance:operator.IdentityTest@466276d8]" started-at="2022-09-11T21:45:12 WAT" name="ValidatePendingLGAFilter" data-provider="getData" finished-at="2022-09-11T21:45:32 WAT" duration-ms="20436" status="PASS">
          <params>
            <param index="0">
              <value>
                <![CDATA[{emailAddress=jerryosobase4+002@gmail.com, singleCoupon=12500, companyEmail=kahiper689@moenode.com, permitName=test, lga=Amuwo-Odofin LGA, multipleCoupon=62500, otp=9876543, agentNoCoupon=jtest@gmail.com, companyPhoneNumber=84948940303, agentsearch=Jerry}]]>
              </value>
            </param>
          </params>
          <reporter-output>
          </reporter-output>
        </test-method> <!-- ValidatePendingLGAFilter -->
        <test-method signature="ValidatePendingLGAFilter(java.util.HashMap)[pri:12, instance:operator.IdentityTest@466276d8]" started-at="2022-09-11T21:45:32 WAT" name="ValidatePendingLGAFilter" data-provider="getData" finished-at="2022-09-11T21:45:52 WAT" duration-ms="20372" status="PASS">
          <params>
            <param index="0">
              <value>
                <![CDATA[{emailAddress=jerryosobase4+002@gmail.com, singleCoupon=12500, companyEmail=kahiper689@moenode.co, permitName=online, lga=Yaba LCDA, multipleCoupon=62500, otp=9876543, agentNoCoupon=jtest@gmail.com, companyPhoneNumber=84948940399, agentsearch=Chioma}]]>
              </value>
            </param>
          </params>
          <reporter-output>
          </reporter-output>
        </test-method> <!-- ValidatePendingLGAFilter -->
        <test-method signature="ValidateIncompleteLGAFilter(java.util.HashMap)[pri:13, instance:operator.IdentityTest@466276d8]" started-at="2022-09-11T21:45:52 WAT" name="ValidateIncompleteLGAFilter" data-provider="getData" finished-at="2022-09-11T21:46:13 WAT" duration-ms="20307" status="PASS">
          <params>
            <param index="0">
              <value>
                <![CDATA[{emailAddress=jerryosobase4+002@gmail.com, singleCoupon=12500, companyEmail=kahiper689@moenode.com, permitName=test, lga=Amuwo-Odofin LGA, multipleCoupon=62500, otp=9876543, agentNoCoupon=jtest@gmail.com, companyPhoneNumber=84948940303, agentsearch=Jerry}]]>
              </value>
            </param>
          </params>
          <reporter-output>
          </reporter-output>
        </test-method> <!-- ValidateIncompleteLGAFilter -->
        <test-method signature="ValidateIncompleteLGAFilter(java.util.HashMap)[pri:13, instance:operator.IdentityTest@466276d8]" started-at="2022-09-11T21:46:13 WAT" name="ValidateIncompleteLGAFilter" data-provider="getData" finished-at="2022-09-11T21:46:33 WAT" duration-ms="20210" status="PASS">
          <params>
            <param index="0">
              <value>
                <![CDATA[{emailAddress=jerryosobase4+002@gmail.com, singleCoupon=12500, companyEmail=kahiper689@moenode.co, permitName=online, lga=Yaba LCDA, multipleCoupon=62500, otp=9876543, agentNoCoupon=jtest@gmail.com, companyPhoneNumber=84948940399, agentsearch=Chioma}]]>
              </value>
            </param>
          </params>
          <reporter-output>
          </reporter-output>
        </test-method> <!-- ValidateIncompleteLGAFilter -->
        <test-method signature="ValidateServiceDownLGAFilter(java.util.HashMap)[pri:14, instance:operator.IdentityTest@466276d8]" started-at="2022-09-11T21:46:33 WAT" name="ValidateServiceDownLGAFilter" data-provider="getData" finished-at="2022-09-11T21:47:24 WAT" duration-ms="50700" status="FAIL">
          <params>
            <param index="0">
              <value>
                <![CDATA[{emailAddress=jerryosobase4+002@gmail.com, singleCoupon=12500, companyEmail=kahiper689@moenode.com, permitName=test, lga=Amuwo-Odofin LGA, multipleCoupon=62500, otp=9876543, agentNoCoupon=jtest@gmail.com, companyPhoneNumber=84948940303, agentsearch=Jerry}]]>
              </value>
            </param>
          </params>
          <exception class="org.openqa.selenium.NoSuchElementException">
            <message>
              <![CDATA[no such element: Unable to locate element: {"method":"xpath","selector":"//a[text()=' View anyway ']"}
  (Session info: chrome=105.0.5195.102)
For documentation on this error, please visit: https://selenium.dev/exceptions/#no_such_element
Build info: version: '4.1.2', revision: '9a5a329c5a'
System info: host: 'YV-Jerry.local', ip: 'fe80:0:0:0:1420:dc4e:48a2:adf3%en0', os.name: 'Mac OS X', os.arch: 'x86_64', os.version: '11.0', java.version: '16.0.2'
Driver info: org.openqa.selenium.chrome.ChromeDriver
Command: [9da5e41c202a6ea7ab191f4facd5519d, findElement {using=xpath, value=//a[text()=' View anyway ']}]
Capabilities {acceptInsecureCerts: false, browserName: chrome, browserVersion: 105.0.5195.102, chrome: {chromedriverVersion: 104.0.5112.79 (3cf3e8c8a07d..., userDataDir: /var/folders/8c/dvnzzls14cz...}, goog:chromeOptions: {debuggerAddress: localhost:52545}, javascriptEnabled: true, networkConnectionEnabled: false, pageLoadStrategy: normal, platform: MAC, platformName: MAC, proxy: Proxy(), se:cdp: ws://localhost:52545/devtoo..., se:cdpVersion: 105.0.5195.102, setWindowRect: true, strictFileInteractability: false, timeouts: {implicit: 0, pageLoad: 300000, script: 30000}, unhandledPromptBehavior: dismiss and notify, webauthn:extension:credBlob: true, webauthn:extension:largeBlob: true, webauthn:virtualAuthenticators: true}
Session ID: 9da5e41c202a6ea7ab191f4facd5519d]]>
            </message>
            <full-stacktrace>
              <![CDATA[org.openqa.selenium.NoSuchElementException: no such element: Unable to locate element: {"method":"xpath","selector":"//a[text()=' View anyway ']"}
  (Session info: chrome=105.0.5195.102)
For documentation on this error, please visit: https://selenium.dev/exceptions/#no_such_element
Build info: version: '4.1.2', revision: '9a5a329c5a'
System info: host: 'YV-Jerry.local', ip: 'fe80:0:0:0:1420:dc4e:48a2:adf3%en0', os.name: 'Mac OS X', os.arch: 'x86_64', os.version: '11.0', java.version: '16.0.2'
Driver info: org.openqa.selenium.chrome.ChromeDriver
Command: [9da5e41c202a6ea7ab191f4facd5519d, findElement {using=xpath, value=//a[text()=' View anyway ']}]
Capabilities {acceptInsecureCerts: false, browserName: chrome, browserVersion: 105.0.5195.102, chrome: {chromedriverVersion: 104.0.5112.79 (3cf3e8c8a07d..., userDataDir: /var/folders/8c/dvnzzls14cz...}, goog:chromeOptions: {debuggerAddress: localhost:52545}, javascriptEnabled: true, networkConnectionEnabled: false, pageLoadStrategy: normal, platform: MAC, platformName: MAC, proxy: Proxy(), se:cdp: ws://localhost:52545/devtoo..., se:cdpVersion: 105.0.5195.102, setWindowRect: true, strictFileInteractability: false, timeouts: {implicit: 0, pageLoad: 300000, script: 30000}, unhandledPromptBehavior: dismiss and notify, webauthn:extension:credBlob: true, webauthn:extension:largeBlob: true, webauthn:virtualAuthenticators: true}
Session ID: 9da5e41c202a6ea7ab191f4facd5519d
at jdk.internal.reflect.GeneratedConstructorAccessor23.newInstance(Unknown Source)
at java.base/jdk.internal.reflect.DelegatingConstructorAccessorImpl.newInstance(DelegatingConstructorAccessorImpl.java:45)
at java.base/java.lang.reflect.Constructor.newInstanceWithCaller(Constructor.java:499)
at java.base/java.lang.reflect.Constructor.newInstance(Constructor.java:480)
at org.openqa.selenium.remote.codec.w3c.W3CHttpResponseCodec.createException(W3CHttpResponseCodec.java:200)
at org.openqa.selenium.remote.codec.w3c.W3CHttpResponseCodec.decode(W3CHttpResponseCodec.java:133)
at org.openqa.selenium.remote.codec.w3c.W3CHttpResponseCodec.decode(W3CHttpResponseCodec.java:53)
at org.openqa.selenium.remote.HttpCommandExecutor.execute(HttpCommandExecutor.java:184)
at org.openqa.selenium.remote.service.DriverCommandExecutor.invokeExecute(DriverCommandExecutor.java:167)
at org.openqa.selenium.remote.service.DriverCommandExecutor.execute(DriverCommandExecutor.java:142)
at org.openqa.selenium.remote.RemoteWebDriver.execute(RemoteWebDriver.java:558)
at org.openqa.selenium.remote.ElementLocation$ElementFinder$2.findElement(ElementLocation.java:162)
at org.openqa.selenium.remote.ElementLocation.findElement(ElementLocation.java:60)
at org.openqa.selenium.remote.RemoteWebDriver.findElement(RemoteWebDriver.java:382)
at org.openqa.selenium.remote.RemoteWebDriver.findElement(RemoteWebDriver.java:374)
at pageObject.admin.ApplicationReport.getViewAnywayButton(ApplicationReport.java:49)
at operator.IdentityTest.ValidateServiceDownLGAFilter(IdentityTest.java:610)
at java.base/jdk.internal.reflect.NativeMethodAccessorImpl.invoke0(Native Method)
at java.base/jdk.internal.reflect.NativeMethodAccessorImpl.invoke(NativeMethodAccessorImpl.java:78)
at java.base/jdk.internal.reflect.DelegatingMethodAccessorImpl.invoke(DelegatingMethodAccessorImpl.java:43)
at java.base/java.lang.reflect.Method.invoke(Method.java:567)
at org.testng.internal.MethodInvocationHelper.invokeMethod(MethodInvocationHelper.java:133)
at org.testng.internal.TestInvoker.invokeMethod(TestInvoker.java:598)
at org.testng.internal.TestInvoker.invokeTestMethod(TestInvoker.java:173)
at org.testng.internal.MethodRunner.runInSequence(MethodRunner.java:46)
at org.testng.internal.TestInvoker$MethodInvocationAgent.invoke(TestInvoker.java:824)
at org.testng.internal.TestInvoker.invokeTestMethods(TestInvoker.java:146)
at org.testng.internal.TestMethodWorker.invokeTestMethods(TestMethodWorker.java:146)
at org.testng.internal.TestMethodWorker.run(TestMethodWorker.java:128)
at java.base/java.util.ArrayList.forEach(ArrayList.java:1511)
at org.testng.TestRunner.privateRun(TestRunner.java:794)
at org.testng.TestRunner.run(TestRunner.java:596)
at org.testng.SuiteRunner.runTest(SuiteRunner.java:377)
at org.testng.SuiteRunner.runSequentially(SuiteRunner.java:371)
at org.testng.SuiteRunner.privateRun(SuiteRunner.java:332)
at org.testng.SuiteRunner.run(SuiteRunner.java:276)
at org.testng.SuiteRunnerWorker.runSuite(SuiteRunnerWorker.java:53)
at org.testng.SuiteRunnerWorker.run(SuiteRunnerWorker.java:96)
at org.testng.TestNG.runSuitesSequentially(TestNG.java:1212)
at org.testng.TestNG.runSuitesLocally(TestNG.java:1134)
at org.testng.TestNG.runSuites(TestNG.java:1063)
at org.testng.TestNG.run(TestNG.java:1031)
at org.testng.remote.AbstractRemoteTestNG.run(AbstractRemoteTestNG.java:115)
at org.testng.remote.RemoteTestNG.initAndRun(RemoteTestNG.java:251)
at org.testng.remote.RemoteTestNG.main(RemoteTestNG.java:77)
]]>
            </full-stacktrace>
          </exception> <!-- org.openqa.selenium.NoSuchElementException -->
          <reporter-output>
          </reporter-output>
        </test-method> <!-- ValidateServiceDownLGAFilter -->
        <test-method signature="ValidateServiceDownLGAFilter(java.util.HashMap)[pri:14, instance:operator.IdentityTest@466276d8]" started-at="2022-09-11T21:47:25 WAT" name="ValidateServiceDownLGAFilter" data-provider="getData" finished-at="2022-09-11T21:48:01 WAT" duration-ms="36629" status="PASS">
          <params>
            <param index="0">
              <value>
                <![CDATA[{emailAddress=jerryosobase4+002@gmail.com, singleCoupon=12500, companyEmail=kahiper689@moenode.co, permitName=online, lga=Yaba LCDA, multipleCoupon=62500, otp=9876543, agentNoCoupon=jtest@gmail.com, companyPhoneNumber=84948940399, agentsearch=Chioma}]]>
              </value>
            </param>
          </params>
          <reporter-output>
          </reporter-output>
        </test-method> <!-- ValidateServiceDownLGAFilter -->
        <test-method is-config="true" signature="terminate()[pri:0, instance:operator.IdentityTest@466276d8]" started-at="2022-09-11T21:48:01 WAT" name="terminate" finished-at="2022-09-11T21:48:02 WAT" duration-ms="508" status="PASS">
          <reporter-output>
          </reporter-output>
        </test-method> <!-- terminate -->
      </class> <!-- operator.IdentityTest -->
      <class name="operator.ProfileTest">
        <test-method is-config="true" signature="initialize()[pri:0, instance:operator.ProfileTest@528c868]" started-at="2022-09-11T21:32:22 WAT" name="initialize" finished-at="2022-09-11T21:33:32 WAT" duration-ms="69913" status="PASS">
          <reporter-output>
          </reporter-output>
        </test-method> <!-- initialize -->
        <test-method signature="ValidateProfilePage(java.util.HashMap)[pri:1, instance:operator.ProfileTest@528c868]" started-at="2022-09-11T21:33:32 WAT" name="ValidateProfilePage" data-provider="mergedData" finished-at="2022-09-11T21:34:04 WAT" duration-ms="31839" status="FAIL">
          <params>
            <param index="0">
              <value>
                <![CDATA[{emailNotFound=tryme@gmail.com, invalidEmailAddress=jerry@gmail.c, singleCoupon=12500, permitName=test, lga=Amuwo-Odofin LGA, invalidPassword=OSOBASE4@, otp=9876543, agentNoCoupon=jtest@gmail.com, agentsearch=Jerry, emailAddress=jerryosobase4+002@gmail.com, invalidMultipleCouponQuantity=0, companyEmail=kahiper689@moenode.com, multipleCoupon=62500, invalidEmailResetPassword=jtest@gmail.com, companyPhoneNumber=84948940303}]]>
              </value>
            </param>
          </params>
          <exception class="org.openqa.selenium.TimeoutException">
            <message>
              <![CDATA[Expected condition failed: waiting for element to be clickable: By.xpath: //div[@class='form-group m-b-10'] //button[text()=' Change Password '] (tried for 10 second(s) with 500 milliseconds interval)
Build info: version: '4.1.2', revision: '9a5a329c5a'
System info: host: 'YV-Jerry.local', ip: 'fe80:0:0:0:1420:dc4e:48a2:adf3%en0', os.name: 'Mac OS X', os.arch: 'x86_64', os.version: '11.0', java.version: '16.0.2'
Driver info: org.openqa.selenium.chrome.ChromeDriver
Capabilities {acceptInsecureCerts: false, browserName: chrome, browserVersion: 105.0.5195.102, chrome: {chromedriverVersion: 104.0.5112.79 (3cf3e8c8a07d..., userDataDir: /var/folders/8c/dvnzzls14cz...}, goog:chromeOptions: {debuggerAddress: localhost:51293}, javascriptEnabled: true, networkConnectionEnabled: false, pageLoadStrategy: normal, platform: MAC, platformName: MAC, proxy: Proxy(), se:cdp: ws://localhost:51293/devtoo..., se:cdpVersion: 105.0.5195.102, setWindowRect: true, strictFileInteractability: false, timeouts: {implicit: 0, pageLoad: 300000, script: 30000}, unhandledPromptBehavior: dismiss and notify, webauthn:extension:credBlob: true, webauthn:extension:largeBlob: true, webauthn:virtualAuthenticators: true}
Session ID: b2d32c5818000f94a6c03b09cf059cd6]]>
            </message>
            <full-stacktrace>
              <![CDATA[org.openqa.selenium.TimeoutException: Expected condition failed: waiting for element to be clickable: By.xpath: //div[@class='form-group m-b-10'] //button[text()=' Change Password '] (tried for 10 second(s) with 500 milliseconds interval)
Build info: version: '4.1.2', revision: '9a5a329c5a'
System info: host: 'YV-Jerry.local', ip: 'fe80:0:0:0:1420:dc4e:48a2:adf3%en0', os.name: 'Mac OS X', os.arch: 'x86_64', os.version: '11.0', java.version: '16.0.2'
Driver info: org.openqa.selenium.chrome.ChromeDriver
Capabilities {acceptInsecureCerts: false, browserName: chrome, browserVersion: 105.0.5195.102, chrome: {chromedriverVersion: 104.0.5112.79 (3cf3e8c8a07d..., userDataDir: /var/folders/8c/dvnzzls14cz...}, goog:chromeOptions: {debuggerAddress: localhost:51293}, javascriptEnabled: true, networkConnectionEnabled: false, pageLoadStrategy: normal, platform: MAC, platformName: MAC, proxy: Proxy(), se:cdp: ws://localhost:51293/devtoo..., se:cdpVersion: 105.0.5195.102, setWindowRect: true, strictFileInteractability: false, timeouts: {implicit: 0, pageLoad: 300000, script: 30000}, unhandledPromptBehavior: dismiss and notify, webauthn:extension:credBlob: true, webauthn:extension:largeBlob: true, webauthn:virtualAuthenticators: true}
Session ID: b2d32c5818000f94a6c03b09cf059cd6
at org.openqa.selenium.support.ui.WebDriverWait.timeoutException(WebDriverWait.java:138)
at org.openqa.selenium.support.ui.FluentWait.until(FluentWait.java:231)
at pageObject.admin.Profile.getChangePassword(Profile.java:108)
at operator.ProfileTest.ValidateProfilePage(ProfileTest.java:47)
at java.base/jdk.internal.reflect.NativeMethodAccessorImpl.invoke0(Native Method)
at java.base/jdk.internal.reflect.NativeMethodAccessorImpl.invoke(NativeMethodAccessorImpl.java:78)
at java.base/jdk.internal.reflect.DelegatingMethodAccessorImpl.invoke(DelegatingMethodAccessorImpl.java:43)
at java.base/java.lang.reflect.Method.invoke(Method.java:567)
at org.testng.internal.MethodInvocationHelper.invokeMethod(MethodInvocationHelper.java:133)
at org.testng.internal.TestInvoker.invokeMethod(TestInvoker.java:598)
at org.testng.internal.TestInvoker.invokeTestMethod(TestInvoker.java:173)
at org.testng.internal.MethodRunner.runInSequence(MethodRunner.java:46)
at org.testng.internal.TestInvoker$MethodInvocationAgent.invoke(TestInvoker.java:824)
at org.testng.internal.TestInvoker.invokeTestMethods(TestInvoker.java:146)
at org.testng.internal.TestMethodWorker.invokeTestMethods(TestMethodWorker.java:146)
at org.testng.internal.TestMethodWorker.run(TestMethodWorker.java:128)
at java.base/java.util.ArrayList.forEach(ArrayList.java:1511)
at org.testng.TestRunner.privateRun(TestRunner.java:794)
at org.testng.TestRunner.run(TestRunner.java:596)
at org.testng.SuiteRunner.runTest(SuiteRunner.java:377)
at org.testng.SuiteRunner.runSequentially(SuiteRunner.java:371)
at org.testng.SuiteRunner.privateRun(SuiteRunner.java:332)
at org.testng.SuiteRunner.run(SuiteRunner.java:276)
at org.testng.SuiteRunnerWorker.runSuite(SuiteRunnerWorker.java:53)
at org.testng.SuiteRunnerWorker.run(SuiteRunnerWorker.java:96)
at org.testng.TestNG.runSuitesSequentially(TestNG.java:1212)
at org.testng.TestNG.runSuitesLocally(TestNG.java:1134)
at org.testng.TestNG.runSuites(TestNG.java:1063)
at org.testng.TestNG.run(TestNG.java:1031)
at org.testng.remote.AbstractRemoteTestNG.run(AbstractRemoteTestNG.java:115)
at org.testng.remote.RemoteTestNG.initAndRun(RemoteTestNG.java:251)
at org.testng.remote.RemoteTestNG.main(RemoteTestNG.java:77)
]]>
            </full-stacktrace>
          </exception> <!-- org.openqa.selenium.TimeoutException -->
          <reporter-output>
          </reporter-output>
        </test-method> <!-- ValidateProfilePage -->
        <test-method signature="ValidateProfileInformation()[pri:2, instance:operator.ProfileTest@528c868]" started-at="2022-09-11T21:34:06 WAT" name="ValidateProfileInformation" finished-at="2022-09-11T21:34:22 WAT" duration-ms="15710" status="FAIL">
          <exception class="org.openqa.selenium.TimeoutException">
            <message>
              <![CDATA[Expected condition failed: waiting for element to be clickable: By.xpath: //div[@class='form-group m-b-10'] //button[text()=' Change Password '] (tried for 10 second(s) with 500 milliseconds interval)
Build info: version: '4.1.2', revision: '9a5a329c5a'
System info: host: 'YV-Jerry.local', ip: 'fe80:0:0:0:1420:dc4e:48a2:adf3%en0', os.name: 'Mac OS X', os.arch: 'x86_64', os.version: '11.0', java.version: '16.0.2'
Driver info: org.openqa.selenium.chrome.ChromeDriver
Capabilities {acceptInsecureCerts: false, browserName: chrome, browserVersion: 105.0.5195.102, chrome: {chromedriverVersion: 104.0.5112.79 (3cf3e8c8a07d..., userDataDir: /var/folders/8c/dvnzzls14cz...}, goog:chromeOptions: {debuggerAddress: localhost:51293}, javascriptEnabled: true, networkConnectionEnabled: false, pageLoadStrategy: normal, platform: MAC, platformName: MAC, proxy: Proxy(), se:cdp: ws://localhost:51293/devtoo..., se:cdpVersion: 105.0.5195.102, setWindowRect: true, strictFileInteractability: false, timeouts: {implicit: 0, pageLoad: 300000, script: 30000}, unhandledPromptBehavior: dismiss and notify, webauthn:extension:credBlob: true, webauthn:extension:largeBlob: true, webauthn:virtualAuthenticators: true}
Session ID: b2d32c5818000f94a6c03b09cf059cd6]]>
            </message>
            <full-stacktrace>
              <![CDATA[org.openqa.selenium.TimeoutException: Expected condition failed: waiting for element to be clickable: By.xpath: //div[@class='form-group m-b-10'] //button[text()=' Change Password '] (tried for 10 second(s) with 500 milliseconds interval)
Build info: version: '4.1.2', revision: '9a5a329c5a'
System info: host: 'YV-Jerry.local', ip: 'fe80:0:0:0:1420:dc4e:48a2:adf3%en0', os.name: 'Mac OS X', os.arch: 'x86_64', os.version: '11.0', java.version: '16.0.2'
Driver info: org.openqa.selenium.chrome.ChromeDriver
Capabilities {acceptInsecureCerts: false, browserName: chrome, browserVersion: 105.0.5195.102, chrome: {chromedriverVersion: 104.0.5112.79 (3cf3e8c8a07d..., userDataDir: /var/folders/8c/dvnzzls14cz...}, goog:chromeOptions: {debuggerAddress: localhost:51293}, javascriptEnabled: true, networkConnectionEnabled: false, pageLoadStrategy: normal, platform: MAC, platformName: MAC, proxy: Proxy(), se:cdp: ws://localhost:51293/devtoo..., se:cdpVersion: 105.0.5195.102, setWindowRect: true, strictFileInteractability: false, timeouts: {implicit: 0, pageLoad: 300000, script: 30000}, unhandledPromptBehavior: dismiss and notify, webauthn:extension:credBlob: true, webauthn:extension:largeBlob: true, webauthn:virtualAuthenticators: true}
Session ID: b2d32c5818000f94a6c03b09cf059cd6
at org.openqa.selenium.support.ui.WebDriverWait.timeoutException(WebDriverWait.java:138)
at org.openqa.selenium.support.ui.FluentWait.until(FluentWait.java:231)
at pageObject.admin.Profile.getChangePassword(Profile.java:108)
at operator.ProfileTest.ValidateProfileInformation(ProfileTest.java:66)
at java.base/jdk.internal.reflect.NativeMethodAccessorImpl.invoke0(Native Method)
at java.base/jdk.internal.reflect.NativeMethodAccessorImpl.invoke(NativeMethodAccessorImpl.java:78)
at java.base/jdk.internal.reflect.DelegatingMethodAccessorImpl.invoke(DelegatingMethodAccessorImpl.java:43)
at java.base/java.lang.reflect.Method.invoke(Method.java:567)
at org.testng.internal.MethodInvocationHelper.invokeMethod(MethodInvocationHelper.java:133)
at org.testng.internal.TestInvoker.invokeMethod(TestInvoker.java:598)
at org.testng.internal.TestInvoker.invokeTestMethod(TestInvoker.java:173)
at org.testng.internal.MethodRunner.runInSequence(MethodRunner.java:46)
at org.testng.internal.TestInvoker$MethodInvocationAgent.invoke(TestInvoker.java:824)
at org.testng.internal.TestInvoker.invokeTestMethods(TestInvoker.java:146)
at org.testng.internal.TestMethodWorker.invokeTestMethods(TestMethodWorker.java:146)
at org.testng.internal.TestMethodWorker.run(TestMethodWorker.java:128)
at java.base/java.util.ArrayList.forEach(ArrayList.java:1511)
at org.testng.TestRunner.privateRun(TestRunner.java:794)
at org.testng.TestRunner.run(TestRunner.java:596)
at org.testng.SuiteRunner.runTest(SuiteRunner.java:377)
at org.testng.SuiteRunner.runSequentially(SuiteRunner.java:371)
at org.testng.SuiteRunner.privateRun(SuiteRunner.java:332)
at org.testng.SuiteRunner.run(SuiteRunner.java:276)
at org.testng.SuiteRunnerWorker.runSuite(SuiteRunnerWorker.java:53)
at org.testng.SuiteRunnerWorker.run(SuiteRunnerWorker.java:96)
at org.testng.TestNG.runSuitesSequentially(TestNG.java:1212)
at org.testng.TestNG.runSuitesLocally(TestNG.java:1134)
at org.testng.TestNG.runSuites(TestNG.java:1063)
at org.testng.TestNG.run(TestNG.java:1031)
at org.testng.remote.AbstractRemoteTestNG.run(AbstractRemoteTestNG.java:115)
at org.testng.remote.RemoteTestNG.initAndRun(RemoteTestNG.java:251)
at org.testng.remote.RemoteTestNG.main(RemoteTestNG.java:77)
]]>
            </full-stacktrace>
          </exception> <!-- org.openqa.selenium.TimeoutException -->
          <reporter-output>
          </reporter-output>
        </test-method> <!-- ValidateProfileInformation -->
        <test-method signature="ValidateProfileImageUpload()[pri:3, instance:operator.ProfileTest@528c868]" started-at="2022-09-11T21:34:22 WAT" name="ValidateProfileImageUpload" finished-at="2022-09-11T21:34:38 WAT" duration-ms="15224" status="FAIL">
          <exception class="org.openqa.selenium.ElementNotInteractableException">
            <message>
              <![CDATA[element not interactable
  (Session info: chrome=105.0.5195.102)
Build info: version: '4.1.2', revision: '9a5a329c5a'
System info: host: 'YV-Jerry.local', ip: 'fe80:0:0:0:1420:dc4e:48a2:adf3%en0', os.name: 'Mac OS X', os.arch: 'x86_64', os.version: '11.0', java.version: '16.0.2'
Driver info: org.openqa.selenium.chrome.ChromeDriver
Command: [b2d32c5818000f94a6c03b09cf059cd6, clickElement {id=1b80495a-9c45-461f-a661-6950f3591031}]
Capabilities {acceptInsecureCerts: false, browserName: chrome, browserVersion: 105.0.5195.102, chrome: {chromedriverVersion: 104.0.5112.79 (3cf3e8c8a07d..., userDataDir: /var/folders/8c/dvnzzls14cz...}, goog:chromeOptions: {debuggerAddress: localhost:51293}, javascriptEnabled: true, networkConnectionEnabled: false, pageLoadStrategy: normal, platform: MAC, platformName: MAC, proxy: Proxy(), se:cdp: ws://localhost:51293/devtoo..., se:cdpVersion: 105.0.5195.102, setWindowRect: true, strictFileInteractability: false, timeouts: {implicit: 0, pageLoad: 300000, script: 30000}, unhandledPromptBehavior: dismiss and notify, webauthn:extension:credBlob: true, webauthn:extension:largeBlob: true, webauthn:virtualAuthenticators: true}
Element: [[[[ChromeDriver: chrome on MAC (b2d32c5818000f94a6c03b09cf059cd6)] -> xpath: //input[@type='file']]] -> xpath: following-sibling::button]
Session ID: b2d32c5818000f94a6c03b09cf059cd6]]>
            </message>
            <full-stacktrace>
              <![CDATA[org.openqa.selenium.ElementNotInteractableException: element not interactable
  (Session info: chrome=105.0.5195.102)
Build info: version: '4.1.2', revision: '9a5a329c5a'
System info: host: 'YV-Jerry.local', ip: 'fe80:0:0:0:1420:dc4e:48a2:adf3%en0', os.name: 'Mac OS X', os.arch: 'x86_64', os.version: '11.0', java.version: '16.0.2'
Driver info: org.openqa.selenium.chrome.ChromeDriver
Command: [b2d32c5818000f94a6c03b09cf059cd6, clickElement {id=1b80495a-9c45-461f-a661-6950f3591031}]
Capabilities {acceptInsecureCerts: false, browserName: chrome, browserVersion: 105.0.5195.102, chrome: {chromedriverVersion: 104.0.5112.79 (3cf3e8c8a07d..., userDataDir: /var/folders/8c/dvnzzls14cz...}, goog:chromeOptions: {debuggerAddress: localhost:51293}, javascriptEnabled: true, networkConnectionEnabled: false, pageLoadStrategy: normal, platform: MAC, platformName: MAC, proxy: Proxy(), se:cdp: ws://localhost:51293/devtoo..., se:cdpVersion: 105.0.5195.102, setWindowRect: true, strictFileInteractability: false, timeouts: {implicit: 0, pageLoad: 300000, script: 30000}, unhandledPromptBehavior: dismiss and notify, webauthn:extension:credBlob: true, webauthn:extension:largeBlob: true, webauthn:virtualAuthenticators: true}
Element: [[[[ChromeDriver: chrome on MAC (b2d32c5818000f94a6c03b09cf059cd6)] -> xpath: //input[@type='file']]] -> xpath: following-sibling::button]
Session ID: b2d32c5818000f94a6c03b09cf059cd6
at java.base/jdk.internal.reflect.NativeConstructorAccessorImpl.newInstance0(Native Method)
at java.base/jdk.internal.reflect.NativeConstructorAccessorImpl.newInstance(NativeConstructorAccessorImpl.java:78)
at java.base/jdk.internal.reflect.DelegatingConstructorAccessorImpl.newInstance(DelegatingConstructorAccessorImpl.java:45)
at java.base/java.lang.reflect.Constructor.newInstanceWithCaller(Constructor.java:499)
at java.base/java.lang.reflect.Constructor.newInstance(Constructor.java:480)
at org.openqa.selenium.remote.codec.w3c.W3CHttpResponseCodec.createException(W3CHttpResponseCodec.java:200)
at org.openqa.selenium.remote.codec.w3c.W3CHttpResponseCodec.decode(W3CHttpResponseCodec.java:133)
at org.openqa.selenium.remote.codec.w3c.W3CHttpResponseCodec.decode(W3CHttpResponseCodec.java:53)
at org.openqa.selenium.remote.HttpCommandExecutor.execute(HttpCommandExecutor.java:184)
at org.openqa.selenium.remote.service.DriverCommandExecutor.invokeExecute(DriverCommandExecutor.java:167)
at org.openqa.selenium.remote.service.DriverCommandExecutor.execute(DriverCommandExecutor.java:142)
at org.openqa.selenium.remote.RemoteWebDriver.execute(RemoteWebDriver.java:558)
at org.openqa.selenium.remote.RemoteWebElement.execute(RemoteWebElement.java:251)
at org.openqa.selenium.remote.RemoteWebElement.click(RemoteWebElement.java:77)
at operator.ProfileTest.ValidateProfileImageUpload(ProfileTest.java:80)
at java.base/jdk.internal.reflect.NativeMethodAccessorImpl.invoke0(Native Method)
at java.base/jdk.internal.reflect.NativeMethodAccessorImpl.invoke(NativeMethodAccessorImpl.java:78)
at java.base/jdk.internal.reflect.DelegatingMethodAccessorImpl.invoke(DelegatingMethodAccessorImpl.java:43)
at java.base/java.lang.reflect.Method.invoke(Method.java:567)
at org.testng.internal.MethodInvocationHelper.invokeMethod(MethodInvocationHelper.java:133)
at org.testng.internal.TestInvoker.invokeMethod(TestInvoker.java:598)
at org.testng.internal.TestInvoker.invokeTestMethod(TestInvoker.java:173)
at org.testng.internal.MethodRunner.runInSequence(MethodRunner.java:46)
at org.testng.internal.TestInvoker$MethodInvocationAgent.invoke(TestInvoker.java:824)
at org.testng.internal.TestInvoker.invokeTestMethods(TestInvoker.java:146)
at org.testng.internal.TestMethodWorker.invokeTestMethods(TestMethodWorker.java:146)
at org.testng.internal.TestMethodWorker.run(TestMethodWorker.java:128)
at java.base/java.util.ArrayList.forEach(ArrayList.java:1511)
at org.testng.TestRunner.privateRun(TestRunner.java:794)
at org.testng.TestRunner.run(TestRunner.java:596)
at org.testng.SuiteRunner.runTest(SuiteRunner.java:377)
at org.testng.SuiteRunner.runSequentially(SuiteRunner.java:371)
at org.testng.SuiteRunner.privateRun(SuiteRunner.java:332)
at org.testng.SuiteRunner.run(SuiteRunner.java:276)
at org.testng.SuiteRunnerWorker.runSuite(SuiteRunnerWorker.java:53)
at org.testng.SuiteRunnerWorker.run(SuiteRunnerWorker.java:96)
at org.testng.TestNG.runSuitesSequentially(TestNG.java:1212)
at org.testng.TestNG.runSuitesLocally(TestNG.java:1134)
at org.testng.TestNG.runSuites(TestNG.java:1063)
at org.testng.TestNG.run(TestNG.java:1031)
at org.testng.remote.AbstractRemoteTestNG.run(AbstractRemoteTestNG.java:115)
at org.testng.remote.RemoteTestNG.initAndRun(RemoteTestNG.java:251)
at org.testng.remote.RemoteTestNG.main(RemoteTestNG.java:77)
]]>
            </full-stacktrace>
          </exception> <!-- org.openqa.selenium.ElementNotInteractableException -->
          <reporter-output>
          </reporter-output>
        </test-method> <!-- ValidateProfileImageUpload -->
        <test-method signature="ValidateFirstNameEdit()[pri:4, instance:operator.ProfileTest@528c868]" started-at="2022-09-11T21:34:38 WAT" name="ValidateFirstNameEdit" finished-at="2022-09-11T21:34:58 WAT" duration-ms="19245" status="FAIL">
          <exception class="org.openqa.selenium.TimeoutException">
            <message>
              <![CDATA[Expected condition failed: waiting for element to be clickable: By.cssSelector: div.iziToast-texts (tried for 10 second(s) with 500 milliseconds interval)
Build info: version: '4.1.2', revision: '9a5a329c5a'
System info: host: 'YV-Jerry.local', ip: 'fe80:0:0:0:1420:dc4e:48a2:adf3%en0', os.name: 'Mac OS X', os.arch: 'x86_64', os.version: '11.0', java.version: '16.0.2'
Driver info: org.openqa.selenium.chrome.ChromeDriver
Capabilities {acceptInsecureCerts: false, browserName: chrome, browserVersion: 105.0.5195.102, chrome: {chromedriverVersion: 104.0.5112.79 (3cf3e8c8a07d..., userDataDir: /var/folders/8c/dvnzzls14cz...}, goog:chromeOptions: {debuggerAddress: localhost:51293}, javascriptEnabled: true, networkConnectionEnabled: false, pageLoadStrategy: normal, platform: MAC, platformName: MAC, proxy: Proxy(), se:cdp: ws://localhost:51293/devtoo..., se:cdpVersion: 105.0.5195.102, setWindowRect: true, strictFileInteractability: false, timeouts: {implicit: 0, pageLoad: 300000, script: 30000}, unhandledPromptBehavior: dismiss and notify, webauthn:extension:credBlob: true, webauthn:extension:largeBlob: true, webauthn:virtualAuthenticators: true}
Session ID: b2d32c5818000f94a6c03b09cf059cd6]]>
            </message>
            <full-stacktrace>
              <![CDATA[org.openqa.selenium.TimeoutException: Expected condition failed: waiting for element to be clickable: By.cssSelector: div.iziToast-texts (tried for 10 second(s) with 500 milliseconds interval)
Build info: version: '4.1.2', revision: '9a5a329c5a'
System info: host: 'YV-Jerry.local', ip: 'fe80:0:0:0:1420:dc4e:48a2:adf3%en0', os.name: 'Mac OS X', os.arch: 'x86_64', os.version: '11.0', java.version: '16.0.2'
Driver info: org.openqa.selenium.chrome.ChromeDriver
Capabilities {acceptInsecureCerts: false, browserName: chrome, browserVersion: 105.0.5195.102, chrome: {chromedriverVersion: 104.0.5112.79 (3cf3e8c8a07d..., userDataDir: /var/folders/8c/dvnzzls14cz...}, goog:chromeOptions: {debuggerAddress: localhost:51293}, javascriptEnabled: true, networkConnectionEnabled: false, pageLoadStrategy: normal, platform: MAC, platformName: MAC, proxy: Proxy(), se:cdp: ws://localhost:51293/devtoo..., se:cdpVersion: 105.0.5195.102, setWindowRect: true, strictFileInteractability: false, timeouts: {implicit: 0, pageLoad: 300000, script: 30000}, unhandledPromptBehavior: dismiss and notify, webauthn:extension:credBlob: true, webauthn:extension:largeBlob: true, webauthn:virtualAuthenticators: true}
Session ID: b2d32c5818000f94a6c03b09cf059cd6
at org.openqa.selenium.support.ui.WebDriverWait.timeoutException(WebDriverWait.java:138)
at org.openqa.selenium.support.ui.FluentWait.until(FluentWait.java:231)
at pageObject.admin.Profile.getPromptMessage(Profile.java:72)
at operator.ProfileTest.ValidateFirstNameEdit(ProfileTest.java:104)
at java.base/jdk.internal.reflect.NativeMethodAccessorImpl.invoke0(Native Method)
at java.base/jdk.internal.reflect.NativeMethodAccessorImpl.invoke(NativeMethodAccessorImpl.java:78)
at java.base/jdk.internal.reflect.DelegatingMethodAccessorImpl.invoke(DelegatingMethodAccessorImpl.java:43)
at java.base/java.lang.reflect.Method.invoke(Method.java:567)
at org.testng.internal.MethodInvocationHelper.invokeMethod(MethodInvocationHelper.java:133)
at org.testng.internal.TestInvoker.invokeMethod(TestInvoker.java:598)
at org.testng.internal.TestInvoker.invokeTestMethod(TestInvoker.java:173)
at org.testng.internal.MethodRunner.runInSequence(MethodRunner.java:46)
at org.testng.internal.TestInvoker$MethodInvocationAgent.invoke(TestInvoker.java:824)
at org.testng.internal.TestInvoker.invokeTestMethods(TestInvoker.java:146)
at org.testng.internal.TestMethodWorker.invokeTestMethods(TestMethodWorker.java:146)
at org.testng.internal.TestMethodWorker.run(TestMethodWorker.java:128)
at java.base/java.util.ArrayList.forEach(ArrayList.java:1511)
at org.testng.TestRunner.privateRun(TestRunner.java:794)
at org.testng.TestRunner.run(TestRunner.java:596)
at org.testng.SuiteRunner.runTest(SuiteRunner.java:377)
at org.testng.SuiteRunner.runSequentially(SuiteRunner.java:371)
at org.testng.SuiteRunner.privateRun(SuiteRunner.java:332)
at org.testng.SuiteRunner.run(SuiteRunner.java:276)
at org.testng.SuiteRunnerWorker.runSuite(SuiteRunnerWorker.java:53)
at org.testng.SuiteRunnerWorker.run(SuiteRunnerWorker.java:96)
at org.testng.TestNG.runSuitesSequentially(TestNG.java:1212)
at org.testng.TestNG.runSuitesLocally(TestNG.java:1134)
at org.testng.TestNG.runSuites(TestNG.java:1063)
at org.testng.TestNG.run(TestNG.java:1031)
at org.testng.remote.AbstractRemoteTestNG.run(AbstractRemoteTestNG.java:115)
at org.testng.remote.RemoteTestNG.initAndRun(RemoteTestNG.java:251)
at org.testng.remote.RemoteTestNG.main(RemoteTestNG.java:77)
]]>
            </full-stacktrace>
          </exception> <!-- org.openqa.selenium.TimeoutException -->
          <reporter-output>
          </reporter-output>
        </test-method> <!-- ValidateFirstNameEdit -->
        <test-method signature="ValidateLastNameEdit()[pri:5, instance:operator.ProfileTest@528c868]" started-at="2022-09-11T21:34:58 WAT" name="ValidateLastNameEdit" finished-at="2022-09-11T21:35:17 WAT" duration-ms="18256" status="FAIL">
          <exception class="org.openqa.selenium.TimeoutException">
            <message>
              <![CDATA[Expected condition failed: waiting for element to be clickable: By.cssSelector: div.iziToast-texts (tried for 10 second(s) with 500 milliseconds interval)
Build info: version: '4.1.2', revision: '9a5a329c5a'
System info: host: 'YV-Jerry.local', ip: 'fe80:0:0:0:1420:dc4e:48a2:adf3%en0', os.name: 'Mac OS X', os.arch: 'x86_64', os.version: '11.0', java.version: '16.0.2'
Driver info: org.openqa.selenium.chrome.ChromeDriver
Capabilities {acceptInsecureCerts: false, browserName: chrome, browserVersion: 105.0.5195.102, chrome: {chromedriverVersion: 104.0.5112.79 (3cf3e8c8a07d..., userDataDir: /var/folders/8c/dvnzzls14cz...}, goog:chromeOptions: {debuggerAddress: localhost:51293}, javascriptEnabled: true, networkConnectionEnabled: false, pageLoadStrategy: normal, platform: MAC, platformName: MAC, proxy: Proxy(), se:cdp: ws://localhost:51293/devtoo..., se:cdpVersion: 105.0.5195.102, setWindowRect: true, strictFileInteractability: false, timeouts: {implicit: 0, pageLoad: 300000, script: 30000}, unhandledPromptBehavior: dismiss and notify, webauthn:extension:credBlob: true, webauthn:extension:largeBlob: true, webauthn:virtualAuthenticators: true}
Session ID: b2d32c5818000f94a6c03b09cf059cd6]]>
            </message>
            <full-stacktrace>
              <![CDATA[org.openqa.selenium.TimeoutException: Expected condition failed: waiting for element to be clickable: By.cssSelector: div.iziToast-texts (tried for 10 second(s) with 500 milliseconds interval)
Build info: version: '4.1.2', revision: '9a5a329c5a'
System info: host: 'YV-Jerry.local', ip: 'fe80:0:0:0:1420:dc4e:48a2:adf3%en0', os.name: 'Mac OS X', os.arch: 'x86_64', os.version: '11.0', java.version: '16.0.2'
Driver info: org.openqa.selenium.chrome.ChromeDriver
Capabilities {acceptInsecureCerts: false, browserName: chrome, browserVersion: 105.0.5195.102, chrome: {chromedriverVersion: 104.0.5112.79 (3cf3e8c8a07d..., userDataDir: /var/folders/8c/dvnzzls14cz...}, goog:chromeOptions: {debuggerAddress: localhost:51293}, javascriptEnabled: true, networkConnectionEnabled: false, pageLoadStrategy: normal, platform: MAC, platformName: MAC, proxy: Proxy(), se:cdp: ws://localhost:51293/devtoo..., se:cdpVersion: 105.0.5195.102, setWindowRect: true, strictFileInteractability: false, timeouts: {implicit: 0, pageLoad: 300000, script: 30000}, unhandledPromptBehavior: dismiss and notify, webauthn:extension:credBlob: true, webauthn:extension:largeBlob: true, webauthn:virtualAuthenticators: true}
Session ID: b2d32c5818000f94a6c03b09cf059cd6
at org.openqa.selenium.support.ui.WebDriverWait.timeoutException(WebDriverWait.java:138)
at org.openqa.selenium.support.ui.FluentWait.until(FluentWait.java:231)
at pageObject.admin.Profile.getPromptMessage(Profile.java:72)
at operator.ProfileTest.ValidateLastNameEdit(ProfileTest.java:123)
at java.base/jdk.internal.reflect.NativeMethodAccessorImpl.invoke0(Native Method)
at java.base/jdk.internal.reflect.NativeMethodAccessorImpl.invoke(NativeMethodAccessorImpl.java:78)
at java.base/jdk.internal.reflect.DelegatingMethodAccessorImpl.invoke(DelegatingMethodAccessorImpl.java:43)
at java.base/java.lang.reflect.Method.invoke(Method.java:567)
at org.testng.internal.MethodInvocationHelper.invokeMethod(MethodInvocationHelper.java:133)
at org.testng.internal.TestInvoker.invokeMethod(TestInvoker.java:598)
at org.testng.internal.TestInvoker.invokeTestMethod(TestInvoker.java:173)
at org.testng.internal.MethodRunner.runInSequence(MethodRunner.java:46)
at org.testng.internal.TestInvoker$MethodInvocationAgent.invoke(TestInvoker.java:824)
at org.testng.internal.TestInvoker.invokeTestMethods(TestInvoker.java:146)
at org.testng.internal.TestMethodWorker.invokeTestMethods(TestMethodWorker.java:146)
at org.testng.internal.TestMethodWorker.run(TestMethodWorker.java:128)
at java.base/java.util.ArrayList.forEach(ArrayList.java:1511)
at org.testng.TestRunner.privateRun(TestRunner.java:794)
at org.testng.TestRunner.run(TestRunner.java:596)
at org.testng.SuiteRunner.runTest(SuiteRunner.java:377)
at org.testng.SuiteRunner.runSequentially(SuiteRunner.java:371)
at org.testng.SuiteRunner.privateRun(SuiteRunner.java:332)
at org.testng.SuiteRunner.run(SuiteRunner.java:276)
at org.testng.SuiteRunnerWorker.runSuite(SuiteRunnerWorker.java:53)
at org.testng.SuiteRunnerWorker.run(SuiteRunnerWorker.java:96)
at org.testng.TestNG.runSuitesSequentially(TestNG.java:1212)
at org.testng.TestNG.runSuitesLocally(TestNG.java:1134)
at org.testng.TestNG.runSuites(TestNG.java:1063)
at org.testng.TestNG.run(TestNG.java:1031)
at org.testng.remote.AbstractRemoteTestNG.run(AbstractRemoteTestNG.java:115)
at org.testng.remote.RemoteTestNG.initAndRun(RemoteTestNG.java:251)
at org.testng.remote.RemoteTestNG.main(RemoteTestNG.java:77)
]]>
            </full-stacktrace>
          </exception> <!-- org.openqa.selenium.TimeoutException -->
          <reporter-output>
          </reporter-output>
        </test-method> <!-- ValidateLastNameEdit -->
        <test-method signature="ValidatePhoneNumberEdit()[pri:6, instance:operator.ProfileTest@528c868]" started-at="2022-09-11T21:35:17 WAT" name="ValidatePhoneNumberEdit" finished-at="2022-09-11T21:35:36 WAT" duration-ms="18946" status="FAIL">
          <exception class="org.openqa.selenium.TimeoutException">
            <message>
              <![CDATA[Expected condition failed: waiting for element to be clickable: By.cssSelector: div.iziToast-texts (tried for 10 second(s) with 500 milliseconds interval)
Build info: version: '4.1.2', revision: '9a5a329c5a'
System info: host: 'YV-Jerry.local', ip: 'fe80:0:0:0:1420:dc4e:48a2:adf3%en0', os.name: 'Mac OS X', os.arch: 'x86_64', os.version: '11.0', java.version: '16.0.2'
Driver info: org.openqa.selenium.chrome.ChromeDriver
Capabilities {acceptInsecureCerts: false, browserName: chrome, browserVersion: 105.0.5195.102, chrome: {chromedriverVersion: 104.0.5112.79 (3cf3e8c8a07d..., userDataDir: /var/folders/8c/dvnzzls14cz...}, goog:chromeOptions: {debuggerAddress: localhost:51293}, javascriptEnabled: true, networkConnectionEnabled: false, pageLoadStrategy: normal, platform: MAC, platformName: MAC, proxy: Proxy(), se:cdp: ws://localhost:51293/devtoo..., se:cdpVersion: 105.0.5195.102, setWindowRect: true, strictFileInteractability: false, timeouts: {implicit: 0, pageLoad: 300000, script: 30000}, unhandledPromptBehavior: dismiss and notify, webauthn:extension:credBlob: true, webauthn:extension:largeBlob: true, webauthn:virtualAuthenticators: true}
Session ID: b2d32c5818000f94a6c03b09cf059cd6]]>
            </message>
            <full-stacktrace>
              <![CDATA[org.openqa.selenium.TimeoutException: Expected condition failed: waiting for element to be clickable: By.cssSelector: div.iziToast-texts (tried for 10 second(s) with 500 milliseconds interval)
Build info: version: '4.1.2', revision: '9a5a329c5a'
System info: host: 'YV-Jerry.local', ip: 'fe80:0:0:0:1420:dc4e:48a2:adf3%en0', os.name: 'Mac OS X', os.arch: 'x86_64', os.version: '11.0', java.version: '16.0.2'
Driver info: org.openqa.selenium.chrome.ChromeDriver
Capabilities {acceptInsecureCerts: false, browserName: chrome, browserVersion: 105.0.5195.102, chrome: {chromedriverVersion: 104.0.5112.79 (3cf3e8c8a07d..., userDataDir: /var/folders/8c/dvnzzls14cz...}, goog:chromeOptions: {debuggerAddress: localhost:51293}, javascriptEnabled: true, networkConnectionEnabled: false, pageLoadStrategy: normal, platform: MAC, platformName: MAC, proxy: Proxy(), se:cdp: ws://localhost:51293/devtoo..., se:cdpVersion: 105.0.5195.102, setWindowRect: true, strictFileInteractability: false, timeouts: {implicit: 0, pageLoad: 300000, script: 30000}, unhandledPromptBehavior: dismiss and notify, webauthn:extension:credBlob: true, webauthn:extension:largeBlob: true, webauthn:virtualAuthenticators: true}
Session ID: b2d32c5818000f94a6c03b09cf059cd6
at org.openqa.selenium.support.ui.WebDriverWait.timeoutException(WebDriverWait.java:138)
at org.openqa.selenium.support.ui.FluentWait.until(FluentWait.java:231)
at pageObject.admin.Profile.getPromptMessage(Profile.java:72)
at operator.ProfileTest.ValidatePhoneNumberEdit(ProfileTest.java:142)
at java.base/jdk.internal.reflect.NativeMethodAccessorImpl.invoke0(Native Method)
at java.base/jdk.internal.reflect.NativeMethodAccessorImpl.invoke(NativeMethodAccessorImpl.java:78)
at java.base/jdk.internal.reflect.DelegatingMethodAccessorImpl.invoke(DelegatingMethodAccessorImpl.java:43)
at java.base/java.lang.reflect.Method.invoke(Method.java:567)
at org.testng.internal.MethodInvocationHelper.invokeMethod(MethodInvocationHelper.java:133)
at org.testng.internal.TestInvoker.invokeMethod(TestInvoker.java:598)
at org.testng.internal.TestInvoker.invokeTestMethod(TestInvoker.java:173)
at org.testng.internal.MethodRunner.runInSequence(MethodRunner.java:46)
at org.testng.internal.TestInvoker$MethodInvocationAgent.invoke(TestInvoker.java:824)
at org.testng.internal.TestInvoker.invokeTestMethods(TestInvoker.java:146)
at org.testng.internal.TestMethodWorker.invokeTestMethods(TestMethodWorker.java:146)
at org.testng.internal.TestMethodWorker.run(TestMethodWorker.java:128)
at java.base/java.util.ArrayList.forEach(ArrayList.java:1511)
at org.testng.TestRunner.privateRun(TestRunner.java:794)
at org.testng.TestRunner.run(TestRunner.java:596)
at org.testng.SuiteRunner.runTest(SuiteRunner.java:377)
at org.testng.SuiteRunner.runSequentially(SuiteRunner.java:371)
at org.testng.SuiteRunner.privateRun(SuiteRunner.java:332)
at org.testng.SuiteRunner.run(SuiteRunner.java:276)
at org.testng.SuiteRunnerWorker.runSuite(SuiteRunnerWorker.java:53)
at org.testng.SuiteRunnerWorker.run(SuiteRunnerWorker.java:96)
at org.testng.TestNG.runSuitesSequentially(TestNG.java:1212)
at org.testng.TestNG.runSuitesLocally(TestNG.java:1134)
at org.testng.TestNG.runSuites(TestNG.java:1063)
at org.testng.TestNG.run(TestNG.java:1031)
at org.testng.remote.AbstractRemoteTestNG.run(AbstractRemoteTestNG.java:115)
at org.testng.remote.RemoteTestNG.initAndRun(RemoteTestNG.java:251)
at org.testng.remote.RemoteTestNG.main(RemoteTestNG.java:77)
]]>
            </full-stacktrace>
          </exception> <!-- org.openqa.selenium.TimeoutException -->
          <reporter-output>
          </reporter-output>
        </test-method> <!-- ValidatePhoneNumberEdit -->
        <test-method signature="InvalidPhoneNumberFormat(java.util.HashMap)[pri:7, instance:operator.ProfileTest@528c868]" started-at="2022-09-11T21:35:37 WAT" name="InvalidPhoneNumberFormat" data-provider="invalidGetData" finished-at="2022-09-11T21:35:38 WAT" duration-ms="873" status="PASS">
          <params>
            <param index="0">
              <value>
                <![CDATA[{Invalidemailaddress=email.com, Invalidphonenumber=9593952048, invalidCoupon=okokooko}]]>
              </value>
            </param>
          </params>
          <reporter-output>
          </reporter-output>
        </test-method> <!-- InvalidPhoneNumberFormat -->
        <test-method signature="InvalidPhoneNumberFormat(java.util.HashMap)[pri:7, instance:operator.ProfileTest@528c868]" started-at="2022-09-11T21:35:38 WAT" name="InvalidPhoneNumberFormat" data-provider="invalidGetData" finished-at="2022-09-11T21:35:38 WAT" duration-ms="156" status="PASS">
          <params>
            <param index="0">
              <value>
                <![CDATA[{Invalidemailaddress=email@gmail.c, Invalidphonenumber=9593952$4a4, invalidCoupon=okokooko1}]]>
              </value>
            </param>
          </params>
          <reporter-output>
          </reporter-output>
        </test-method> <!-- InvalidPhoneNumberFormat -->
        <test-method signature="ValidateGenderEdit()[pri:8, instance:operator.ProfileTest@528c868]" started-at="2022-09-11T21:35:38 WAT" name="ValidateGenderEdit" finished-at="2022-09-11T21:35:38 WAT" duration-ms="44" status="PASS">
          <reporter-output>
          </reporter-output>
        </test-method> <!-- ValidateGenderEdit -->
        <test-method signature="ValidateEmailAddressEdit()[pri:9, instance:operator.ProfileTest@528c868]" started-at="2022-09-11T21:35:38 WAT" name="ValidateEmailAddressEdit" finished-at="2022-09-11T21:35:38 WAT" duration-ms="59" status="PASS">
          <reporter-output>
          </reporter-output>
        </test-method> <!-- ValidateEmailAddressEdit -->
        <test-method signature="ValidateConFirmPasswordField()[pri:10, instance:operator.ProfileTest@528c868]" started-at="2022-09-11T21:35:38 WAT" name="ValidateConFirmPasswordField" finished-at="2022-09-11T21:35:53 WAT" duration-ms="15041" status="FAIL">
          <exception class="org.openqa.selenium.TimeoutException">
            <message>
              <![CDATA[Expected condition failed: waiting for element to be clickable: By.xpath: //div[@class='form-group m-b-10'] //button[text()=' Change Password '] (tried for 10 second(s) with 500 milliseconds interval)
Build info: version: '4.1.2', revision: '9a5a329c5a'
System info: host: 'YV-Jerry.local', ip: 'fe80:0:0:0:1420:dc4e:48a2:adf3%en0', os.name: 'Mac OS X', os.arch: 'x86_64', os.version: '11.0', java.version: '16.0.2'
Driver info: org.openqa.selenium.chrome.ChromeDriver
Capabilities {acceptInsecureCerts: false, browserName: chrome, browserVersion: 105.0.5195.102, chrome: {chromedriverVersion: 104.0.5112.79 (3cf3e8c8a07d..., userDataDir: /var/folders/8c/dvnzzls14cz...}, goog:chromeOptions: {debuggerAddress: localhost:51293}, javascriptEnabled: true, networkConnectionEnabled: false, pageLoadStrategy: normal, platform: MAC, platformName: MAC, proxy: Proxy(), se:cdp: ws://localhost:51293/devtoo..., se:cdpVersion: 105.0.5195.102, setWindowRect: true, strictFileInteractability: false, timeouts: {implicit: 0, pageLoad: 300000, script: 30000}, unhandledPromptBehavior: dismiss and notify, webauthn:extension:credBlob: true, webauthn:extension:largeBlob: true, webauthn:virtualAuthenticators: true}
Session ID: b2d32c5818000f94a6c03b09cf059cd6]]>
            </message>
            <full-stacktrace>
              <![CDATA[org.openqa.selenium.TimeoutException: Expected condition failed: waiting for element to be clickable: By.xpath: //div[@class='form-group m-b-10'] //button[text()=' Change Password '] (tried for 10 second(s) with 500 milliseconds interval)
Build info: version: '4.1.2', revision: '9a5a329c5a'
System info: host: 'YV-Jerry.local', ip: 'fe80:0:0:0:1420:dc4e:48a2:adf3%en0', os.name: 'Mac OS X', os.arch: 'x86_64', os.version: '11.0', java.version: '16.0.2'
Driver info: org.openqa.selenium.chrome.ChromeDriver
Capabilities {acceptInsecureCerts: false, browserName: chrome, browserVersion: 105.0.5195.102, chrome: {chromedriverVersion: 104.0.5112.79 (3cf3e8c8a07d..., userDataDir: /var/folders/8c/dvnzzls14cz...}, goog:chromeOptions: {debuggerAddress: localhost:51293}, javascriptEnabled: true, networkConnectionEnabled: false, pageLoadStrategy: normal, platform: MAC, platformName: MAC, proxy: Proxy(), se:cdp: ws://localhost:51293/devtoo..., se:cdpVersion: 105.0.5195.102, setWindowRect: true, strictFileInteractability: false, timeouts: {implicit: 0, pageLoad: 300000, script: 30000}, unhandledPromptBehavior: dismiss and notify, webauthn:extension:credBlob: true, webauthn:extension:largeBlob: true, webauthn:virtualAuthenticators: true}
Session ID: b2d32c5818000f94a6c03b09cf059cd6
at org.openqa.selenium.support.ui.WebDriverWait.timeoutException(WebDriverWait.java:138)
at org.openqa.selenium.support.ui.FluentWait.until(FluentWait.java:231)
at pageObject.admin.Profile.getChangePassword(Profile.java:108)
at operator.ProfileTest.ValidateConFirmPasswordField(ProfileTest.java:194)
at java.base/jdk.internal.reflect.NativeMethodAccessorImpl.invoke0(Native Method)
at java.base/jdk.internal.reflect.NativeMethodAccessorImpl.invoke(NativeMethodAccessorImpl.java:78)
at java.base/jdk.internal.reflect.DelegatingMethodAccessorImpl.invoke(DelegatingMethodAccessorImpl.java:43)
at java.base/java.lang.reflect.Method.invoke(Method.java:567)
at org.testng.internal.MethodInvocationHelper.invokeMethod(MethodInvocationHelper.java:133)
at org.testng.internal.TestInvoker.invokeMethod(TestInvoker.java:598)
at org.testng.internal.TestInvoker.invokeTestMethod(TestInvoker.java:173)
at org.testng.internal.MethodRunner.runInSequence(MethodRunner.java:46)
at org.testng.internal.TestInvoker$MethodInvocationAgent.invoke(TestInvoker.java:824)
at org.testng.internal.TestInvoker.invokeTestMethods(TestInvoker.java:146)
at org.testng.internal.TestMethodWorker.invokeTestMethods(TestMethodWorker.java:146)
at org.testng.internal.TestMethodWorker.run(TestMethodWorker.java:128)
at java.base/java.util.ArrayList.forEach(ArrayList.java:1511)
at org.testng.TestRunner.privateRun(TestRunner.java:794)
at org.testng.TestRunner.run(TestRunner.java:596)
at org.testng.SuiteRunner.runTest(SuiteRunner.java:377)
at org.testng.SuiteRunner.runSequentially(SuiteRunner.java:371)
at org.testng.SuiteRunner.privateRun(SuiteRunner.java:332)
at org.testng.SuiteRunner.run(SuiteRunner.java:276)
at org.testng.SuiteRunnerWorker.runSuite(SuiteRunnerWorker.java:53)
at org.testng.SuiteRunnerWorker.run(SuiteRunnerWorker.java:96)
at org.testng.TestNG.runSuitesSequentially(TestNG.java:1212)
at org.testng.TestNG.runSuitesLocally(TestNG.java:1134)
at org.testng.TestNG.runSuites(TestNG.java:1063)
at org.testng.TestNG.run(TestNG.java:1031)
at org.testng.remote.AbstractRemoteTestNG.run(AbstractRemoteTestNG.java:115)
at org.testng.remote.RemoteTestNG.initAndRun(RemoteTestNG.java:251)
at org.testng.remote.RemoteTestNG.main(RemoteTestNG.java:77)
]]>
            </full-stacktrace>
          </exception> <!-- org.openqa.selenium.TimeoutException -->
          <reporter-output>
          </reporter-output>
        </test-method> <!-- ValidateConFirmPasswordField -->
        <test-method signature="ValidatePasswordTips()[pri:11, instance:operator.ProfileTest@528c868]" started-at="2022-09-11T21:35:54 WAT" name="ValidatePasswordTips" finished-at="2022-09-11T21:36:09 WAT" duration-ms="15182" status="FAIL">
          <exception class="org.openqa.selenium.TimeoutException">
            <message>
              <![CDATA[Expected condition failed: waiting for element to be clickable: By.xpath: //div[@class='form-group m-b-10'] //button[text()=' Change Password '] (tried for 10 second(s) with 500 milliseconds interval)
Build info: version: '4.1.2', revision: '9a5a329c5a'
System info: host: 'YV-Jerry.local', ip: 'fe80:0:0:0:1420:dc4e:48a2:adf3%en0', os.name: 'Mac OS X', os.arch: 'x86_64', os.version: '11.0', java.version: '16.0.2'
Driver info: org.openqa.selenium.chrome.ChromeDriver
Capabilities {acceptInsecureCerts: false, browserName: chrome, browserVersion: 105.0.5195.102, chrome: {chromedriverVersion: 104.0.5112.79 (3cf3e8c8a07d..., userDataDir: /var/folders/8c/dvnzzls14cz...}, goog:chromeOptions: {debuggerAddress: localhost:51293}, javascriptEnabled: true, networkConnectionEnabled: false, pageLoadStrategy: normal, platform: MAC, platformName: MAC, proxy: Proxy(), se:cdp: ws://localhost:51293/devtoo..., se:cdpVersion: 105.0.5195.102, setWindowRect: true, strictFileInteractability: false, timeouts: {implicit: 0, pageLoad: 300000, script: 30000}, unhandledPromptBehavior: dismiss and notify, webauthn:extension:credBlob: true, webauthn:extension:largeBlob: true, webauthn:virtualAuthenticators: true}
Session ID: b2d32c5818000f94a6c03b09cf059cd6]]>
            </message>
            <full-stacktrace>
              <![CDATA[org.openqa.selenium.TimeoutException: Expected condition failed: waiting for element to be clickable: By.xpath: //div[@class='form-group m-b-10'] //button[text()=' Change Password '] (tried for 10 second(s) with 500 milliseconds interval)
Build info: version: '4.1.2', revision: '9a5a329c5a'
System info: host: 'YV-Jerry.local', ip: 'fe80:0:0:0:1420:dc4e:48a2:adf3%en0', os.name: 'Mac OS X', os.arch: 'x86_64', os.version: '11.0', java.version: '16.0.2'
Driver info: org.openqa.selenium.chrome.ChromeDriver
Capabilities {acceptInsecureCerts: false, browserName: chrome, browserVersion: 105.0.5195.102, chrome: {chromedriverVersion: 104.0.5112.79 (3cf3e8c8a07d..., userDataDir: /var/folders/8c/dvnzzls14cz...}, goog:chromeOptions: {debuggerAddress: localhost:51293}, javascriptEnabled: true, networkConnectionEnabled: false, pageLoadStrategy: normal, platform: MAC, platformName: MAC, proxy: Proxy(), se:cdp: ws://localhost:51293/devtoo..., se:cdpVersion: 105.0.5195.102, setWindowRect: true, strictFileInteractability: false, timeouts: {implicit: 0, pageLoad: 300000, script: 30000}, unhandledPromptBehavior: dismiss and notify, webauthn:extension:credBlob: true, webauthn:extension:largeBlob: true, webauthn:virtualAuthenticators: true}
Session ID: b2d32c5818000f94a6c03b09cf059cd6
at org.openqa.selenium.support.ui.WebDriverWait.timeoutException(WebDriverWait.java:138)
at org.openqa.selenium.support.ui.FluentWait.until(FluentWait.java:231)
at pageObject.admin.Profile.getChangePassword(Profile.java:108)
at operator.ProfileTest.ValidatePasswordTips(ProfileTest.java:206)
at java.base/jdk.internal.reflect.NativeMethodAccessorImpl.invoke0(Native Method)
at java.base/jdk.internal.reflect.NativeMethodAccessorImpl.invoke(NativeMethodAccessorImpl.java:78)
at java.base/jdk.internal.reflect.DelegatingMethodAccessorImpl.invoke(DelegatingMethodAccessorImpl.java:43)
at java.base/java.lang.reflect.Method.invoke(Method.java:567)
at org.testng.internal.MethodInvocationHelper.invokeMethod(MethodInvocationHelper.java:133)
at org.testng.internal.TestInvoker.invokeMethod(TestInvoker.java:598)
at org.testng.internal.TestInvoker.invokeTestMethod(TestInvoker.java:173)
at org.testng.internal.MethodRunner.runInSequence(MethodRunner.java:46)
at org.testng.internal.TestInvoker$MethodInvocationAgent.invoke(TestInvoker.java:824)
at org.testng.internal.TestInvoker.invokeTestMethods(TestInvoker.java:146)
at org.testng.internal.TestMethodWorker.invokeTestMethods(TestMethodWorker.java:146)
at org.testng.internal.TestMethodWorker.run(TestMethodWorker.java:128)
at java.base/java.util.ArrayList.forEach(ArrayList.java:1511)
at org.testng.TestRunner.privateRun(TestRunner.java:794)
at org.testng.TestRunner.run(TestRunner.java:596)
at org.testng.SuiteRunner.runTest(SuiteRunner.java:377)
at org.testng.SuiteRunner.runSequentially(SuiteRunner.java:371)
at org.testng.SuiteRunner.privateRun(SuiteRunner.java:332)
at org.testng.SuiteRunner.run(SuiteRunner.java:276)
at org.testng.SuiteRunnerWorker.runSuite(SuiteRunnerWorker.java:53)
at org.testng.SuiteRunnerWorker.run(SuiteRunnerWorker.java:96)
at org.testng.TestNG.runSuitesSequentially(TestNG.java:1212)
at org.testng.TestNG.runSuitesLocally(TestNG.java:1134)
at org.testng.TestNG.runSuites(TestNG.java:1063)
at org.testng.TestNG.run(TestNG.java:1031)
at org.testng.remote.AbstractRemoteTestNG.run(AbstractRemoteTestNG.java:115)
at org.testng.remote.RemoteTestNG.initAndRun(RemoteTestNG.java:251)
at org.testng.remote.RemoteTestNG.main(RemoteTestNG.java:77)
]]>
            </full-stacktrace>
          </exception> <!-- org.openqa.selenium.TimeoutException -->
          <reporter-output>
          </reporter-output>
        </test-method> <!-- ValidatePasswordTips -->
        <test-method signature="EmptyCurrentPasswordField()[pri:12, instance:operator.ProfileTest@528c868]" started-at="2022-09-11T21:36:10 WAT" name="EmptyCurrentPasswordField" finished-at="2022-09-11T21:36:25 WAT" duration-ms="15182" status="FAIL">
          <exception class="org.openqa.selenium.TimeoutException">
            <message>
              <![CDATA[Expected condition failed: waiting for element to be clickable: By.xpath: //div[@class='form-group m-b-10'] //button[text()=' Change Password '] (tried for 10 second(s) with 500 milliseconds interval)
Build info: version: '4.1.2', revision: '9a5a329c5a'
System info: host: 'YV-Jerry.local', ip: 'fe80:0:0:0:1420:dc4e:48a2:adf3%en0', os.name: 'Mac OS X', os.arch: 'x86_64', os.version: '11.0', java.version: '16.0.2'
Driver info: org.openqa.selenium.chrome.ChromeDriver
Capabilities {acceptInsecureCerts: false, browserName: chrome, browserVersion: 105.0.5195.102, chrome: {chromedriverVersion: 104.0.5112.79 (3cf3e8c8a07d..., userDataDir: /var/folders/8c/dvnzzls14cz...}, goog:chromeOptions: {debuggerAddress: localhost:51293}, javascriptEnabled: true, networkConnectionEnabled: false, pageLoadStrategy: normal, platform: MAC, platformName: MAC, proxy: Proxy(), se:cdp: ws://localhost:51293/devtoo..., se:cdpVersion: 105.0.5195.102, setWindowRect: true, strictFileInteractability: false, timeouts: {implicit: 0, pageLoad: 300000, script: 30000}, unhandledPromptBehavior: dismiss and notify, webauthn:extension:credBlob: true, webauthn:extension:largeBlob: true, webauthn:virtualAuthenticators: true}
Session ID: b2d32c5818000f94a6c03b09cf059cd6]]>
            </message>
            <full-stacktrace>
              <![CDATA[org.openqa.selenium.TimeoutException: Expected condition failed: waiting for element to be clickable: By.xpath: //div[@class='form-group m-b-10'] //button[text()=' Change Password '] (tried for 10 second(s) with 500 milliseconds interval)
Build info: version: '4.1.2', revision: '9a5a329c5a'
System info: host: 'YV-Jerry.local', ip: 'fe80:0:0:0:1420:dc4e:48a2:adf3%en0', os.name: 'Mac OS X', os.arch: 'x86_64', os.version: '11.0', java.version: '16.0.2'
Driver info: org.openqa.selenium.chrome.ChromeDriver
Capabilities {acceptInsecureCerts: false, browserName: chrome, browserVersion: 105.0.5195.102, chrome: {chromedriverVersion: 104.0.5112.79 (3cf3e8c8a07d..., userDataDir: /var/folders/8c/dvnzzls14cz...}, goog:chromeOptions: {debuggerAddress: localhost:51293}, javascriptEnabled: true, networkConnectionEnabled: false, pageLoadStrategy: normal, platform: MAC, platformName: MAC, proxy: Proxy(), se:cdp: ws://localhost:51293/devtoo..., se:cdpVersion: 105.0.5195.102, setWindowRect: true, strictFileInteractability: false, timeouts: {implicit: 0, pageLoad: 300000, script: 30000}, unhandledPromptBehavior: dismiss and notify, webauthn:extension:credBlob: true, webauthn:extension:largeBlob: true, webauthn:virtualAuthenticators: true}
Session ID: b2d32c5818000f94a6c03b09cf059cd6
at org.openqa.selenium.support.ui.WebDriverWait.timeoutException(WebDriverWait.java:138)
at org.openqa.selenium.support.ui.FluentWait.until(FluentWait.java:231)
at pageObject.admin.Profile.getChangePassword(Profile.java:108)
at operator.ProfileTest.EmptyCurrentPasswordField(ProfileTest.java:223)
at java.base/jdk.internal.reflect.NativeMethodAccessorImpl.invoke0(Native Method)
at java.base/jdk.internal.reflect.NativeMethodAccessorImpl.invoke(NativeMethodAccessorImpl.java:78)
at java.base/jdk.internal.reflect.DelegatingMethodAccessorImpl.invoke(DelegatingMethodAccessorImpl.java:43)
at java.base/java.lang.reflect.Method.invoke(Method.java:567)
at org.testng.internal.MethodInvocationHelper.invokeMethod(MethodInvocationHelper.java:133)
at org.testng.internal.TestInvoker.invokeMethod(TestInvoker.java:598)
at org.testng.internal.TestInvoker.invokeTestMethod(TestInvoker.java:173)
at org.testng.internal.MethodRunner.runInSequence(MethodRunner.java:46)
at org.testng.internal.TestInvoker$MethodInvocationAgent.invoke(TestInvoker.java:824)
at org.testng.internal.TestInvoker.invokeTestMethods(TestInvoker.java:146)
at org.testng.internal.TestMethodWorker.invokeTestMethods(TestMethodWorker.java:146)
at org.testng.internal.TestMethodWorker.run(TestMethodWorker.java:128)
at java.base/java.util.ArrayList.forEach(ArrayList.java:1511)
at org.testng.TestRunner.privateRun(TestRunner.java:794)
at org.testng.TestRunner.run(TestRunner.java:596)
at org.testng.SuiteRunner.runTest(SuiteRunner.java:377)
at org.testng.SuiteRunner.runSequentially(SuiteRunner.java:371)
at org.testng.SuiteRunner.privateRun(SuiteRunner.java:332)
at org.testng.SuiteRunner.run(SuiteRunner.java:276)
at org.testng.SuiteRunnerWorker.runSuite(SuiteRunnerWorker.java:53)
at org.testng.SuiteRunnerWorker.run(SuiteRunnerWorker.java:96)
at org.testng.TestNG.runSuitesSequentially(TestNG.java:1212)
at org.testng.TestNG.runSuitesLocally(TestNG.java:1134)
at org.testng.TestNG.runSuites(TestNG.java:1063)
at org.testng.TestNG.run(TestNG.java:1031)
at org.testng.remote.AbstractRemoteTestNG.run(AbstractRemoteTestNG.java:115)
at org.testng.remote.RemoteTestNG.initAndRun(RemoteTestNG.java:251)
at org.testng.remote.RemoteTestNG.main(RemoteTestNG.java:77)
]]>
            </full-stacktrace>
          </exception> <!-- org.openqa.selenium.TimeoutException -->
          <reporter-output>
          </reporter-output>
        </test-method> <!-- EmptyCurrentPasswordField -->
        <test-method signature="ValidateNewPasswordMatch(java.util.HashMap)[pri:13, instance:operator.ProfileTest@528c868]" started-at="2022-09-11T21:36:26 WAT" name="ValidateNewPasswordMatch" data-provider="mergedData" finished-at="2022-09-11T21:36:41 WAT" duration-ms="15141" status="FAIL">
          <params>
            <param index="0">
              <value>
                <![CDATA[{emailNotFound=tryme@gmail.com, invalidEmailAddress=jerry@gmail.c, singleCoupon=12500, permitName=test, lga=Amuwo-Odofin LGA, invalidPassword=OSOBASE4@, otp=9876543, agentNoCoupon=jtest@gmail.com, agentsearch=Jerry, emailAddress=jerryosobase4+002@gmail.com, invalidMultipleCouponQuantity=0, companyEmail=kahiper689@moenode.com, multipleCoupon=62500, invalidEmailResetPassword=jtest@gmail.com, companyPhoneNumber=84948940303}]]>
              </value>
            </param>
          </params>
          <exception class="org.openqa.selenium.TimeoutException">
            <message>
              <![CDATA[Expected condition failed: waiting for element to be clickable: By.xpath: //div[@class='form-group m-b-10'] //button[text()=' Change Password '] (tried for 10 second(s) with 500 milliseconds interval)
Build info: version: '4.1.2', revision: '9a5a329c5a'
System info: host: 'YV-Jerry.local', ip: 'fe80:0:0:0:1420:dc4e:48a2:adf3%en0', os.name: 'Mac OS X', os.arch: 'x86_64', os.version: '11.0', java.version: '16.0.2'
Driver info: org.openqa.selenium.chrome.ChromeDriver
Capabilities {acceptInsecureCerts: false, browserName: chrome, browserVersion: 105.0.5195.102, chrome: {chromedriverVersion: 104.0.5112.79 (3cf3e8c8a07d..., userDataDir: /var/folders/8c/dvnzzls14cz...}, goog:chromeOptions: {debuggerAddress: localhost:51293}, javascriptEnabled: true, networkConnectionEnabled: false, pageLoadStrategy: normal, platform: MAC, platformName: MAC, proxy: Proxy(), se:cdp: ws://localhost:51293/devtoo..., se:cdpVersion: 105.0.5195.102, setWindowRect: true, strictFileInteractability: false, timeouts: {implicit: 0, pageLoad: 300000, script: 30000}, unhandledPromptBehavior: dismiss and notify, webauthn:extension:credBlob: true, webauthn:extension:largeBlob: true, webauthn:virtualAuthenticators: true}
Session ID: b2d32c5818000f94a6c03b09cf059cd6]]>
            </message>
            <full-stacktrace>
              <![CDATA[org.openqa.selenium.TimeoutException: Expected condition failed: waiting for element to be clickable: By.xpath: //div[@class='form-group m-b-10'] //button[text()=' Change Password '] (tried for 10 second(s) with 500 milliseconds interval)
Build info: version: '4.1.2', revision: '9a5a329c5a'
System info: host: 'YV-Jerry.local', ip: 'fe80:0:0:0:1420:dc4e:48a2:adf3%en0', os.name: 'Mac OS X', os.arch: 'x86_64', os.version: '11.0', java.version: '16.0.2'
Driver info: org.openqa.selenium.chrome.ChromeDriver
Capabilities {acceptInsecureCerts: false, browserName: chrome, browserVersion: 105.0.5195.102, chrome: {chromedriverVersion: 104.0.5112.79 (3cf3e8c8a07d..., userDataDir: /var/folders/8c/dvnzzls14cz...}, goog:chromeOptions: {debuggerAddress: localhost:51293}, javascriptEnabled: true, networkConnectionEnabled: false, pageLoadStrategy: normal, platform: MAC, platformName: MAC, proxy: Proxy(), se:cdp: ws://localhost:51293/devtoo..., se:cdpVersion: 105.0.5195.102, setWindowRect: true, strictFileInteractability: false, timeouts: {implicit: 0, pageLoad: 300000, script: 30000}, unhandledPromptBehavior: dismiss and notify, webauthn:extension:credBlob: true, webauthn:extension:largeBlob: true, webauthn:virtualAuthenticators: true}
Session ID: b2d32c5818000f94a6c03b09cf059cd6
at org.openqa.selenium.support.ui.WebDriverWait.timeoutException(WebDriverWait.java:138)
at org.openqa.selenium.support.ui.FluentWait.until(FluentWait.java:231)
at pageObject.admin.Profile.getChangePassword(Profile.java:108)
at operator.ProfileTest.ValidateNewPasswordMatch(ProfileTest.java:238)
at java.base/jdk.internal.reflect.NativeMethodAccessorImpl.invoke0(Native Method)
at java.base/jdk.internal.reflect.NativeMethodAccessorImpl.invoke(NativeMethodAccessorImpl.java:78)
at java.base/jdk.internal.reflect.DelegatingMethodAccessorImpl.invoke(DelegatingMethodAccessorImpl.java:43)
at java.base/java.lang.reflect.Method.invoke(Method.java:567)
at org.testng.internal.MethodInvocationHelper.invokeMethod(MethodInvocationHelper.java:133)
at org.testng.internal.TestInvoker.invokeMethod(TestInvoker.java:598)
at org.testng.internal.TestInvoker.invokeTestMethod(TestInvoker.java:173)
at org.testng.internal.MethodRunner.runInSequence(MethodRunner.java:46)
at org.testng.internal.TestInvoker$MethodInvocationAgent.invoke(TestInvoker.java:824)
at org.testng.internal.TestInvoker.invokeTestMethods(TestInvoker.java:146)
at org.testng.internal.TestMethodWorker.invokeTestMethods(TestMethodWorker.java:146)
at org.testng.internal.TestMethodWorker.run(TestMethodWorker.java:128)
at java.base/java.util.ArrayList.forEach(ArrayList.java:1511)
at org.testng.TestRunner.privateRun(TestRunner.java:794)
at org.testng.TestRunner.run(TestRunner.java:596)
at org.testng.SuiteRunner.runTest(SuiteRunner.java:377)
at org.testng.SuiteRunner.runSequentially(SuiteRunner.java:371)
at org.testng.SuiteRunner.privateRun(SuiteRunner.java:332)
at org.testng.SuiteRunner.run(SuiteRunner.java:276)
at org.testng.SuiteRunnerWorker.runSuite(SuiteRunnerWorker.java:53)
at org.testng.SuiteRunnerWorker.run(SuiteRunnerWorker.java:96)
at org.testng.TestNG.runSuitesSequentially(TestNG.java:1212)
at org.testng.TestNG.runSuitesLocally(TestNG.java:1134)
at org.testng.TestNG.runSuites(TestNG.java:1063)
at org.testng.TestNG.run(TestNG.java:1031)
at org.testng.remote.AbstractRemoteTestNG.run(AbstractRemoteTestNG.java:115)
at org.testng.remote.RemoteTestNG.initAndRun(RemoteTestNG.java:251)
at org.testng.remote.RemoteTestNG.main(RemoteTestNG.java:77)
]]>
            </full-stacktrace>
          </exception> <!-- org.openqa.selenium.TimeoutException -->
          <reporter-output>
          </reporter-output>
        </test-method> <!-- ValidateNewPasswordMatch -->
        <test-method signature="InvalidCurrentPassword(java.util.HashMap)[pri:14, instance:operator.ProfileTest@528c868]" started-at="2022-09-11T21:36:42 WAT" name="InvalidCurrentPassword" data-provider="invalidGetData" finished-at="2022-09-11T21:36:57 WAT" duration-ms="15168" status="FAIL">
          <params>
            <param index="0">
              <value>
                <![CDATA[{emailNotFound=tryme@gmail.com, invalidPassword=OSOBASE4@, invalidEmailAddress=jerry@gmail.c, invalidMultipleCouponQuantity=0, invalidEmailResetPassword=jtest@gmail.com}]]>
              </value>
            </param>
          </params>
          <exception class="org.openqa.selenium.TimeoutException">
            <message>
              <![CDATA[Expected condition failed: waiting for element to be clickable: By.xpath: //div[@class='form-group m-b-10'] //button[text()=' Change Password '] (tried for 10 second(s) with 500 milliseconds interval)
Build info: version: '4.1.2', revision: '9a5a329c5a'
System info: host: 'YV-Jerry.local', ip: 'fe80:0:0:0:1420:dc4e:48a2:adf3%en0', os.name: 'Mac OS X', os.arch: 'x86_64', os.version: '11.0', java.version: '16.0.2'
Driver info: org.openqa.selenium.chrome.ChromeDriver
Capabilities {acceptInsecureCerts: false, browserName: chrome, browserVersion: 105.0.5195.102, chrome: {chromedriverVersion: 104.0.5112.79 (3cf3e8c8a07d..., userDataDir: /var/folders/8c/dvnzzls14cz...}, goog:chromeOptions: {debuggerAddress: localhost:51293}, javascriptEnabled: true, networkConnectionEnabled: false, pageLoadStrategy: normal, platform: MAC, platformName: MAC, proxy: Proxy(), se:cdp: ws://localhost:51293/devtoo..., se:cdpVersion: 105.0.5195.102, setWindowRect: true, strictFileInteractability: false, timeouts: {implicit: 0, pageLoad: 300000, script: 30000}, unhandledPromptBehavior: dismiss and notify, webauthn:extension:credBlob: true, webauthn:extension:largeBlob: true, webauthn:virtualAuthenticators: true}
Session ID: b2d32c5818000f94a6c03b09cf059cd6]]>
            </message>
            <full-stacktrace>
              <![CDATA[org.openqa.selenium.TimeoutException: Expected condition failed: waiting for element to be clickable: By.xpath: //div[@class='form-group m-b-10'] //button[text()=' Change Password '] (tried for 10 second(s) with 500 milliseconds interval)
Build info: version: '4.1.2', revision: '9a5a329c5a'
System info: host: 'YV-Jerry.local', ip: 'fe80:0:0:0:1420:dc4e:48a2:adf3%en0', os.name: 'Mac OS X', os.arch: 'x86_64', os.version: '11.0', java.version: '16.0.2'
Driver info: org.openqa.selenium.chrome.ChromeDriver
Capabilities {acceptInsecureCerts: false, browserName: chrome, browserVersion: 105.0.5195.102, chrome: {chromedriverVersion: 104.0.5112.79 (3cf3e8c8a07d..., userDataDir: /var/folders/8c/dvnzzls14cz...}, goog:chromeOptions: {debuggerAddress: localhost:51293}, javascriptEnabled: true, networkConnectionEnabled: false, pageLoadStrategy: normal, platform: MAC, platformName: MAC, proxy: Proxy(), se:cdp: ws://localhost:51293/devtoo..., se:cdpVersion: 105.0.5195.102, setWindowRect: true, strictFileInteractability: false, timeouts: {implicit: 0, pageLoad: 300000, script: 30000}, unhandledPromptBehavior: dismiss and notify, webauthn:extension:credBlob: true, webauthn:extension:largeBlob: true, webauthn:virtualAuthenticators: true}
Session ID: b2d32c5818000f94a6c03b09cf059cd6
at org.openqa.selenium.support.ui.WebDriverWait.timeoutException(WebDriverWait.java:138)
at org.openqa.selenium.support.ui.FluentWait.until(FluentWait.java:231)
at pageObject.admin.Profile.getChangePassword(Profile.java:108)
at operator.ProfileTest.InvalidCurrentPassword(ProfileTest.java:258)
at java.base/jdk.internal.reflect.NativeMethodAccessorImpl.invoke0(Native Method)
at java.base/jdk.internal.reflect.NativeMethodAccessorImpl.invoke(NativeMethodAccessorImpl.java:78)
at java.base/jdk.internal.reflect.DelegatingMethodAccessorImpl.invoke(DelegatingMethodAccessorImpl.java:43)
at java.base/java.lang.reflect.Method.invoke(Method.java:567)
at org.testng.internal.MethodInvocationHelper.invokeMethod(MethodInvocationHelper.java:133)
at org.testng.internal.TestInvoker.invokeMethod(TestInvoker.java:598)
at org.testng.internal.TestInvoker.invokeTestMethod(TestInvoker.java:173)
at org.testng.internal.MethodRunner.runInSequence(MethodRunner.java:46)
at org.testng.internal.TestInvoker$MethodInvocationAgent.invoke(TestInvoker.java:824)
at org.testng.internal.TestInvoker.invokeTestMethods(TestInvoker.java:146)
at org.testng.internal.TestMethodWorker.invokeTestMethods(TestMethodWorker.java:146)
at org.testng.internal.TestMethodWorker.run(TestMethodWorker.java:128)
at java.base/java.util.ArrayList.forEach(ArrayList.java:1511)
at org.testng.TestRunner.privateRun(TestRunner.java:794)
at org.testng.TestRunner.run(TestRunner.java:596)
at org.testng.SuiteRunner.runTest(SuiteRunner.java:377)
at org.testng.SuiteRunner.runSequentially(SuiteRunner.java:371)
at org.testng.SuiteRunner.privateRun(SuiteRunner.java:332)
at org.testng.SuiteRunner.run(SuiteRunner.java:276)
at org.testng.SuiteRunnerWorker.runSuite(SuiteRunnerWorker.java:53)
at org.testng.SuiteRunnerWorker.run(SuiteRunnerWorker.java:96)
at org.testng.TestNG.runSuitesSequentially(TestNG.java:1212)
at org.testng.TestNG.runSuitesLocally(TestNG.java:1134)
at org.testng.TestNG.runSuites(TestNG.java:1063)
at org.testng.TestNG.run(TestNG.java:1031)
at org.testng.remote.AbstractRemoteTestNG.run(AbstractRemoteTestNG.java:115)
at org.testng.remote.RemoteTestNG.initAndRun(RemoteTestNG.java:251)
at org.testng.remote.RemoteTestNG.main(RemoteTestNG.java:77)
]]>
            </full-stacktrace>
          </exception> <!-- org.openqa.selenium.TimeoutException -->
          <reporter-output>
          </reporter-output>
        </test-method> <!-- InvalidCurrentPassword -->
        <test-method signature="InvalidCurrentPassword(java.util.HashMap)[pri:14, instance:operator.ProfileTest@528c868]" started-at="2022-09-11T21:36:58 WAT" name="InvalidCurrentPassword" data-provider="invalidGetData" finished-at="2022-09-11T21:37:13 WAT" duration-ms="15236" status="FAIL">
          <params>
            <param index="0">
              <value>
                <![CDATA[{emailNotFound=justinbieber@gmail.com, invalidPassword=tesTing##, invalidEmailAddress=jerrygmail.com, invalidMultipleCouponQuantity=1, invalidEmailResetPassword=jtest+001@gmail.com}]]>
              </value>
            </param>
          </params>
          <exception class="org.openqa.selenium.TimeoutException">
            <message>
              <![CDATA[Expected condition failed: waiting for element to be clickable: By.xpath: //div[@class='form-group m-b-10'] //button[text()=' Change Password '] (tried for 10 second(s) with 500 milliseconds interval)
Build info: version: '4.1.2', revision: '9a5a329c5a'
System info: host: 'YV-Jerry.local', ip: 'fe80:0:0:0:1420:dc4e:48a2:adf3%en0', os.name: 'Mac OS X', os.arch: 'x86_64', os.version: '11.0', java.version: '16.0.2'
Driver info: org.openqa.selenium.chrome.ChromeDriver
Capabilities {acceptInsecureCerts: false, browserName: chrome, browserVersion: 105.0.5195.102, chrome: {chromedriverVersion: 104.0.5112.79 (3cf3e8c8a07d..., userDataDir: /var/folders/8c/dvnzzls14cz...}, goog:chromeOptions: {debuggerAddress: localhost:51293}, javascriptEnabled: true, networkConnectionEnabled: false, pageLoadStrategy: normal, platform: MAC, platformName: MAC, proxy: Proxy(), se:cdp: ws://localhost:51293/devtoo..., se:cdpVersion: 105.0.5195.102, setWindowRect: true, strictFileInteractability: false, timeouts: {implicit: 0, pageLoad: 300000, script: 30000}, unhandledPromptBehavior: dismiss and notify, webauthn:extension:credBlob: true, webauthn:extension:largeBlob: true, webauthn:virtualAuthenticators: true}
Session ID: b2d32c5818000f94a6c03b09cf059cd6]]>
            </message>
            <full-stacktrace>
              <![CDATA[org.openqa.selenium.TimeoutException: Expected condition failed: waiting for element to be clickable: By.xpath: //div[@class='form-group m-b-10'] //button[text()=' Change Password '] (tried for 10 second(s) with 500 milliseconds interval)
Build info: version: '4.1.2', revision: '9a5a329c5a'
System info: host: 'YV-Jerry.local', ip: 'fe80:0:0:0:1420:dc4e:48a2:adf3%en0', os.name: 'Mac OS X', os.arch: 'x86_64', os.version: '11.0', java.version: '16.0.2'
Driver info: org.openqa.selenium.chrome.ChromeDriver
Capabilities {acceptInsecureCerts: false, browserName: chrome, browserVersion: 105.0.5195.102, chrome: {chromedriverVersion: 104.0.5112.79 (3cf3e8c8a07d..., userDataDir: /var/folders/8c/dvnzzls14cz...}, goog:chromeOptions: {debuggerAddress: localhost:51293}, javascriptEnabled: true, networkConnectionEnabled: false, pageLoadStrategy: normal, platform: MAC, platformName: MAC, proxy: Proxy(), se:cdp: ws://localhost:51293/devtoo..., se:cdpVersion: 105.0.5195.102, setWindowRect: true, strictFileInteractability: false, timeouts: {implicit: 0, pageLoad: 300000, script: 30000}, unhandledPromptBehavior: dismiss and notify, webauthn:extension:credBlob: true, webauthn:extension:largeBlob: true, webauthn:virtualAuthenticators: true}
Session ID: b2d32c5818000f94a6c03b09cf059cd6
at org.openqa.selenium.support.ui.WebDriverWait.timeoutException(WebDriverWait.java:138)
at org.openqa.selenium.support.ui.FluentWait.until(FluentWait.java:231)
at pageObject.admin.Profile.getChangePassword(Profile.java:108)
at operator.ProfileTest.InvalidCurrentPassword(ProfileTest.java:258)
at java.base/jdk.internal.reflect.NativeMethodAccessorImpl.invoke0(Native Method)
at java.base/jdk.internal.reflect.NativeMethodAccessorImpl.invoke(NativeMethodAccessorImpl.java:78)
at java.base/jdk.internal.reflect.DelegatingMethodAccessorImpl.invoke(DelegatingMethodAccessorImpl.java:43)
at java.base/java.lang.reflect.Method.invoke(Method.java:567)
at org.testng.internal.MethodInvocationHelper.invokeMethod(MethodInvocationHelper.java:133)
at org.testng.internal.TestInvoker.invokeMethod(TestInvoker.java:598)
at org.testng.internal.TestInvoker.invokeTestMethod(TestInvoker.java:173)
at org.testng.internal.MethodRunner.runInSequence(MethodRunner.java:46)
at org.testng.internal.TestInvoker$MethodInvocationAgent.invoke(TestInvoker.java:824)
at org.testng.internal.TestInvoker.invokeTestMethods(TestInvoker.java:146)
at org.testng.internal.TestMethodWorker.invokeTestMethods(TestMethodWorker.java:146)
at org.testng.internal.TestMethodWorker.run(TestMethodWorker.java:128)
at java.base/java.util.ArrayList.forEach(ArrayList.java:1511)
at org.testng.TestRunner.privateRun(TestRunner.java:794)
at org.testng.TestRunner.run(TestRunner.java:596)
at org.testng.SuiteRunner.runTest(SuiteRunner.java:377)
at org.testng.SuiteRunner.runSequentially(SuiteRunner.java:371)
at org.testng.SuiteRunner.privateRun(SuiteRunner.java:332)
at org.testng.SuiteRunner.run(SuiteRunner.java:276)
at org.testng.SuiteRunnerWorker.runSuite(SuiteRunnerWorker.java:53)
at org.testng.SuiteRunnerWorker.run(SuiteRunnerWorker.java:96)
at org.testng.TestNG.runSuitesSequentially(TestNG.java:1212)
at org.testng.TestNG.runSuitesLocally(TestNG.java:1134)
at org.testng.TestNG.runSuites(TestNG.java:1063)
at org.testng.TestNG.run(TestNG.java:1031)
at org.testng.remote.AbstractRemoteTestNG.run(AbstractRemoteTestNG.java:115)
at org.testng.remote.RemoteTestNG.initAndRun(RemoteTestNG.java:251)
at org.testng.remote.RemoteTestNG.main(RemoteTestNG.java:77)
]]>
            </full-stacktrace>
          </exception> <!-- org.openqa.selenium.TimeoutException -->
          <reporter-output>
          </reporter-output>
        </test-method> <!-- InvalidCurrentPassword -->
        <test-method is-config="true" signature="terminate()[pri:0, instance:operator.ProfileTest@528c868]" started-at="2022-09-11T21:37:14 WAT" name="terminate" finished-at="2022-09-11T21:37:14 WAT" duration-ms="400" status="PASS">
          <reporter-output>
          </reporter-output>
        </test-method> <!-- terminate -->
      </class> <!-- operator.ProfileTest -->
      <class name="admin.SettingsTest">
        <test-method is-config="true" signature="initialize()[pri:0, instance:admin.SettingsTest@5ce8d869]" started-at="2022-09-11T21:48:02 WAT" name="initialize" finished-at="2022-09-11T21:48:24 WAT" duration-ms="22069" status="PASS">
          <reporter-output>
          </reporter-output>
        </test-method> <!-- initialize -->
        <test-method signature="ValidateReportPage(java.util.HashMap)[pri:1, instance:admin.SettingsTest@5ce8d869]" started-at="2022-09-11T21:48:24 WAT" name="ValidateReportPage" data-provider="mergedData" finished-at="2022-09-11T21:48:37 WAT" duration-ms="13009" status="PASS">
          <params>
            <param index="0">
              <value>
                <![CDATA[{emailNotFound=tryme@gmail.com, invalidEmailAddress=jerry@gmail.c, singleCoupon=12500, permitName=test, lga=Amuwo-Odofin LGA, invalidPassword=OSOBASE4@, agentNoCoupon=jtest@gmail.com, agentsearch=Jerry, emailAddress=base4jerry@gmail.com, password=Osobase4@, invalidMultipleCouponQuantity=0, companyEmail=kahiper689@moenode.com, multipleCoupon=62500, invalidEmailResetPassword=jtest@gmail.com, companyPhoneNumber=84948940303}]]>
              </value>
            </param>
          </params>
          <reporter-output>
          </reporter-output>
        </test-method> <!-- ValidateReportPage -->
        <test-method signature="ValidateField()[pri:2, instance:admin.SettingsTest@5ce8d869]" started-at="2022-09-11T21:48:37 WAT" name="ValidateField" finished-at="2022-09-11T21:48:37 WAT" duration-ms="155" status="PASS">
          <reporter-output>
          </reporter-output>
        </test-method> <!-- ValidateField -->
        <test-method signature="ValidateBusinessNameEdit()[pri:3, instance:admin.SettingsTest@5ce8d869]" started-at="2022-09-11T21:48:37 WAT" name="ValidateBusinessNameEdit" finished-at="2022-09-11T21:48:37 WAT" duration-ms="89" status="PASS">
          <reporter-output>
          </reporter-output>
        </test-method> <!-- ValidateBusinessNameEdit -->
        <test-method signature="ValidateBusinessAddressEdit()[pri:4, instance:admin.SettingsTest@5ce8d869]" started-at="2022-09-11T21:48:37 WAT" name="ValidateBusinessAddressEdit" finished-at="2022-09-11T21:48:43 WAT" duration-ms="6264" status="PASS">
          <reporter-output>
          </reporter-output>
        </test-method> <!-- ValidateBusinessAddressEdit -->
        <test-method signature="InvalidSupportPhoneNumberFormat(java.util.HashMap)[pri:5, instance:admin.SettingsTest@5ce8d869]" started-at="2022-09-11T21:48:44 WAT" name="InvalidSupportPhoneNumberFormat" data-provider="invalidGetData" finished-at="2022-09-11T21:48:45 WAT" duration-ms="1268" status="PASS">
          <params>
            <param index="0">
              <value>
                <![CDATA[{Invalidemailaddress=email.com, Invalidphonenumber=9593952048, invalidCoupon=okokooko}]]>
              </value>
            </param>
          </params>
          <reporter-output>
          </reporter-output>
        </test-method> <!-- InvalidSupportPhoneNumberFormat -->
        <test-method signature="InvalidSupportPhoneNumberFormat(java.util.HashMap)[pri:5, instance:admin.SettingsTest@5ce8d869]" started-at="2022-09-11T21:48:45 WAT" name="InvalidSupportPhoneNumberFormat" data-provider="invalidGetData" finished-at="2022-09-11T21:48:45 WAT" duration-ms="148" status="PASS">
          <params>
            <param index="0">
              <value>
                <![CDATA[{Invalidemailaddress=email@gmail.c, Invalidphonenumber=9593952$4a4, invalidCoupon=okokooko1}]]>
              </value>
            </param>
          </params>
          <reporter-output>
          </reporter-output>
        </test-method> <!-- InvalidSupportPhoneNumberFormat -->
        <test-method signature="ValidateSupportPhoneNumberEdit()[pri:6, instance:admin.SettingsTest@5ce8d869]" started-at="2022-09-11T21:48:45 WAT" name="ValidateSupportPhoneNumberEdit" finished-at="2022-09-11T21:48:52 WAT" duration-ms="6988" status="PASS">
          <reporter-output>
          </reporter-output>
        </test-method> <!-- ValidateSupportPhoneNumberEdit -->
        <test-method signature="InvalidSupportEmailFormat(java.util.HashMap)[pri:7, instance:admin.SettingsTest@5ce8d869]" started-at="2022-09-11T21:48:52 WAT" name="InvalidSupportEmailFormat" data-provider="invalidGetData" finished-at="2022-09-11T21:48:52 WAT" duration-ms="348" status="PASS">
          <params>
            <param index="0">
              <value>
                <![CDATA[{Invalidemailaddress=email.com, Invalidphonenumber=9593952048, invalidCoupon=okokooko}]]>
              </value>
            </param>
          </params>
          <reporter-output>
          </reporter-output>
        </test-method> <!-- InvalidSupportEmailFormat -->
        <test-method signature="InvalidSupportEmailFormat(java.util.HashMap)[pri:7, instance:admin.SettingsTest@5ce8d869]" started-at="2022-09-11T21:48:52 WAT" name="InvalidSupportEmailFormat" data-provider="invalidGetData" finished-at="2022-09-11T21:48:53 WAT" duration-ms="388" status="PASS">
          <params>
            <param index="0">
              <value>
                <![CDATA[{Invalidemailaddress=email@gmail.c, Invalidphonenumber=9593952$4a4, invalidCoupon=okokooko1}]]>
              </value>
            </param>
          </params>
          <reporter-output>
          </reporter-output>
        </test-method> <!-- InvalidSupportEmailFormat -->
        <test-method signature="ValidateSupportEmailEdit()[pri:8, instance:admin.SettingsTest@5ce8d869]" started-at="2022-09-11T21:48:53 WAT" name="ValidateSupportEmailEdit" finished-at="2022-09-11T21:49:00 WAT" duration-ms="7385" status="PASS">
          <reporter-output>
          </reporter-output>
        </test-method> <!-- ValidateSupportEmailEdit -->
        <test-method signature="ValidatePrimaryContactNameEdit()[pri:9, instance:admin.SettingsTest@5ce8d869]" started-at="2022-09-11T21:49:00 WAT" name="ValidatePrimaryContactNameEdit" finished-at="2022-09-11T21:49:07 WAT" duration-ms="6542" status="PASS">
          <reporter-output>
          </reporter-output>
        </test-method> <!-- ValidatePrimaryContactNameEdit -->
        <test-method signature="InvalidPrimaryContactPhoneNumberFormat(java.util.HashMap)[pri:10, instance:admin.SettingsTest@5ce8d869]" started-at="2022-09-11T21:49:07 WAT" name="InvalidPrimaryContactPhoneNumberFormat" data-provider="invalidGetData" finished-at="2022-09-11T21:49:07 WAT" duration-ms="142" status="PASS">
          <params>
            <param index="0">
              <value>
                <![CDATA[{Invalidemailaddress=email.com, Invalidphonenumber=9593952048, invalidCoupon=okokooko}]]>
              </value>
            </param>
          </params>
          <reporter-output>
          </reporter-output>
        </test-method> <!-- InvalidPrimaryContactPhoneNumberFormat -->
        <test-method signature="InvalidPrimaryContactPhoneNumberFormat(java.util.HashMap)[pri:10, instance:admin.SettingsTest@5ce8d869]" started-at="2022-09-11T21:49:07 WAT" name="InvalidPrimaryContactPhoneNumberFormat" data-provider="invalidGetData" finished-at="2022-09-11T21:49:07 WAT" duration-ms="106" status="PASS">
          <params>
            <param index="0">
              <value>
                <![CDATA[{Invalidemailaddress=email@gmail.c, Invalidphonenumber=9593952$4a4, invalidCoupon=okokooko1}]]>
              </value>
            </param>
          </params>
          <reporter-output>
          </reporter-output>
        </test-method> <!-- InvalidPrimaryContactPhoneNumberFormat -->
        <test-method signature="ValidatePrimaryContactPhoneNumberEdit()[pri:11, instance:admin.SettingsTest@5ce8d869]" started-at="2022-09-11T21:49:07 WAT" name="ValidatePrimaryContactPhoneNumberEdit" finished-at="2022-09-11T21:49:13 WAT" duration-ms="6325" status="PASS">
          <reporter-output>
          </reporter-output>
        </test-method> <!-- ValidatePrimaryContactPhoneNumberEdit -->
        <test-method signature="ValidateBusinessWebsiteEdit()[pri:12, instance:admin.SettingsTest@5ce8d869]" started-at="2022-09-11T21:49:13 WAT" name="ValidateBusinessWebsiteEdit" finished-at="2022-09-11T21:49:20 WAT" duration-ms="6736" status="PASS">
          <reporter-output>
          </reporter-output>
        </test-method> <!-- ValidateBusinessWebsiteEdit -->
        <test-method signature="InvalidPrimaryContactEmailFormat(java.util.HashMap)[pri:13, instance:admin.SettingsTest@5ce8d869]" started-at="2022-09-11T21:49:20 WAT" name="InvalidPrimaryContactEmailFormat" data-provider="invalidGetData" finished-at="2022-09-11T21:49:20 WAT" duration-ms="124" status="PASS">
          <params>
            <param index="0">
              <value>
                <![CDATA[{Invalidemailaddress=email.com, Invalidphonenumber=9593952048, invalidCoupon=okokooko}]]>
              </value>
            </param>
          </params>
          <reporter-output>
          </reporter-output>
        </test-method> <!-- InvalidPrimaryContactEmailFormat -->
        <test-method signature="InvalidPrimaryContactEmailFormat(java.util.HashMap)[pri:13, instance:admin.SettingsTest@5ce8d869]" started-at="2022-09-11T21:49:20 WAT" name="InvalidPrimaryContactEmailFormat" data-provider="invalidGetData" finished-at="2022-09-11T21:49:20 WAT" duration-ms="112" status="PASS">
          <params>
            <param index="0">
              <value>
                <![CDATA[{Invalidemailaddress=email@gmail.c, Invalidphonenumber=9593952$4a4, invalidCoupon=okokooko1}]]>
              </value>
            </param>
          </params>
          <reporter-output>
          </reporter-output>
        </test-method> <!-- InvalidPrimaryContactEmailFormat -->
        <test-method signature="ValidatePrimaryContactEmailEdit()[pri:14, instance:admin.SettingsTest@5ce8d869]" started-at="2022-09-11T21:49:20 WAT" name="ValidatePrimaryContactEmailEdit" finished-at="2022-09-11T21:49:26 WAT" duration-ms="6292" status="PASS">
          <reporter-output>
          </reporter-output>
        </test-method> <!-- ValidatePrimaryContactEmailEdit -->
        <test-method is-config="true" signature="terminate()[pri:0, instance:admin.SettingsTest@5ce8d869]" started-at="2022-09-11T21:49:26 WAT" name="terminate" finished-at="2022-09-11T21:49:27 WAT" duration-ms="200" status="PASS">
          <reporter-output>
          </reporter-output>
        </test-method> <!-- terminate -->
      </class> <!-- admin.SettingsTest -->
    </test> <!-- Testing Operator Portal -->
  </suite> <!-- Suite -->
</testng-results>
