<?xml version="1.0" encoding="UTF-8"?>
<!-- Generated by org.testng.reporters.JUnitReportReporter -->
<testsuite hostname="YV-Jerry" failures="0" tests="32" name="admin.IdentityTest" time="1098.849" errors="1" timestamp="2022-02-16T10:18:58 WAT" skipped="0">
  <testcase classname="admin.IdentityTest" name="ValidateClearServiceDownList" time="48.449"/>
  <system-out/>
  <testcase classname="admin.IdentityTest" name="ValidateClearPendingList" time="48.522"/>
  <system-out/>
  <testcase classname="admin.IdentityTest" name="ValidateClearVerifiedList" time="48.462"/>
  <system-out/>
  <testcase classname="admin.IdentityTest" name="ValidateClearIncompleteList" time="48.372"/>
  <system-out/>
  <testcase classname="admin.IdentityTest" name="ValidateClearNotVerifiedList" time="48.637"/>
  <system-out/>
  <testcase classname="admin.IdentityTest" name="ValidateIdentityPage" time="7.106"/>
  <system-out/>
  <testcase classname="admin.IdentityTest" name="ValidateIdentityListHeader" time="0.110"/>
  <system-out/>
  <testcase classname="admin.IdentityTest" name="ValidateStatusDropdownList" time="0.082"/>
  <system-out/>
  <testcase classname="admin.IdentityTest" name="ValidateVerifiedStatusField" time="114.343"/>
  <system-out/>
  <testcase classname="admin.IdentityTest" name="ValidateNotVerifiedStatusField" time="120.446"/>
  <system-out/>
  <testcase classname="admin.IdentityTest" name="ValidatePendingStatusField" time="117.289"/>
  <system-out/>
  <testcase classname="admin.IdentityTest" name="ValidateIncompleteStatusField" time="109.123"/>
  <system-out/>
  <testcase classname="admin.IdentityTest" name="ValidateServiceDownStatusField" time="50.884"/>
  <system-out/>
  <testcase classname="admin.IdentityTest" name="ValidateAllLGAFilter" time="8.602"/>
  <system-out/>
  <testcase classname="admin.IdentityTest" name="ValidateAllLGAFilter" time="20.537"/>
  <system-out/>
  <testcase classname="admin.IdentityTest" name="ValidateVerifiedLGAFilter" time="20.338"/>
  <system-out/>
  <testcase classname="admin.IdentityTest" name="ValidateVerifiedLGAFilter" time="20.232"/>
  <system-out/>
  <testcase classname="admin.IdentityTest" name="ValidateNotVerifiedLGAFilter" time="20.510"/>
  <system-out/>
  <testcase classname="admin.IdentityTest" name="ValidateNotVerifiedLGAFilter" time="20.313"/>
  <system-out/>
  <testcase classname="admin.IdentityTest" name="ValidatePendingLGAFilter" time="20.235"/>
  <system-out/>
  <testcase classname="admin.IdentityTest" name="ValidatePendingLGAFilter" time="20.300"/>
  <system-out/>
  <testcase classname="admin.IdentityTest" name="ValidateIncompleteLGAFilter" time="20.219"/>
  <system-out/>
  <testcase classname="admin.IdentityTest" name="ValidateIncompleteLGAFilter" time="20.238"/>
  <system-out/>
  <testcase classname="admin.IdentityTest" name="ValidateServiceDownLGAFilter" time="39.211"/>
  <system-out/>
  <testcase classname="admin.IdentityTest" name="ValidateServiceDownLGAFilter" time="35.261"/>
  <system-out/>
  <testcase classname="admin.IdentityTest" name="ValidateCSVButtonAllStatus" time="6.272"/>
  <system-out/>
  <testcase classname="admin.IdentityTest" name="ValidateCSVButtonVerifiedStatus" time="6.245"/>
  <system-out/>
  <testcase classname="admin.IdentityTest" name="ValidateCSVButtonNotVerifiedStatus" time="6.201"/>
  <system-out/>
  <testcase classname="admin.IdentityTest" name="ValidateCSVButtonPendingStatus" time="6.183"/>
  <system-out/>
  <testcase classname="admin.IdentityTest" name="ValidateCSVButtonIncompleteStatus" time="6.190"/>
  <system-out/>
  <testcase classname="admin.IdentityTest" name="ValidateCSVButtonServiceDownStatus" time="21.566"/>
  <system-out/>
  <testcase classname="admin.IdentityTest" name="ValidateIdentityCardResponse" time="18.371">
    <error message="element click intercepted: Element &lt;td data-original-title=&quot;null&quot; class=&quot; has-tooltip&quot;&gt;...&lt;/td&gt; is not clickable at point (410, 504). Other element would receive the click: &lt;div class=&quot;tooltip-inner&quot;&gt;...&lt;/div&gt;
  (Session info: chrome=98.0.4758.80)
Build info: version: &#039;4.1.2&#039;, revision: &#039;9a5a329c5a&#039;
System info: host: &#039;YV-Jerry&#039;, ip: &#039;fe80:0:0:0:8eb:80ca:3d3c:e28f%en0&#039;, os.name: &#039;Mac OS X&#039;, os.arch: &#039;x86_64&#039;, os.version: &#039;11.0&#039;, java.version: &#039;16.0.2&#039;
Driver info: org.openqa.selenium.chrome.ChromeDriver
Command: [2eda128bf0bd518e2c95ba59a93c276d, clickElement {id=73c90b86-950f-4461-b1bc-6d33d8c8aa2e}]
Capabilities {acceptInsecureCerts: false, browserName: chrome, browserVersion: 98.0.4758.80, chrome: {chromedriverVersion: 97.0.4692.71 (adefa7837d02a..., userDataDir: /var/folders/8c/dvnzzls14cz...}, goog:chromeOptions: {debuggerAddress: localhost:60180}, javascriptEnabled: true, networkConnectionEnabled: false, pageLoadStrategy: normal, platform: MAC, platformName: MAC, proxy: Proxy(), se:cdp: ws://localhost:60180/devtoo..., se:cdpVersion: 98.0.4758.80, setWindowRect: true, strictFileInteractability: false, timeouts: {implicit: 0, pageLoad: 300000, script: 30000}, unhandledPromptBehavior: dismiss and notify, webauthn:extension:credBlob: true, webauthn:extension:largeBlob: true, webauthn:virtualAuthenticators: true}
Element: [[ChromeDriver: chrome on MAC (2eda128bf0bd518e2c95ba59a93c276d)] -&gt; css selector: td.has-tooltip]
Session ID: 2eda128bf0bd518e2c95ba59a93c276d" type="org.openqa.selenium.ElementClickInterceptedException">
      <![CDATA[org.openqa.selenium.ElementClickInterceptedException: element click intercepted: Element <td data-original-title="null" class=" has-tooltip">...</td> is not clickable at point (410, 504). Other element would receive the click: <div class="tooltip-inner">...</div>
  (Session info: chrome=98.0.4758.80)
Build info: version: '4.1.2', revision: '9a5a329c5a'
System info: host: 'YV-Jerry', ip: 'fe80:0:0:0:8eb:80ca:3d3c:e28f%en0', os.name: 'Mac OS X', os.arch: 'x86_64', os.version: '11.0', java.version: '16.0.2'
Driver info: org.openqa.selenium.chrome.ChromeDriver
Command: [2eda128bf0bd518e2c95ba59a93c276d, clickElement {id=73c90b86-950f-4461-b1bc-6d33d8c8aa2e}]
Capabilities {acceptInsecureCerts: false, browserName: chrome, browserVersion: 98.0.4758.80, chrome: {chromedriverVersion: 97.0.4692.71 (adefa7837d02a..., userDataDir: /var/folders/8c/dvnzzls14cz...}, goog:chromeOptions: {debuggerAddress: localhost:60180}, javascriptEnabled: true, networkConnectionEnabled: false, pageLoadStrategy: normal, platform: MAC, platformName: MAC, proxy: Proxy(), se:cdp: ws://localhost:60180/devtoo..., se:cdpVersion: 98.0.4758.80, setWindowRect: true, strictFileInteractability: false, timeouts: {implicit: 0, pageLoad: 300000, script: 30000}, unhandledPromptBehavior: dismiss and notify, webauthn:extension:credBlob: true, webauthn:extension:largeBlob: true, webauthn:virtualAuthenticators: true}
Element: [[ChromeDriver: chrome on MAC (2eda128bf0bd518e2c95ba59a93c276d)] -> css selector: td.has-tooltip]
Session ID: 2eda128bf0bd518e2c95ba59a93c276d
at java.base/jdk.internal.reflect.NativeConstructorAccessorImpl.newInstance0(Native Method)
at java.base/jdk.internal.reflect.NativeConstructorAccessorImpl.newInstance(NativeConstructorAccessorImpl.java:78)
at java.base/jdk.internal.reflect.DelegatingConstructorAccessorImpl.newInstance(DelegatingConstructorAccessorImpl.java:45)
at java.base/java.lang.reflect.Constructor.newInstanceWithCaller(Constructor.java:499)
at java.base/java.lang.reflect.Constructor.newInstance(Constructor.java:480)
at org.openqa.selenium.remote.codec.w3c.W3CHttpResponseCodec.createException(W3CHttpResponseCodec.java:200)
at org.openqa.selenium.remote.codec.w3c.W3CHttpResponseCodec.decode(W3CHttpResponseCodec.java:133)
at org.openqa.selenium.remote.codec.w3c.W3CHttpResponseCodec.decode(W3CHttpResponseCodec.java:53)
at org.openqa.selenium.remote.HttpCommandExecutor.execute(HttpCommandExecutor.java:184)
at org.openqa.selenium.remote.service.DriverCommandExecutor.invokeExecute(DriverCommandExecutor.java:167)
at org.openqa.selenium.remote.service.DriverCommandExecutor.execute(DriverCommandExecutor.java:142)
at org.openqa.selenium.remote.RemoteWebDriver.execute(RemoteWebDriver.java:558)
at org.openqa.selenium.remote.RemoteWebElement.execute(RemoteWebElement.java:251)
at org.openqa.selenium.remote.RemoteWebElement.click(RemoteWebElement.java:77)
at admin.IdentityTest.ValidateIdentityCardResponse(IdentityTest.java:747)
at java.base/jdk.internal.reflect.NativeMethodAccessorImpl.invoke0(Native Method)
at java.base/jdk.internal.reflect.NativeMethodAccessorImpl.invoke(NativeMethodAccessorImpl.java:78)
at java.base/jdk.internal.reflect.DelegatingMethodAccessorImpl.invoke(DelegatingMethodAccessorImpl.java:43)
at java.base/java.lang.reflect.Method.invoke(Method.java:567)
at org.testng.internal.MethodInvocationHelper.invokeMethod(MethodInvocationHelper.java:133)
at org.testng.internal.TestInvoker.invokeMethod(TestInvoker.java:598)
at org.testng.internal.TestInvoker.invokeTestMethod(TestInvoker.java:173)
at org.testng.internal.MethodRunner.runInSequence(MethodRunner.java:46)
at org.testng.internal.TestInvoker$MethodInvocationAgent.invoke(TestInvoker.java:824)
at org.testng.internal.TestInvoker.invokeTestMethods(TestInvoker.java:146)
at org.testng.internal.TestMethodWorker.invokeTestMethods(TestMethodWorker.java:146)
at org.testng.internal.TestMethodWorker.run(TestMethodWorker.java:128)
at java.base/java.util.ArrayList.forEach(ArrayList.java:1511)
at org.testng.TestRunner.privateRun(TestRunner.java:794)
at org.testng.TestRunner.run(TestRunner.java:596)
at org.testng.SuiteRunner.runTest(SuiteRunner.java:377)
at org.testng.SuiteRunner.runSequentially(SuiteRunner.java:371)
at org.testng.SuiteRunner.privateRun(SuiteRunner.java:332)
at org.testng.SuiteRunner.run(SuiteRunner.java:276)
at org.testng.SuiteRunnerWorker.runSuite(SuiteRunnerWorker.java:53)
at org.testng.SuiteRunnerWorker.run(SuiteRunnerWorker.java:96)
at org.testng.TestNG.runSuitesSequentially(TestNG.java:1212)
at org.testng.TestNG.runSuitesLocally(TestNG.java:1134)
at org.testng.TestNG.runSuites(TestNG.java:1063)
at org.testng.TestNG.run(TestNG.java:1031)
at org.testng.remote.AbstractRemoteTestNG.run(AbstractRemoteTestNG.java:115)
at org.testng.remote.RemoteTestNG.initAndRun(RemoteTestNG.java:251)
at org.testng.remote.RemoteTestNG.main(RemoteTestNG.java:77)
]]>
    </error>
  </testcase> <!-- ValidateIdentityCardResponse -->
  <system-out/>
</testsuite> <!-- admin.IdentityTest -->
